2025-11-03 07:59:25,828 - INFO - WebDriver inicializado para chrome en https://nuxqa4.avtest.ink/ (SIN PROXY).
2025-11-03 07:59:30,515 - INFO - Navegaci√≥n inicial completada.
2025-11-03 08:00:15,629 - ERROR - Timeout esperando el elemento con locator ('xpath', "//button[@aria-label='Cerrar' or @class='close-button' or text()='Aceptar']")
2025-11-03 08:00:15,666 - ERROR - Fallo al hacer clic en Bot√≥n de Cierre de Pop-up Inicial ('xpath', "//button[@aria-label='Cerrar' or @class='close-button' or text()='Aceptar']"): Message: 
Stacktrace:
	GetHandleVerifier [0x0x7ff7bd78e8e5+80021]
	GetHandleVerifier [0x0x7ff7bd78e940+80112]
	(No symbol) [0x0x7ff7bd51060f]
	(No symbol) [0x0x7ff7bd568854]
	(No symbol) [0x0x7ff7bd568b1c]
	(No symbol) [0x0x7ff7bd5bc927]
	(No symbol) [0x0x7ff7bd59126f]
	(No symbol) [0x0x7ff7bd5b968a]
	(No symbol) [0x0x7ff7bd591003]
	(No symbol) [0x0x7ff7bd5595d1]
	(No symbol) [0x0x7ff7bd55a3f3]
	GetHandleVerifier [0x0x7ff7bda4dc7d+2960429]
	GetHandleVerifier [0x0x7ff7bda47f3a+2936554]
	GetHandleVerifier [0x0x7ff7bda68977+3070247]
	GetHandleVerifier [0x0x7ff7bd7a83ce+185214]
	GetHandleVerifier [0x0x7ff7bd7afe1f+216527]
	GetHandleVerifier [0x0x7ff7bd797b24+117460]
	GetHandleVerifier [0x0x7ff7bd797cdf+117903]
	GetHandleVerifier [0x0x7ff7bd77dbb8+11112]
	BaseThreadInitThunk [0x0x7ffc92b1259d+29]
	RtlUserThreadStart [0x0x7ffc93c0af78+40]

2025-11-03 08:00:15,666 - INFO - No se encontr√≥ el pop-up inicial. Continuamos.
2025-11-03 08:00:16,114 - INFO - Clic: Radio Button Solo Ida ('xpath', "//span[text()='Solo ida']")
2025-11-03 08:00:16,463 - INFO - Clic: Bot√≥n Origen (Abre Pop-up) ('id', 'originBtn')
2025-11-03 08:00:17,054 - INFO - Input 'MDE' en: Campo B√∫squeda Origen ('id', 'departureStationInputId')
2025-11-03 08:00:17,979 - INFO - Clic: Seleccionar ciudad de Origen: MDE ('id', 'MDE')
2025-11-03 08:00:21,698 - INFO - Input 'SCL' en: Campo B√∫squeda Destino ('id', 'arrivalStationInputId')
2025-11-03 08:00:22,110 - INFO - Clic: Seleccionar ciudad de Destino: SCL ('id', 'SCL')
2025-11-03 08:00:26,164 - WARNING - ADVERTENCIA: Fallo al inyectar la fecha (elemento no existe), continuando: Message: javascript error: Cannot set properties of null (setting 'value')
  (Session info: chrome=141.0.7390.123)
Stacktrace:
	GetHandleVerifier [0x0x7ff7bd78e8e5+80021]
	GetHandleVerifier [0x0x7ff7bd78e940+80112]
	(No symbol) [0x0x7ff7bd51060f]
	(No symbol) [0x0x7ff7bd51816a]
	(No symbol) [0x0x7ff7bd51b5b2]
	(No symbol) [0x0x7ff7bd5baa1b]
	(No symbol) [0x0x7ff7bd59122a]
	(No symbol) [0x0x7ff7bd5b968a]
	(No symbol) [0x0x7ff7bd591003]
	(No symbol) [0x0x7ff7bd5595d1]
	(No symbol) [0x0x7ff7bd55a3f3]
	GetHandleVerifier [0x0x7ff7bda4dc7d+2960429]
	GetHandleVerifier [0x0x7ff7bda47f3a+2936554]
	GetHandleVerifier [0x0x7ff7bda68977+3070247]
	GetHandleVerifier [0x0x7ff7bd7a83ce+185214]
	GetHandleVerifier [0x0x7ff7bd7afe1f+216527]
	GetHandleVerifier [0x0x7ff7bd797b24+117460]
	GetHandleVerifier [0x0x7ff7bd797cdf+117903]
	GetHandleVerifier [0x0x7ff7bd77dbb8+11112]
	BaseThreadInitThunk [0x0x7ffc92b1259d+29]
	RtlUserThreadStart [0x0x7ffc93c0af78+40]

2025-11-03 08:00:41,187 - WARNING - ADVERTENCIA: Fallo al inyectar adultos (elemento no existe), continuando: Message: javascript error: Cannot set properties of null (setting 'value')
  (Session info: chrome=141.0.7390.123)
Stacktrace:
	GetHandleVerifier [0x0x7ff7bd78e8e5+80021]
	GetHandleVerifier [0x0x7ff7bd78e940+80112]
	(No symbol) [0x0x7ff7bd51060f]
	(No symbol) [0x0x7ff7bd51816a]
	(No symbol) [0x0x7ff7bd51b5b2]
	(No symbol) [0x0x7ff7bd5baa1b]
	(No symbol) [0x0x7ff7bd59122a]
	(No symbol) [0x0x7ff7bd5b968a]
	(No symbol) [0x0x7ff7bd591003]
	(No symbol) [0x0x7ff7bd5595d1]
	(No symbol) [0x0x7ff7bd55a3f3]
	GetHandleVerifier [0x0x7ff7bda4dc7d+2960429]
	GetHandleVerifier [0x0x7ff7bda47f3a+2936554]
	GetHandleVerifier [0x0x7ff7bda68977+3070247]
	GetHandleVerifier [0x0x7ff7bd7a83ce+185214]
	GetHandleVerifier [0x0x7ff7bd7afe1f+216527]
	GetHandleVerifier [0x0x7ff7bd797b24+117460]
	GetHandleVerifier [0x0x7ff7bd797cdf+117903]
	GetHandleVerifier [0x0x7ff7bd77dbb8+11112]
	BaseThreadInitThunk [0x0x7ffc92b1259d+29]
	RtlUserThreadStart [0x0x7ffc93c0af78+40]

2025-11-03 08:00:41,195 - WARNING - ADVERTENCIA: Fallo al inyectar infantes (elemento no existe), continuando: Message: javascript error: Cannot set properties of null (setting 'value')
  (Session info: chrome=141.0.7390.123)
Stacktrace:
	GetHandleVerifier [0x0x7ff7bd78e8e5+80021]
	GetHandleVerifier [0x0x7ff7bd78e940+80112]
	(No symbol) [0x0x7ff7bd51060f]
	(No symbol) [0x0x7ff7bd51816a]
	(No symbol) [0x0x7ff7bd51b5b2]
	(No symbol) [0x0x7ff7bd5baa1b]
	(No symbol) [0x0x7ff7bd59122a]
	(No symbol) [0x0x7ff7bd5b968a]
	(No symbol) [0x0x7ff7bd591003]
	(No symbol) [0x0x7ff7bd5595d1]
	(No symbol) [0x0x7ff7bd55a3f3]
	GetHandleVerifier [0x0x7ff7bda4dc7d+2960429]
	GetHandleVerifier [0x0x7ff7bda47f3a+2936554]
	GetHandleVerifier [0x0x7ff7bda68977+3070247]
	GetHandleVerifier [0x0x7ff7bd7a83ce+185214]
	GetHandleVerifier [0x0x7ff7bd7afe1f+216527]
	GetHandleVerifier [0x0x7ff7bd797b24+117460]
	GetHandleVerifier [0x0x7ff7bd797cdf+117903]
	GetHandleVerifier [0x0x7ff7bd77dbb8+11112]
	BaseThreadInitThunk [0x0x7ffc92b1259d+29]
	RtlUserThreadStart [0x0x7ffc93c0af78+40]

2025-11-03 08:00:44,555 - INFO - Clic FORZADO (JS) en Bot√≥n Buscar Vuelos.
--- Logging error ---
Traceback (most recent call last):
  File "C:\Users\Usuario\AppData\Local\Programs\Python\Python312\Lib\logging\__init__.py", line 1163, in emit
    stream.write(msg + self.terminator)
  File "C:\Users\Usuario\AppData\Local\Programs\Python\Python312\Lib\encodings\cp1252.py", line 19, in encode
    return codecs.charmap_encode(input,self.errors,encoding_table)[0]
           ^^^^^^^^^^^^^^^^^^^^^^^^^^^^^^^^^^^^^^^^^^^^^^^^^^^^^^^
UnicodeEncodeError: 'charmap' codec can't encode character '\U0001f6d1' in position 36: character maps to <undefined>
Call stack:
  File "<frozen runpy>", line 198, in _run_module_as_main
  File "<frozen runpy>", line 88, in _run_code
  File "C:\Users\Usuario\AutomationFramework\venv\Scripts\pytest.exe\__main__.py", line 7, in <module>
    sys.exit(console_main())
  File "C:\Users\Usuario\AutomationFramework\venv\Lib\site-packages\_pytest\config\__init__.py", line 201, in console_main
    code = main()
  File "C:\Users\Usuario\AutomationFramework\venv\Lib\site-packages\_pytest\config\__init__.py", line 175, in main
    ret: ExitCode | int = config.hook.pytest_cmdline_main(config=config)
  File "C:\Users\Usuario\AutomationFramework\venv\Lib\site-packages\pluggy\_hooks.py", line 512, in __call__
    return self._hookexec(self.name, self._hookimpls.copy(), kwargs, firstresult)
  File "C:\Users\Usuario\AutomationFramework\venv\Lib\site-packages\pluggy\_manager.py", line 120, in _hookexec
    return self._inner_hookexec(hook_name, methods, kwargs, firstresult)
  File "C:\Users\Usuario\AutomationFramework\venv\Lib\site-packages\pluggy\_callers.py", line 121, in _multicall
    res = hook_impl.function(*args)
  File "C:\Users\Usuario\AutomationFramework\venv\Lib\site-packages\_pytest\main.py", line 336, in pytest_cmdline_main
    return wrap_session(config, _main)
  File "C:\Users\Usuario\AutomationFramework\venv\Lib\site-packages\_pytest\main.py", line 289, in wrap_session
    session.exitstatus = doit(config, session) or 0
  File "C:\Users\Usuario\AutomationFramework\venv\Lib\site-packages\_pytest\main.py", line 343, in _main
    config.hook.pytest_runtestloop(session=session)
  File "C:\Users\Usuario\AutomationFramework\venv\Lib\site-packages\pluggy\_hooks.py", line 512, in __call__
    return self._hookexec(self.name, self._hookimpls.copy(), kwargs, firstresult)
  File "C:\Users\Usuario\AutomationFramework\venv\Lib\site-packages\pluggy\_manager.py", line 120, in _hookexec
    return self._inner_hookexec(hook_name, methods, kwargs, firstresult)
  File "C:\Users\Usuario\AutomationFramework\venv\Lib\site-packages\pluggy\_callers.py", line 121, in _multicall
    res = hook_impl.function(*args)
  File "C:\Users\Usuario\AutomationFramework\venv\Lib\site-packages\_pytest\main.py", line 367, in pytest_runtestloop
    item.config.hook.pytest_runtest_protocol(item=item, nextitem=nextitem)
  File "C:\Users\Usuario\AutomationFramework\venv\Lib\site-packages\pluggy\_hooks.py", line 512, in __call__
    return self._hookexec(self.name, self._hookimpls.copy(), kwargs, firstresult)
  File "C:\Users\Usuario\AutomationFramework\venv\Lib\site-packages\pluggy\_manager.py", line 120, in _hookexec
    return self._inner_hookexec(hook_name, methods, kwargs, firstresult)
  File "C:\Users\Usuario\AutomationFramework\venv\Lib\site-packages\pluggy\_callers.py", line 121, in _multicall
    res = hook_impl.function(*args)
  File "C:\Users\Usuario\AutomationFramework\venv\Lib\site-packages\_pytest\runner.py", line 117, in pytest_runtest_protocol
    runtestprotocol(item, nextitem=nextitem)
  File "C:\Users\Usuario\AutomationFramework\venv\Lib\site-packages\_pytest\runner.py", line 136, in runtestprotocol
    reports.append(call_and_report(item, "call", log))
  File "C:\Users\Usuario\AutomationFramework\venv\Lib\site-packages\_pytest\runner.py", line 245, in call_and_report
    call = CallInfo.from_call(
  File "C:\Users\Usuario\AutomationFramework\venv\Lib\site-packages\_pytest\runner.py", line 344, in from_call
    result: TResult | None = func()
  File "C:\Users\Usuario\AutomationFramework\venv\Lib\site-packages\_pytest\runner.py", line 246, in <lambda>
    lambda: runtest_hook(item=item, **kwds), when=when, reraise=reraise
  File "C:\Users\Usuario\AutomationFramework\venv\Lib\site-packages\pluggy\_hooks.py", line 512, in __call__
    return self._hookexec(self.name, self._hookimpls.copy(), kwargs, firstresult)
  File "C:\Users\Usuario\AutomationFramework\venv\Lib\site-packages\pluggy\_manager.py", line 120, in _hookexec
    return self._inner_hookexec(hook_name, methods, kwargs, firstresult)
  File "C:\Users\Usuario\AutomationFramework\venv\Lib\site-packages\pluggy\_callers.py", line 121, in _multicall
    res = hook_impl.function(*args)
  File "C:\Users\Usuario\AutomationFramework\venv\Lib\site-packages\_pytest\runner.py", line 178, in pytest_runtest_call
    item.runtest()
  File "C:\Users\Usuario\AutomationFramework\venv\Lib\site-packages\_pytest\python.py", line 1671, in runtest
    self.ihook.pytest_pyfunc_call(pyfuncitem=self)
  File "C:\Users\Usuario\AutomationFramework\venv\Lib\site-packages\pluggy\_hooks.py", line 512, in __call__
    return self._hookexec(self.name, self._hookimpls.copy(), kwargs, firstresult)
  File "C:\Users\Usuario\AutomationFramework\venv\Lib\site-packages\pluggy\_manager.py", line 120, in _hookexec
    return self._inner_hookexec(hook_name, methods, kwargs, firstresult)
  File "C:\Users\Usuario\AutomationFramework\venv\Lib\site-packages\pluggy\_callers.py", line 121, in _multicall
    res = hook_impl.function(*args)
  File "C:\Users\Usuario\AutomationFramework\venv\Lib\site-packages\_pytest\python.py", line 157, in pytest_pyfunc_call
    result = testfunction(**testargs)
  File "C:\Users\Usuario\AutomationFramework\tests\tests\test_booking_oneway.py", line 37, in test_oneway_booking_flow
    home_page.search_flight(origin, destination, "2026-12-01", adults, infants)
  File "C:\Users\Usuario\AutomationFramework\venv\Lib\site-packages\allure_commons\_allure.py", line 202, in impl
    return func(*a, **kw)
  File "C:\Users\Usuario\AutomationFramework\pages\home_page.py", line 113, in search_flight
    logging.warning("üõë CAPTCHA/Verificaci√≥n de Akamai DETECTADA. Iniciando pausa manual de 25 segundos.")
Message: 'üõë CAPTCHA/Verificaci√≥n de Akamai DETECTADA. Iniciando pausa manual de 25 segundos.'
Arguments: ()
2025-11-03 08:00:49,557 - WARNING - üõë CAPTCHA/Verificaci√≥n de Akamai DETECTADA. Iniciando pausa manual de 25 segundos.
--- Logging error ---
Traceback (most recent call last):
  File "C:\Users\Usuario\AppData\Local\Programs\Python\Python312\Lib\logging\__init__.py", line 1163, in emit
    stream.write(msg + self.terminator)
  File "C:\Users\Usuario\AppData\Local\Programs\Python\Python312\Lib\encodings\cp1252.py", line 19, in encode
    return codecs.charmap_encode(input,self.errors,encoding_table)[0]
           ^^^^^^^^^^^^^^^^^^^^^^^^^^^^^^^^^^^^^^^^^^^^^^^^^^^^^^^
UnicodeEncodeError: 'charmap' codec can't encode characters in position 36-37: character maps to <undefined>
Call stack:
  File "<frozen runpy>", line 198, in _run_module_as_main
  File "<frozen runpy>", line 88, in _run_code
  File "C:\Users\Usuario\AutomationFramework\venv\Scripts\pytest.exe\__main__.py", line 7, in <module>
    sys.exit(console_main())
  File "C:\Users\Usuario\AutomationFramework\venv\Lib\site-packages\_pytest\config\__init__.py", line 201, in console_main
    code = main()
  File "C:\Users\Usuario\AutomationFramework\venv\Lib\site-packages\_pytest\config\__init__.py", line 175, in main
    ret: ExitCode | int = config.hook.pytest_cmdline_main(config=config)
  File "C:\Users\Usuario\AutomationFramework\venv\Lib\site-packages\pluggy\_hooks.py", line 512, in __call__
    return self._hookexec(self.name, self._hookimpls.copy(), kwargs, firstresult)
  File "C:\Users\Usuario\AutomationFramework\venv\Lib\site-packages\pluggy\_manager.py", line 120, in _hookexec
    return self._inner_hookexec(hook_name, methods, kwargs, firstresult)
  File "C:\Users\Usuario\AutomationFramework\venv\Lib\site-packages\pluggy\_callers.py", line 121, in _multicall
    res = hook_impl.function(*args)
  File "C:\Users\Usuario\AutomationFramework\venv\Lib\site-packages\_pytest\main.py", line 336, in pytest_cmdline_main
    return wrap_session(config, _main)
  File "C:\Users\Usuario\AutomationFramework\venv\Lib\site-packages\_pytest\main.py", line 289, in wrap_session
    session.exitstatus = doit(config, session) or 0
  File "C:\Users\Usuario\AutomationFramework\venv\Lib\site-packages\_pytest\main.py", line 343, in _main
    config.hook.pytest_runtestloop(session=session)
  File "C:\Users\Usuario\AutomationFramework\venv\Lib\site-packages\pluggy\_hooks.py", line 512, in __call__
    return self._hookexec(self.name, self._hookimpls.copy(), kwargs, firstresult)
  File "C:\Users\Usuario\AutomationFramework\venv\Lib\site-packages\pluggy\_manager.py", line 120, in _hookexec
    return self._inner_hookexec(hook_name, methods, kwargs, firstresult)
  File "C:\Users\Usuario\AutomationFramework\venv\Lib\site-packages\pluggy\_callers.py", line 121, in _multicall
    res = hook_impl.function(*args)
  File "C:\Users\Usuario\AutomationFramework\venv\Lib\site-packages\_pytest\main.py", line 367, in pytest_runtestloop
    item.config.hook.pytest_runtest_protocol(item=item, nextitem=nextitem)
  File "C:\Users\Usuario\AutomationFramework\venv\Lib\site-packages\pluggy\_hooks.py", line 512, in __call__
    return self._hookexec(self.name, self._hookimpls.copy(), kwargs, firstresult)
  File "C:\Users\Usuario\AutomationFramework\venv\Lib\site-packages\pluggy\_manager.py", line 120, in _hookexec
    return self._inner_hookexec(hook_name, methods, kwargs, firstresult)
  File "C:\Users\Usuario\AutomationFramework\venv\Lib\site-packages\pluggy\_callers.py", line 121, in _multicall
    res = hook_impl.function(*args)
  File "C:\Users\Usuario\AutomationFramework\venv\Lib\site-packages\_pytest\runner.py", line 117, in pytest_runtest_protocol
    runtestprotocol(item, nextitem=nextitem)
  File "C:\Users\Usuario\AutomationFramework\venv\Lib\site-packages\_pytest\runner.py", line 136, in runtestprotocol
    reports.append(call_and_report(item, "call", log))
  File "C:\Users\Usuario\AutomationFramework\venv\Lib\site-packages\_pytest\runner.py", line 245, in call_and_report
    call = CallInfo.from_call(
  File "C:\Users\Usuario\AutomationFramework\venv\Lib\site-packages\_pytest\runner.py", line 344, in from_call
    result: TResult | None = func()
  File "C:\Users\Usuario\AutomationFramework\venv\Lib\site-packages\_pytest\runner.py", line 246, in <lambda>
    lambda: runtest_hook(item=item, **kwds), when=when, reraise=reraise
  File "C:\Users\Usuario\AutomationFramework\venv\Lib\site-packages\pluggy\_hooks.py", line 512, in __call__
    return self._hookexec(self.name, self._hookimpls.copy(), kwargs, firstresult)
  File "C:\Users\Usuario\AutomationFramework\venv\Lib\site-packages\pluggy\_manager.py", line 120, in _hookexec
    return self._inner_hookexec(hook_name, methods, kwargs, firstresult)
  File "C:\Users\Usuario\AutomationFramework\venv\Lib\site-packages\pluggy\_callers.py", line 121, in _multicall
    res = hook_impl.function(*args)
  File "C:\Users\Usuario\AutomationFramework\venv\Lib\site-packages\_pytest\runner.py", line 178, in pytest_runtest_call
    item.runtest()
  File "C:\Users\Usuario\AutomationFramework\venv\Lib\site-packages\_pytest\python.py", line 1671, in runtest
    self.ihook.pytest_pyfunc_call(pyfuncitem=self)
  File "C:\Users\Usuario\AutomationFramework\venv\Lib\site-packages\pluggy\_hooks.py", line 512, in __call__
    return self._hookexec(self.name, self._hookimpls.copy(), kwargs, firstresult)
  File "C:\Users\Usuario\AutomationFramework\venv\Lib\site-packages\pluggy\_manager.py", line 120, in _hookexec
    return self._inner_hookexec(hook_name, methods, kwargs, firstresult)
  File "C:\Users\Usuario\AutomationFramework\venv\Lib\site-packages\pluggy\_callers.py", line 121, in _multicall
    res = hook_impl.function(*args)
  File "C:\Users\Usuario\AutomationFramework\venv\Lib\site-packages\_pytest\python.py", line 157, in pytest_pyfunc_call
    result = testfunction(**testargs)
  File "C:\Users\Usuario\AutomationFramework\tests\tests\test_booking_oneway.py", line 37, in test_oneway_booking_flow
    home_page.search_flight(origin, destination, "2026-12-01", adults, infants)
  File "C:\Users\Usuario\AutomationFramework\venv\Lib\site-packages\allure_commons\_allure.py", line 202, in impl
    return func(*a, **kw)
  File "C:\Users\Usuario\AutomationFramework\pages\home_page.py", line 114, in search_flight
    logging.warning("‚û°Ô∏è POR FAVOR, RESUELVA EL CAPTCHA MANUALMENTE AHORA (Haga clic en el checkbox y en Continuar).")
Message: '‚û°Ô∏è POR FAVOR, RESUELVA EL CAPTCHA MANUALMENTE AHORA (Haga clic en el checkbox y en Continuar).'
Arguments: ()
2025-11-03 08:00:49,569 - WARNING - ‚û°Ô∏è POR FAVOR, RESUELVA EL CAPTCHA MANUALMENTE AHORA (Haga clic en el checkbox y en Continuar).
2025-11-03 08:01:14,576 - INFO - Pausa manual terminada. El test intentar√° continuar con la SelectFlightPage...
2025-11-03 08:01:14,577 - INFO - Esperando 5 segundos para la carga estable de la p√°gina post-CAPTCHA...
2025-11-03 08:01:19,667 - INFO - Scroll N¬∞1 ejecutado.
2025-11-03 08:01:20,211 - INFO - Scroll N¬∞2 ejecutado.
2025-11-03 08:01:20,712 - INFO - Validando presencia de elementos clave para MDE a SCL con un tiempo de espera de 20s...
--- Logging error ---
Traceback (most recent call last):
  File "C:\Users\Usuario\AutomationFramework\pages\select_flight_page.py", line 49, in validate_search_results
    standard_wait.until(EC.visibility_of_element_located(self._HEADER_SEARCH_RESULTS))
  File "C:\Users\Usuario\AutomationFramework\venv\Lib\site-packages\selenium\webdriver\support\wait.py", line 138, in until
    raise TimeoutException(message, screen, stacktrace)
selenium.common.exceptions.TimeoutException: Message: 
Stacktrace:
	GetHandleVerifier [0x0x7ff7bd78e8e5+80021]
	GetHandleVerifier [0x0x7ff7bd78e940+80112]
	(No symbol) [0x0x7ff7bd51060f]
	(No symbol) [0x0x7ff7bd568854]
	(No symbol) [0x0x7ff7bd568b1c]
	(No symbol) [0x0x7ff7bd5bc927]
	(No symbol) [0x0x7ff7bd59126f]
	(No symbol) [0x0x7ff7bd5b968a]
	(No symbol) [0x0x7ff7bd591003]
	(No symbol) [0x0x7ff7bd5595d1]
	(No symbol) [0x0x7ff7bd55a3f3]
	GetHandleVerifier [0x0x7ff7bda4dc7d+2960429]
	GetHandleVerifier [0x0x7ff7bda47f3a+2936554]
	GetHandleVerifier [0x0x7ff7bda68977+3070247]
	GetHandleVerifier [0x0x7ff7bd7a83ce+185214]
	GetHandleVerifier [0x0x7ff7bd7afe1f+216527]
	GetHandleVerifier [0x0x7ff7bd797b24+117460]
	GetHandleVerifier [0x0x7ff7bd797cdf+117903]
	GetHandleVerifier [0x0x7ff7bd77dbb8+11112]
	BaseThreadInitThunk [0x0x7ffc92b1259d+29]
	RtlUserThreadStart [0x0x7ffc93c0af78+40]


During handling of the above exception, another exception occurred:

Traceback (most recent call last):
  File "C:\Users\Usuario\AppData\Local\Programs\Python\Python312\Lib\logging\__init__.py", line 1163, in emit
    stream.write(msg + self.terminator)
  File "C:\Users\Usuario\AppData\Local\Programs\Python\Python312\Lib\encodings\cp1252.py", line 19, in encode
    return codecs.charmap_encode(input,self.errors,encoding_table)[0]
           ^^^^^^^^^^^^^^^^^^^^^^^^^^^^^^^^^^^^^^^^^^^^^^^^^^^^^^^
UnicodeEncodeError: 'charmap' codec can't encode character '\u274c' in position 34: character maps to <undefined>
Call stack:
  File "<frozen runpy>", line 198, in _run_module_as_main
  File "<frozen runpy>", line 88, in _run_code
  File "C:\Users\Usuario\AutomationFramework\venv\Scripts\pytest.exe\__main__.py", line 7, in <module>
    sys.exit(console_main())
  File "C:\Users\Usuario\AutomationFramework\venv\Lib\site-packages\_pytest\config\__init__.py", line 201, in console_main
    code = main()
  File "C:\Users\Usuario\AutomationFramework\venv\Lib\site-packages\_pytest\config\__init__.py", line 175, in main
    ret: ExitCode | int = config.hook.pytest_cmdline_main(config=config)
  File "C:\Users\Usuario\AutomationFramework\venv\Lib\site-packages\pluggy\_hooks.py", line 512, in __call__
    return self._hookexec(self.name, self._hookimpls.copy(), kwargs, firstresult)
  File "C:\Users\Usuario\AutomationFramework\venv\Lib\site-packages\pluggy\_manager.py", line 120, in _hookexec
    return self._inner_hookexec(hook_name, methods, kwargs, firstresult)
  File "C:\Users\Usuario\AutomationFramework\venv\Lib\site-packages\pluggy\_callers.py", line 121, in _multicall
    res = hook_impl.function(*args)
  File "C:\Users\Usuario\AutomationFramework\venv\Lib\site-packages\_pytest\main.py", line 336, in pytest_cmdline_main
    return wrap_session(config, _main)
  File "C:\Users\Usuario\AutomationFramework\venv\Lib\site-packages\_pytest\main.py", line 289, in wrap_session
    session.exitstatus = doit(config, session) or 0
  File "C:\Users\Usuario\AutomationFramework\venv\Lib\site-packages\_pytest\main.py", line 343, in _main
    config.hook.pytest_runtestloop(session=session)
  File "C:\Users\Usuario\AutomationFramework\venv\Lib\site-packages\pluggy\_hooks.py", line 512, in __call__
    return self._hookexec(self.name, self._hookimpls.copy(), kwargs, firstresult)
  File "C:\Users\Usuario\AutomationFramework\venv\Lib\site-packages\pluggy\_manager.py", line 120, in _hookexec
    return self._inner_hookexec(hook_name, methods, kwargs, firstresult)
  File "C:\Users\Usuario\AutomationFramework\venv\Lib\site-packages\pluggy\_callers.py", line 121, in _multicall
    res = hook_impl.function(*args)
  File "C:\Users\Usuario\AutomationFramework\venv\Lib\site-packages\_pytest\main.py", line 367, in pytest_runtestloop
    item.config.hook.pytest_runtest_protocol(item=item, nextitem=nextitem)
  File "C:\Users\Usuario\AutomationFramework\venv\Lib\site-packages\pluggy\_hooks.py", line 512, in __call__
    return self._hookexec(self.name, self._hookimpls.copy(), kwargs, firstresult)
  File "C:\Users\Usuario\AutomationFramework\venv\Lib\site-packages\pluggy\_manager.py", line 120, in _hookexec
    return self._inner_hookexec(hook_name, methods, kwargs, firstresult)
  File "C:\Users\Usuario\AutomationFramework\venv\Lib\site-packages\pluggy\_callers.py", line 121, in _multicall
    res = hook_impl.function(*args)
  File "C:\Users\Usuario\AutomationFramework\venv\Lib\site-packages\_pytest\runner.py", line 117, in pytest_runtest_protocol
    runtestprotocol(item, nextitem=nextitem)
  File "C:\Users\Usuario\AutomationFramework\venv\Lib\site-packages\_pytest\runner.py", line 136, in runtestprotocol
    reports.append(call_and_report(item, "call", log))
  File "C:\Users\Usuario\AutomationFramework\venv\Lib\site-packages\_pytest\runner.py", line 245, in call_and_report
    call = CallInfo.from_call(
  File "C:\Users\Usuario\AutomationFramework\venv\Lib\site-packages\_pytest\runner.py", line 344, in from_call
    result: TResult | None = func()
  File "C:\Users\Usuario\AutomationFramework\venv\Lib\site-packages\_pytest\runner.py", line 246, in <lambda>
    lambda: runtest_hook(item=item, **kwds), when=when, reraise=reraise
  File "C:\Users\Usuario\AutomationFramework\venv\Lib\site-packages\pluggy\_hooks.py", line 512, in __call__
    return self._hookexec(self.name, self._hookimpls.copy(), kwargs, firstresult)
  File "C:\Users\Usuario\AutomationFramework\venv\Lib\site-packages\pluggy\_manager.py", line 120, in _hookexec
    return self._inner_hookexec(hook_name, methods, kwargs, firstresult)
  File "C:\Users\Usuario\AutomationFramework\venv\Lib\site-packages\pluggy\_callers.py", line 121, in _multicall
    res = hook_impl.function(*args)
  File "C:\Users\Usuario\AutomationFramework\venv\Lib\site-packages\_pytest\runner.py", line 178, in pytest_runtest_call
    item.runtest()
  File "C:\Users\Usuario\AutomationFramework\venv\Lib\site-packages\_pytest\python.py", line 1671, in runtest
    self.ihook.pytest_pyfunc_call(pyfuncitem=self)
  File "C:\Users\Usuario\AutomationFramework\venv\Lib\site-packages\pluggy\_hooks.py", line 512, in __call__
    return self._hookexec(self.name, self._hookimpls.copy(), kwargs, firstresult)
  File "C:\Users\Usuario\AutomationFramework\venv\Lib\site-packages\pluggy\_manager.py", line 120, in _hookexec
    return self._inner_hookexec(hook_name, methods, kwargs, firstresult)
  File "C:\Users\Usuario\AutomationFramework\venv\Lib\site-packages\pluggy\_callers.py", line 121, in _multicall
    res = hook_impl.function(*args)
  File "C:\Users\Usuario\AutomationFramework\venv\Lib\site-packages\_pytest\python.py", line 157, in pytest_pyfunc_call
    result = testfunction(**testargs)
  File "C:\Users\Usuario\AutomationFramework\tests\tests\test_booking_oneway.py", line 42, in test_oneway_booking_flow
    select_flight_page.validate_search_results(origin, destination)
  File "C:\Users\Usuario\AutomationFramework\venv\Lib\site-packages\allure_commons\_allure.py", line 202, in impl
    return func(*a, **kw)
  File "C:\Users\Usuario\AutomationFramework\pages\select_flight_page.py", line 57, in validate_search_results
    logging.error("‚ùå Timeout: No se encontraron los elementos clave. (CAPTCHA no resuelto o fallo de carga).")
Message: '‚ùå Timeout: No se encontraron los elementos clave. (CAPTCHA no resuelto o fallo de carga).'
Arguments: ()
2025-11-03 08:02:05,803 - ERROR - ‚ùå Timeout: No se encontraron los elementos clave. (CAPTCHA no resuelto o fallo de carga).
2025-11-03 08:02:05,997 - ERROR - Fallo funcional en el Caso 1: Message: 
Stacktrace:
	GetHandleVerifier [0x0x7ff7bd78e8e5+80021]
	GetHandleVerifier [0x0x7ff7bd78e940+80112]
	(No symbol) [0x0x7ff7bd51060f]
	(No symbol) [0x0x7ff7bd568854]
	(No symbol) [0x0x7ff7bd568b1c]
	(No symbol) [0x0x7ff7bd5bc927]
	(No symbol) [0x0x7ff7bd59126f]
	(No symbol) [0x0x7ff7bd5b968a]
	(No symbol) [0x0x7ff7bd591003]
	(No symbol) [0x0x7ff7bd5595d1]
	(No symbol) [0x0x7ff7bd55a3f3]
	GetHandleVerifier [0x0x7ff7bda4dc7d+2960429]
	GetHandleVerifier [0x0x7ff7bda47f3a+2936554]
	GetHandleVerifier [0x0x7ff7bda68977+3070247]
	GetHandleVerifier [0x0x7ff7bd7a83ce+185214]
	GetHandleVerifier [0x0x7ff7bd7afe1f+216527]
	GetHandleVerifier [0x0x7ff7bd797b24+117460]
	GetHandleVerifier [0x0x7ff7bd797cdf+117903]
	GetHandleVerifier [0x0x7ff7bd77dbb8+11112]
	BaseThreadInitThunk [0x0x7ffc92b1259d+29]
	RtlUserThreadStart [0x0x7ffc93c0af78+40]

2025-11-03 08:02:06,031 - INFO - Cerrando WebDriver.
2025-11-03 08:02:08,705 - INFO - BrowserMob Proxy detenido.
2025-11-03 08:02:08,719 - INFO - Conexi√≥n con 'test_results.db' cerrada.
