{"name": "test_oneway_booking_flow[BOG-CTG-1-0]", "status": "broken", "statusDetails": {"message": "selenium.common.exceptions.TimeoutException: Message: \nStacktrace:\n\tGetHandleVerifier [0x0x7ff79588e8e5+80021]\n\tGetHandleVerifier [0x0x7ff79588e940+80112]\n\t(No symbol) [0x0x7ff79561060f]\n\t(No symbol) [0x0x7ff795668854]\n\t(No symbol) [0x0x7ff795668b1c]\n\t(No symbol) [0x0x7ff7956bc927]\n\t(No symbol) [0x0x7ff79569126f]\n\t(No symbol) [0x0x7ff7956b968a]\n\t(No symbol) [0x0x7ff795691003]\n\t(No symbol) [0x0x7ff7956595d1]\n\t(No symbol) [0x0x7ff79565a3f3]\n\tGetHandleVerifier [0x0x7ff795b4dc7d+2960429]\n\tGetHandleVerifier [0x0x7ff795b47f3a+2936554]\n\tGetHandleVerifier [0x0x7ff795b68977+3070247]\n\tGetHandleVerifier [0x0x7ff7958a83ce+185214]\n\tGetHandleVerifier [0x0x7ff7958afe1f+216527]\n\tGetHandleVerifier [0x0x7ff795897b24+117460]\n\tGetHandleVerifier [0x0x7ff795897cdf+117903]\n\tGetHandleVerifier [0x0x7ff79587dbb8+11112]\n\tBaseThreadInitThunk [0x0x7ffc92b1259d+29]\n\tRtlUserThreadStart [0x0x7ffc93c0af78+40]", "trace": "driver = <selenium.webdriver.chrome.webdriver.WebDriver (session=\"04e1410c0bb10d4770e9c6504eef687c\")>\ndb_manager = <db_manager.DBManager object at 0x000001876A372600>, origin = 'BOG', destination = 'CTG', adults = 1, infants = 0\n\n    @allure.epic(\"Caso 1: Flujo de Booking\")\n    @allure.feature(\"Solo Ida (One-Way)\")\n    @pytest.mark.parametrize(\"origin, destination, adults, infants\", [\n        (\"BOG\", \"CTG\", 1, 0),  # Escenario básico: 1 Adulto\n        (\"MDE\", \"SCL\", 2, 2)   # Escenario con restricción: 2 Adultos y 2 Infantes\n    ])\n    def test_oneway_booking_flow(driver, db_manager, origin, destination, adults, infants):\n        \"\"\"\n        Automatiza el flujo completo de booking Solo Ida con validaciones en cada módulo.\n        \"\"\"\n        start_time = time.time()\n        test_passed = False\n    \n        # 1. Inicialización de Páginas\n        home_page = HomePage(driver)\n    \n        try:\n            # 2. HOME: Validar selección de idioma, origen, destino y selección de pasajeros.\n            with allure.step(\"Módulo HOME: Configuración de la búsqueda\"):\n                home_page.open()\n    \n                # Intenta cerrar el pop-up que bloquea la página\n                home_page.close_initial_popup()\n    \n                # --- Configuración de Vuelo ---\n                home_page.select_one_way()\n>               home_page.search_flight(origin, destination, \"2026-12-01\", adults, infants)\n\ntests\\test_login_and_capture.py:37: \n_ _ _ _ _ _ _ _ _ _ _ _ _ _ _ _ _ _ _ _ _ _ _ _ _ _ _ _ _ _ _ _ _ _ _ _ _ _ _ _ _ _ _ _ _ _ _ _ _ _ _ _ _ _ _ _ _ _ _ _ _ _ _ _ _ _ _ _ _ _\npages\\home_page.py:94: in search_flight\n    self._wait_and_click(self._BUTTON_DESTINATION, \"Botón Destino (Abre Pop-up)\")\npages\\base_page.py:30: in _wait_and_click\n    element = self._wait_for_element(locator)\n              ^^^^^^^^^^^^^^^^^^^^^^^^^^^^^^^\npages\\base_page.py:24: in _wait_for_element\n    return self.wait.until(EC.visibility_of_element_located(locator))\n           ^^^^^^^^^^^^^^^^^^^^^^^^^^^^^^^^^^^^^^^^^^^^^^^^^^^^^^^^^^\n_ _ _ _ _ _ _ _ _ _ _ _ _ _ _ _ _ _ _ _ _ _ _ _ _ _ _ _ _ _ _ _ _ _ _ _ _ _ _ _ _ _ _ _ _ _ _ _ _ _ _ _ _ _ _ _ _ _ _ _ _ _ _ _ _ _ _ _ _ _\n\nself = <selenium.webdriver.support.wait.WebDriverWait (session=\"04e1410c0bb10d4770e9c6504eef687c\")>\nmethod = <function visibility_of_element_located.<locals>._predicate at 0x000001876A2996C0>, message = ''\n\n    def until(self, method: Callable[[D], Union[Literal[False], T]], message: str = \"\") -> T:\n        \"\"\"Wait until the method returns a value that is not False.\n    \n        Calls the method provided with the driver as an argument until the\n        return value does not evaluate to ``False``.\n    \n        Parameters:\n        -----------\n        method: callable(WebDriver)\n            - A callable object that takes a WebDriver instance as an argument.\n    \n        message: str\n            - Optional message for :exc:`TimeoutException`\n    \n        Return:\n        -------\n        object: T\n            - The result of the last call to `method`\n    \n        Raises:\n        -------\n        TimeoutException\n            - If 'method' does not return a truthy value within the WebDriverWait\n            object's timeout\n    \n        Example:\n        --------\n        >>> from selenium.webdriver.common.by import By\n        >>> from selenium.webdriver.support.ui import WebDriverWait\n        >>> from selenium.webdriver.support import expected_conditions as EC\n    \n        # Wait until an element is visible on the page\n        >>> wait = WebDriverWait(driver, 10)\n        >>> element = wait.until(EC.visibility_of_element_located((By.ID, \"exampleId\")))\n        >>> print(element.text)\n        \"\"\"\n        screen = None\n        stacktrace = None\n    \n        end_time = time.monotonic() + self._timeout\n        while True:\n            try:\n                value = method(self._driver)\n                if value:\n                    return value\n            except self._ignored_exceptions as exc:\n                screen = getattr(exc, \"screen\", None)\n                stacktrace = getattr(exc, \"stacktrace\", None)\n            if time.monotonic() > end_time:\n                break\n            time.sleep(self._poll)\n>       raise TimeoutException(message, screen, stacktrace)\nE       selenium.common.exceptions.TimeoutException: Message: \nE       Stacktrace:\nE       \tGetHandleVerifier [0x0x7ff79588e8e5+80021]\nE       \tGetHandleVerifier [0x0x7ff79588e940+80112]\nE       \t(No symbol) [0x0x7ff79561060f]\nE       \t(No symbol) [0x0x7ff795668854]\nE       \t(No symbol) [0x0x7ff795668b1c]\nE       \t(No symbol) [0x0x7ff7956bc927]\nE       \t(No symbol) [0x0x7ff79569126f]\nE       \t(No symbol) [0x0x7ff7956b968a]\nE       \t(No symbol) [0x0x7ff795691003]\nE       \t(No symbol) [0x0x7ff7956595d1]\nE       \t(No symbol) [0x0x7ff79565a3f3]\nE       \tGetHandleVerifier [0x0x7ff795b4dc7d+2960429]\nE       \tGetHandleVerifier [0x0x7ff795b47f3a+2936554]\nE       \tGetHandleVerifier [0x0x7ff795b68977+3070247]\nE       \tGetHandleVerifier [0x0x7ff7958a83ce+185214]\nE       \tGetHandleVerifier [0x0x7ff7958afe1f+216527]\nE       \tGetHandleVerifier [0x0x7ff795897b24+117460]\nE       \tGetHandleVerifier [0x0x7ff795897cdf+117903]\nE       \tGetHandleVerifier [0x0x7ff79587dbb8+11112]\nE       \tBaseThreadInitThunk [0x0x7ffc92b1259d+29]\nE       \tRtlUserThreadStart [0x0x7ffc93c0af78+40]\n\nvenv\\Lib\\site-packages\\selenium\\webdriver\\support\\wait.py:138: TimeoutException"}, "description": "\n    Automatiza el flujo completo de booking Solo Ida con validaciones en cada módulo.\n    ", "steps": [{"name": "Módulo HOME: Configuración de la búsqueda", "status": "broken", "statusDetails": {"message": "selenium.common.exceptions.TimeoutException: Message: \nStacktrace:\n\tGetHandleVerifier [0x0x7ff79588e8e5+80021]\n\tGetHandleVerifier [0x0x7ff79588e940+80112]\n\t(No symbol) [0x0x7ff79561060f]\n\t(No symbol) [0x0x7ff795668854]\n\t(No symbol) [0x0x7ff795668b1c]\n\t(No symbol) [0x0x7ff7956bc927]\n\t(No symbol) [0x0x7ff79569126f]\n\t(No symbol) [0x0x7ff7956b968a]\n\t(No symbol) [0x0x7ff795691003]\n\t(No symbol) [0x0x7ff7956595d1]\n\t(No symbol) [0x0x7ff79565a3f3]\n\tGetHandleVerifier [0x0x7ff795b4dc7d+2960429]\n\tGetHandleVerifier [0x0x7ff795b47f3a+2936554]\n\tGetHandleVerifier [0x0x7ff795b68977+3070247]\n\tGetHandleVerifier [0x0x7ff7958a83ce+185214]\n\tGetHandleVerifier [0x0x7ff7958afe1f+216527]\n\tGetHandleVerifier [0x0x7ff795897b24+117460]\n\tGetHandleVerifier [0x0x7ff795897cdf+117903]\n\tGetHandleVerifier [0x0x7ff79587dbb8+11112]\n\tBaseThreadInitThunk [0x0x7ffc92b1259d+29]\n\tRtlUserThreadStart [0x0x7ffc93c0af78+40]\n\n", "trace": "  File \"C:\\Users\\Usuario\\AutomationFramework\\tests\\test_login_and_capture.py\", line 37, in test_oneway_booking_flow\n    home_page.search_flight(origin, destination, \"2026-12-01\", adults, infants)\n  File \"C:\\Users\\Usuario\\AutomationFramework\\venv\\Lib\\site-packages\\allure_commons\\_allure.py\", line 202, in impl\n    return func(*a, **kw)\n           ^^^^^^^^^^^^^^\n  File \"C:\\Users\\Usuario\\AutomationFramework\\pages\\home_page.py\", line 94, in search_flight\n    self._wait_and_click(self._BUTTON_DESTINATION, \"Botón Destino (Abre Pop-up)\")\n  File \"C:\\Users\\Usuario\\AutomationFramework\\pages\\base_page.py\", line 30, in _wait_and_click\n    element = self._wait_for_element(locator)\n              ^^^^^^^^^^^^^^^^^^^^^^^^^^^^^^^\n  File \"C:\\Users\\Usuario\\AutomationFramework\\pages\\base_page.py\", line 24, in _wait_for_element\n    return self.wait.until(EC.visibility_of_element_located(locator))\n           ^^^^^^^^^^^^^^^^^^^^^^^^^^^^^^^^^^^^^^^^^^^^^^^^^^^^^^^^^^\n  File \"C:\\Users\\Usuario\\AutomationFramework\\venv\\Lib\\site-packages\\selenium\\webdriver\\support\\wait.py\", line 138, in until\n    raise TimeoutException(message, screen, stacktrace)\n"}, "steps": [{"name": "Cerrar Pop-up de bienvenida/cookies", "status": "passed", "steps": [{"name": "Hacer clic en: Botón de Cierre de Pop-up Inicial", "status": "broken", "statusDetails": {"message": "selenium.common.exceptions.TimeoutException: Message: \nStacktrace:\n\tGetHandleVerifier [0x0x7ff79588e8e5+80021]\n\tGetHandleVerifier [0x0x7ff79588e940+80112]\n\t(No symbol) [0x0x7ff79561060f]\n\t(No symbol) [0x0x7ff795668854]\n\t(No symbol) [0x0x7ff795668b1c]\n\t(No symbol) [0x0x7ff7956bc927]\n\t(No symbol) [0x0x7ff79569126f]\n\t(No symbol) [0x0x7ff7956b968a]\n\t(No symbol) [0x0x7ff795691003]\n\t(No symbol) [0x0x7ff7956595d1]\n\t(No symbol) [0x0x7ff79565a3f3]\n\tGetHandleVerifier [0x0x7ff795b4dc7d+2960429]\n\tGetHandleVerifier [0x0x7ff795b47f3a+2936554]\n\tGetHandleVerifier [0x0x7ff795b68977+3070247]\n\tGetHandleVerifier [0x0x7ff7958a83ce+185214]\n\tGetHandleVerifier [0x0x7ff7958afe1f+216527]\n\tGetHandleVerifier [0x0x7ff795897b24+117460]\n\tGetHandleVerifier [0x0x7ff795897cdf+117903]\n\tGetHandleVerifier [0x0x7ff79587dbb8+11112]\n\tBaseThreadInitThunk [0x0x7ffc92b1259d+29]\n\tRtlUserThreadStart [0x0x7ffc93c0af78+40]\n\n", "trace": "  File \"C:\\Users\\Usuario\\AutomationFramework\\pages\\base_page.py\", line 30, in _wait_and_click\n    element = self._wait_for_element(locator)\n              ^^^^^^^^^^^^^^^^^^^^^^^^^^^^^^^\n  File \"C:\\Users\\Usuario\\AutomationFramework\\pages\\base_page.py\", line 24, in _wait_for_element\n    return self.wait.until(EC.visibility_of_element_located(locator))\n           ^^^^^^^^^^^^^^^^^^^^^^^^^^^^^^^^^^^^^^^^^^^^^^^^^^^^^^^^^^\n  File \"C:\\Users\\Usuario\\AutomationFramework\\venv\\Lib\\site-packages\\selenium\\webdriver\\support\\wait.py\", line 138, in until\n    raise TimeoutException(message, screen, stacktrace)\n"}, "start": 1762117620931, "stop": 1762117666002}], "start": 1762117620931, "stop": 1762117666088}, {"name": "Seleccionar tipo de viaje: Solo Ida", "status": "passed", "steps": [{"name": "Hacer clic en: Radio Button Solo Ida", "status": "passed", "start": 1762117666088, "stop": 1762117666996}], "start": 1762117666088, "stop": 1762117666996}, {"name": "Realizar búsqueda de vuelo de Solo Ida", "status": "broken", "statusDetails": {"message": "selenium.common.exceptions.TimeoutException: Message: \nStacktrace:\n\tGetHandleVerifier [0x0x7ff79588e8e5+80021]\n\tGetHandleVerifier [0x0x7ff79588e940+80112]\n\t(No symbol) [0x0x7ff79561060f]\n\t(No symbol) [0x0x7ff795668854]\n\t(No symbol) [0x0x7ff795668b1c]\n\t(No symbol) [0x0x7ff7956bc927]\n\t(No symbol) [0x0x7ff79569126f]\n\t(No symbol) [0x0x7ff7956b968a]\n\t(No symbol) [0x0x7ff795691003]\n\t(No symbol) [0x0x7ff7956595d1]\n\t(No symbol) [0x0x7ff79565a3f3]\n\tGetHandleVerifier [0x0x7ff795b4dc7d+2960429]\n\tGetHandleVerifier [0x0x7ff795b47f3a+2936554]\n\tGetHandleVerifier [0x0x7ff795b68977+3070247]\n\tGetHandleVerifier [0x0x7ff7958a83ce+185214]\n\tGetHandleVerifier [0x0x7ff7958afe1f+216527]\n\tGetHandleVerifier [0x0x7ff795897b24+117460]\n\tGetHandleVerifier [0x0x7ff795897cdf+117903]\n\tGetHandleVerifier [0x0x7ff79587dbb8+11112]\n\tBaseThreadInitThunk [0x0x7ffc92b1259d+29]\n\tRtlUserThreadStart [0x0x7ffc93c0af78+40]\n\n", "trace": "  File \"C:\\Users\\Usuario\\AutomationFramework\\venv\\Lib\\site-packages\\allure_commons\\_allure.py\", line 202, in impl\n    return func(*a, **kw)\n           ^^^^^^^^^^^^^^\n  File \"C:\\Users\\Usuario\\AutomationFramework\\pages\\home_page.py\", line 94, in search_flight\n    self._wait_and_click(self._BUTTON_DESTINATION, \"Botón Destino (Abre Pop-up)\")\n  File \"C:\\Users\\Usuario\\AutomationFramework\\pages\\base_page.py\", line 30, in _wait_and_click\n    element = self._wait_for_element(locator)\n              ^^^^^^^^^^^^^^^^^^^^^^^^^^^^^^^\n  File \"C:\\Users\\Usuario\\AutomationFramework\\pages\\base_page.py\", line 24, in _wait_for_element\n    return self.wait.until(EC.visibility_of_element_located(locator))\n           ^^^^^^^^^^^^^^^^^^^^^^^^^^^^^^^^^^^^^^^^^^^^^^^^^^^^^^^^^^\n  File \"C:\\Users\\Usuario\\AutomationFramework\\venv\\Lib\\site-packages\\selenium\\webdriver\\support\\wait.py\", line 138, in until\n    raise TimeoutException(message, screen, stacktrace)\n"}, "steps": [{"name": "Hacer clic en: Botón Origen (Abre Pop-up)", "status": "passed", "start": 1762117666996, "stop": 1762117667802}, {"name": "Ingresar texto 'BOG' en: Campo Búsqueda Origen", "status": "passed", "start": 1762117667802, "stop": 1762117668607}, {"name": "Hacer clic en: Seleccionar ciudad de Origen: BOG", "status": "passed", "start": 1762117668607, "stop": 1762117670167}, {"name": "Hacer clic en: Botón Destino (Abre Pop-up)", "status": "broken", "statusDetails": {"message": "selenium.common.exceptions.TimeoutException: Message: \nStacktrace:\n\tGetHandleVerifier [0x0x7ff79588e8e5+80021]\n\tGetHandleVerifier [0x0x7ff79588e940+80112]\n\t(No symbol) [0x0x7ff79561060f]\n\t(No symbol) [0x0x7ff795668854]\n\t(No symbol) [0x0x7ff795668b1c]\n\t(No symbol) [0x0x7ff7956bc927]\n\t(No symbol) [0x0x7ff79569126f]\n\t(No symbol) [0x0x7ff7956b968a]\n\t(No symbol) [0x0x7ff795691003]\n\t(No symbol) [0x0x7ff7956595d1]\n\t(No symbol) [0x0x7ff79565a3f3]\n\tGetHandleVerifier [0x0x7ff795b4dc7d+2960429]\n\tGetHandleVerifier [0x0x7ff795b47f3a+2936554]\n\tGetHandleVerifier [0x0x7ff795b68977+3070247]\n\tGetHandleVerifier [0x0x7ff7958a83ce+185214]\n\tGetHandleVerifier [0x0x7ff7958afe1f+216527]\n\tGetHandleVerifier [0x0x7ff795897b24+117460]\n\tGetHandleVerifier [0x0x7ff795897cdf+117903]\n\tGetHandleVerifier [0x0x7ff79587dbb8+11112]\n\tBaseThreadInitThunk [0x0x7ffc92b1259d+29]\n\tRtlUserThreadStart [0x0x7ffc93c0af78+40]\n\n", "trace": "  File \"C:\\Users\\Usuario\\AutomationFramework\\pages\\base_page.py\", line 30, in _wait_and_click\n    element = self._wait_for_element(locator)\n              ^^^^^^^^^^^^^^^^^^^^^^^^^^^^^^^\n  File \"C:\\Users\\Usuario\\AutomationFramework\\pages\\base_page.py\", line 24, in _wait_for_element\n    return self.wait.until(EC.visibility_of_element_located(locator))\n           ^^^^^^^^^^^^^^^^^^^^^^^^^^^^^^^^^^^^^^^^^^^^^^^^^^^^^^^^^^\n  File \"C:\\Users\\Usuario\\AutomationFramework\\venv\\Lib\\site-packages\\selenium\\webdriver\\support\\wait.py\", line 138, in until\n    raise TimeoutException(message, screen, stacktrace)\n"}, "start": 1762117673667, "stop": 1762117718703}], "parameters": [{"name": "origin", "value": "'BOG'"}, {"name": "destination", "value": "'CTG'"}, {"name": "date", "value": "'2026-12-01'"}, {"name": "adults", "value": "1"}, {"name": "infants", "value": "0"}], "start": 1762117666996, "stop": 1762117718705}], "start": 1762117615442, "stop": 1762117718712}], "attachments": [{"name": "log", "source": "b4daa465-856f-4026-a00a-4e83bd6e9ac9-attachment.txt", "type": "text/plain"}, {"name": "stderr", "source": "e835d3cd-819a-4e76-a04c-73f2cf39d8d0-attachment.txt", "type": "text/plain"}], "parameters": [{"name": "origin", "value": "'BOG'"}, {"name": "destination", "value": "'CTG'"}, {"name": "adults", "value": "1"}, {"name": "infants", "value": "0"}], "start": 1762117615442, "stop": 1762117718728, "uuid": "e862ad2e-fade-43f3-9142-74f03cd0aec5", "historyId": "608677af61fc2adbc9c51c9f5155bc87", "testCaseId": "8c0e467863bdfac60f45707e77ada06c", "fullName": "tests.test_login_and_capture#test_oneway_booking_flow", "labels": [{"name": "feature", "value": "Solo Ida (One-Way)"}, {"name": "epic", "value": "Caso 1: Flujo de Booking"}, {"name": "parentSuite", "value": "tests"}, {"name": "suite", "value": "test_login_and_capture"}, {"name": "host", "value": "DESKTOP-O22210J"}, {"name": "thread", "value": "7900-MainThread"}, {"name": "framework", "value": "pytest"}, {"name": "language", "value": "cpython3"}, {"name": "package", "value": "tests.test_login_and_capture"}], "titlePath": ["tests", "test_login_and_capture.py"]}