{"name": "test_oneway_booking_flow[BOG-CTG-1-0]", "status": "broken", "statusDetails": {"message": "TypeError: DBManager.insert_result() takes 4 positional arguments but 5 were given", "trace": "self = <test_booking_oneway.TestBooking object at 0x000001A6B3DE71D0>\ndriver = <selenium.webdriver.chrome.webdriver.WebDriver (session=\"450278803c51f67b8a7c5d0cbb1d362b\")>\ndb_manager = <db_manager.DBManager object at 0x000001A6B3E21460>, origin = 'BOG', destination = 'CTG', adults = 1, infants = 0\n\n    @allure.epic(\"Caso 1: Flujo de Booking\")\n    @allure.feature(\"Solo Ida (One-Way)\")\n    @pytest.mark.parametrize(\"origin, destination, adults, infants\", [\n        (\"BOG\", \"CTG\", 1, 0),  # Escenario b谩sico: 1 Adulto\n        (\"MDE\", \"SCL\", 2, 2)   # Escenario con restricci贸n: 2 Adultos y 2 Infantes\n    ])\n    def test_oneway_booking_flow(self, driver, db_manager, origin, destination, adults, infants):\n        \"\"\"\n        Automatiza el flujo completo de booking Solo Ida con validaciones en cada m贸dulo.\n        \"\"\"\n        start_time = time.time()\n        test_passed = False\n    \n        # 1. Inicializaci贸n de P谩ginas\n        home_page = HomePage(driver)\n        select_flight_page = SelectFlightPage(driver)\n    \n        try:\n            # 2. HOME: Configuraci贸n de la b煤squeda\n            with allure.step(\"M贸dulo HOME: Configuraci贸n de la b煤squeda\"):\n                home_page.open()\n                home_page.close_initial_popup()\n                home_page.select_one_way()\n                # La pausa de 6.0s est谩 en home_page.py y debe resolver el problema de la fecha\n>               home_page.search_flight(origin, destination, \"2026-12-01\", adults, infants)\n\ntests\\tests\\test_booking_oneway.py:40: \n_ _ _ _ _ _ _ _ _ _ _ _ _ _ _ _ _ _ _ _ _ _ _ _ _ _ _ _ _ _ _ _ _ _ _ _ _ _ _ _ _ _ _ _ _ _ _ _ _ _ _ _ _ _ _ _ _ _ _ _ _ _ _ _ _ _ _ _ _ _\npages\\home_page.py:107: in search_flight\n    self._wait_and_send_keys(self._INPUT_DATE_DEPARTURE, date, \"Campo Fecha Salida\")\npages\\base_page.py:60: in _wait_and_send_keys\n    element = self._wait_for_element(locator)\n              ^^^^^^^^^^^^^^^^^^^^^^^^^^^^^^^\npages\\base_page.py:23: in _wait_for_element\n    return self.wait.until(EC.visibility_of_element_located(locator))\n           ^^^^^^^^^^^^^^^^^^^^^^^^^^^^^^^^^^^^^^^^^^^^^^^^^^^^^^^^^^\n_ _ _ _ _ _ _ _ _ _ _ _ _ _ _ _ _ _ _ _ _ _ _ _ _ _ _ _ _ _ _ _ _ _ _ _ _ _ _ _ _ _ _ _ _ _ _ _ _ _ _ _ _ _ _ _ _ _ _ _ _ _ _ _ _ _ _ _ _ _\n\nself = <selenium.webdriver.support.wait.WebDriverWait (session=\"450278803c51f67b8a7c5d0cbb1d362b\")>\nmethod = <function visibility_of_element_located.<locals>._predicate at 0x000001A6B3F10400>, message = ''\n\n    def until(self, method: Callable[[D], Union[Literal[False], T]], message: str = \"\") -> T:\n        \"\"\"Wait until the method returns a value that is not False.\n    \n        Calls the method provided with the driver as an argument until the\n        return value does not evaluate to ``False``.\n    \n        Parameters:\n        -----------\n        method: callable(WebDriver)\n            - A callable object that takes a WebDriver instance as an argument.\n    \n        message: str\n            - Optional message for :exc:`TimeoutException`\n    \n        Return:\n        -------\n        object: T\n            - The result of the last call to `method`\n    \n        Raises:\n        -------\n        TimeoutException\n            - If 'method' does not return a truthy value within the WebDriverWait\n            object's timeout\n    \n        Example:\n        --------\n        >>> from selenium.webdriver.common.by import By\n        >>> from selenium.webdriver.support.ui import WebDriverWait\n        >>> from selenium.webdriver.support import expected_conditions as EC\n    \n        # Wait until an element is visible on the page\n        >>> wait = WebDriverWait(driver, 10)\n        >>> element = wait.until(EC.visibility_of_element_located((By.ID, \"exampleId\")))\n        >>> print(element.text)\n        \"\"\"\n        screen = None\n        stacktrace = None\n    \n        end_time = time.monotonic() + self._timeout\n        while True:\n            try:\n                value = method(self._driver)\n                if value:\n                    return value\n            except self._ignored_exceptions as exc:\n                screen = getattr(exc, \"screen\", None)\n                stacktrace = getattr(exc, \"stacktrace\", None)\n            if time.monotonic() > end_time:\n                break\n            time.sleep(self._poll)\n>       raise TimeoutException(message, screen, stacktrace)\nE       selenium.common.exceptions.TimeoutException: Message: \nE       Stacktrace:\nE       \tGetHandleVerifier [0x0x7ff65ba8e8e5+80021]\nE       \tGetHandleVerifier [0x0x7ff65ba8e940+80112]\nE       \t(No symbol) [0x0x7ff65b81060f]\nE       \t(No symbol) [0x0x7ff65b868854]\nE       \t(No symbol) [0x0x7ff65b868b1c]\nE       \t(No symbol) [0x0x7ff65b8bc927]\nE       \t(No symbol) [0x0x7ff65b89126f]\nE       \t(No symbol) [0x0x7ff65b8b968a]\nE       \t(No symbol) [0x0x7ff65b891003]\nE       \t(No symbol) [0x0x7ff65b8595d1]\nE       \t(No symbol) [0x0x7ff65b85a3f3]\nE       \tGetHandleVerifier [0x0x7ff65bd4dc7d+2960429]\nE       \tGetHandleVerifier [0x0x7ff65bd47f3a+2936554]\nE       \tGetHandleVerifier [0x0x7ff65bd68977+3070247]\nE       \tGetHandleVerifier [0x0x7ff65baa83ce+185214]\nE       \tGetHandleVerifier [0x0x7ff65baafe1f+216527]\nE       \tGetHandleVerifier [0x0x7ff65ba97b24+117460]\nE       \tGetHandleVerifier [0x0x7ff65ba97cdf+117903]\nE       \tGetHandleVerifier [0x0x7ff65ba7dbb8+11112]\nE       \tBaseThreadInitThunk [0x0x7ffc92b1259d+29]\nE       \tRtlUserThreadStart [0x0x7ffc93c0af78+40]\n\nvenv\\Lib\\site-packages\\selenium\\webdriver\\support\\wait.py:138: TimeoutException\n\nDuring handling of the above exception, another exception occurred:\n\nself = <test_booking_oneway.TestBooking object at 0x000001A6B3DE71D0>\ndriver = <selenium.webdriver.chrome.webdriver.WebDriver (session=\"450278803c51f67b8a7c5d0cbb1d362b\")>\ndb_manager = <db_manager.DBManager object at 0x000001A6B3E21460>, origin = 'BOG', destination = 'CTG', adults = 1, infants = 0\n\n    @allure.epic(\"Caso 1: Flujo de Booking\")\n    @allure.feature(\"Solo Ida (One-Way)\")\n    @pytest.mark.parametrize(\"origin, destination, adults, infants\", [\n        (\"BOG\", \"CTG\", 1, 0),  # Escenario b谩sico: 1 Adulto\n        (\"MDE\", \"SCL\", 2, 2)   # Escenario con restricci贸n: 2 Adultos y 2 Infantes\n    ])\n    def test_oneway_booking_flow(self, driver, db_manager, origin, destination, adults, infants):\n        \"\"\"\n        Automatiza el flujo completo de booking Solo Ida con validaciones en cada m贸dulo.\n        \"\"\"\n        start_time = time.time()\n        test_passed = False\n    \n        # 1. Inicializaci贸n de P谩ginas\n        home_page = HomePage(driver)\n        select_flight_page = SelectFlightPage(driver)\n    \n        try:\n            # 2. HOME: Configuraci贸n de la b煤squeda\n            with allure.step(\"M贸dulo HOME: Configuraci贸n de la b煤squeda\"):\n                home_page.open()\n                home_page.close_initial_popup()\n                home_page.select_one_way()\n                # La pausa de 6.0s est谩 en home_page.py y debe resolver el problema de la fecha\n                home_page.search_flight(origin, destination, \"2026-12-01\", adults, infants)\n    \n            # 3. SELECT FLIGHT: Seleccionar la opci贸n m谩s econ贸mica\n            with allure.step(\"M贸dulo SELECT FLIGHT: Seleccionar vuelo econ贸mico\"):\n                # Aqu铆 el test deber铆a FALLAR por primera vez por un error de Page Object/Locator.\n                select_flight_page.validate_search_results(origin, destination)\n                select_flight_page.select_first_flight()\n    \n            test_passed = True\n    \n        except Exception as e:\n            logging.error(f\"Fallo funcional en el Caso 1: {e}\")\n            raise\n    \n        finally:\n            end_time = time.time()\n            duration = end_time - start_time\n            result = \"PASS\" if test_passed else \"FAIL\"\n            test_name = f\"test_oneway_{origin}-{destination}\"\n    \n            #  CORRECCIN DE LA LLAMADA A LA BD \n            # Asumimos que la firma de la funci贸n es (nombre, resultado, duraci贸n, origen)\n            # Si el cuarto par谩metro debe ser la duraci贸n, entonces usamos solo 4:\n>           db_manager.insert_result(test_name, result, duration, origin)\nE           TypeError: DBManager.insert_result() takes 4 positional arguments but 5 were given\n\ntests\\tests\\test_booking_oneway.py:63: TypeError"}, "description": "\n        Automatiza el flujo completo de booking Solo Ida con validaciones en cada m贸dulo.\n        ", "steps": [{"name": "M贸dulo HOME: Configuraci贸n de la b煤squeda", "status": "broken", "statusDetails": {"message": "selenium.common.exceptions.TimeoutException: Message: \nStacktrace:\n\tGetHandleVerifier [0x0x7ff65ba8e8e5+80021]\n\tGetHandleVerifier [0x0x7ff65ba8e940+80112]\n\t(No symbol) [0x0x7ff65b81060f]\n\t(No symbol) [0x0x7ff65b868854]\n\t(No symbol) [0x0x7ff65b868b1c]\n\t(No symbol) [0x0x7ff65b8bc927]\n\t(No symbol) [0x0x7ff65b89126f]\n\t(No symbol) [0x0x7ff65b8b968a]\n\t(No symbol) [0x0x7ff65b891003]\n\t(No symbol) [0x0x7ff65b8595d1]\n\t(No symbol) [0x0x7ff65b85a3f3]\n\tGetHandleVerifier [0x0x7ff65bd4dc7d+2960429]\n\tGetHandleVerifier [0x0x7ff65bd47f3a+2936554]\n\tGetHandleVerifier [0x0x7ff65bd68977+3070247]\n\tGetHandleVerifier [0x0x7ff65baa83ce+185214]\n\tGetHandleVerifier [0x0x7ff65baafe1f+216527]\n\tGetHandleVerifier [0x0x7ff65ba97b24+117460]\n\tGetHandleVerifier [0x0x7ff65ba97cdf+117903]\n\tGetHandleVerifier [0x0x7ff65ba7dbb8+11112]\n\tBaseThreadInitThunk [0x0x7ffc92b1259d+29]\n\tRtlUserThreadStart [0x0x7ffc93c0af78+40]\n\n", "trace": "  File \"C:\\Users\\Usuario\\AutomationFramework\\tests\\tests\\test_booking_oneway.py\", line 40, in test_oneway_booking_flow\n    home_page.search_flight(origin, destination, \"2026-12-01\", adults, infants)\n  File \"C:\\Users\\Usuario\\AutomationFramework\\venv\\Lib\\site-packages\\allure_commons\\_allure.py\", line 202, in impl\n    return func(*a, **kw)\n           ^^^^^^^^^^^^^^\n  File \"C:\\Users\\Usuario\\AutomationFramework\\pages\\home_page.py\", line 107, in search_flight\n    self._wait_and_send_keys(self._INPUT_DATE_DEPARTURE, date, \"Campo Fecha Salida\")\n  File \"C:\\Users\\Usuario\\AutomationFramework\\pages\\base_page.py\", line 60, in _wait_and_send_keys\n    element = self._wait_for_element(locator)\n              ^^^^^^^^^^^^^^^^^^^^^^^^^^^^^^^\n  File \"C:\\Users\\Usuario\\AutomationFramework\\pages\\base_page.py\", line 23, in _wait_for_element\n    return self.wait.until(EC.visibility_of_element_located(locator))\n           ^^^^^^^^^^^^^^^^^^^^^^^^^^^^^^^^^^^^^^^^^^^^^^^^^^^^^^^^^^\n  File \"C:\\Users\\Usuario\\AutomationFramework\\venv\\Lib\\site-packages\\selenium\\webdriver\\support\\wait.py\", line 138, in until\n    raise TimeoutException(message, screen, stacktrace)\n"}, "steps": [{"name": "Cerrar Pop-up de bienvenida/cookies", "status": "passed", "steps": [{"name": "Hacer clic en: Bot贸n de Cierre de Pop-up Inicial", "status": "broken", "statusDetails": {"message": "selenium.common.exceptions.TimeoutException: Message: \nStacktrace:\n\tGetHandleVerifier [0x0x7ff65ba8e8e5+80021]\n\tGetHandleVerifier [0x0x7ff65ba8e940+80112]\n\t(No symbol) [0x0x7ff65b81060f]\n\t(No symbol) [0x0x7ff65b868854]\n\t(No symbol) [0x0x7ff65b868b1c]\n\t(No symbol) [0x0x7ff65b8bc927]\n\t(No symbol) [0x0x7ff65b89126f]\n\t(No symbol) [0x0x7ff65b8b968a]\n\t(No symbol) [0x0x7ff65b891003]\n\t(No symbol) [0x0x7ff65b8595d1]\n\t(No symbol) [0x0x7ff65b85a3f3]\n\tGetHandleVerifier [0x0x7ff65bd4dc7d+2960429]\n\tGetHandleVerifier [0x0x7ff65bd47f3a+2936554]\n\tGetHandleVerifier [0x0x7ff65bd68977+3070247]\n\tGetHandleVerifier [0x0x7ff65baa83ce+185214]\n\tGetHandleVerifier [0x0x7ff65baafe1f+216527]\n\tGetHandleVerifier [0x0x7ff65ba97b24+117460]\n\tGetHandleVerifier [0x0x7ff65ba97cdf+117903]\n\tGetHandleVerifier [0x0x7ff65ba7dbb8+11112]\n\tBaseThreadInitThunk [0x0x7ffc92b1259d+29]\n\tRtlUserThreadStart [0x0x7ffc93c0af78+40]\n\n", "trace": "  File \"C:\\Users\\Usuario\\AutomationFramework\\pages\\base_page.py\", line 29, in _wait_and_click\n    element = self._wait_for_element(locator)\n              ^^^^^^^^^^^^^^^^^^^^^^^^^^^^^^^\n  File \"C:\\Users\\Usuario\\AutomationFramework\\pages\\base_page.py\", line 23, in _wait_for_element\n    return self.wait.until(EC.visibility_of_element_located(locator))\n           ^^^^^^^^^^^^^^^^^^^^^^^^^^^^^^^^^^^^^^^^^^^^^^^^^^^^^^^^^^\n  File \"C:\\Users\\Usuario\\AutomationFramework\\venv\\Lib\\site-packages\\selenium\\webdriver\\support\\wait.py\", line 138, in until\n    raise TimeoutException(message, screen, stacktrace)\n"}, "start": 1762133196572, "stop": 1762133241659}], "start": 1762133196572, "stop": 1762133241659}, {"name": "Seleccionar tipo de viaje: Solo Ida", "status": "passed", "steps": [{"name": "Hacer clic en: Radio Button Solo Ida", "status": "passed", "start": 1762133241659, "stop": 1762133242570}], "start": 1762133241659, "stop": 1762133242570}, {"name": "Realizar b煤squeda de vuelo de Solo Ida", "status": "broken", "statusDetails": {"message": "selenium.common.exceptions.TimeoutException: Message: \nStacktrace:\n\tGetHandleVerifier [0x0x7ff65ba8e8e5+80021]\n\tGetHandleVerifier [0x0x7ff65ba8e940+80112]\n\t(No symbol) [0x0x7ff65b81060f]\n\t(No symbol) [0x0x7ff65b868854]\n\t(No symbol) [0x0x7ff65b868b1c]\n\t(No symbol) [0x0x7ff65b8bc927]\n\t(No symbol) [0x0x7ff65b89126f]\n\t(No symbol) [0x0x7ff65b8b968a]\n\t(No symbol) [0x0x7ff65b891003]\n\t(No symbol) [0x0x7ff65b8595d1]\n\t(No symbol) [0x0x7ff65b85a3f3]\n\tGetHandleVerifier [0x0x7ff65bd4dc7d+2960429]\n\tGetHandleVerifier [0x0x7ff65bd47f3a+2936554]\n\tGetHandleVerifier [0x0x7ff65bd68977+3070247]\n\tGetHandleVerifier [0x0x7ff65baa83ce+185214]\n\tGetHandleVerifier [0x0x7ff65baafe1f+216527]\n\tGetHandleVerifier [0x0x7ff65ba97b24+117460]\n\tGetHandleVerifier [0x0x7ff65ba97cdf+117903]\n\tGetHandleVerifier [0x0x7ff65ba7dbb8+11112]\n\tBaseThreadInitThunk [0x0x7ffc92b1259d+29]\n\tRtlUserThreadStart [0x0x7ffc93c0af78+40]\n\n", "trace": "  File \"C:\\Users\\Usuario\\AutomationFramework\\venv\\Lib\\site-packages\\allure_commons\\_allure.py\", line 202, in impl\n    return func(*a, **kw)\n           ^^^^^^^^^^^^^^\n  File \"C:\\Users\\Usuario\\AutomationFramework\\pages\\home_page.py\", line 107, in search_flight\n    self._wait_and_send_keys(self._INPUT_DATE_DEPARTURE, date, \"Campo Fecha Salida\")\n  File \"C:\\Users\\Usuario\\AutomationFramework\\pages\\base_page.py\", line 60, in _wait_and_send_keys\n    element = self._wait_for_element(locator)\n              ^^^^^^^^^^^^^^^^^^^^^^^^^^^^^^^\n  File \"C:\\Users\\Usuario\\AutomationFramework\\pages\\base_page.py\", line 23, in _wait_for_element\n    return self.wait.until(EC.visibility_of_element_located(locator))\n           ^^^^^^^^^^^^^^^^^^^^^^^^^^^^^^^^^^^^^^^^^^^^^^^^^^^^^^^^^^\n  File \"C:\\Users\\Usuario\\AutomationFramework\\venv\\Lib\\site-packages\\selenium\\webdriver\\support\\wait.py\", line 138, in until\n    raise TimeoutException(message, screen, stacktrace)\n"}, "steps": [{"name": "Hacer clic en: Bot贸n Origen (Abre Pop-up)", "status": "passed", "start": 1762133242570, "stop": 1762133243461}, {"name": "Ingresar texto 'BOG' en: Campo B煤squeda Origen", "status": "passed", "start": 1762133243461, "stop": 1762133244212}, {"name": "Hacer clic en: Seleccionar ciudad de Origen: BOG", "status": "passed", "start": 1762133244212, "stop": 1762133245693}, {"name": "Ingresar texto 'CTG' en: Campo B煤squeda Destino", "status": "passed", "start": 1762133253194, "stop": 1762133253896}, {"name": "Hacer clic en: Seleccionar ciudad de Destino: CTG", "status": "passed", "start": 1762133253896, "stop": 1762133254620}, {"name": "Ingresar texto '2026-12-01' en: Campo Fecha Salida", "status": "broken", "statusDetails": {"message": "selenium.common.exceptions.TimeoutException: Message: \nStacktrace:\n\tGetHandleVerifier [0x0x7ff65ba8e8e5+80021]\n\tGetHandleVerifier [0x0x7ff65ba8e940+80112]\n\t(No symbol) [0x0x7ff65b81060f]\n\t(No symbol) [0x0x7ff65b868854]\n\t(No symbol) [0x0x7ff65b868b1c]\n\t(No symbol) [0x0x7ff65b8bc927]\n\t(No symbol) [0x0x7ff65b89126f]\n\t(No symbol) [0x0x7ff65b8b968a]\n\t(No symbol) [0x0x7ff65b891003]\n\t(No symbol) [0x0x7ff65b8595d1]\n\t(No symbol) [0x0x7ff65b85a3f3]\n\tGetHandleVerifier [0x0x7ff65bd4dc7d+2960429]\n\tGetHandleVerifier [0x0x7ff65bd47f3a+2936554]\n\tGetHandleVerifier [0x0x7ff65bd68977+3070247]\n\tGetHandleVerifier [0x0x7ff65baa83ce+185214]\n\tGetHandleVerifier [0x0x7ff65baafe1f+216527]\n\tGetHandleVerifier [0x0x7ff65ba97b24+117460]\n\tGetHandleVerifier [0x0x7ff65ba97cdf+117903]\n\tGetHandleVerifier [0x0x7ff65ba7dbb8+11112]\n\tBaseThreadInitThunk [0x0x7ffc92b1259d+29]\n\tRtlUserThreadStart [0x0x7ffc93c0af78+40]\n\n", "trace": "  File \"C:\\Users\\Usuario\\AutomationFramework\\pages\\base_page.py\", line 60, in _wait_and_send_keys\n    element = self._wait_for_element(locator)\n              ^^^^^^^^^^^^^^^^^^^^^^^^^^^^^^^\n  File \"C:\\Users\\Usuario\\AutomationFramework\\pages\\base_page.py\", line 23, in _wait_for_element\n    return self.wait.until(EC.visibility_of_element_located(locator))\n           ^^^^^^^^^^^^^^^^^^^^^^^^^^^^^^^^^^^^^^^^^^^^^^^^^^^^^^^^^^\n  File \"C:\\Users\\Usuario\\AutomationFramework\\venv\\Lib\\site-packages\\selenium\\webdriver\\support\\wait.py\", line 138, in until\n    raise TimeoutException(message, screen, stacktrace)\n"}, "start": 1762133260620, "stop": 1762133305656}], "parameters": [{"name": "origin", "value": "'BOG'"}, {"name": "destination", "value": "'CTG'"}, {"name": "date", "value": "'2026-12-01'"}, {"name": "adults", "value": "1"}, {"name": "infants", "value": "0"}], "start": 1762133242570, "stop": 1762133305656}], "start": 1762133187751, "stop": 1762133305703}], "attachments": [{"name": "log", "source": "772af30e-18cf-401a-b8ff-e583eb3e7c1a-attachment.txt", "type": "text/plain"}, {"name": "stderr", "source": "4845fb62-7b08-4b7c-9158-ca34a33548ce-attachment.txt", "type": "text/plain"}], "parameters": [{"name": "origin", "value": "'BOG'"}, {"name": "destination", "value": "'CTG'"}, {"name": "adults", "value": "1"}, {"name": "infants", "value": "0"}], "start": 1762133187751, "stop": 1762133305703, "uuid": "7eee3501-73fc-4ccf-94c7-193e889cb427", "historyId": "904678380c5cf7b54a66d39e6aa90ab9", "testCaseId": "5594a2368502a9d92b5a3d514515969d", "fullName": "tests.tests.test_booking_oneway.TestBooking#test_oneway_booking_flow", "labels": [{"name": "suite", "value": "Flujos de Booking"}, {"name": "epic", "value": "Caso 1: Flujo de Booking"}, {"name": "feature", "value": "Solo Ida (One-Way)"}, {"name": "parentSuite", "value": "tests.tests"}, {"name": "subSuite", "value": "TestBooking"}, {"name": "host", "value": "DESKTOP-O22210J"}, {"name": "thread", "value": "21104-MainThread"}, {"name": "framework", "value": "pytest"}, {"name": "language", "value": "cpython3"}, {"name": "package", "value": "tests.tests.test_booking_oneway"}], "titlePath": ["tests", "tests", "test_booking_oneway.py", "TestBooking"]}