{"name": "test_oneway_booking_flow[BOG-CTG-1-0]", "status": "broken", "statusDetails": {"message": "selenium.common.exceptions.TimeoutException: Message: \nStacktrace:\n\tGetHandleVerifier [0x0x7ff7bb1ae8e5+80021]\n\tGetHandleVerifier [0x0x7ff7bb1ae940+80112]\n\t(No symbol) [0x0x7ff7baf3060f]\n\t(No symbol) [0x0x7ff7baf88854]\n\t(No symbol) [0x0x7ff7baf88b1c]\n\t(No symbol) [0x0x7ff7bafdc927]\n\t(No symbol) [0x0x7ff7bafb126f]\n\t(No symbol) [0x0x7ff7bafd968a]\n\t(No symbol) [0x0x7ff7bafb1003]\n\t(No symbol) [0x0x7ff7baf795d1]\n\t(No symbol) [0x0x7ff7baf7a3f3]\n\tGetHandleVerifier [0x0x7ff7bb46dc7d+2960429]\n\tGetHandleVerifier [0x0x7ff7bb467f3a+2936554]\n\tGetHandleVerifier [0x0x7ff7bb488977+3070247]\n\tGetHandleVerifier [0x0x7ff7bb1c83ce+185214]\n\tGetHandleVerifier [0x0x7ff7bb1cfe1f+216527]\n\tGetHandleVerifier [0x0x7ff7bb1b7b24+117460]\n\tGetHandleVerifier [0x0x7ff7bb1b7cdf+117903]\n\tGetHandleVerifier [0x0x7ff7bb19dbb8+11112]\n\tBaseThreadInitThunk [0x0x7ffc92b1259d+29]\n\tRtlUserThreadStart [0x0x7ffc93c0af78+40]", "trace": "self = <test_booking_oneway.TestBooking object at 0x00000189B6454AD0>\ndriver = <selenium.webdriver.chrome.webdriver.WebDriver (session=\"6be422b674510caa4b58ee20d2e7dd09\")>\ndb_manager = <db_manager.DBManager object at 0x00000189B67824B0>, origin = 'BOG', destination = 'CTG', adults = 1, infants = 0\n\n    @allure.epic(\"Caso 1: Flujo de Booking\")\n    @allure.feature(\"Solo Ida (One-Way)\")\n    @pytest.mark.parametrize(\"origin, destination, adults, infants\", [\n        (\"BOG\", \"CTG\", 1, 0),\n        (\"MDE\", \"SCL\", 2, 2)\n    ])\n    def test_oneway_booking_flow(self, driver, db_manager, origin, destination, adults, infants):\n        \"\"\"\n        Automatiza el flujo completo de booking Solo Ida con validaciones en cada m贸dulo.\n        \"\"\"\n        start_time = time.time()\n        test_passed = False\n    \n        # 1. Inicializaci贸n de P谩ginas\n        home_page = HomePage(driver)\n        select_flight_page = SelectFlightPage(driver)\n        flight_details_page = FlightDetailsPage(driver)\n        passenger_details_page = PassengerDetailsPage(driver)\n    \n        # Datos de prueba para el M贸dulo 4\n        passenger_data = {\n            \"gender_id\": \"IdPaxGender_7E7E3533344234383244333132443435353835347E31\",\n            \"gender_option\": \"Masculino\",\n            \"first_name\": \"Orlando\",\n            \"last_name_id\": \"IdLastName7E7E3533344234383244333132443435353835347E31\",\n            \"last_name\": \"Espitia Pe帽aranda\",\n        }\n    \n        try:\n            # 2. MDULO HOME: Ejecuci贸n Completa con Pausa Manual OBLIGATORIA para CAPTCHA\n            with allure.step(\"M贸dulo HOME: Configuraci贸n de la b煤squeda\"):\n                home_page.open()\n                home_page.close_initial_popup()\n    \n                logging.info(\"Esperando 5 segundos fijos para la estabilizaci贸n inicial de la p谩gina.\")\n                time.sleep(5)\n    \n                home_page.select_one_way()\n                home_page.search_flight(origin, destination, \"2026-12-01\", adults, infants)\n    \n            # 3. MDULO SELECT FLIGHT: Selecci贸n exitosa\n            with allure.step(\"M贸dulo SELECT FLIGHT: Seleccionar vuelo econ贸mico\"):\n                select_flight_page.validate_search_results(origin, destination)\n                select_flight_page.select_cheapest_flight()\n    \n                # 革 PAUSA CRTICA: Espera para la carga del M贸dulo 3\n                logging.info(\"Esperando 8 segundos extra para la carga completa de servicios del M贸dulo 3.\")\n                time.sleep(8)\n    \n            # 4. MDULO FLIGHT DETAILS: Selecci贸n de servicios/asientos\n            with allure.step(\"M贸dulo FLIGHT DETAILS: Selecci贸n de servicios\"):\n                flight_details_page.validate_flight_details_page()\n                flight_details_page.continue_to_passenger_details()\n    \n            # 5. MDULO PASSENGER DETAILS: Rellenar datos\n            with allure.step(\"M贸dulo PASSENGER DETAILS: Ingreso de datos del pasajero\"):\n                passenger_details_page.validate_passenger_details_page()\n                #  Aqu铆 se ejecutan la selecci贸n de g茅nero, nombre y apellido.\n>               passenger_details_page.fill_first_passenger_data(passenger_data)\n\ntests\\tests\\test_booking_oneway.py:73: \n_ _ _ _ _ _ _ _ _ _ _ _ _ _ _ _ _ _ _ _ _ _ _ _ _ _ _ _ _ _ _ _ _ _ _ _ _ _ _ _ _ _ _ _ _ _ _ _ _ _ _ _ _ _ _ _ _ _ _ _ _ _ _ _ _ _ _ _ _ _\npages\\passenger_details_page.py:129: in fill_first_passenger_data\n    self._select_dropdown_option(self._BUTTON_DOB_MONTH, \"febrero\", \"Mes de Nacimiento\")\npages\\passenger_details_page.py:61: in _select_dropdown_option\n    option_element = self._wait_for_element(option_locator, timeout=7)\n                     ^^^^^^^^^^^^^^^^^^^^^^^^^^^^^^^^^^^^^^^^^^^^^^^^^\npages\\base_page.py:32: in _wait_for_element\n    element = self.wait.until(EC.visibility_of_element_located(locator))\n              ^^^^^^^^^^^^^^^^^^^^^^^^^^^^^^^^^^^^^^^^^^^^^^^^^^^^^^^^^^\n_ _ _ _ _ _ _ _ _ _ _ _ _ _ _ _ _ _ _ _ _ _ _ _ _ _ _ _ _ _ _ _ _ _ _ _ _ _ _ _ _ _ _ _ _ _ _ _ _ _ _ _ _ _ _ _ _ _ _ _ _ _ _ _ _ _ _ _ _ _\n\nself = <selenium.webdriver.support.wait.WebDriverWait (session=\"6be422b674510caa4b58ee20d2e7dd09\")>\nmethod = <function visibility_of_element_located.<locals>._predicate at 0x00000189B67FF1A0>, message = ''\n\n    def until(self, method: Callable[[D], Union[Literal[False], T]], message: str = \"\") -> T:\n        \"\"\"Wait until the method returns a value that is not False.\n    \n        Calls the method provided with the driver as an argument until the\n        return value does not evaluate to ``False``.\n    \n        Parameters:\n        -----------\n        method: callable(WebDriver)\n            - A callable object that takes a WebDriver instance as an argument.\n    \n        message: str\n            - Optional message for :exc:`TimeoutException`\n    \n        Return:\n        -------\n        object: T\n            - The result of the last call to `method`\n    \n        Raises:\n        -------\n        TimeoutException\n            - If 'method' does not return a truthy value within the WebDriverWait\n            object's timeout\n    \n        Example:\n        --------\n        >>> from selenium.webdriver.common.by import By\n        >>> from selenium.webdriver.support.ui import WebDriverWait\n        >>> from selenium.webdriver.support import expected_conditions as EC\n    \n        # Wait until an element is visible on the page\n        >>> wait = WebDriverWait(driver, 10)\n        >>> element = wait.until(EC.visibility_of_element_located((By.ID, \"exampleId\")))\n        >>> print(element.text)\n        \"\"\"\n        screen = None\n        stacktrace = None\n    \n        end_time = time.monotonic() + self._timeout\n        while True:\n            try:\n                value = method(self._driver)\n                if value:\n                    return value\n            except self._ignored_exceptions as exc:\n                screen = getattr(exc, \"screen\", None)\n                stacktrace = getattr(exc, \"stacktrace\", None)\n            if time.monotonic() > end_time:\n                break\n            time.sleep(self._poll)\n>       raise TimeoutException(message, screen, stacktrace)\nE       selenium.common.exceptions.TimeoutException: Message: \nE       Stacktrace:\nE       \tGetHandleVerifier [0x0x7ff7bb1ae8e5+80021]\nE       \tGetHandleVerifier [0x0x7ff7bb1ae940+80112]\nE       \t(No symbol) [0x0x7ff7baf3060f]\nE       \t(No symbol) [0x0x7ff7baf88854]\nE       \t(No symbol) [0x0x7ff7baf88b1c]\nE       \t(No symbol) [0x0x7ff7bafdc927]\nE       \t(No symbol) [0x0x7ff7bafb126f]\nE       \t(No symbol) [0x0x7ff7bafd968a]\nE       \t(No symbol) [0x0x7ff7bafb1003]\nE       \t(No symbol) [0x0x7ff7baf795d1]\nE       \t(No symbol) [0x0x7ff7baf7a3f3]\nE       \tGetHandleVerifier [0x0x7ff7bb46dc7d+2960429]\nE       \tGetHandleVerifier [0x0x7ff7bb467f3a+2936554]\nE       \tGetHandleVerifier [0x0x7ff7bb488977+3070247]\nE       \tGetHandleVerifier [0x0x7ff7bb1c83ce+185214]\nE       \tGetHandleVerifier [0x0x7ff7bb1cfe1f+216527]\nE       \tGetHandleVerifier [0x0x7ff7bb1b7b24+117460]\nE       \tGetHandleVerifier [0x0x7ff7bb1b7cdf+117903]\nE       \tGetHandleVerifier [0x0x7ff7bb19dbb8+11112]\nE       \tBaseThreadInitThunk [0x0x7ffc92b1259d+29]\nE       \tRtlUserThreadStart [0x0x7ffc93c0af78+40]\n\nvenv\\Lib\\site-packages\\selenium\\webdriver\\support\\wait.py:138: TimeoutException"}, "description": "\n        Automatiza el flujo completo de booking Solo Ida con validaciones en cada m贸dulo.\n        ", "steps": [{"name": "M贸dulo HOME: Configuraci贸n de la b煤squeda", "status": "passed", "steps": [{"name": "Cerrar Pop-up de bienvenida/cookies", "status": "passed", "start": 1762195096738, "stop": 1762195141798}, {"name": "Seleccionar tipo de viaje: Solo Ida", "status": "passed", "start": 1762195146799, "stop": 1762195147278}, {"name": "Realizar b煤squeda de vuelo de Solo Ida", "status": "passed", "parameters": [{"name": "origin", "value": "'BOG'"}, {"name": "destination", "value": "'CTG'"}, {"name": "date", "value": "'2026-12-01'"}, {"name": "adults", "value": "1"}, {"name": "infants", "value": "0"}], "start": 1762195147278, "stop": 1762195205454}], "start": 1762195090018, "stop": 1762195205454}, {"name": "M贸dulo SELECT FLIGHT: Seleccionar vuelo econ贸mico", "status": "passed", "steps": [{"name": "Validar que la p谩gina de resultados de b煤squeda ha cargado", "status": "passed", "parameters": [{"name": "origin", "value": "'BOG'"}, {"name": "destination", "value": "'CTG'"}], "start": 1762195205454, "stop": 1762195211079}, {"name": "Seleccionar la tarifa m谩s econ贸mica y avanzar a detalles de vuelo", "status": "passed", "start": 1762195211079, "stop": 1762195212956}], "start": 1762195205454, "stop": 1762195220958}, {"name": "M贸dulo FLIGHT DETAILS: Selecci贸n de servicios", "status": "passed", "steps": [{"name": "Validar que la p谩gina de detalles de vuelo ha cargado", "status": "passed", "start": 1762195220958, "stop": 1762195221045}, {"name": "Avanzar a la p谩gina de datos de pasajero", "status": "passed", "start": 1762195221045, "stop": 1762195223508}], "start": 1762195220958, "stop": 1762195223508}, {"name": "M贸dulo PASSENGER DETAILS: Ingreso de datos del pasajero", "status": "broken", "statusDetails": {"message": "selenium.common.exceptions.TimeoutException: Message: \nStacktrace:\n\tGetHandleVerifier [0x0x7ff7bb1ae8e5+80021]\n\tGetHandleVerifier [0x0x7ff7bb1ae940+80112]\n\t(No symbol) [0x0x7ff7baf3060f]\n\t(No symbol) [0x0x7ff7baf88854]\n\t(No symbol) [0x0x7ff7baf88b1c]\n\t(No symbol) [0x0x7ff7bafdc927]\n\t(No symbol) [0x0x7ff7bafb126f]\n\t(No symbol) [0x0x7ff7bafd968a]\n\t(No symbol) [0x0x7ff7bafb1003]\n\t(No symbol) [0x0x7ff7baf795d1]\n\t(No symbol) [0x0x7ff7baf7a3f3]\n\tGetHandleVerifier [0x0x7ff7bb46dc7d+2960429]\n\tGetHandleVerifier [0x0x7ff7bb467f3a+2936554]\n\tGetHandleVerifier [0x0x7ff7bb488977+3070247]\n\tGetHandleVerifier [0x0x7ff7bb1c83ce+185214]\n\tGetHandleVerifier [0x0x7ff7bb1cfe1f+216527]\n\tGetHandleVerifier [0x0x7ff7bb1b7b24+117460]\n\tGetHandleVerifier [0x0x7ff7bb1b7cdf+117903]\n\tGetHandleVerifier [0x0x7ff7bb19dbb8+11112]\n\tBaseThreadInitThunk [0x0x7ffc92b1259d+29]\n\tRtlUserThreadStart [0x0x7ffc93c0af78+40]\n\n", "trace": "  File \"C:\\Users\\Usuario\\AutomationFramework\\tests\\tests\\test_booking_oneway.py\", line 73, in test_oneway_booking_flow\n    passenger_details_page.fill_first_passenger_data(passenger_data)\n  File \"C:\\Users\\Usuario\\AutomationFramework\\venv\\Lib\\site-packages\\allure_commons\\_allure.py\", line 202, in impl\n    return func(*a, **kw)\n           ^^^^^^^^^^^^^^\n  File \"C:\\Users\\Usuario\\AutomationFramework\\pages\\passenger_details_page.py\", line 129, in fill_first_passenger_data\n    self._select_dropdown_option(self._BUTTON_DOB_MONTH, \"febrero\", \"Mes de Nacimiento\")\n  File \"C:\\Users\\Usuario\\AutomationFramework\\pages\\passenger_details_page.py\", line 61, in _select_dropdown_option\n    option_element = self._wait_for_element(option_locator, timeout=7)\n                     ^^^^^^^^^^^^^^^^^^^^^^^^^^^^^^^^^^^^^^^^^^^^^^^^^\n  File \"C:\\Users\\Usuario\\AutomationFramework\\pages\\base_page.py\", line 32, in _wait_for_element\n    element = self.wait.until(EC.visibility_of_element_located(locator))\n              ^^^^^^^^^^^^^^^^^^^^^^^^^^^^^^^^^^^^^^^^^^^^^^^^^^^^^^^^^^\n  File \"C:\\Users\\Usuario\\AutomationFramework\\venv\\Lib\\site-packages\\selenium\\webdriver\\support\\wait.py\", line 138, in until\n    raise TimeoutException(message, screen, stacktrace)\n"}, "steps": [{"name": "Validar que la p谩gina de datos de pasajero ha cargado", "status": "passed", "start": 1762195223508, "stop": 1762195226419}, {"name": "Rellenar los datos del primer pasajero", "status": "broken", "statusDetails": {"message": "selenium.common.exceptions.TimeoutException: Message: \nStacktrace:\n\tGetHandleVerifier [0x0x7ff7bb1ae8e5+80021]\n\tGetHandleVerifier [0x0x7ff7bb1ae940+80112]\n\t(No symbol) [0x0x7ff7baf3060f]\n\t(No symbol) [0x0x7ff7baf88854]\n\t(No symbol) [0x0x7ff7baf88b1c]\n\t(No symbol) [0x0x7ff7bafdc927]\n\t(No symbol) [0x0x7ff7bafb126f]\n\t(No symbol) [0x0x7ff7bafd968a]\n\t(No symbol) [0x0x7ff7bafb1003]\n\t(No symbol) [0x0x7ff7baf795d1]\n\t(No symbol) [0x0x7ff7baf7a3f3]\n\tGetHandleVerifier [0x0x7ff7bb46dc7d+2960429]\n\tGetHandleVerifier [0x0x7ff7bb467f3a+2936554]\n\tGetHandleVerifier [0x0x7ff7bb488977+3070247]\n\tGetHandleVerifier [0x0x7ff7bb1c83ce+185214]\n\tGetHandleVerifier [0x0x7ff7bb1cfe1f+216527]\n\tGetHandleVerifier [0x0x7ff7bb1b7b24+117460]\n\tGetHandleVerifier [0x0x7ff7bb1b7cdf+117903]\n\tGetHandleVerifier [0x0x7ff7bb19dbb8+11112]\n\tBaseThreadInitThunk [0x0x7ffc92b1259d+29]\n\tRtlUserThreadStart [0x0x7ffc93c0af78+40]\n\n", "trace": "  File \"C:\\Users\\Usuario\\AutomationFramework\\venv\\Lib\\site-packages\\allure_commons\\_allure.py\", line 202, in impl\n    return func(*a, **kw)\n           ^^^^^^^^^^^^^^\n  File \"C:\\Users\\Usuario\\AutomationFramework\\pages\\passenger_details_page.py\", line 129, in fill_first_passenger_data\n    self._select_dropdown_option(self._BUTTON_DOB_MONTH, \"febrero\", \"Mes de Nacimiento\")\n  File \"C:\\Users\\Usuario\\AutomationFramework\\pages\\passenger_details_page.py\", line 61, in _select_dropdown_option\n    option_element = self._wait_for_element(option_locator, timeout=7)\n                     ^^^^^^^^^^^^^^^^^^^^^^^^^^^^^^^^^^^^^^^^^^^^^^^^^\n  File \"C:\\Users\\Usuario\\AutomationFramework\\pages\\base_page.py\", line 32, in _wait_for_element\n    element = self.wait.until(EC.visibility_of_element_located(locator))\n              ^^^^^^^^^^^^^^^^^^^^^^^^^^^^^^^^^^^^^^^^^^^^^^^^^^^^^^^^^^\n  File \"C:\\Users\\Usuario\\AutomationFramework\\venv\\Lib\\site-packages\\selenium\\webdriver\\support\\wait.py\", line 138, in until\n    raise TimeoutException(message, screen, stacktrace)\n"}, "steps": [{"name": "Seleccionar Fecha de Nacimiento (05 Febrero 2010)", "status": "broken", "statusDetails": {"message": "selenium.common.exceptions.TimeoutException: Message: \nStacktrace:\n\tGetHandleVerifier [0x0x7ff7bb1ae8e5+80021]\n\tGetHandleVerifier [0x0x7ff7bb1ae940+80112]\n\t(No symbol) [0x0x7ff7baf3060f]\n\t(No symbol) [0x0x7ff7baf88854]\n\t(No symbol) [0x0x7ff7baf88b1c]\n\t(No symbol) [0x0x7ff7bafdc927]\n\t(No symbol) [0x0x7ff7bafb126f]\n\t(No symbol) [0x0x7ff7bafd968a]\n\t(No symbol) [0x0x7ff7bafb1003]\n\t(No symbol) [0x0x7ff7baf795d1]\n\t(No symbol) [0x0x7ff7baf7a3f3]\n\tGetHandleVerifier [0x0x7ff7bb46dc7d+2960429]\n\tGetHandleVerifier [0x0x7ff7bb467f3a+2936554]\n\tGetHandleVerifier [0x0x7ff7bb488977+3070247]\n\tGetHandleVerifier [0x0x7ff7bb1c83ce+185214]\n\tGetHandleVerifier [0x0x7ff7bb1cfe1f+216527]\n\tGetHandleVerifier [0x0x7ff7bb1b7b24+117460]\n\tGetHandleVerifier [0x0x7ff7bb1b7cdf+117903]\n\tGetHandleVerifier [0x0x7ff7bb19dbb8+11112]\n\tBaseThreadInitThunk [0x0x7ffc92b1259d+29]\n\tRtlUserThreadStart [0x0x7ffc93c0af78+40]\n\n", "trace": "  File \"C:\\Users\\Usuario\\AutomationFramework\\pages\\passenger_details_page.py\", line 129, in fill_first_passenger_data\n    self._select_dropdown_option(self._BUTTON_DOB_MONTH, \"febrero\", \"Mes de Nacimiento\")\n  File \"C:\\Users\\Usuario\\AutomationFramework\\pages\\passenger_details_page.py\", line 61, in _select_dropdown_option\n    option_element = self._wait_for_element(option_locator, timeout=7)\n                     ^^^^^^^^^^^^^^^^^^^^^^^^^^^^^^^^^^^^^^^^^^^^^^^^^\n  File \"C:\\Users\\Usuario\\AutomationFramework\\pages\\base_page.py\", line 32, in _wait_for_element\n    element = self.wait.until(EC.visibility_of_element_located(locator))\n              ^^^^^^^^^^^^^^^^^^^^^^^^^^^^^^^^^^^^^^^^^^^^^^^^^^^^^^^^^^\n  File \"C:\\Users\\Usuario\\AutomationFramework\\venv\\Lib\\site-packages\\selenium\\webdriver\\support\\wait.py\", line 138, in until\n    raise TimeoutException(message, screen, stacktrace)\n"}, "start": 1762195234875, "stop": 1762195282830}], "parameters": [{"name": "passenger_data", "value": "{'gender_id': 'IdPaxGender_7E7E3533344234383244333132443435353835347E31', 'gender_option': 'Masculino', 'first_name': 'Orlando', 'last_name_id': 'IdLastName7E7E3533344234383244333132443435353835347E31', 'last_name': 'Espitia Pe帽aranda'}"}], "start": 1762195226421, "stop": 1762195282830}], "start": 1762195223508, "stop": 1762195282830}], "attachments": [{"name": "Fallo_Funcional", "source": "ee1a27b0-c3e0-4266-b2c9-290cc4fbc693-attachment.png", "type": "image/png"}, {"name": "log", "source": "e139cc70-618e-4499-96a8-c1cf52accdd2-attachment.txt", "type": "text/plain"}, {"name": "stderr", "source": "fcf3a0f4-6915-4f7c-88a1-49a73d81a134-attachment.txt", "type": "text/plain"}], "parameters": [{"name": "origin", "value": "'BOG'"}, {"name": "destination", "value": "'CTG'"}, {"name": "adults", "value": "1"}, {"name": "infants", "value": "0"}], "start": 1762195090018, "stop": 1762195303032, "uuid": "a71f797b-2828-4be2-92a6-e1c68cf0a7e3", "historyId": "904678380c5cf7b54a66d39e6aa90ab9", "testCaseId": "5594a2368502a9d92b5a3d514515969d", "fullName": "tests.tests.test_booking_oneway.TestBooking#test_oneway_booking_flow", "labels": [{"name": "feature", "value": "Solo Ida (One-Way)"}, {"name": "epic", "value": "Caso 1: Flujo de Booking"}, {"name": "parentSuite", "value": "tests.tests"}, {"name": "suite", "value": "test_booking_oneway"}, {"name": "subSuite", "value": "TestBooking"}, {"name": "host", "value": "DESKTOP-O22210J"}, {"name": "thread", "value": "16008-MainThread"}, {"name": "framework", "value": "pytest"}, {"name": "language", "value": "cpython3"}, {"name": "package", "value": "tests.tests.test_booking_oneway"}], "titlePath": ["tests", "tests", "test_booking_oneway.py", "TestBooking"]}