{"name": "test_oneway_booking_flow[MDE-SCL-2-2]", "status": "broken", "statusDetails": {"message": "selenium.common.exceptions.JavascriptException: Message: javascript error: Cannot set properties of null (setting 'value')\n  (Session info: chrome=141.0.7390.123)\nStacktrace:\n\tGetHandleVerifier [0x0x7ff79a7ae8e5+80021]\n\tGetHandleVerifier [0x0x7ff79a7ae940+80112]\n\t(No symbol) [0x0x7ff79a53060f]\n\t(No symbol) [0x0x7ff79a53816a]\n\t(No symbol) [0x0x7ff79a53b5b2]\n\t(No symbol) [0x0x7ff79a5daa1b]\n\t(No symbol) [0x0x7ff79a5b122a]\n\t(No symbol) [0x0x7ff79a5d968a]\n\t(No symbol) [0x0x7ff79a5b1003]\n\t(No symbol) [0x0x7ff79a5795d1]\n\t(No symbol) [0x0x7ff79a57a3f3]\n\tGetHandleVerifier [0x0x7ff79aa6dc7d+2960429]\n\tGetHandleVerifier [0x0x7ff79aa67f3a+2936554]\n\tGetHandleVerifier [0x0x7ff79aa88977+3070247]\n\tGetHandleVerifier [0x0x7ff79a7c83ce+185214]\n\tGetHandleVerifier [0x0x7ff79a7cfe1f+216527]\n\tGetHandleVerifier [0x0x7ff79a7b7b24+117460]\n\tGetHandleVerifier [0x0x7ff79a7b7cdf+117903]\n\tGetHandleVerifier [0x0x7ff79a79dbb8+11112]\n\tBaseThreadInitThunk [0x0x7ffc92b1259d+29]\n\tRtlUserThreadStart [0x0x7ffc93c0af78+40]", "trace": "driver = <selenium.webdriver.chrome.webdriver.WebDriver (session=\"03bdcedb3fd284bb9c741e8bac6419fe\")>\ndb_manager = <db_manager.DBManager object at 0x000001FE3CBA2750>, origin = 'MDE', destination = 'SCL', adults = 2, infants = 2\n\n    @allure.epic(\"Caso 1: Flujo de Booking\")\n    @allure.feature(\"Solo Ida (One-Way)\")\n    @pytest.mark.parametrize(\"origin, destination, adults, infants\", [\n        (\"BOG\", \"CTG\", 1, 0),  # Escenario básico: 1 Adulto\n        (\"MDE\", \"SCL\", 2, 2)   # Escenario con restricción: 2 Adultos y 2 Infantes\n    ])\n    def test_oneway_booking_flow(driver, db_manager, origin, destination, adults, infants):\n        \"\"\"\n        Automatiza el flujo completo de booking Solo Ida con validaciones en cada módulo.\n        \"\"\"\n        start_time = time.time()\n        test_passed = False\n    \n        # 1. Inicialización de Páginas\n        home_page = HomePage(driver)\n        # select_flight_page = SelectFlightPage(driver) # Necesitamos crearlo\n    \n        try:\n            # 2. HOME: Validar selección de idioma, origen, destino y selección de pasajeros.\n            with allure.step(\"Módulo HOME: Configuración de la búsqueda\"):\n                home_page.open()\n    \n                # --- Configuración de Vuelo ---\n                home_page.select_one_way() # Asumimos este método existe en HomePage\n>               home_page.search_flight(origin, destination, \"2026-12-01\", adults, infants)\n\ntests\\tests\\test_booking_oneway.py:38: \n_ _ _ _ _ _ _ _ _ _ _ _ _ _ _ _ _ _ _ _ _ _ _ _ _ _ _ _ _ _ _ _ _ _ _ _ _ _ _ _ _ _ _ _ _ _ _ _ _ _ _ _ _ _ _ _ _ _ _ _ _ _ _ _ _ _ _ _ _ _\npages\\home_page.py:118: in search_flight\n    self.driver.execute_script(js_script)\nvenv\\Lib\\site-packages\\selenium\\webdriver\\remote\\webdriver.py:555: in execute_script\n    return self.execute(command, {\"script\": script, \"args\": converted_args})[\"value\"]\n           ^^^^^^^^^^^^^^^^^^^^^^^^^^^^^^^^^^^^^^^^^^^^^^^^^^^^^^^^^^^^^^^^^\nvenv\\Lib\\site-packages\\selenium\\webdriver\\remote\\webdriver.py:458: in execute\n    self.error_handler.check_response(response)\n_ _ _ _ _ _ _ _ _ _ _ _ _ _ _ _ _ _ _ _ _ _ _ _ _ _ _ _ _ _ _ _ _ _ _ _ _ _ _ _ _ _ _ _ _ _ _ _ _ _ _ _ _ _ _ _ _ _ _ _ _ _ _ _ _ _ _ _ _ _\n\nself = <selenium.webdriver.remote.errorhandler.ErrorHandler object at 0x000001FE3CBFADB0>\nresponse = {'status': 500, 'value': '{\"value\":{\"error\":\"javascript error\",\"message\":\"javascript error: Cannot set properties of n...ff79a79dbb8+11112]\\\\n\\\\tBaseThreadInitThunk [0x0x7ffc92b1259d+29]\\\\n\\\\tRtlUserThreadStart [0x0x7ffc93c0af78+40]\\\\n\"}}'}\n\n    def check_response(self, response: dict[str, Any]) -> None:\n        \"\"\"Checks that a JSON response from the WebDriver does not have an\n        error.\n    \n        Args:\n            response: The JSON response from the WebDriver server as a dictionary\n                object.\n    \n        Raises:\n            WebDriverException: If the response contains an error message.\n        \"\"\"\n        status = response.get(\"status\", None)\n        if not status or status == ErrorCode.SUCCESS:\n            return\n        value = None\n        message = response.get(\"message\", \"\")\n        screen: str = response.get(\"screen\", \"\")\n        stacktrace = None\n        if isinstance(status, int):\n            value_json = response.get(\"value\", None)\n            if value_json and isinstance(value_json, str):\n                try:\n                    value = json.loads(value_json)\n                    if isinstance(value, dict):\n                        if len(value) == 1:\n                            value = value[\"value\"]\n                        status = value.get(\"error\", None)\n                        if not status:\n                            status = value.get(\"status\", ErrorCode.UNKNOWN_ERROR)\n                            message = value.get(\"value\") or value.get(\"message\")\n                            if not isinstance(message, str):\n                                value = message\n                                message = message.get(\"message\") if isinstance(message, dict) else None\n                        else:\n                            message = value.get(\"message\", None)\n                except ValueError:\n                    pass\n    \n        exception_class: type[WebDriverException]\n        e = ErrorCode()\n        error_codes = [item for item in dir(e) if not item.startswith(\"__\")]\n        for error_code in error_codes:\n            error_info = getattr(ErrorCode, error_code)\n            if isinstance(error_info, list) and status in error_info:\n                exception_class = getattr(ExceptionMapping, error_code, WebDriverException)\n                break\n        else:\n            exception_class = WebDriverException\n    \n        if not value:\n            value = response[\"value\"]\n        if isinstance(value, str):\n            raise exception_class(value)\n        if message == \"\" and \"message\" in value:\n            message = value[\"message\"]\n    \n        screen = None  # type: ignore[assignment]\n        if \"screen\" in value:\n            screen = value[\"screen\"]\n    \n        stacktrace = None\n        st_value = value.get(\"stackTrace\") or value.get(\"stacktrace\")\n        if st_value:\n            if isinstance(st_value, str):\n                stacktrace = st_value.split(\"\\n\")\n            else:\n                stacktrace = []\n                try:\n                    for frame in st_value:\n                        line = frame.get(\"lineNumber\", \"\")\n                        file = frame.get(\"fileName\", \"<anonymous>\")\n                        if line:\n                            file = f\"{file}:{line}\"\n                        meth = frame.get(\"methodName\", \"<anonymous>\")\n                        if \"className\" in frame:\n                            meth = f\"{frame['className']}.{meth}\"\n                        msg = \"    at %s (%s)\"\n                        msg = msg % (meth, file)\n                        stacktrace.append(msg)\n                except TypeError:\n                    pass\n        if exception_class == UnexpectedAlertPresentException:\n            alert_text = None\n            if \"data\" in value:\n                alert_text = value[\"data\"].get(\"text\")\n            elif \"alert\" in value:\n                alert_text = value[\"alert\"].get(\"text\")\n            raise exception_class(message, screen, stacktrace, alert_text)  # type: ignore[call-arg]  # mypy is not smart enough here\n>       raise exception_class(message, screen, stacktrace)\nE       selenium.common.exceptions.JavascriptException: Message: javascript error: Cannot set properties of null (setting 'value')\nE         (Session info: chrome=141.0.7390.123)\nE       Stacktrace:\nE       \tGetHandleVerifier [0x0x7ff79a7ae8e5+80021]\nE       \tGetHandleVerifier [0x0x7ff79a7ae940+80112]\nE       \t(No symbol) [0x0x7ff79a53060f]\nE       \t(No symbol) [0x0x7ff79a53816a]\nE       \t(No symbol) [0x0x7ff79a53b5b2]\nE       \t(No symbol) [0x0x7ff79a5daa1b]\nE       \t(No symbol) [0x0x7ff79a5b122a]\nE       \t(No symbol) [0x0x7ff79a5d968a]\nE       \t(No symbol) [0x0x7ff79a5b1003]\nE       \t(No symbol) [0x0x7ff79a5795d1]\nE       \t(No symbol) [0x0x7ff79a57a3f3]\nE       \tGetHandleVerifier [0x0x7ff79aa6dc7d+2960429]\nE       \tGetHandleVerifier [0x0x7ff79aa67f3a+2936554]\nE       \tGetHandleVerifier [0x0x7ff79aa88977+3070247]\nE       \tGetHandleVerifier [0x0x7ff79a7c83ce+185214]\nE       \tGetHandleVerifier [0x0x7ff79a7cfe1f+216527]\nE       \tGetHandleVerifier [0x0x7ff79a7b7b24+117460]\nE       \tGetHandleVerifier [0x0x7ff79a7b7cdf+117903]\nE       \tGetHandleVerifier [0x0x7ff79a79dbb8+11112]\nE       \tBaseThreadInitThunk [0x0x7ffc92b1259d+29]\nE       \tRtlUserThreadStart [0x0x7ffc93c0af78+40]\n\nvenv\\Lib\\site-packages\\selenium\\webdriver\\remote\\errorhandler.py:233: JavascriptException"}, "description": "\n    Automatiza el flujo completo de booking Solo Ida con validaciones en cada módulo.\n    ", "steps": [{"name": "Módulo HOME: Configuración de la búsqueda", "status": "broken", "statusDetails": {"message": "selenium.common.exceptions.JavascriptException: Message: javascript error: Cannot set properties of null (setting 'value')\n  (Session info: chrome=141.0.7390.123)\nStacktrace:\n\tGetHandleVerifier [0x0x7ff79a7ae8e5+80021]\n\tGetHandleVerifier [0x0x7ff79a7ae940+80112]\n\t(No symbol) [0x0x7ff79a53060f]\n\t(No symbol) [0x0x7ff79a53816a]\n\t(No symbol) [0x0x7ff79a53b5b2]\n\t(No symbol) [0x0x7ff79a5daa1b]\n\t(No symbol) [0x0x7ff79a5b122a]\n\t(No symbol) [0x0x7ff79a5d968a]\n\t(No symbol) [0x0x7ff79a5b1003]\n\t(No symbol) [0x0x7ff79a5795d1]\n\t(No symbol) [0x0x7ff79a57a3f3]\n\tGetHandleVerifier [0x0x7ff79aa6dc7d+2960429]\n\tGetHandleVerifier [0x0x7ff79aa67f3a+2936554]\n\tGetHandleVerifier [0x0x7ff79aa88977+3070247]\n\tGetHandleVerifier [0x0x7ff79a7c83ce+185214]\n\tGetHandleVerifier [0x0x7ff79a7cfe1f+216527]\n\tGetHandleVerifier [0x0x7ff79a7b7b24+117460]\n\tGetHandleVerifier [0x0x7ff79a7b7cdf+117903]\n\tGetHandleVerifier [0x0x7ff79a79dbb8+11112]\n\tBaseThreadInitThunk [0x0x7ffc92b1259d+29]\n\tRtlUserThreadStart [0x0x7ffc93c0af78+40]\n\n", "trace": "  File \"C:\\Users\\Usuario\\AutomationFramework\\tests\\tests\\test_booking_oneway.py\", line 38, in test_oneway_booking_flow\n    home_page.search_flight(origin, destination, \"2026-12-01\", adults, infants)\n  File \"C:\\Users\\Usuario\\AutomationFramework\\venv\\Lib\\site-packages\\allure_commons\\_allure.py\", line 202, in impl\n    return func(*a, **kw)\n           ^^^^^^^^^^^^^^\n  File \"C:\\Users\\Usuario\\AutomationFramework\\pages\\home_page.py\", line 118, in search_flight\n    self.driver.execute_script(js_script)\n  File \"C:\\Users\\Usuario\\AutomationFramework\\venv\\Lib\\site-packages\\selenium\\webdriver\\remote\\webdriver.py\", line 555, in execute_script\n    return self.execute(command, {\"script\": script, \"args\": converted_args})[\"value\"]\n           ^^^^^^^^^^^^^^^^^^^^^^^^^^^^^^^^^^^^^^^^^^^^^^^^^^^^^^^^^^^^^^^^^\n  File \"C:\\Users\\Usuario\\AutomationFramework\\venv\\Lib\\site-packages\\selenium\\webdriver\\remote\\webdriver.py\", line 458, in execute\n    self.error_handler.check_response(response)\n  File \"C:\\Users\\Usuario\\AutomationFramework\\venv\\Lib\\site-packages\\selenium\\webdriver\\remote\\errorhandler.py\", line 233, in check_response\n    raise exception_class(message, screen, stacktrace)\n"}, "steps": [{"name": "Seleccionar tipo de viaje: Solo Ida", "status": "passed", "steps": [{"name": "Hacer clic en: Radio Button Solo Ida", "status": "passed", "start": 1762122346611, "stop": 1762122347629}], "start": 1762122346611, "stop": 1762122347629}, {"name": "Realizar búsqueda de vuelo de Solo Ida", "status": "broken", "statusDetails": {"message": "selenium.common.exceptions.JavascriptException: Message: javascript error: Cannot set properties of null (setting 'value')\n  (Session info: chrome=141.0.7390.123)\nStacktrace:\n\tGetHandleVerifier [0x0x7ff79a7ae8e5+80021]\n\tGetHandleVerifier [0x0x7ff79a7ae940+80112]\n\t(No symbol) [0x0x7ff79a53060f]\n\t(No symbol) [0x0x7ff79a53816a]\n\t(No symbol) [0x0x7ff79a53b5b2]\n\t(No symbol) [0x0x7ff79a5daa1b]\n\t(No symbol) [0x0x7ff79a5b122a]\n\t(No symbol) [0x0x7ff79a5d968a]\n\t(No symbol) [0x0x7ff79a5b1003]\n\t(No symbol) [0x0x7ff79a5795d1]\n\t(No symbol) [0x0x7ff79a57a3f3]\n\tGetHandleVerifier [0x0x7ff79aa6dc7d+2960429]\n\tGetHandleVerifier [0x0x7ff79aa67f3a+2936554]\n\tGetHandleVerifier [0x0x7ff79aa88977+3070247]\n\tGetHandleVerifier [0x0x7ff79a7c83ce+185214]\n\tGetHandleVerifier [0x0x7ff79a7cfe1f+216527]\n\tGetHandleVerifier [0x0x7ff79a7b7b24+117460]\n\tGetHandleVerifier [0x0x7ff79a7b7cdf+117903]\n\tGetHandleVerifier [0x0x7ff79a79dbb8+11112]\n\tBaseThreadInitThunk [0x0x7ffc92b1259d+29]\n\tRtlUserThreadStart [0x0x7ffc93c0af78+40]\n\n", "trace": "  File \"C:\\Users\\Usuario\\AutomationFramework\\venv\\Lib\\site-packages\\allure_commons\\_allure.py\", line 202, in impl\n    return func(*a, **kw)\n           ^^^^^^^^^^^^^^\n  File \"C:\\Users\\Usuario\\AutomationFramework\\pages\\home_page.py\", line 118, in search_flight\n    self.driver.execute_script(js_script)\n  File \"C:\\Users\\Usuario\\AutomationFramework\\venv\\Lib\\site-packages\\selenium\\webdriver\\remote\\webdriver.py\", line 555, in execute_script\n    return self.execute(command, {\"script\": script, \"args\": converted_args})[\"value\"]\n           ^^^^^^^^^^^^^^^^^^^^^^^^^^^^^^^^^^^^^^^^^^^^^^^^^^^^^^^^^^^^^^^^^\n  File \"C:\\Users\\Usuario\\AutomationFramework\\venv\\Lib\\site-packages\\selenium\\webdriver\\remote\\webdriver.py\", line 458, in execute\n    self.error_handler.check_response(response)\n  File \"C:\\Users\\Usuario\\AutomationFramework\\venv\\Lib\\site-packages\\selenium\\webdriver\\remote\\errorhandler.py\", line 233, in check_response\n    raise exception_class(message, screen, stacktrace)\n"}, "steps": [{"name": "Hacer clic en: Botón Origen (Abre Pop-up)", "status": "passed", "start": 1762122347629, "stop": 1762122348558}, {"name": "Ingresar texto 'MDE' en: Campo Búsqueda Origen", "status": "passed", "start": 1762122348558, "stop": 1762122349633}, {"name": "Hacer clic en: Seleccionar ciudad de Origen: MDE", "status": "passed", "start": 1762122349633, "stop": 1762122350729}, {"name": "Ingresar texto 'SCL' en: Campo Búsqueda Destino", "status": "passed", "start": 1762122358230, "stop": 1762122358955}, {"name": "Hacer clic en: Seleccionar ciudad de Destino: SCL", "status": "passed", "start": 1762122358955, "stop": 1762122359695}, {"name": "Forzar Input de Fecha '2026-12-01' con JavaScript", "status": "broken", "statusDetails": {"message": "selenium.common.exceptions.JavascriptException: Message: javascript error: Cannot set properties of null (setting 'value')\n  (Session info: chrome=141.0.7390.123)\nStacktrace:\n\tGetHandleVerifier [0x0x7ff79a7ae8e5+80021]\n\tGetHandleVerifier [0x0x7ff79a7ae940+80112]\n\t(No symbol) [0x0x7ff79a53060f]\n\t(No symbol) [0x0x7ff79a53816a]\n\t(No symbol) [0x0x7ff79a53b5b2]\n\t(No symbol) [0x0x7ff79a5daa1b]\n\t(No symbol) [0x0x7ff79a5b122a]\n\t(No symbol) [0x0x7ff79a5d968a]\n\t(No symbol) [0x0x7ff79a5b1003]\n\t(No symbol) [0x0x7ff79a5795d1]\n\t(No symbol) [0x0x7ff79a57a3f3]\n\tGetHandleVerifier [0x0x7ff79aa6dc7d+2960429]\n\tGetHandleVerifier [0x0x7ff79aa67f3a+2936554]\n\tGetHandleVerifier [0x0x7ff79aa88977+3070247]\n\tGetHandleVerifier [0x0x7ff79a7c83ce+185214]\n\tGetHandleVerifier [0x0x7ff79a7cfe1f+216527]\n\tGetHandleVerifier [0x0x7ff79a7b7b24+117460]\n\tGetHandleVerifier [0x0x7ff79a7b7cdf+117903]\n\tGetHandleVerifier [0x0x7ff79a79dbb8+11112]\n\tBaseThreadInitThunk [0x0x7ffc92b1259d+29]\n\tRtlUserThreadStart [0x0x7ffc93c0af78+40]\n\n", "trace": "  File \"C:\\Users\\Usuario\\AutomationFramework\\pages\\home_page.py\", line 118, in search_flight\n    self.driver.execute_script(js_script)\n  File \"C:\\Users\\Usuario\\AutomationFramework\\venv\\Lib\\site-packages\\selenium\\webdriver\\remote\\webdriver.py\", line 555, in execute_script\n    return self.execute(command, {\"script\": script, \"args\": converted_args})[\"value\"]\n           ^^^^^^^^^^^^^^^^^^^^^^^^^^^^^^^^^^^^^^^^^^^^^^^^^^^^^^^^^^^^^^^^^\n  File \"C:\\Users\\Usuario\\AutomationFramework\\venv\\Lib\\site-packages\\selenium\\webdriver\\remote\\webdriver.py\", line 458, in execute\n    self.error_handler.check_response(response)\n  File \"C:\\Users\\Usuario\\AutomationFramework\\venv\\Lib\\site-packages\\selenium\\webdriver\\remote\\errorhandler.py\", line 233, in check_response\n    raise exception_class(message, screen, stacktrace)\n"}, "steps": [{"name": "Forzar clic (JS) en: Campo Fecha Salida (JS Clic)", "status": "broken", "statusDetails": {"message": "selenium.common.exceptions.NoSuchElementException: Message: no such element: Unable to locate element: {\"method\":\"css selector\",\"selector\":\"[id=\"date-departure-input\"]\"}\n  (Session info: chrome=141.0.7390.123); For documentation on this error, please visit: https://www.selenium.dev/documentation/webdriver/troubleshooting/errors#nosuchelementexception\nStacktrace:\n\tGetHandleVerifier [0x0x7ff79a7ae8e5+80021]\n\tGetHandleVerifier [0x0x7ff79a7ae940+80112]\n\t(No symbol) [0x0x7ff79a53060f]\n\t(No symbol) [0x0x7ff79a588854]\n\t(No symbol) [0x0x7ff79a588b1c]\n\t(No symbol) [0x0x7ff79a5dc927]\n\t(No symbol) [0x0x7ff79a5b126f]\n\t(No symbol) [0x0x7ff79a5d968a]\n\t(No symbol) [0x0x7ff79a5b1003]\n\t(No symbol) [0x0x7ff79a5795d1]\n\t(No symbol) [0x0x7ff79a57a3f3]\n\tGetHandleVerifier [0x0x7ff79aa6dc7d+2960429]\n\tGetHandleVerifier [0x0x7ff79aa67f3a+2936554]\n\tGetHandleVerifier [0x0x7ff79aa88977+3070247]\n\tGetHandleVerifier [0x0x7ff79a7c83ce+185214]\n\tGetHandleVerifier [0x0x7ff79a7cfe1f+216527]\n\tGetHandleVerifier [0x0x7ff79a7b7b24+117460]\n\tGetHandleVerifier [0x0x7ff79a7b7cdf+117903]\n\tGetHandleVerifier [0x0x7ff79a79dbb8+11112]\n\tBaseThreadInitThunk [0x0x7ffc92b1259d+29]\n\tRtlUserThreadStart [0x0x7ffc93c0af78+40]\n\n", "trace": "  File \"C:\\Users\\Usuario\\AutomationFramework\\pages\\base_page.py\", line 48, in _force_click_js\n    element = self.driver.find_element(locator[0], locator[1])\n              ^^^^^^^^^^^^^^^^^^^^^^^^^^^^^^^^^^^^^^^^^^^^^^^^\n  File \"C:\\Users\\Usuario\\AutomationFramework\\venv\\Lib\\site-packages\\selenium\\webdriver\\remote\\webdriver.py\", line 926, in find_element\n    return self.execute(Command.FIND_ELEMENT, {\"using\": by, \"value\": value})[\"value\"]\n           ^^^^^^^^^^^^^^^^^^^^^^^^^^^^^^^^^^^^^^^^^^^^^^^^^^^^^^^^^^^^^^^^^\n  File \"C:\\Users\\Usuario\\AutomationFramework\\venv\\Lib\\site-packages\\selenium\\webdriver\\remote\\webdriver.py\", line 458, in execute\n    self.error_handler.check_response(response)\n  File \"C:\\Users\\Usuario\\AutomationFramework\\venv\\Lib\\site-packages\\selenium\\webdriver\\remote\\errorhandler.py\", line 233, in check_response\n    raise exception_class(message, screen, stacktrace)\n"}, "start": 1762122361196, "stop": 1762122406243}], "start": 1762122361196, "stop": 1762122406300}], "parameters": [{"name": "origin", "value": "'MDE'"}, {"name": "destination", "value": "'SCL'"}, {"name": "date", "value": "'2026-12-01'"}, {"name": "adults", "value": "2"}, {"name": "infants", "value": "2"}], "start": 1762122347629, "stop": 1762122406300}], "start": 1762122333442, "stop": 1762122406302}], "attachments": [{"name": "log", "source": "53a8a6fa-ae07-4b70-a713-e3a6b848e507-attachment.txt", "type": "text/plain"}, {"name": "stderr", "source": "a030bc36-87a7-451c-8c4c-6d3fdbb0674c-attachment.txt", "type": "text/plain"}], "parameters": [{"name": "origin", "value": "'MDE'"}, {"name": "destination", "value": "'SCL'"}, {"name": "adults", "value": "2"}, {"name": "infants", "value": "2"}], "start": 1762122333442, "stop": 1762122406852, "uuid": "1680c606-7d59-4a5f-90f0-66d3ee3066e3", "historyId": "b712c87e486fcf4f2ce4d92520642498", "testCaseId": "5dd3119b50c52416e03ac03e6ec1b257", "fullName": "tests.tests.test_booking_oneway#test_oneway_booking_flow", "labels": [{"name": "feature", "value": "Solo Ida (One-Way)"}, {"name": "epic", "value": "Caso 1: Flujo de Booking"}, {"name": "parentSuite", "value": "tests.tests"}, {"name": "suite", "value": "test_booking_oneway"}, {"name": "host", "value": "DESKTOP-O22210J"}, {"name": "thread", "value": "5128-MainThread"}, {"name": "framework", "value": "pytest"}, {"name": "language", "value": "cpython3"}, {"name": "package", "value": "tests.tests.test_booking_oneway"}], "titlePath": ["tests", "tests", "test_booking_oneway.py"]}