{"name": "test_oneway_booking_flow[BOG-CTG-1-0]", "status": "broken", "statusDetails": {"message": "TypeError: DBManager.insert_result() got an unexpected keyword argument 'destination'", "trace": "self = <test_booking_oneway.TestBooking object at 0x000002AE4B2FEA80>\ndriver = <selenium.webdriver.chrome.webdriver.WebDriver (session=\"6b0e20f57cf706619fbc66054758a73c\")>\ndb_manager = <db_manager.DBManager object at 0x000002AE4BB92570>, origin = 'BOG', destination = 'CTG', adults = 1, infants = 0\n\n    @allure.epic(\"Caso 1: Flujo de Booking\")\n    @allure.feature(\"Solo Ida (One-Way)\")\n    @pytest.mark.parametrize(\"origin, destination, adults, infants\", [\n        (\"BOG\", \"CTG\", 1, 0), # Escenario b谩sico: 1 Adulto\n        (\"MDE\", \"SCL\", 2, 2)  # Escenario con restricci贸n: 2 Adultos y 2 Infantes\n    ])\n    def test_oneway_booking_flow(self, driver, db_manager, origin, destination, adults, infants):\n        \"\"\"\n        Automatiza el flujo completo de booking Solo Ida con validaciones en cada m贸dulo.\n        \"\"\"\n        start_time = time.time()\n        test_passed = False\n    \n        # 1. Inicializaci贸n de P谩ginas\n        home_page = HomePage(driver)\n        select_flight_page = SelectFlightPage(driver)\n        #  INSTANCIA DEL MDULO 3\n        flight_details_page = FlightDetailsPage(driver)\n    \n        try:\n            # 2. MDULO HOME: Ejecuci贸n Completa con Pausa Manual OBLIGATORIA para CAPTCHA\n            with allure.step(\"M贸dulo HOME: Configuraci贸n de la b煤squeda\"):\n                home_page.open()\n                home_page.close_initial_popup()\n    \n                #  Pausa Fija de 5 segundos para estabilizaci贸n inicial\n                logging.info(\"Esperando 5 segundos fijos para la estabilizaci贸n inicial de la p谩gina.\")\n                time.sleep(5)\n    \n                home_page.select_one_way()\n                # Esta llamada incluye la pausa de 25 segundos para que resuelvas el CAPTCHA\n                home_page.search_flight(origin, destination, \"2026-12-01\", adults, infants)\n    \n            # 3. MDULO SELECT FLIGHT: Selecci贸n exitosa\n            with allure.step(\"M贸dulo SELECT FLIGHT: Seleccionar vuelo econ贸mico\"):\n                select_flight_page.validate_search_results(origin, destination)\n                select_flight_page.select_cheapest_flight()\n    \n            # 4. MDULO FLIGHT DETAILS: Selecci贸n de servicios/asientos\n            with allure.step(\"M贸dulo FLIGHT DETAILS: Selecci贸n de servicios\"):\n                #  El test deber铆a fallar aqu铆 si la p谩gina FlightDetailsPage no est谩 implementada\n                # o si la validaci贸n falla por un encabezado incorrecto.\n>               flight_details_page.validate_flight_details_page()\n\ntests\\tests\\test_booking_oneway.py:57: \n_ _ _ _ _ _ _ _ _ _ _ _ _ _ _ _ _ _ _ _ _ _ _ _ _ _ _ _ _ _ _ _ _ _ _ _ _ _ _ _ _ _ _ _ _ _ _ _ _ _ _ _ _ _ _ _ _ _ _ _ _ _ _ _ _ _ _ _ _ _\npages\\flight_details_page.py:37: in validate_flight_details_page\n    raise e\npages\\flight_details_page.py:32: in validate_flight_details_page\n    self._wait_for_element(self._HEADER_FLIGHT_DETAILS, timeout=15)\npages\\base_page.py:32: in _wait_for_element\n    element = self.wait.until(EC.visibility_of_element_located(locator))\n              ^^^^^^^^^^^^^^^^^^^^^^^^^^^^^^^^^^^^^^^^^^^^^^^^^^^^^^^^^^\n_ _ _ _ _ _ _ _ _ _ _ _ _ _ _ _ _ _ _ _ _ _ _ _ _ _ _ _ _ _ _ _ _ _ _ _ _ _ _ _ _ _ _ _ _ _ _ _ _ _ _ _ _ _ _ _ _ _ _ _ _ _ _ _ _ _ _ _ _ _\n\nself = <selenium.webdriver.support.wait.WebDriverWait (session=\"6b0e20f57cf706619fbc66054758a73c\")>\nmethod = <function visibility_of_element_located.<locals>._predicate at 0x000002AE4BC7EAC0>, message = ''\n\n    def until(self, method: Callable[[D], Union[Literal[False], T]], message: str = \"\") -> T:\n        \"\"\"Wait until the method returns a value that is not False.\n    \n        Calls the method provided with the driver as an argument until the\n        return value does not evaluate to ``False``.\n    \n        Parameters:\n        -----------\n        method: callable(WebDriver)\n            - A callable object that takes a WebDriver instance as an argument.\n    \n        message: str\n            - Optional message for :exc:`TimeoutException`\n    \n        Return:\n        -------\n        object: T\n            - The result of the last call to `method`\n    \n        Raises:\n        -------\n        TimeoutException\n            - If 'method' does not return a truthy value within the WebDriverWait\n            object's timeout\n    \n        Example:\n        --------\n        >>> from selenium.webdriver.common.by import By\n        >>> from selenium.webdriver.support.ui import WebDriverWait\n        >>> from selenium.webdriver.support import expected_conditions as EC\n    \n        # Wait until an element is visible on the page\n        >>> wait = WebDriverWait(driver, 10)\n        >>> element = wait.until(EC.visibility_of_element_located((By.ID, \"exampleId\")))\n        >>> print(element.text)\n        \"\"\"\n        screen = None\n        stacktrace = None\n    \n        end_time = time.monotonic() + self._timeout\n        while True:\n            try:\n                value = method(self._driver)\n                if value:\n                    return value\n            except self._ignored_exceptions as exc:\n                screen = getattr(exc, \"screen\", None)\n                stacktrace = getattr(exc, \"stacktrace\", None)\n            if time.monotonic() > end_time:\n                break\n            time.sleep(self._poll)\n>       raise TimeoutException(message, screen, stacktrace)\nE       selenium.common.exceptions.TimeoutException: Message: \nE       Stacktrace:\nE       \tGetHandleVerifier [0x0x7ff6d967e8e5+80021]\nE       \tGetHandleVerifier [0x0x7ff6d967e940+80112]\nE       \t(No symbol) [0x0x7ff6d940060f]\nE       \t(No symbol) [0x0x7ff6d9458854]\nE       \t(No symbol) [0x0x7ff6d9458b1c]\nE       \t(No symbol) [0x0x7ff6d94ac927]\nE       \t(No symbol) [0x0x7ff6d948126f]\nE       \t(No symbol) [0x0x7ff6d94a968a]\nE       \t(No symbol) [0x0x7ff6d9481003]\nE       \t(No symbol) [0x0x7ff6d94495d1]\nE       \t(No symbol) [0x0x7ff6d944a3f3]\nE       \tGetHandleVerifier [0x0x7ff6d993dc7d+2960429]\nE       \tGetHandleVerifier [0x0x7ff6d9937f3a+2936554]\nE       \tGetHandleVerifier [0x0x7ff6d9958977+3070247]\nE       \tGetHandleVerifier [0x0x7ff6d96983ce+185214]\nE       \tGetHandleVerifier [0x0x7ff6d969fe1f+216527]\nE       \tGetHandleVerifier [0x0x7ff6d9687b24+117460]\nE       \tGetHandleVerifier [0x0x7ff6d9687cdf+117903]\nE       \tGetHandleVerifier [0x0x7ff6d966dbb8+11112]\nE       \tBaseThreadInitThunk [0x0x7ffc92b1259d+29]\nE       \tRtlUserThreadStart [0x0x7ffc93c0af78+40]\n\nvenv\\Lib\\site-packages\\selenium\\webdriver\\support\\wait.py:138: TimeoutException\n\nDuring handling of the above exception, another exception occurred:\n\nself = <test_booking_oneway.TestBooking object at 0x000002AE4B2FEA80>\ndriver = <selenium.webdriver.chrome.webdriver.WebDriver (session=\"6b0e20f57cf706619fbc66054758a73c\")>\ndb_manager = <db_manager.DBManager object at 0x000002AE4BB92570>, origin = 'BOG', destination = 'CTG', adults = 1, infants = 0\n\n    @allure.epic(\"Caso 1: Flujo de Booking\")\n    @allure.feature(\"Solo Ida (One-Way)\")\n    @pytest.mark.parametrize(\"origin, destination, adults, infants\", [\n        (\"BOG\", \"CTG\", 1, 0), # Escenario b谩sico: 1 Adulto\n        (\"MDE\", \"SCL\", 2, 2)  # Escenario con restricci贸n: 2 Adultos y 2 Infantes\n    ])\n    def test_oneway_booking_flow(self, driver, db_manager, origin, destination, adults, infants):\n        \"\"\"\n        Automatiza el flujo completo de booking Solo Ida con validaciones en cada m贸dulo.\n        \"\"\"\n        start_time = time.time()\n        test_passed = False\n    \n        # 1. Inicializaci贸n de P谩ginas\n        home_page = HomePage(driver)\n        select_flight_page = SelectFlightPage(driver)\n        #  INSTANCIA DEL MDULO 3\n        flight_details_page = FlightDetailsPage(driver)\n    \n        try:\n            # 2. MDULO HOME: Ejecuci贸n Completa con Pausa Manual OBLIGATORIA para CAPTCHA\n            with allure.step(\"M贸dulo HOME: Configuraci贸n de la b煤squeda\"):\n                home_page.open()\n                home_page.close_initial_popup()\n    \n                #  Pausa Fija de 5 segundos para estabilizaci贸n inicial\n                logging.info(\"Esperando 5 segundos fijos para la estabilizaci贸n inicial de la p谩gina.\")\n                time.sleep(5)\n    \n                home_page.select_one_way()\n                # Esta llamada incluye la pausa de 25 segundos para que resuelvas el CAPTCHA\n                home_page.search_flight(origin, destination, \"2026-12-01\", adults, infants)\n    \n            # 3. MDULO SELECT FLIGHT: Selecci贸n exitosa\n            with allure.step(\"M贸dulo SELECT FLIGHT: Seleccionar vuelo econ贸mico\"):\n                select_flight_page.validate_search_results(origin, destination)\n                select_flight_page.select_cheapest_flight()\n    \n            # 4. MDULO FLIGHT DETAILS: Selecci贸n de servicios/asientos\n            with allure.step(\"M贸dulo FLIGHT DETAILS: Selecci贸n de servicios\"):\n                #  El test deber铆a fallar aqu铆 si la p谩gina FlightDetailsPage no est谩 implementada\n                # o si la validaci贸n falla por un encabezado incorrecto.\n                flight_details_page.validate_flight_details_page()\n                flight_details_page.continue_to_passenger_details()\n    \n            # 5. MDULO PASSENGER DETAILS (Pendiente de implementaci贸n)\n    \n            test_passed = True\n    \n        except Exception as e:\n            allure.attach(driver.get_screenshot_as_png(), name=\"Fallo_Funcional\", attachment_type=allure.attachment_type.PNG)\n            logging.error(f\"Fallo funcional en el Caso 1: {e}\")\n            raise\n    \n        finally:\n            end_time = time.time()\n            duration = end_time - start_time\n            #  CORRECCIN DEFINITIVA DE DBManager: Enviamos todos los argumentos.\n>           db_manager.insert_result(\n                test_name=f\"test_oneway_{origin}-{destination}\",\n                result=\"PASS\" if test_passed else \"FAIL\",\n                duration=duration,\n                origin=origin,\n                destination=destination\n            )\nE           TypeError: DBManager.insert_result() got an unexpected keyword argument 'destination'\n\ntests\\tests\\test_booking_oneway.py:73: TypeError"}, "description": "\n        Automatiza el flujo completo de booking Solo Ida con validaciones en cada m贸dulo.\n        ", "steps": [{"name": "M贸dulo HOME: Configuraci贸n de la b煤squeda", "status": "passed", "steps": [{"name": "Cerrar Pop-up de bienvenida/cookies", "status": "passed", "start": 1762180479459, "stop": 1762180524573}, {"name": "Seleccionar tipo de viaje: Solo Ida", "status": "passed", "start": 1762180529578, "stop": 1762180530082}, {"name": "Realizar b煤squeda de vuelo de Solo Ida", "status": "passed", "parameters": [{"name": "origin", "value": "'BOG'"}, {"name": "destination", "value": "'CTG'"}, {"name": "date", "value": "'2026-12-01'"}, {"name": "adults", "value": "1"}, {"name": "infants", "value": "0"}], "start": 1762180530082, "stop": 1762180588953}], "start": 1762180478535, "stop": 1762180588953}, {"name": "M贸dulo SELECT FLIGHT: Seleccionar vuelo econ贸mico", "status": "passed", "steps": [{"name": "Validar y preparar la p谩gina de resultados", "status": "passed", "steps": [{"name": "Tomar Captura de Pantalla: 'Select_Flight_Page_Cargada'", "status": "passed", "attachments": [{"name": "Select_Flight_Page_Cargada", "source": "30f7a823-4e53-432a-ae4c-de9d1f4833df-attachment.png", "type": "image/png"}], "parameters": [{"name": "name", "value": "'Select_Flight_Page_Cargada'"}], "start": 1762180594602, "stop": 1762180594791}], "parameters": [{"name": "origin", "value": "'BOG'"}, {"name": "destination", "value": "'CTG'"}], "start": 1762180588957, "stop": 1762180594792}, {"name": "M贸dulo 2: Seleccionar la tarifa del vuelo", "status": "passed", "start": 1762180594792, "stop": 1762180599788}], "start": 1762180588953, "stop": 1762180599788}, {"name": "M贸dulo FLIGHT DETAILS: Selecci贸n de servicios", "status": "broken", "statusDetails": {"message": "selenium.common.exceptions.TimeoutException: Message: \nStacktrace:\n\tGetHandleVerifier [0x0x7ff6d967e8e5+80021]\n\tGetHandleVerifier [0x0x7ff6d967e940+80112]\n\t(No symbol) [0x0x7ff6d940060f]\n\t(No symbol) [0x0x7ff6d9458854]\n\t(No symbol) [0x0x7ff6d9458b1c]\n\t(No symbol) [0x0x7ff6d94ac927]\n\t(No symbol) [0x0x7ff6d948126f]\n\t(No symbol) [0x0x7ff6d94a968a]\n\t(No symbol) [0x0x7ff6d9481003]\n\t(No symbol) [0x0x7ff6d94495d1]\n\t(No symbol) [0x0x7ff6d944a3f3]\n\tGetHandleVerifier [0x0x7ff6d993dc7d+2960429]\n\tGetHandleVerifier [0x0x7ff6d9937f3a+2936554]\n\tGetHandleVerifier [0x0x7ff6d9958977+3070247]\n\tGetHandleVerifier [0x0x7ff6d96983ce+185214]\n\tGetHandleVerifier [0x0x7ff6d969fe1f+216527]\n\tGetHandleVerifier [0x0x7ff6d9687b24+117460]\n\tGetHandleVerifier [0x0x7ff6d9687cdf+117903]\n\tGetHandleVerifier [0x0x7ff6d966dbb8+11112]\n\tBaseThreadInitThunk [0x0x7ffc92b1259d+29]\n\tRtlUserThreadStart [0x0x7ffc93c0af78+40]\n\n", "trace": "  File \"C:\\Users\\Usuario\\AutomationFramework\\tests\\tests\\test_booking_oneway.py\", line 57, in test_oneway_booking_flow\n    flight_details_page.validate_flight_details_page()\n  File \"C:\\Users\\Usuario\\AutomationFramework\\venv\\Lib\\site-packages\\allure_commons\\_allure.py\", line 202, in impl\n    return func(*a, **kw)\n           ^^^^^^^^^^^^^^\n  File \"C:\\Users\\Usuario\\AutomationFramework\\pages\\flight_details_page.py\", line 37, in validate_flight_details_page\n    raise e\n  File \"C:\\Users\\Usuario\\AutomationFramework\\pages\\flight_details_page.py\", line 32, in validate_flight_details_page\n    self._wait_for_element(self._HEADER_FLIGHT_DETAILS, timeout=15)\n  File \"C:\\Users\\Usuario\\AutomationFramework\\pages\\base_page.py\", line 32, in _wait_for_element\n    element = self.wait.until(EC.visibility_of_element_located(locator))\n              ^^^^^^^^^^^^^^^^^^^^^^^^^^^^^^^^^^^^^^^^^^^^^^^^^^^^^^^^^^\n  File \"C:\\Users\\Usuario\\AutomationFramework\\venv\\Lib\\site-packages\\selenium\\webdriver\\support\\wait.py\", line 138, in until\n    raise TimeoutException(message, screen, stacktrace)\n"}, "steps": [{"name": "Validar que la p谩gina de detalles de vuelo ha cargado", "status": "broken", "statusDetails": {"message": "selenium.common.exceptions.TimeoutException: Message: \nStacktrace:\n\tGetHandleVerifier [0x0x7ff6d967e8e5+80021]\n\tGetHandleVerifier [0x0x7ff6d967e940+80112]\n\t(No symbol) [0x0x7ff6d940060f]\n\t(No symbol) [0x0x7ff6d9458854]\n\t(No symbol) [0x0x7ff6d9458b1c]\n\t(No symbol) [0x0x7ff6d94ac927]\n\t(No symbol) [0x0x7ff6d948126f]\n\t(No symbol) [0x0x7ff6d94a968a]\n\t(No symbol) [0x0x7ff6d9481003]\n\t(No symbol) [0x0x7ff6d94495d1]\n\t(No symbol) [0x0x7ff6d944a3f3]\n\tGetHandleVerifier [0x0x7ff6d993dc7d+2960429]\n\tGetHandleVerifier [0x0x7ff6d9937f3a+2936554]\n\tGetHandleVerifier [0x0x7ff6d9958977+3070247]\n\tGetHandleVerifier [0x0x7ff6d96983ce+185214]\n\tGetHandleVerifier [0x0x7ff6d969fe1f+216527]\n\tGetHandleVerifier [0x0x7ff6d9687b24+117460]\n\tGetHandleVerifier [0x0x7ff6d9687cdf+117903]\n\tGetHandleVerifier [0x0x7ff6d966dbb8+11112]\n\tBaseThreadInitThunk [0x0x7ffc92b1259d+29]\n\tRtlUserThreadStart [0x0x7ffc93c0af78+40]\n\n", "trace": "  File \"C:\\Users\\Usuario\\AutomationFramework\\venv\\Lib\\site-packages\\allure_commons\\_allure.py\", line 202, in impl\n    return func(*a, **kw)\n           ^^^^^^^^^^^^^^\n  File \"C:\\Users\\Usuario\\AutomationFramework\\pages\\flight_details_page.py\", line 37, in validate_flight_details_page\n    raise e\n  File \"C:\\Users\\Usuario\\AutomationFramework\\pages\\flight_details_page.py\", line 32, in validate_flight_details_page\n    self._wait_for_element(self._HEADER_FLIGHT_DETAILS, timeout=15)\n  File \"C:\\Users\\Usuario\\AutomationFramework\\pages\\base_page.py\", line 32, in _wait_for_element\n    element = self.wait.until(EC.visibility_of_element_located(locator))\n              ^^^^^^^^^^^^^^^^^^^^^^^^^^^^^^^^^^^^^^^^^^^^^^^^^^^^^^^^^^\n  File \"C:\\Users\\Usuario\\AutomationFramework\\venv\\Lib\\site-packages\\selenium\\webdriver\\support\\wait.py\", line 138, in until\n    raise TimeoutException(message, screen, stacktrace)\n"}, "start": 1762180599788, "stop": 1762180644913}], "start": 1762180599788, "stop": 1762180644913}], "attachments": [{"name": "Fallo_Funcional", "source": "473cbfe3-8b36-4a3e-9878-ca8c7c7230e6-attachment.png", "type": "image/png"}, {"name": "log", "source": "5851f0d3-6a84-450e-896e-16611e9b9811-attachment.txt", "type": "text/plain"}, {"name": "stderr", "source": "bae296b9-35e7-4e6f-be4c-7037c35dc01c-attachment.txt", "type": "text/plain"}], "parameters": [{"name": "origin", "value": "'BOG'"}, {"name": "destination", "value": "'CTG'"}, {"name": "adults", "value": "1"}, {"name": "infants", "value": "0"}], "start": 1762180478534, "stop": 1762180645069, "uuid": "c12f37e9-0af1-481a-b526-5c7c6e455e78", "historyId": "904678380c5cf7b54a66d39e6aa90ab9", "testCaseId": "5594a2368502a9d92b5a3d514515969d", "fullName": "tests.tests.test_booking_oneway.TestBooking#test_oneway_booking_flow", "labels": [{"name": "epic", "value": "Caso 1: Flujo de Booking"}, {"name": "feature", "value": "Solo Ida (One-Way)"}, {"name": "parentSuite", "value": "tests.tests"}, {"name": "suite", "value": "test_booking_oneway"}, {"name": "subSuite", "value": "TestBooking"}, {"name": "host", "value": "DESKTOP-O22210J"}, {"name": "thread", "value": "21584-MainThread"}, {"name": "framework", "value": "pytest"}, {"name": "language", "value": "cpython3"}, {"name": "package", "value": "tests.tests.test_booking_oneway"}], "titlePath": ["tests", "tests", "test_booking_oneway.py", "TestBooking"]}