{"name": "test_oneway_booking_flow[MDE-SCL-2-2]", "status": "broken", "statusDetails": {"message": "selenium.common.exceptions.TimeoutException: Message: \nStacktrace:\n\tGetHandleVerifier [0x0x7ff76c62e8e5+80021]\n\tGetHandleVerifier [0x0x7ff76c62e940+80112]\n\t(No symbol) [0x0x7ff76c3b060f]\n\t(No symbol) [0x0x7ff76c408854]\n\t(No symbol) [0x0x7ff76c408b1c]\n\t(No symbol) [0x0x7ff76c45c927]\n\t(No symbol) [0x0x7ff76c43126f]\n\t(No symbol) [0x0x7ff76c45968a]\n\t(No symbol) [0x0x7ff76c431003]\n\t(No symbol) [0x0x7ff76c3f95d1]\n\t(No symbol) [0x0x7ff76c3fa3f3]\n\tGetHandleVerifier [0x0x7ff76c8edc7d+2960429]\n\tGetHandleVerifier [0x0x7ff76c8e7f3a+2936554]\n\tGetHandleVerifier [0x0x7ff76c908977+3070247]\n\tGetHandleVerifier [0x0x7ff76c6483ce+185214]\n\tGetHandleVerifier [0x0x7ff76c64fe1f+216527]\n\tGetHandleVerifier [0x0x7ff76c637b24+117460]\n\tGetHandleVerifier [0x0x7ff76c637cdf+117903]\n\tGetHandleVerifier [0x0x7ff76c61dbb8+11112]\n\tBaseThreadInitThunk [0x0x7ffc92b1259d+29]\n\tRtlUserThreadStart [0x0x7ffc93c0af78+40]", "trace": "self = <test_booking_oneway.TestBooking object at 0x000001DD8CBF09B0>\ndriver = <selenium.webdriver.chrome.webdriver.WebDriver (session=\"897a4a045167d80eebc56f6c4663d145\")>\ndb_manager = <db_manager.DBManager object at 0x000001DD8CBF2930>, origin = 'MDE', destination = 'SCL', adults = 2, infants = 2\n\n    @allure.epic(\"Caso 1: Flujo de Booking\")\n    @allure.feature(\"Solo Ida (One-Way)\")\n    @pytest.mark.parametrize(\"origin, destination, adults, infants\", [\n        (\"BOG\", \"CTG\", 1, 0),  # Escenario básico: 1 Adulto\n        (\"MDE\", \"SCL\", 2, 2)   # Escenario con restricción: 2 Adultos y 2 Infantes\n    ])\n    def test_oneway_booking_flow(self, driver, db_manager, origin, destination, adults, infants):\n        \"\"\"\n        Automatiza el flujo completo de booking Solo Ida con validaciones en cada módulo.\n        \"\"\"\n        start_time = time.time()\n        test_passed = False\n    \n        # 1. Inicialización de Páginas\n        home_page = HomePage(driver)\n        select_flight_page = SelectFlightPage(driver)\n    \n        try:\n            # 2. HOME: Configuración de la búsqueda (DEBE PASAR AHORA)\n            with allure.step(\"Módulo HOME: Configuración de la búsqueda\"):\n                home_page.open()\n                home_page.close_initial_popup()\n                home_page.select_one_way()\n>               home_page.search_flight(origin, destination, \"2026-12-01\", adults, infants)\n\ntests\\tests\\test_booking_oneway.py:39: \n_ _ _ _ _ _ _ _ _ _ _ _ _ _ _ _ _ _ _ _ _ _ _ _ _ _ _ _ _ _ _ _ _ _ _ _ _ _ _ _ _ _ _ _ _ _ _ _ _ _ _ _ _ _ _ _ _ _ _ _ _ _ _ _ _ _ _ _ _ _\npages\\home_page.py:94: in search_flight\n    self._wait_and_click(self._INPUT_DATE_DEPARTURE, \"Campo Fecha Salida (Abre Calendario)\")\npages\\base_page.py:29: in _wait_and_click\n    element = self._wait_for_element(locator)\n              ^^^^^^^^^^^^^^^^^^^^^^^^^^^^^^^\npages\\base_page.py:23: in _wait_for_element\n    return self.wait.until(EC.visibility_of_element_located(locator))\n           ^^^^^^^^^^^^^^^^^^^^^^^^^^^^^^^^^^^^^^^^^^^^^^^^^^^^^^^^^^\n_ _ _ _ _ _ _ _ _ _ _ _ _ _ _ _ _ _ _ _ _ _ _ _ _ _ _ _ _ _ _ _ _ _ _ _ _ _ _ _ _ _ _ _ _ _ _ _ _ _ _ _ _ _ _ _ _ _ _ _ _ _ _ _ _ _ _ _ _ _\n\nself = <selenium.webdriver.support.wait.WebDriverWait (session=\"897a4a045167d80eebc56f6c4663d145\")>\nmethod = <function visibility_of_element_located.<locals>._predicate at 0x000001DD8CD69760>, message = ''\n\n    def until(self, method: Callable[[D], Union[Literal[False], T]], message: str = \"\") -> T:\n        \"\"\"Wait until the method returns a value that is not False.\n    \n        Calls the method provided with the driver as an argument until the\n        return value does not evaluate to ``False``.\n    \n        Parameters:\n        -----------\n        method: callable(WebDriver)\n            - A callable object that takes a WebDriver instance as an argument.\n    \n        message: str\n            - Optional message for :exc:`TimeoutException`\n    \n        Return:\n        -------\n        object: T\n            - The result of the last call to `method`\n    \n        Raises:\n        -------\n        TimeoutException\n            - If 'method' does not return a truthy value within the WebDriverWait\n            object's timeout\n    \n        Example:\n        --------\n        >>> from selenium.webdriver.common.by import By\n        >>> from selenium.webdriver.support.ui import WebDriverWait\n        >>> from selenium.webdriver.support import expected_conditions as EC\n    \n        # Wait until an element is visible on the page\n        >>> wait = WebDriverWait(driver, 10)\n        >>> element = wait.until(EC.visibility_of_element_located((By.ID, \"exampleId\")))\n        >>> print(element.text)\n        \"\"\"\n        screen = None\n        stacktrace = None\n    \n        end_time = time.monotonic() + self._timeout\n        while True:\n            try:\n                value = method(self._driver)\n                if value:\n                    return value\n            except self._ignored_exceptions as exc:\n                screen = getattr(exc, \"screen\", None)\n                stacktrace = getattr(exc, \"stacktrace\", None)\n            if time.monotonic() > end_time:\n                break\n            time.sleep(self._poll)\n>       raise TimeoutException(message, screen, stacktrace)\nE       selenium.common.exceptions.TimeoutException: Message: \nE       Stacktrace:\nE       \tGetHandleVerifier [0x0x7ff76c62e8e5+80021]\nE       \tGetHandleVerifier [0x0x7ff76c62e940+80112]\nE       \t(No symbol) [0x0x7ff76c3b060f]\nE       \t(No symbol) [0x0x7ff76c408854]\nE       \t(No symbol) [0x0x7ff76c408b1c]\nE       \t(No symbol) [0x0x7ff76c45c927]\nE       \t(No symbol) [0x0x7ff76c43126f]\nE       \t(No symbol) [0x0x7ff76c45968a]\nE       \t(No symbol) [0x0x7ff76c431003]\nE       \t(No symbol) [0x0x7ff76c3f95d1]\nE       \t(No symbol) [0x0x7ff76c3fa3f3]\nE       \tGetHandleVerifier [0x0x7ff76c8edc7d+2960429]\nE       \tGetHandleVerifier [0x0x7ff76c8e7f3a+2936554]\nE       \tGetHandleVerifier [0x0x7ff76c908977+3070247]\nE       \tGetHandleVerifier [0x0x7ff76c6483ce+185214]\nE       \tGetHandleVerifier [0x0x7ff76c64fe1f+216527]\nE       \tGetHandleVerifier [0x0x7ff76c637b24+117460]\nE       \tGetHandleVerifier [0x0x7ff76c637cdf+117903]\nE       \tGetHandleVerifier [0x0x7ff76c61dbb8+11112]\nE       \tBaseThreadInitThunk [0x0x7ffc92b1259d+29]\nE       \tRtlUserThreadStart [0x0x7ffc93c0af78+40]\n\nvenv\\Lib\\site-packages\\selenium\\webdriver\\support\\wait.py:138: TimeoutException"}, "description": "\n        Automatiza el flujo completo de booking Solo Ida con validaciones en cada módulo.\n        ", "steps": [{"name": "Módulo HOME: Configuración de la búsqueda", "status": "broken", "statusDetails": {"message": "selenium.common.exceptions.TimeoutException: Message: \nStacktrace:\n\tGetHandleVerifier [0x0x7ff76c62e8e5+80021]\n\tGetHandleVerifier [0x0x7ff76c62e940+80112]\n\t(No symbol) [0x0x7ff76c3b060f]\n\t(No symbol) [0x0x7ff76c408854]\n\t(No symbol) [0x0x7ff76c408b1c]\n\t(No symbol) [0x0x7ff76c45c927]\n\t(No symbol) [0x0x7ff76c43126f]\n\t(No symbol) [0x0x7ff76c45968a]\n\t(No symbol) [0x0x7ff76c431003]\n\t(No symbol) [0x0x7ff76c3f95d1]\n\t(No symbol) [0x0x7ff76c3fa3f3]\n\tGetHandleVerifier [0x0x7ff76c8edc7d+2960429]\n\tGetHandleVerifier [0x0x7ff76c8e7f3a+2936554]\n\tGetHandleVerifier [0x0x7ff76c908977+3070247]\n\tGetHandleVerifier [0x0x7ff76c6483ce+185214]\n\tGetHandleVerifier [0x0x7ff76c64fe1f+216527]\n\tGetHandleVerifier [0x0x7ff76c637b24+117460]\n\tGetHandleVerifier [0x0x7ff76c637cdf+117903]\n\tGetHandleVerifier [0x0x7ff76c61dbb8+11112]\n\tBaseThreadInitThunk [0x0x7ffc92b1259d+29]\n\tRtlUserThreadStart [0x0x7ffc93c0af78+40]\n\n", "trace": "  File \"C:\\Users\\Usuario\\AutomationFramework\\tests\\tests\\test_booking_oneway.py\", line 39, in test_oneway_booking_flow\n    home_page.search_flight(origin, destination, \"2026-12-01\", adults, infants)\n  File \"C:\\Users\\Usuario\\AutomationFramework\\venv\\Lib\\site-packages\\allure_commons\\_allure.py\", line 202, in impl\n    return func(*a, **kw)\n           ^^^^^^^^^^^^^^\n  File \"C:\\Users\\Usuario\\AutomationFramework\\pages\\home_page.py\", line 94, in search_flight\n    self._wait_and_click(self._INPUT_DATE_DEPARTURE, \"Campo Fecha Salida (Abre Calendario)\")\n  File \"C:\\Users\\Usuario\\AutomationFramework\\pages\\base_page.py\", line 29, in _wait_and_click\n    element = self._wait_for_element(locator)\n              ^^^^^^^^^^^^^^^^^^^^^^^^^^^^^^^\n  File \"C:\\Users\\Usuario\\AutomationFramework\\pages\\base_page.py\", line 23, in _wait_for_element\n    return self.wait.until(EC.visibility_of_element_located(locator))\n           ^^^^^^^^^^^^^^^^^^^^^^^^^^^^^^^^^^^^^^^^^^^^^^^^^^^^^^^^^^\n  File \"C:\\Users\\Usuario\\AutomationFramework\\venv\\Lib\\site-packages\\selenium\\webdriver\\support\\wait.py\", line 138, in until\n    raise TimeoutException(message, screen, stacktrace)\n"}, "steps": [{"name": "Cerrar Pop-up de bienvenida/cookies", "status": "passed", "steps": [{"name": "Hacer clic en: Botón de Cierre de Pop-up Inicial", "status": "broken", "statusDetails": {"message": "selenium.common.exceptions.TimeoutException: Message: \nStacktrace:\n\tGetHandleVerifier [0x0x7ff76c62e8e5+80021]\n\tGetHandleVerifier [0x0x7ff76c62e940+80112]\n\t(No symbol) [0x0x7ff76c3b060f]\n\t(No symbol) [0x0x7ff76c408854]\n\t(No symbol) [0x0x7ff76c408b1c]\n\t(No symbol) [0x0x7ff76c45c927]\n\t(No symbol) [0x0x7ff76c43126f]\n\t(No symbol) [0x0x7ff76c45968a]\n\t(No symbol) [0x0x7ff76c431003]\n\t(No symbol) [0x0x7ff76c3f95d1]\n\t(No symbol) [0x0x7ff76c3fa3f3]\n\tGetHandleVerifier [0x0x7ff76c8edc7d+2960429]\n\tGetHandleVerifier [0x0x7ff76c8e7f3a+2936554]\n\tGetHandleVerifier [0x0x7ff76c908977+3070247]\n\tGetHandleVerifier [0x0x7ff76c6483ce+185214]\n\tGetHandleVerifier [0x0x7ff76c64fe1f+216527]\n\tGetHandleVerifier [0x0x7ff76c637b24+117460]\n\tGetHandleVerifier [0x0x7ff76c637cdf+117903]\n\tGetHandleVerifier [0x0x7ff76c61dbb8+11112]\n\tBaseThreadInitThunk [0x0x7ffc92b1259d+29]\n\tRtlUserThreadStart [0x0x7ffc93c0af78+40]\n\n", "trace": "  File \"C:\\Users\\Usuario\\AutomationFramework\\pages\\base_page.py\", line 29, in _wait_and_click\n    element = self._wait_for_element(locator)\n              ^^^^^^^^^^^^^^^^^^^^^^^^^^^^^^^\n  File \"C:\\Users\\Usuario\\AutomationFramework\\pages\\base_page.py\", line 23, in _wait_for_element\n    return self.wait.until(EC.visibility_of_element_located(locator))\n           ^^^^^^^^^^^^^^^^^^^^^^^^^^^^^^^^^^^^^^^^^^^^^^^^^^^^^^^^^^\n  File \"C:\\Users\\Usuario\\AutomationFramework\\venv\\Lib\\site-packages\\selenium\\webdriver\\support\\wait.py\", line 138, in until\n    raise TimeoutException(message, screen, stacktrace)\n"}, "start": 1762139097061, "stop": 1762139142095}], "start": 1762139097060, "stop": 1762139142095}, {"name": "Seleccionar tipo de viaje: Solo Ida", "status": "passed", "steps": [{"name": "Hacer clic en: Radio Button Solo Ida", "status": "passed", "start": 1762139142095, "stop": 1762139143004}], "start": 1762139142095, "stop": 1762139143004}, {"name": "Realizar búsqueda de vuelo de Solo Ida", "status": "broken", "statusDetails": {"message": "selenium.common.exceptions.TimeoutException: Message: \nStacktrace:\n\tGetHandleVerifier [0x0x7ff76c62e8e5+80021]\n\tGetHandleVerifier [0x0x7ff76c62e940+80112]\n\t(No symbol) [0x0x7ff76c3b060f]\n\t(No symbol) [0x0x7ff76c408854]\n\t(No symbol) [0x0x7ff76c408b1c]\n\t(No symbol) [0x0x7ff76c45c927]\n\t(No symbol) [0x0x7ff76c43126f]\n\t(No symbol) [0x0x7ff76c45968a]\n\t(No symbol) [0x0x7ff76c431003]\n\t(No symbol) [0x0x7ff76c3f95d1]\n\t(No symbol) [0x0x7ff76c3fa3f3]\n\tGetHandleVerifier [0x0x7ff76c8edc7d+2960429]\n\tGetHandleVerifier [0x0x7ff76c8e7f3a+2936554]\n\tGetHandleVerifier [0x0x7ff76c908977+3070247]\n\tGetHandleVerifier [0x0x7ff76c6483ce+185214]\n\tGetHandleVerifier [0x0x7ff76c64fe1f+216527]\n\tGetHandleVerifier [0x0x7ff76c637b24+117460]\n\tGetHandleVerifier [0x0x7ff76c637cdf+117903]\n\tGetHandleVerifier [0x0x7ff76c61dbb8+11112]\n\tBaseThreadInitThunk [0x0x7ffc92b1259d+29]\n\tRtlUserThreadStart [0x0x7ffc93c0af78+40]\n\n", "trace": "  File \"C:\\Users\\Usuario\\AutomationFramework\\venv\\Lib\\site-packages\\allure_commons\\_allure.py\", line 202, in impl\n    return func(*a, **kw)\n           ^^^^^^^^^^^^^^\n  File \"C:\\Users\\Usuario\\AutomationFramework\\pages\\home_page.py\", line 94, in search_flight\n    self._wait_and_click(self._INPUT_DATE_DEPARTURE, \"Campo Fecha Salida (Abre Calendario)\")\n  File \"C:\\Users\\Usuario\\AutomationFramework\\pages\\base_page.py\", line 29, in _wait_and_click\n    element = self._wait_for_element(locator)\n              ^^^^^^^^^^^^^^^^^^^^^^^^^^^^^^^\n  File \"C:\\Users\\Usuario\\AutomationFramework\\pages\\base_page.py\", line 23, in _wait_for_element\n    return self.wait.until(EC.visibility_of_element_located(locator))\n           ^^^^^^^^^^^^^^^^^^^^^^^^^^^^^^^^^^^^^^^^^^^^^^^^^^^^^^^^^^\n  File \"C:\\Users\\Usuario\\AutomationFramework\\venv\\Lib\\site-packages\\selenium\\webdriver\\support\\wait.py\", line 138, in until\n    raise TimeoutException(message, screen, stacktrace)\n"}, "steps": [{"name": "Hacer clic en: Botón Origen (Abre Pop-up)", "status": "passed", "start": 1762139143008, "stop": 1762139143807}, {"name": "Ingresar texto 'MDE' en: Campo Búsqueda Origen", "status": "passed", "start": 1762139143807, "stop": 1762139144641}, {"name": "Hacer clic en: Seleccionar ciudad de Origen: MDE", "status": "passed", "start": 1762139144641, "stop": 1762139145786}, {"name": "Ingresar texto 'SCL' en: Campo Búsqueda Destino", "status": "passed", "start": 1762139149286, "stop": 1762139149990}, {"name": "Hacer clic en: Seleccionar ciudad de Destino: SCL", "status": "passed", "start": 1762139149990, "stop": 1762139150752}, {"name": "Hacer clic en: Campo Fecha Salida (Abre Calendario)", "status": "broken", "statusDetails": {"message": "selenium.common.exceptions.TimeoutException: Message: \nStacktrace:\n\tGetHandleVerifier [0x0x7ff76c62e8e5+80021]\n\tGetHandleVerifier [0x0x7ff76c62e940+80112]\n\t(No symbol) [0x0x7ff76c3b060f]\n\t(No symbol) [0x0x7ff76c408854]\n\t(No symbol) [0x0x7ff76c408b1c]\n\t(No symbol) [0x0x7ff76c45c927]\n\t(No symbol) [0x0x7ff76c43126f]\n\t(No symbol) [0x0x7ff76c45968a]\n\t(No symbol) [0x0x7ff76c431003]\n\t(No symbol) [0x0x7ff76c3f95d1]\n\t(No symbol) [0x0x7ff76c3fa3f3]\n\tGetHandleVerifier [0x0x7ff76c8edc7d+2960429]\n\tGetHandleVerifier [0x0x7ff76c8e7f3a+2936554]\n\tGetHandleVerifier [0x0x7ff76c908977+3070247]\n\tGetHandleVerifier [0x0x7ff76c6483ce+185214]\n\tGetHandleVerifier [0x0x7ff76c64fe1f+216527]\n\tGetHandleVerifier [0x0x7ff76c637b24+117460]\n\tGetHandleVerifier [0x0x7ff76c637cdf+117903]\n\tGetHandleVerifier [0x0x7ff76c61dbb8+11112]\n\tBaseThreadInitThunk [0x0x7ffc92b1259d+29]\n\tRtlUserThreadStart [0x0x7ffc93c0af78+40]\n\n", "trace": "  File \"C:\\Users\\Usuario\\AutomationFramework\\pages\\base_page.py\", line 29, in _wait_and_click\n    element = self._wait_for_element(locator)\n              ^^^^^^^^^^^^^^^^^^^^^^^^^^^^^^^\n  File \"C:\\Users\\Usuario\\AutomationFramework\\pages\\base_page.py\", line 23, in _wait_for_element\n    return self.wait.until(EC.visibility_of_element_located(locator))\n           ^^^^^^^^^^^^^^^^^^^^^^^^^^^^^^^^^^^^^^^^^^^^^^^^^^^^^^^^^^\n  File \"C:\\Users\\Usuario\\AutomationFramework\\venv\\Lib\\site-packages\\selenium\\webdriver\\support\\wait.py\", line 138, in until\n    raise TimeoutException(message, screen, stacktrace)\n"}, "start": 1762139154753, "stop": 1762139199799}], "parameters": [{"name": "origin", "value": "'MDE'"}, {"name": "destination", "value": "'SCL'"}, {"name": "date", "value": "'2026-12-01'"}, {"name": "adults", "value": "2"}, {"name": "infants", "value": "2"}], "start": 1762139143007, "stop": 1762139199839}], "start": 1762139092389, "stop": 1762139199839}], "attachments": [{"name": "log", "source": "973416fb-61bf-4f3b-8ca7-1993ed61637b-attachment.txt", "type": "text/plain"}, {"name": "stderr", "source": "d47e55d2-3a09-45fd-a28a-306d5619e74a-attachment.txt", "type": "text/plain"}], "parameters": [{"name": "origin", "value": "'MDE'"}, {"name": "destination", "value": "'SCL'"}, {"name": "adults", "value": "2"}, {"name": "infants", "value": "2"}], "start": 1762139092389, "stop": 1762139199853, "uuid": "ad31c355-c983-42f9-a1b5-762bb72ff2fc", "historyId": "3f5341fae0a3d38355a136f7c02795e0", "testCaseId": "5594a2368502a9d92b5a3d514515969d", "fullName": "tests.tests.test_booking_oneway.TestBooking#test_oneway_booking_flow", "labels": [{"name": "epic", "value": "Caso 1: Flujo de Booking"}, {"name": "suite", "value": "Flujos de Booking"}, {"name": "feature", "value": "Solo Ida (One-Way)"}, {"name": "parentSuite", "value": "tests.tests"}, {"name": "subSuite", "value": "TestBooking"}, {"name": "host", "value": "DESKTOP-O22210J"}, {"name": "thread", "value": "10896-MainThread"}, {"name": "framework", "value": "pytest"}, {"name": "language", "value": "cpython3"}, {"name": "package", "value": "tests.tests.test_booking_oneway"}], "titlePath": ["tests", "tests", "test_booking_oneway.py", "TestBooking"]}