{"name": "test_oneway_booking_flow[MDE-SCL-2-2]", "status": "broken", "statusDetails": {"message": "TypeError: DBManager.insert_result() missing 1 required positional argument: 'origin'", "trace": "self = <test_booking_oneway.TestBooking object at 0x000001DF02D20920>\ndriver = <selenium.webdriver.chrome.webdriver.WebDriver (session=\"9ff8bc11667a34fb77b61e2022a0dd39\")>\ndb_manager = <db_manager.DBManager object at 0x000001DF02ACCC50>, origin = 'MDE', destination = 'SCL', adults = 2, infants = 2\n\n    @allure.epic(\"Caso 1: Flujo de Booking\")\n    @allure.feature(\"Solo Ida (One-Way)\")\n    @pytest.mark.parametrize(\"origin, destination, adults, infants\", [\n        (\"BOG\", \"CTG\", 1, 0), # Escenario b谩sico: 1 Adulto\n        (\"MDE\", \"SCL\", 2, 2)  # Escenario con restricci贸n: 2 Adultos y 2 Infantes\n    ])\n    def test_oneway_booking_flow(self, driver, db_manager, origin, destination, adults, infants):\n        \"\"\"\n        Automatiza el flujo completo de booking Solo Ida con validaciones en cada m贸dulo.\n        \"\"\"\n        start_time = time.time()\n        test_passed = False\n    \n        # 1. Inicializaci贸n de P谩ginas\n        home_page = HomePage(driver)\n        select_flight_page = SelectFlightPage(driver)\n        # flight_details_page = FlightDetailsPage(driver)\n    \n        try:\n            # 2. MDULO HOME: Ejecuci贸n Completa con Pausa Manual OBLIGATORIA para CAPTCHA\n            with allure.step(\"M贸dulo HOME: Configuraci贸n de la b煤squeda\"):\n                home_page.open()\n                home_page.close_initial_popup()\n    \n                #  CORRECCIN SOLICITADA: Pausa Fija de 5 segundos despu茅s de la carga inicial\n                logging.info(\"Esperando 5 segundos fijos para la estabilizaci贸n inicial de la p谩gina.\")\n                time.sleep(5)\n    \n                home_page.select_one_way()\n                # Esta llamada incluye la pausa de 25 segundos para que resuelvas el CAPTCHA\n                home_page.search_flight(origin, destination, \"2026-12-01\", adults, infants)\n    \n            # 3. MDULO SELECT FLIGHT: Seleccionar la opci贸n m谩s econ贸mica\n            with allure.step(\"M贸dulo SELECT FLIGHT: Seleccionar vuelo econ贸mico\"):\n                # Si el CAPTCHA fue resuelto, esta validaci贸n DEBE PASAR.\n>               select_flight_page.validate_search_results(origin, destination)\n\ntests\\tests\\test_booking_oneway.py:49: \n_ _ _ _ _ _ _ _ _ _ _ _ _ _ _ _ _ _ _ _ _ _ _ _ _ _ _ _ _ _ _ _ _ _ _ _ _ _ _ _ _ _ _ _ _ _ _ _ _ _ _ _ _ _ _ _ _ _ _ _ _ _ _ _ _ _ _ _ _ _\npages\\select_flight_page.py:58: in validate_search_results\n    raise e\npages\\select_flight_page.py:46: in validate_search_results\n    standard_wait.until(EC.visibility_of_element_located(self._HEADER_SEARCH_RESULTS))\n_ _ _ _ _ _ _ _ _ _ _ _ _ _ _ _ _ _ _ _ _ _ _ _ _ _ _ _ _ _ _ _ _ _ _ _ _ _ _ _ _ _ _ _ _ _ _ _ _ _ _ _ _ _ _ _ _ _ _ _ _ _ _ _ _ _ _ _ _ _\n\nself = <selenium.webdriver.support.wait.WebDriverWait (session=\"9ff8bc11667a34fb77b61e2022a0dd39\")>\nmethod = <function visibility_of_element_located.<locals>._predicate at 0x000001DF0324F4C0>, message = ''\n\n    def until(self, method: Callable[[D], Union[Literal[False], T]], message: str = \"\") -> T:\n        \"\"\"Wait until the method returns a value that is not False.\n    \n        Calls the method provided with the driver as an argument until the\n        return value does not evaluate to ``False``.\n    \n        Parameters:\n        -----------\n        method: callable(WebDriver)\n            - A callable object that takes a WebDriver instance as an argument.\n    \n        message: str\n            - Optional message for :exc:`TimeoutException`\n    \n        Return:\n        -------\n        object: T\n            - The result of the last call to `method`\n    \n        Raises:\n        -------\n        TimeoutException\n            - If 'method' does not return a truthy value within the WebDriverWait\n            object's timeout\n    \n        Example:\n        --------\n        >>> from selenium.webdriver.common.by import By\n        >>> from selenium.webdriver.support.ui import WebDriverWait\n        >>> from selenium.webdriver.support import expected_conditions as EC\n    \n        # Wait until an element is visible on the page\n        >>> wait = WebDriverWait(driver, 10)\n        >>> element = wait.until(EC.visibility_of_element_located((By.ID, \"exampleId\")))\n        >>> print(element.text)\n        \"\"\"\n        screen = None\n        stacktrace = None\n    \n        end_time = time.monotonic() + self._timeout\n        while True:\n            try:\n                value = method(self._driver)\n                if value:\n                    return value\n            except self._ignored_exceptions as exc:\n                screen = getattr(exc, \"screen\", None)\n                stacktrace = getattr(exc, \"stacktrace\", None)\n            if time.monotonic() > end_time:\n                break\n            time.sleep(self._poll)\n>       raise TimeoutException(message, screen, stacktrace)\nE       selenium.common.exceptions.TimeoutException: Message: \nE       Stacktrace:\nE       \tGetHandleVerifier [0x0x7ff7e6cce8e5+80021]\nE       \tGetHandleVerifier [0x0x7ff7e6cce940+80112]\nE       \t(No symbol) [0x0x7ff7e6a5060f]\nE       \t(No symbol) [0x0x7ff7e6aa8854]\nE       \t(No symbol) [0x0x7ff7e6aa8b1c]\nE       \t(No symbol) [0x0x7ff7e6afc927]\nE       \t(No symbol) [0x0x7ff7e6ad126f]\nE       \t(No symbol) [0x0x7ff7e6af968a]\nE       \t(No symbol) [0x0x7ff7e6ad1003]\nE       \t(No symbol) [0x0x7ff7e6a995d1]\nE       \t(No symbol) [0x0x7ff7e6a9a3f3]\nE       \tGetHandleVerifier [0x0x7ff7e6f8dc7d+2960429]\nE       \tGetHandleVerifier [0x0x7ff7e6f87f3a+2936554]\nE       \tGetHandleVerifier [0x0x7ff7e6fa8977+3070247]\nE       \tGetHandleVerifier [0x0x7ff7e6ce83ce+185214]\nE       \tGetHandleVerifier [0x0x7ff7e6cefe1f+216527]\nE       \tGetHandleVerifier [0x0x7ff7e6cd7b24+117460]\nE       \tGetHandleVerifier [0x0x7ff7e6cd7cdf+117903]\nE       \tGetHandleVerifier [0x0x7ff7e6cbdbb8+11112]\nE       \tBaseThreadInitThunk [0x0x7ffc92b1259d+29]\nE       \tRtlUserThreadStart [0x0x7ffc93c0af78+40]\n\nvenv\\Lib\\site-packages\\selenium\\webdriver\\support\\wait.py:138: TimeoutException\n\nDuring handling of the above exception, another exception occurred:\n\nself = <test_booking_oneway.TestBooking object at 0x000001DF02D20920>\ndriver = <selenium.webdriver.chrome.webdriver.WebDriver (session=\"9ff8bc11667a34fb77b61e2022a0dd39\")>\ndb_manager = <db_manager.DBManager object at 0x000001DF02ACCC50>, origin = 'MDE', destination = 'SCL', adults = 2, infants = 2\n\n    @allure.epic(\"Caso 1: Flujo de Booking\")\n    @allure.feature(\"Solo Ida (One-Way)\")\n    @pytest.mark.parametrize(\"origin, destination, adults, infants\", [\n        (\"BOG\", \"CTG\", 1, 0), # Escenario b谩sico: 1 Adulto\n        (\"MDE\", \"SCL\", 2, 2)  # Escenario con restricci贸n: 2 Adultos y 2 Infantes\n    ])\n    def test_oneway_booking_flow(self, driver, db_manager, origin, destination, adults, infants):\n        \"\"\"\n        Automatiza el flujo completo de booking Solo Ida con validaciones en cada m贸dulo.\n        \"\"\"\n        start_time = time.time()\n        test_passed = False\n    \n        # 1. Inicializaci贸n de P谩ginas\n        home_page = HomePage(driver)\n        select_flight_page = SelectFlightPage(driver)\n        # flight_details_page = FlightDetailsPage(driver)\n    \n        try:\n            # 2. MDULO HOME: Ejecuci贸n Completa con Pausa Manual OBLIGATORIA para CAPTCHA\n            with allure.step(\"M贸dulo HOME: Configuraci贸n de la b煤squeda\"):\n                home_page.open()\n                home_page.close_initial_popup()\n    \n                #  CORRECCIN SOLICITADA: Pausa Fija de 5 segundos despu茅s de la carga inicial\n                logging.info(\"Esperando 5 segundos fijos para la estabilizaci贸n inicial de la p谩gina.\")\n                time.sleep(5)\n    \n                home_page.select_one_way()\n                # Esta llamada incluye la pausa de 25 segundos para que resuelvas el CAPTCHA\n                home_page.search_flight(origin, destination, \"2026-12-01\", adults, infants)\n    \n            # 3. MDULO SELECT FLIGHT: Seleccionar la opci贸n m谩s econ贸mica\n            with allure.step(\"M贸dulo SELECT FLIGHT: Seleccionar vuelo econ贸mico\"):\n                # Si el CAPTCHA fue resuelto, esta validaci贸n DEBE PASAR.\n                select_flight_page.validate_search_results(origin, destination)\n    \n                # Clic en los botones de selecci贸n (incluye los 5s de espera y scroll a elemento)\n                select_flight_page.select_cheapest_flight()\n    \n            # 4. MDULO FLIGHT DETAILS (Pendiente de implementaci贸n)\n            # 5. MDULO PASSENGER DETAILS (Pendiente de implementaci贸n)\n    \n            test_passed = True\n    \n        except Exception as e:\n            allure.attach(driver.get_screenshot_as_png(), name=\"Fallo_Funcional\", attachment_type=allure.attachment_type.PNG)\n            logging.error(f\"Fallo funcional en el Caso 1: {e}\")\n            raise\n    \n        finally:\n            end_time = time.time()\n            duration = end_time - start_time\n            # CORRECCIN DEFINITIVA DE DBManager: Solo pasamos los 3 argumentos que acepta tu funci贸n.\n>           db_manager.insert_result(\n                test_name=f\"test_oneway_{origin}-{destination}\",\n                result=\"PASS\" if test_passed else \"FAIL\",\n                duration=duration\n            )\nE           TypeError: DBManager.insert_result() missing 1 required positional argument: 'origin'\n\ntests\\tests\\test_booking_oneway.py:68: TypeError"}, "description": "\n        Automatiza el flujo completo de booking Solo Ida con validaciones en cada m贸dulo.\n        ", "steps": [{"name": "M贸dulo HOME: Configuraci贸n de la b煤squeda", "status": "passed", "steps": [{"name": "Cerrar Pop-up de bienvenida/cookies", "status": "passed", "start": 1762176376141, "stop": 1762176421185}, {"name": "Seleccionar tipo de viaje: Solo Ida", "status": "passed", "start": 1762176426194, "stop": 1762176426647}, {"name": "Realizar b煤squeda de vuelo de Solo Ida", "status": "passed", "parameters": [{"name": "origin", "value": "'MDE'"}, {"name": "destination", "value": "'SCL'"}, {"name": "date", "value": "'2026-12-01'"}, {"name": "adults", "value": "2"}, {"name": "infants", "value": "2"}], "start": 1762176426648, "stop": 1762176484355}], "start": 1762176372433, "stop": 1762176484355}, {"name": "M贸dulo SELECT FLIGHT: Seleccionar vuelo econ贸mico", "status": "broken", "statusDetails": {"message": "selenium.common.exceptions.TimeoutException: Message: \nStacktrace:\n\tGetHandleVerifier [0x0x7ff7e6cce8e5+80021]\n\tGetHandleVerifier [0x0x7ff7e6cce940+80112]\n\t(No symbol) [0x0x7ff7e6a5060f]\n\t(No symbol) [0x0x7ff7e6aa8854]\n\t(No symbol) [0x0x7ff7e6aa8b1c]\n\t(No symbol) [0x0x7ff7e6afc927]\n\t(No symbol) [0x0x7ff7e6ad126f]\n\t(No symbol) [0x0x7ff7e6af968a]\n\t(No symbol) [0x0x7ff7e6ad1003]\n\t(No symbol) [0x0x7ff7e6a995d1]\n\t(No symbol) [0x0x7ff7e6a9a3f3]\n\tGetHandleVerifier [0x0x7ff7e6f8dc7d+2960429]\n\tGetHandleVerifier [0x0x7ff7e6f87f3a+2936554]\n\tGetHandleVerifier [0x0x7ff7e6fa8977+3070247]\n\tGetHandleVerifier [0x0x7ff7e6ce83ce+185214]\n\tGetHandleVerifier [0x0x7ff7e6cefe1f+216527]\n\tGetHandleVerifier [0x0x7ff7e6cd7b24+117460]\n\tGetHandleVerifier [0x0x7ff7e6cd7cdf+117903]\n\tGetHandleVerifier [0x0x7ff7e6cbdbb8+11112]\n\tBaseThreadInitThunk [0x0x7ffc92b1259d+29]\n\tRtlUserThreadStart [0x0x7ffc93c0af78+40]\n\n", "trace": "  File \"C:\\Users\\Usuario\\AutomationFramework\\tests\\tests\\test_booking_oneway.py\", line 49, in test_oneway_booking_flow\n    select_flight_page.validate_search_results(origin, destination)\n  File \"C:\\Users\\Usuario\\AutomationFramework\\venv\\Lib\\site-packages\\allure_commons\\_allure.py\", line 202, in impl\n    return func(*a, **kw)\n           ^^^^^^^^^^^^^^\n  File \"C:\\Users\\Usuario\\AutomationFramework\\pages\\select_flight_page.py\", line 58, in validate_search_results\n    raise e\n  File \"C:\\Users\\Usuario\\AutomationFramework\\pages\\select_flight_page.py\", line 46, in validate_search_results\n    standard_wait.until(EC.visibility_of_element_located(self._HEADER_SEARCH_RESULTS))\n  File \"C:\\Users\\Usuario\\AutomationFramework\\venv\\Lib\\site-packages\\selenium\\webdriver\\support\\wait.py\", line 138, in until\n    raise TimeoutException(message, screen, stacktrace)\n"}, "steps": [{"name": "Validar y preparar la p谩gina de resultados", "status": "broken", "statusDetails": {"message": "selenium.common.exceptions.TimeoutException: Message: \nStacktrace:\n\tGetHandleVerifier [0x0x7ff7e6cce8e5+80021]\n\tGetHandleVerifier [0x0x7ff7e6cce940+80112]\n\t(No symbol) [0x0x7ff7e6a5060f]\n\t(No symbol) [0x0x7ff7e6aa8854]\n\t(No symbol) [0x0x7ff7e6aa8b1c]\n\t(No symbol) [0x0x7ff7e6afc927]\n\t(No symbol) [0x0x7ff7e6ad126f]\n\t(No symbol) [0x0x7ff7e6af968a]\n\t(No symbol) [0x0x7ff7e6ad1003]\n\t(No symbol) [0x0x7ff7e6a995d1]\n\t(No symbol) [0x0x7ff7e6a9a3f3]\n\tGetHandleVerifier [0x0x7ff7e6f8dc7d+2960429]\n\tGetHandleVerifier [0x0x7ff7e6f87f3a+2936554]\n\tGetHandleVerifier [0x0x7ff7e6fa8977+3070247]\n\tGetHandleVerifier [0x0x7ff7e6ce83ce+185214]\n\tGetHandleVerifier [0x0x7ff7e6cefe1f+216527]\n\tGetHandleVerifier [0x0x7ff7e6cd7b24+117460]\n\tGetHandleVerifier [0x0x7ff7e6cd7cdf+117903]\n\tGetHandleVerifier [0x0x7ff7e6cbdbb8+11112]\n\tBaseThreadInitThunk [0x0x7ffc92b1259d+29]\n\tRtlUserThreadStart [0x0x7ffc93c0af78+40]\n\n", "trace": "  File \"C:\\Users\\Usuario\\AutomationFramework\\venv\\Lib\\site-packages\\allure_commons\\_allure.py\", line 202, in impl\n    return func(*a, **kw)\n           ^^^^^^^^^^^^^^\n  File \"C:\\Users\\Usuario\\AutomationFramework\\pages\\select_flight_page.py\", line 58, in validate_search_results\n    raise e\n  File \"C:\\Users\\Usuario\\AutomationFramework\\pages\\select_flight_page.py\", line 46, in validate_search_results\n    standard_wait.until(EC.visibility_of_element_located(self._HEADER_SEARCH_RESULTS))\n  File \"C:\\Users\\Usuario\\AutomationFramework\\venv\\Lib\\site-packages\\selenium\\webdriver\\support\\wait.py\", line 138, in until\n    raise TimeoutException(message, screen, stacktrace)\n"}, "parameters": [{"name": "origin", "value": "'MDE'"}, {"name": "destination", "value": "'SCL'"}], "start": 1762176484355, "stop": 1762176534422}], "start": 1762176484355, "stop": 1762176534422}], "attachments": [{"name": "Fallo_Funcional", "source": "8442fcc8-393b-45cd-8289-9d0f18cf4927-attachment.png", "type": "image/png"}, {"name": "log", "source": "b1995074-1ff0-4478-80ea-475d0d76a421-attachment.txt", "type": "text/plain"}, {"name": "stderr", "source": "99f87019-20aa-4cb8-89fc-c431658f4018-attachment.txt", "type": "text/plain"}], "parameters": [{"name": "origin", "value": "'MDE'"}, {"name": "destination", "value": "'SCL'"}, {"name": "adults", "value": "2"}, {"name": "infants", "value": "2"}], "start": 1762176372433, "stop": 1762176534616, "uuid": "91f241b7-32b8-491d-ac9b-da2b42ed5c19", "historyId": "3f5341fae0a3d38355a136f7c02795e0", "testCaseId": "5594a2368502a9d92b5a3d514515969d", "fullName": "tests.tests.test_booking_oneway.TestBooking#test_oneway_booking_flow", "labels": [{"name": "epic", "value": "Caso 1: Flujo de Booking"}, {"name": "feature", "value": "Solo Ida (One-Way)"}, {"name": "parentSuite", "value": "tests.tests"}, {"name": "suite", "value": "test_booking_oneway"}, {"name": "subSuite", "value": "TestBooking"}, {"name": "host", "value": "DESKTOP-O22210J"}, {"name": "thread", "value": "18364-MainThread"}, {"name": "framework", "value": "pytest"}, {"name": "language", "value": "cpython3"}, {"name": "package", "value": "tests.tests.test_booking_oneway"}], "titlePath": ["tests", "tests", "test_booking_oneway.py", "TestBooking"]}