{"name": "test_oneway_booking_flow[BOG-CTG-1-0]", "status": "broken", "statusDetails": {"message": "selenium.common.exceptions.TimeoutException: Message:", "trace": "driver = <selenium.webdriver.chrome.webdriver.WebDriver (session=\"437f9cfba4746c5f7070c722ffc60229\")>\ndb_manager = <db_manager.DBManager object at 0x0000028BCCA226F0>, origin = 'BOG', destination = 'CTG', adults = 1, infants = 0\n\n    @allure.epic(\"Caso 1: Flujo de Booking\")\n    @allure.feature(\"Solo Ida (One-Way)\")\n    @pytest.mark.parametrize(\"origin, destination, adults, infants\", [\n        (\"BOG\", \"CTG\", 1, 0),  # Escenario b谩sico: 1 Adulto\n        (\"MDE\", \"SCL\", 2, 2)   # Escenario con restricci贸n: 2 Adultos y 2 Infantes\n    ])\n    def test_oneway_booking_flow(driver, db_manager, origin, destination, adults, infants):\n        \"\"\"\n        Automatiza el flujo completo de booking Solo Ida con validaciones en cada m贸dulo.\n        \"\"\"\n        start_time = time.time()\n        test_passed = False\n    \n        # 1. Inicializaci贸n de P谩ginas\n        home_page = HomePage(driver)\n    \n        try:\n            # 2. HOME: Validar selecci贸n de idioma, origen, destino y selecci贸n de pasajeros.\n            with allure.step(\"M贸dulo HOME: Configuraci贸n de la b煤squeda\"):\n                home_page.open()\n    \n                #  PASO CRUCIAL: Intenta cerrar el pop-up que bloquea la p谩gina\n                home_page.close_initial_popup()\n    \n                # --- Configuraci贸n de Vuelo ---\n                home_page.select_one_way()\n    \n                #  El fallo suceder谩 en la siguiente l铆nea: search_flight \n>               home_page.search_flight(origin, destination, \"2026-12-01\", adults, infants)\n\ntests\\test_login_and_capture.py:39: \n_ _ _ _ _ _ _ _ _ _ _ _ _ _ _ _ _ _ _ _ _ _ _ _ _ _ _ _ _ _ _ _ _ _ _ _ _ _ _ _ _ _ _ _ _ _ _ _ _ _ _ _ _ _ _ _ _ _ _ _ _ _ _ _ _ _ _ _ _ _\npages\\home_page.py:93: in search_flight\n    self._wait_and_send_keys(self._INPUT_SEARCH_POPUP, destination, \"Campo B煤squeda Destino\")\npages\\base_page.py:47: in _wait_and_send_keys\n    element = self._wait_for_element(locator)\n              ^^^^^^^^^^^^^^^^^^^^^^^^^^^^^^^\npages\\base_page.py:24: in _wait_for_element\n    return self.wait.until(EC.visibility_of_element_located(locator))\n           ^^^^^^^^^^^^^^^^^^^^^^^^^^^^^^^^^^^^^^^^^^^^^^^^^^^^^^^^^^\n_ _ _ _ _ _ _ _ _ _ _ _ _ _ _ _ _ _ _ _ _ _ _ _ _ _ _ _ _ _ _ _ _ _ _ _ _ _ _ _ _ _ _ _ _ _ _ _ _ _ _ _ _ _ _ _ _ _ _ _ _ _ _ _ _ _ _ _ _ _\n\nself = <selenium.webdriver.support.wait.WebDriverWait (session=\"437f9cfba4746c5f7070c722ffc60229\")>\nmethod = <function visibility_of_element_located.<locals>._predicate at 0x0000028BCC9256C0>, message = ''\n\n    def until(self, method: Callable[[D], Union[Literal[False], T]], message: str = \"\") -> T:\n        \"\"\"Wait until the method returns a value that is not False.\n    \n        Calls the method provided with the driver as an argument until the\n        return value does not evaluate to ``False``.\n    \n        Parameters:\n        -----------\n        method: callable(WebDriver)\n            - A callable object that takes a WebDriver instance as an argument.\n    \n        message: str\n            - Optional message for :exc:`TimeoutException`\n    \n        Return:\n        -------\n        object: T\n            - The result of the last call to `method`\n    \n        Raises:\n        -------\n        TimeoutException\n            - If 'method' does not return a truthy value within the WebDriverWait\n            object's timeout\n    \n        Example:\n        --------\n        >>> from selenium.webdriver.common.by import By\n        >>> from selenium.webdriver.support.ui import WebDriverWait\n        >>> from selenium.webdriver.support import expected_conditions as EC\n    \n        # Wait until an element is visible on the page\n        >>> wait = WebDriverWait(driver, 10)\n        >>> element = wait.until(EC.visibility_of_element_located((By.ID, \"exampleId\")))\n        >>> print(element.text)\n        \"\"\"\n        screen = None\n        stacktrace = None\n    \n        end_time = time.monotonic() + self._timeout\n        while True:\n            try:\n                value = method(self._driver)\n                if value:\n                    return value\n            except self._ignored_exceptions as exc:\n                screen = getattr(exc, \"screen\", None)\n                stacktrace = getattr(exc, \"stacktrace\", None)\n            if time.monotonic() > end_time:\n                break\n            time.sleep(self._poll)\n>       raise TimeoutException(message, screen, stacktrace)\nE       selenium.common.exceptions.TimeoutException: Message:\n\nvenv\\Lib\\site-packages\\selenium\\webdriver\\support\\wait.py:138: TimeoutException"}, "description": "\n    Automatiza el flujo completo de booking Solo Ida con validaciones en cada m贸dulo.\n    ", "steps": [{"name": "M贸dulo HOME: Configuraci贸n de la b煤squeda", "status": "broken", "statusDetails": {"message": "selenium.common.exceptions.TimeoutException: Message: \n\n", "trace": "  File \"C:\\Users\\Usuario\\AutomationFramework\\tests\\test_login_and_capture.py\", line 39, in test_oneway_booking_flow\n    home_page.search_flight(origin, destination, \"2026-12-01\", adults, infants)\n  File \"C:\\Users\\Usuario\\AutomationFramework\\venv\\Lib\\site-packages\\allure_commons\\_allure.py\", line 202, in impl\n    return func(*a, **kw)\n           ^^^^^^^^^^^^^^\n  File \"C:\\Users\\Usuario\\AutomationFramework\\pages\\home_page.py\", line 93, in search_flight\n    self._wait_and_send_keys(self._INPUT_SEARCH_POPUP, destination, \"Campo B煤squeda Destino\")\n  File \"C:\\Users\\Usuario\\AutomationFramework\\pages\\base_page.py\", line 47, in _wait_and_send_keys\n    element = self._wait_for_element(locator)\n              ^^^^^^^^^^^^^^^^^^^^^^^^^^^^^^^\n  File \"C:\\Users\\Usuario\\AutomationFramework\\pages\\base_page.py\", line 24, in _wait_for_element\n    return self.wait.until(EC.visibility_of_element_located(locator))\n           ^^^^^^^^^^^^^^^^^^^^^^^^^^^^^^^^^^^^^^^^^^^^^^^^^^^^^^^^^^\n  File \"C:\\Users\\Usuario\\AutomationFramework\\venv\\Lib\\site-packages\\selenium\\webdriver\\support\\wait.py\", line 138, in until\n    raise TimeoutException(message, screen, stacktrace)\n"}, "steps": [{"name": "Cerrar Pop-up de bienvenida/cookies", "status": "passed", "steps": [{"name": "Hacer clic en: Bot贸n de Cierre de Pop-up Inicial", "status": "broken", "statusDetails": {"message": "selenium.common.exceptions.TimeoutException: Message: \nStacktrace:\n\tGetHandleVerifier [0x0x7ff75dede8e5+80021]\n\tGetHandleVerifier [0x0x7ff75dede940+80112]\n\t(No symbol) [0x0x7ff75dc6060f]\n\t(No symbol) [0x0x7ff75dcb8854]\n\t(No symbol) [0x0x7ff75dcb8b1c]\n\t(No symbol) [0x0x7ff75dd0c927]\n\t(No symbol) [0x0x7ff75dce126f]\n\t(No symbol) [0x0x7ff75dd0968a]\n\t(No symbol) [0x0x7ff75dce1003]\n\t(No symbol) [0x0x7ff75dca95d1]\n\t(No symbol) [0x0x7ff75dcaa3f3]\n\tGetHandleVerifier [0x0x7ff75e19dc7d+2960429]\n\tGetHandleVerifier [0x0x7ff75e197f3a+2936554]\n\tGetHandleVerifier [0x0x7ff75e1b8977+3070247]\n\tGetHandleVerifier [0x0x7ff75def83ce+185214]\n\tGetHandleVerifier [0x0x7ff75deffe1f+216527]\n\tGetHandleVerifier [0x0x7ff75dee7b24+117460]\n\tGetHandleVerifier [0x0x7ff75dee7cdf+117903]\n\tGetHandleVerifier [0x0x7ff75decdbb8+11112]\n\tBaseThreadInitThunk [0x0x7ffc92b1259d+29]\n\tRtlUserThreadStart [0x0x7ffc93c0af78+40]\n\n", "trace": "  File \"C:\\Users\\Usuario\\AutomationFramework\\pages\\base_page.py\", line 30, in _wait_and_click\n    element = self._wait_for_element(locator)\n              ^^^^^^^^^^^^^^^^^^^^^^^^^^^^^^^\n  File \"C:\\Users\\Usuario\\AutomationFramework\\pages\\base_page.py\", line 24, in _wait_for_element\n    return self.wait.until(EC.visibility_of_element_located(locator))\n           ^^^^^^^^^^^^^^^^^^^^^^^^^^^^^^^^^^^^^^^^^^^^^^^^^^^^^^^^^^\n  File \"C:\\Users\\Usuario\\AutomationFramework\\venv\\Lib\\site-packages\\selenium\\webdriver\\support\\wait.py\", line 138, in until\n    raise TimeoutException(message, screen, stacktrace)\n"}, "start": 1762114696701, "stop": 1762114741791}], "start": 1762114696701, "stop": 1762114741838}, {"name": "Seleccionar tipo de viaje: Solo Ida", "status": "passed", "steps": [{"name": "Hacer clic en: Radio Button Solo Ida", "status": "passed", "start": 1762114741839, "stop": 1762114742792}], "start": 1762114741838, "stop": 1762114742792}, {"name": "Realizar b煤squeda de vuelo de Solo Ida", "status": "broken", "statusDetails": {"message": "selenium.common.exceptions.TimeoutException: Message: \n\n", "trace": "  File \"C:\\Users\\Usuario\\AutomationFramework\\venv\\Lib\\site-packages\\allure_commons\\_allure.py\", line 202, in impl\n    return func(*a, **kw)\n           ^^^^^^^^^^^^^^\n  File \"C:\\Users\\Usuario\\AutomationFramework\\pages\\home_page.py\", line 93, in search_flight\n    self._wait_and_send_keys(self._INPUT_SEARCH_POPUP, destination, \"Campo B煤squeda Destino\")\n  File \"C:\\Users\\Usuario\\AutomationFramework\\pages\\base_page.py\", line 47, in _wait_and_send_keys\n    element = self._wait_for_element(locator)\n              ^^^^^^^^^^^^^^^^^^^^^^^^^^^^^^^\n  File \"C:\\Users\\Usuario\\AutomationFramework\\pages\\base_page.py\", line 24, in _wait_for_element\n    return self.wait.until(EC.visibility_of_element_located(locator))\n           ^^^^^^^^^^^^^^^^^^^^^^^^^^^^^^^^^^^^^^^^^^^^^^^^^^^^^^^^^^\n  File \"C:\\Users\\Usuario\\AutomationFramework\\venv\\Lib\\site-packages\\selenium\\webdriver\\support\\wait.py\", line 138, in until\n    raise TimeoutException(message, screen, stacktrace)\n"}, "steps": [{"name": "Hacer clic en: Bot贸n Origen (Abre Pop-up)", "status": "passed", "start": 1762114742792, "stop": 1762114743608}, {"name": "Ingresar texto 'BOG' en: Campo B煤squeda Origen", "status": "passed", "start": 1762114743608, "stop": 1762114744449}, {"name": "Hacer clic en: Seleccionar primer resultado de Origen", "status": "passed", "start": 1762114744449, "stop": 1762114746343}, {"name": "Ingresar texto 'CTG' en: Campo B煤squeda Destino", "status": "broken", "statusDetails": {"message": "selenium.common.exceptions.TimeoutException: Message: \n\n", "trace": "  File \"C:\\Users\\Usuario\\AutomationFramework\\pages\\base_page.py\", line 47, in _wait_and_send_keys\n    element = self._wait_for_element(locator)\n              ^^^^^^^^^^^^^^^^^^^^^^^^^^^^^^^\n  File \"C:\\Users\\Usuario\\AutomationFramework\\pages\\base_page.py\", line 24, in _wait_for_element\n    return self.wait.until(EC.visibility_of_element_located(locator))\n           ^^^^^^^^^^^^^^^^^^^^^^^^^^^^^^^^^^^^^^^^^^^^^^^^^^^^^^^^^^\n  File \"C:\\Users\\Usuario\\AutomationFramework\\venv\\Lib\\site-packages\\selenium\\webdriver\\support\\wait.py\", line 138, in until\n    raise TimeoutException(message, screen, stacktrace)\n"}, "start": 1762114746343, "stop": 1762114791485}], "parameters": [{"name": "origin", "value": "'BOG'"}, {"name": "destination", "value": "'CTG'"}, {"name": "date", "value": "'2026-12-01'"}, {"name": "adults", "value": "1"}, {"name": "infants", "value": "0"}], "start": 1762114742792, "stop": 1762114791489}], "start": 1762114688668, "stop": 1762114791523}], "attachments": [{"name": "log", "source": "49fc60f7-7627-4881-81ba-dc55c7c9b571-attachment.txt", "type": "text/plain"}, {"name": "stderr", "source": "fcfc49e5-b458-4d92-a556-6c6226476777-attachment.txt", "type": "text/plain"}], "parameters": [{"name": "origin", "value": "'BOG'"}, {"name": "destination", "value": "'CTG'"}, {"name": "adults", "value": "1"}, {"name": "infants", "value": "0"}], "start": 1762114688667, "stop": 1762114791675, "uuid": "35987337-f1ce-4f44-bd0d-8486663fcc2c", "historyId": "608677af61fc2adbc9c51c9f5155bc87", "testCaseId": "8c0e467863bdfac60f45707e77ada06c", "fullName": "tests.test_login_and_capture#test_oneway_booking_flow", "labels": [{"name": "epic", "value": "Caso 1: Flujo de Booking"}, {"name": "feature", "value": "Solo Ida (One-Way)"}, {"name": "parentSuite", "value": "tests"}, {"name": "suite", "value": "test_login_and_capture"}, {"name": "host", "value": "DESKTOP-O22210J"}, {"name": "thread", "value": "19504-MainThread"}, {"name": "framework", "value": "pytest"}, {"name": "language", "value": "cpython3"}, {"name": "package", "value": "tests.test_login_and_capture"}], "titlePath": ["tests", "test_login_and_capture.py"]}