2025-11-02 23:57:51,224 - INFO - WebDriver inicializado para chrome en https://nuxqa4.avtest.ink/ (SIN PROXY).
2025-11-02 23:57:55,049 - INFO - Navegaci贸n inicial completada.
2025-11-02 23:58:40,155 - ERROR - Timeout esperando el elemento con locator ('xpath', "//button[@aria-label='Cerrar' or @class='close-button' or text()='Aceptar']")
2025-11-02 23:58:40,197 - ERROR - Fallo al hacer clic en Bot贸n de Cierre de Pop-up Inicial ('xpath', "//button[@aria-label='Cerrar' or @class='close-button' or text()='Aceptar']"): Message: 
Stacktrace:
	GetHandleVerifier [0x0x7ff69e07e8e5+80021]
	GetHandleVerifier [0x0x7ff69e07e940+80112]
	(No symbol) [0x0x7ff69de0060f]
	(No symbol) [0x0x7ff69de58854]
	(No symbol) [0x0x7ff69de58b1c]
	(No symbol) [0x0x7ff69deac927]
	(No symbol) [0x0x7ff69de8126f]
	(No symbol) [0x0x7ff69dea968a]
	(No symbol) [0x0x7ff69de81003]
	(No symbol) [0x0x7ff69de495d1]
	(No symbol) [0x0x7ff69de4a3f3]
	GetHandleVerifier [0x0x7ff69e33dc7d+2960429]
	GetHandleVerifier [0x0x7ff69e337f3a+2936554]
	GetHandleVerifier [0x0x7ff69e358977+3070247]
	GetHandleVerifier [0x0x7ff69e0983ce+185214]
	GetHandleVerifier [0x0x7ff69e09fe1f+216527]
	GetHandleVerifier [0x0x7ff69e087b24+117460]
	GetHandleVerifier [0x0x7ff69e087cdf+117903]
	GetHandleVerifier [0x0x7ff69e06dbb8+11112]
	BaseThreadInitThunk [0x0x7ffc92b1259d+29]
	RtlUserThreadStart [0x0x7ffc93c0af78+40]

2025-11-02 23:58:40,197 - INFO - No se encontr贸 el pop-up inicial. Continuamos.
2025-11-02 23:58:40,587 - INFO - Clic: Radio Button Solo Ida ('xpath', "//span[text()='Solo ida']")
2025-11-02 23:58:40,886 - INFO - Clic: Bot贸n Origen (Abre Pop-up) ('id', 'originBtn')
2025-11-02 23:58:41,447 - INFO - Input 'MDE' en: Campo B煤squeda Origen ('id', 'departureStationInputId')
2025-11-02 23:58:42,527 - INFO - Clic: Seleccionar ciudad de Origen: MDE ('id', 'MDE')
2025-11-02 23:58:46,247 - INFO - Input 'SCL' en: Campo B煤squeda Destino ('id', 'arrivalStationInputId')
2025-11-02 23:58:46,641 - INFO - Clic: Seleccionar ciudad de Destino: SCL ('id', 'SCL')
2025-11-02 23:58:50,667 - WARNING - ADVERTENCIA: Fallo al inyectar la fecha (elemento no existe), continuando: Message: javascript error: Cannot set properties of null (setting 'value')
  (Session info: chrome=141.0.7390.123)
Stacktrace:
	GetHandleVerifier [0x0x7ff69e07e8e5+80021]
	GetHandleVerifier [0x0x7ff69e07e940+80112]
	(No symbol) [0x0x7ff69de0060f]
	(No symbol) [0x0x7ff69de0816a]
	(No symbol) [0x0x7ff69de0b5b2]
	(No symbol) [0x0x7ff69deaaa1b]
	(No symbol) [0x0x7ff69de8122a]
	(No symbol) [0x0x7ff69dea968a]
	(No symbol) [0x0x7ff69de81003]
	(No symbol) [0x0x7ff69de495d1]
	(No symbol) [0x0x7ff69de4a3f3]
	GetHandleVerifier [0x0x7ff69e33dc7d+2960429]
	GetHandleVerifier [0x0x7ff69e337f3a+2936554]
	GetHandleVerifier [0x0x7ff69e358977+3070247]
	GetHandleVerifier [0x0x7ff69e0983ce+185214]
	GetHandleVerifier [0x0x7ff69e09fe1f+216527]
	GetHandleVerifier [0x0x7ff69e087b24+117460]
	GetHandleVerifier [0x0x7ff69e087cdf+117903]
	GetHandleVerifier [0x0x7ff69e06dbb8+11112]
	BaseThreadInitThunk [0x0x7ffc92b1259d+29]
	RtlUserThreadStart [0x0x7ffc93c0af78+40]

2025-11-02 23:59:05,684 - WARNING - ADVERTENCIA: Fallo al inyectar adultos (elemento no existe), continuando: Message: javascript error: Cannot set properties of null (setting 'value')
  (Session info: chrome=141.0.7390.123)
Stacktrace:
	GetHandleVerifier [0x0x7ff69e07e8e5+80021]
	GetHandleVerifier [0x0x7ff69e07e940+80112]
	(No symbol) [0x0x7ff69de0060f]
	(No symbol) [0x0x7ff69de0816a]
	(No symbol) [0x0x7ff69de0b5b2]
	(No symbol) [0x0x7ff69deaaa1b]
	(No symbol) [0x0x7ff69de8122a]
	(No symbol) [0x0x7ff69dea968a]
	(No symbol) [0x0x7ff69de81003]
	(No symbol) [0x0x7ff69de495d1]
	(No symbol) [0x0x7ff69de4a3f3]
	GetHandleVerifier [0x0x7ff69e33dc7d+2960429]
	GetHandleVerifier [0x0x7ff69e337f3a+2936554]
	GetHandleVerifier [0x0x7ff69e358977+3070247]
	GetHandleVerifier [0x0x7ff69e0983ce+185214]
	GetHandleVerifier [0x0x7ff69e09fe1f+216527]
	GetHandleVerifier [0x0x7ff69e087b24+117460]
	GetHandleVerifier [0x0x7ff69e087cdf+117903]
	GetHandleVerifier [0x0x7ff69e06dbb8+11112]
	BaseThreadInitThunk [0x0x7ffc92b1259d+29]
	RtlUserThreadStart [0x0x7ffc93c0af78+40]

2025-11-02 23:59:05,695 - WARNING - ADVERTENCIA: Fallo al inyectar infantes (elemento no existe), continuando: Message: javascript error: Cannot set properties of null (setting 'value')
  (Session info: chrome=141.0.7390.123)
Stacktrace:
	GetHandleVerifier [0x0x7ff69e07e8e5+80021]
	GetHandleVerifier [0x0x7ff69e07e940+80112]
	(No symbol) [0x0x7ff69de0060f]
	(No symbol) [0x0x7ff69de0816a]
	(No symbol) [0x0x7ff69de0b5b2]
	(No symbol) [0x0x7ff69deaaa1b]
	(No symbol) [0x0x7ff69de8122a]
	(No symbol) [0x0x7ff69dea968a]
	(No symbol) [0x0x7ff69de81003]
	(No symbol) [0x0x7ff69de495d1]
	(No symbol) [0x0x7ff69de4a3f3]
	GetHandleVerifier [0x0x7ff69e33dc7d+2960429]
	GetHandleVerifier [0x0x7ff69e337f3a+2936554]
	GetHandleVerifier [0x0x7ff69e358977+3070247]
	GetHandleVerifier [0x0x7ff69e0983ce+185214]
	GetHandleVerifier [0x0x7ff69e09fe1f+216527]
	GetHandleVerifier [0x0x7ff69e087b24+117460]
	GetHandleVerifier [0x0x7ff69e087cdf+117903]
	GetHandleVerifier [0x0x7ff69e06dbb8+11112]
	BaseThreadInitThunk [0x0x7ffc92b1259d+29]
	RtlUserThreadStart [0x0x7ffc93c0af78+40]

2025-11-02 23:59:08,986 - INFO - Clic FORZADO (JS) en Bot贸n Buscar Vuelos.
--- Logging error ---
Traceback (most recent call last):
  File "C:\Users\Usuario\AppData\Local\Programs\Python\Python312\Lib\logging\__init__.py", line 1163, in emit
    stream.write(msg + self.terminator)
  File "C:\Users\Usuario\AppData\Local\Programs\Python\Python312\Lib\encodings\cp1252.py", line 19, in encode
    return codecs.charmap_encode(input,self.errors,encoding_table)[0]
           ^^^^^^^^^^^^^^^^^^^^^^^^^^^^^^^^^^^^^^^^^^^^^^^^^^^^^^^
UnicodeEncodeError: 'charmap' codec can't encode character '\U0001f6d1' in position 36: character maps to <undefined>
Call stack:
  File "<frozen runpy>", line 198, in _run_module_as_main
  File "<frozen runpy>", line 88, in _run_code
  File "C:\Users\Usuario\AutomationFramework\venv\Scripts\pytest.exe\__main__.py", line 7, in <module>
    sys.exit(console_main())
  File "C:\Users\Usuario\AutomationFramework\venv\Lib\site-packages\_pytest\config\__init__.py", line 201, in console_main
    code = main()
  File "C:\Users\Usuario\AutomationFramework\venv\Lib\site-packages\_pytest\config\__init__.py", line 175, in main
    ret: ExitCode | int = config.hook.pytest_cmdline_main(config=config)
  File "C:\Users\Usuario\AutomationFramework\venv\Lib\site-packages\pluggy\_hooks.py", line 512, in __call__
    return self._hookexec(self.name, self._hookimpls.copy(), kwargs, firstresult)
  File "C:\Users\Usuario\AutomationFramework\venv\Lib\site-packages\pluggy\_manager.py", line 120, in _hookexec
    return self._inner_hookexec(hook_name, methods, kwargs, firstresult)
  File "C:\Users\Usuario\AutomationFramework\venv\Lib\site-packages\pluggy\_callers.py", line 121, in _multicall
    res = hook_impl.function(*args)
  File "C:\Users\Usuario\AutomationFramework\venv\Lib\site-packages\_pytest\main.py", line 336, in pytest_cmdline_main
    return wrap_session(config, _main)
  File "C:\Users\Usuario\AutomationFramework\venv\Lib\site-packages\_pytest\main.py", line 289, in wrap_session
    session.exitstatus = doit(config, session) or 0
  File "C:\Users\Usuario\AutomationFramework\venv\Lib\site-packages\_pytest\main.py", line 343, in _main
    config.hook.pytest_runtestloop(session=session)
  File "C:\Users\Usuario\AutomationFramework\venv\Lib\site-packages\pluggy\_hooks.py", line 512, in __call__
    return self._hookexec(self.name, self._hookimpls.copy(), kwargs, firstresult)
  File "C:\Users\Usuario\AutomationFramework\venv\Lib\site-packages\pluggy\_manager.py", line 120, in _hookexec
    return self._inner_hookexec(hook_name, methods, kwargs, firstresult)
  File "C:\Users\Usuario\AutomationFramework\venv\Lib\site-packages\pluggy\_callers.py", line 121, in _multicall
    res = hook_impl.function(*args)
  File "C:\Users\Usuario\AutomationFramework\venv\Lib\site-packages\_pytest\main.py", line 367, in pytest_runtestloop
    item.config.hook.pytest_runtest_protocol(item=item, nextitem=nextitem)
  File "C:\Users\Usuario\AutomationFramework\venv\Lib\site-packages\pluggy\_hooks.py", line 512, in __call__
    return self._hookexec(self.name, self._hookimpls.copy(), kwargs, firstresult)
  File "C:\Users\Usuario\AutomationFramework\venv\Lib\site-packages\pluggy\_manager.py", line 120, in _hookexec
    return self._inner_hookexec(hook_name, methods, kwargs, firstresult)
  File "C:\Users\Usuario\AutomationFramework\venv\Lib\site-packages\pluggy\_callers.py", line 121, in _multicall
    res = hook_impl.function(*args)
  File "C:\Users\Usuario\AutomationFramework\venv\Lib\site-packages\_pytest\runner.py", line 117, in pytest_runtest_protocol
    runtestprotocol(item, nextitem=nextitem)
  File "C:\Users\Usuario\AutomationFramework\venv\Lib\site-packages\_pytest\runner.py", line 136, in runtestprotocol
    reports.append(call_and_report(item, "call", log))
  File "C:\Users\Usuario\AutomationFramework\venv\Lib\site-packages\_pytest\runner.py", line 245, in call_and_report
    call = CallInfo.from_call(
  File "C:\Users\Usuario\AutomationFramework\venv\Lib\site-packages\_pytest\runner.py", line 344, in from_call
    result: TResult | None = func()
  File "C:\Users\Usuario\AutomationFramework\venv\Lib\site-packages\_pytest\runner.py", line 246, in <lambda>
    lambda: runtest_hook(item=item, **kwds), when=when, reraise=reraise
  File "C:\Users\Usuario\AutomationFramework\venv\Lib\site-packages\pluggy\_hooks.py", line 512, in __call__
    return self._hookexec(self.name, self._hookimpls.copy(), kwargs, firstresult)
  File "C:\Users\Usuario\AutomationFramework\venv\Lib\site-packages\pluggy\_manager.py", line 120, in _hookexec
    return self._inner_hookexec(hook_name, methods, kwargs, firstresult)
  File "C:\Users\Usuario\AutomationFramework\venv\Lib\site-packages\pluggy\_callers.py", line 121, in _multicall
    res = hook_impl.function(*args)
  File "C:\Users\Usuario\AutomationFramework\venv\Lib\site-packages\_pytest\runner.py", line 178, in pytest_runtest_call
    item.runtest()
  File "C:\Users\Usuario\AutomationFramework\venv\Lib\site-packages\_pytest\python.py", line 1671, in runtest
    self.ihook.pytest_pyfunc_call(pyfuncitem=self)
  File "C:\Users\Usuario\AutomationFramework\venv\Lib\site-packages\pluggy\_hooks.py", line 512, in __call__
    return self._hookexec(self.name, self._hookimpls.copy(), kwargs, firstresult)
  File "C:\Users\Usuario\AutomationFramework\venv\Lib\site-packages\pluggy\_manager.py", line 120, in _hookexec
    return self._inner_hookexec(hook_name, methods, kwargs, firstresult)
  File "C:\Users\Usuario\AutomationFramework\venv\Lib\site-packages\pluggy\_callers.py", line 121, in _multicall
    res = hook_impl.function(*args)
  File "C:\Users\Usuario\AutomationFramework\venv\Lib\site-packages\_pytest\python.py", line 157, in pytest_pyfunc_call
    result = testfunction(**testargs)
  File "C:\Users\Usuario\AutomationFramework\tests\tests\test_booking_oneway.py", line 39, in test_oneway_booking_flow
    home_page.search_flight(origin, destination, "2026-12-01", adults, infants)
  File "C:\Users\Usuario\AutomationFramework\venv\Lib\site-packages\allure_commons\_allure.py", line 202, in impl
    return func(*a, **kw)
  File "C:\Users\Usuario\AutomationFramework\pages\home_page.py", line 132, in search_flight
    logging.warning(" CAPTCHA/Verificaci贸n de Akamai DETECTADA (Asumido). Iniciando pausa manual de 15 segundos.")
Message: ' CAPTCHA/Verificaci贸n de Akamai DETECTADA (Asumido). Iniciando pausa manual de 15 segundos.'
Arguments: ()
2025-11-02 23:59:13,988 - WARNING -  CAPTCHA/Verificaci贸n de Akamai DETECTADA (Asumido). Iniciando pausa manual de 15 segundos.
--- Logging error ---
Traceback (most recent call last):
  File "C:\Users\Usuario\AppData\Local\Programs\Python\Python312\Lib\logging\__init__.py", line 1163, in emit
    stream.write(msg + self.terminator)
  File "C:\Users\Usuario\AppData\Local\Programs\Python\Python312\Lib\encodings\cp1252.py", line 19, in encode
    return codecs.charmap_encode(input,self.errors,encoding_table)[0]
           ^^^^^^^^^^^^^^^^^^^^^^^^^^^^^^^^^^^^^^^^^^^^^^^^^^^^^^^
UnicodeEncodeError: 'charmap' codec can't encode characters in position 36-37: character maps to <undefined>
Call stack:
  File "<frozen runpy>", line 198, in _run_module_as_main
  File "<frozen runpy>", line 88, in _run_code
  File "C:\Users\Usuario\AutomationFramework\venv\Scripts\pytest.exe\__main__.py", line 7, in <module>
    sys.exit(console_main())
  File "C:\Users\Usuario\AutomationFramework\venv\Lib\site-packages\_pytest\config\__init__.py", line 201, in console_main
    code = main()
  File "C:\Users\Usuario\AutomationFramework\venv\Lib\site-packages\_pytest\config\__init__.py", line 175, in main
    ret: ExitCode | int = config.hook.pytest_cmdline_main(config=config)
  File "C:\Users\Usuario\AutomationFramework\venv\Lib\site-packages\pluggy\_hooks.py", line 512, in __call__
    return self._hookexec(self.name, self._hookimpls.copy(), kwargs, firstresult)
  File "C:\Users\Usuario\AutomationFramework\venv\Lib\site-packages\pluggy\_manager.py", line 120, in _hookexec
    return self._inner_hookexec(hook_name, methods, kwargs, firstresult)
  File "C:\Users\Usuario\AutomationFramework\venv\Lib\site-packages\pluggy\_callers.py", line 121, in _multicall
    res = hook_impl.function(*args)
  File "C:\Users\Usuario\AutomationFramework\venv\Lib\site-packages\_pytest\main.py", line 336, in pytest_cmdline_main
    return wrap_session(config, _main)
  File "C:\Users\Usuario\AutomationFramework\venv\Lib\site-packages\_pytest\main.py", line 289, in wrap_session
    session.exitstatus = doit(config, session) or 0
  File "C:\Users\Usuario\AutomationFramework\venv\Lib\site-packages\_pytest\main.py", line 343, in _main
    config.hook.pytest_runtestloop(session=session)
  File "C:\Users\Usuario\AutomationFramework\venv\Lib\site-packages\pluggy\_hooks.py", line 512, in __call__
    return self._hookexec(self.name, self._hookimpls.copy(), kwargs, firstresult)
  File "C:\Users\Usuario\AutomationFramework\venv\Lib\site-packages\pluggy\_manager.py", line 120, in _hookexec
    return self._inner_hookexec(hook_name, methods, kwargs, firstresult)
  File "C:\Users\Usuario\AutomationFramework\venv\Lib\site-packages\pluggy\_callers.py", line 121, in _multicall
    res = hook_impl.function(*args)
  File "C:\Users\Usuario\AutomationFramework\venv\Lib\site-packages\_pytest\main.py", line 367, in pytest_runtestloop
    item.config.hook.pytest_runtest_protocol(item=item, nextitem=nextitem)
  File "C:\Users\Usuario\AutomationFramework\venv\Lib\site-packages\pluggy\_hooks.py", line 512, in __call__
    return self._hookexec(self.name, self._hookimpls.copy(), kwargs, firstresult)
  File "C:\Users\Usuario\AutomationFramework\venv\Lib\site-packages\pluggy\_manager.py", line 120, in _hookexec
    return self._inner_hookexec(hook_name, methods, kwargs, firstresult)
  File "C:\Users\Usuario\AutomationFramework\venv\Lib\site-packages\pluggy\_callers.py", line 121, in _multicall
    res = hook_impl.function(*args)
  File "C:\Users\Usuario\AutomationFramework\venv\Lib\site-packages\_pytest\runner.py", line 117, in pytest_runtest_protocol
    runtestprotocol(item, nextitem=nextitem)
  File "C:\Users\Usuario\AutomationFramework\venv\Lib\site-packages\_pytest\runner.py", line 136, in runtestprotocol
    reports.append(call_and_report(item, "call", log))
  File "C:\Users\Usuario\AutomationFramework\venv\Lib\site-packages\_pytest\runner.py", line 245, in call_and_report
    call = CallInfo.from_call(
  File "C:\Users\Usuario\AutomationFramework\venv\Lib\site-packages\_pytest\runner.py", line 344, in from_call
    result: TResult | None = func()
  File "C:\Users\Usuario\AutomationFramework\venv\Lib\site-packages\_pytest\runner.py", line 246, in <lambda>
    lambda: runtest_hook(item=item, **kwds), when=when, reraise=reraise
  File "C:\Users\Usuario\AutomationFramework\venv\Lib\site-packages\pluggy\_hooks.py", line 512, in __call__
    return self._hookexec(self.name, self._hookimpls.copy(), kwargs, firstresult)
  File "C:\Users\Usuario\AutomationFramework\venv\Lib\site-packages\pluggy\_manager.py", line 120, in _hookexec
    return self._inner_hookexec(hook_name, methods, kwargs, firstresult)
  File "C:\Users\Usuario\AutomationFramework\venv\Lib\site-packages\pluggy\_callers.py", line 121, in _multicall
    res = hook_impl.function(*args)
  File "C:\Users\Usuario\AutomationFramework\venv\Lib\site-packages\_pytest\runner.py", line 178, in pytest_runtest_call
    item.runtest()
  File "C:\Users\Usuario\AutomationFramework\venv\Lib\site-packages\_pytest\python.py", line 1671, in runtest
    self.ihook.pytest_pyfunc_call(pyfuncitem=self)
  File "C:\Users\Usuario\AutomationFramework\venv\Lib\site-packages\pluggy\_hooks.py", line 512, in __call__
    return self._hookexec(self.name, self._hookimpls.copy(), kwargs, firstresult)
  File "C:\Users\Usuario\AutomationFramework\venv\Lib\site-packages\pluggy\_manager.py", line 120, in _hookexec
    return self._inner_hookexec(hook_name, methods, kwargs, firstresult)
  File "C:\Users\Usuario\AutomationFramework\venv\Lib\site-packages\pluggy\_callers.py", line 121, in _multicall
    res = hook_impl.function(*args)
  File "C:\Users\Usuario\AutomationFramework\venv\Lib\site-packages\_pytest\python.py", line 157, in pytest_pyfunc_call
    result = testfunction(**testargs)
  File "C:\Users\Usuario\AutomationFramework\tests\tests\test_booking_oneway.py", line 39, in test_oneway_booking_flow
    home_page.search_flight(origin, destination, "2026-12-01", adults, infants)
  File "C:\Users\Usuario\AutomationFramework\venv\Lib\site-packages\allure_commons\_allure.py", line 202, in impl
    return func(*a, **kw)
  File "C:\Users\Usuario\AutomationFramework\pages\home_page.py", line 133, in search_flight
    logging.warning("★ POR FAVOR, RESUELVA EL CAPTCHA MANUALMENTE AHORA (Haga clic en el checkbox y en Continuar).")
Message: '★ POR FAVOR, RESUELVA EL CAPTCHA MANUALMENTE AHORA (Haga clic en el checkbox y en Continuar).'
Arguments: ()
2025-11-02 23:59:14,041 - WARNING - ★ POR FAVOR, RESUELVA EL CAPTCHA MANUALMENTE AHORA (Haga clic en el checkbox y en Continuar).
2025-11-02 23:59:29,045 - INFO - Pausa manual terminada. El test intentar谩 continuar con la SelectFlightPage...
2025-11-02 23:59:29,047 - INFO - Esperando resultados para MDE a SCL...
2025-11-03 00:00:14,175 - ERROR - Timeout esperando el elemento con locator ('xpath', "//h1[contains(text(), 'Selecciona tu vuelo') or contains(text(), 'Selecci贸n de Vuelo')]")
2025-11-03 00:00:14,175 - ERROR - Fallo funcional en el Caso 1: Message: 
Stacktrace:
	GetHandleVerifier [0x0x7ff69e07e8e5+80021]
	GetHandleVerifier [0x0x7ff69e07e940+80112]
	(No symbol) [0x0x7ff69de0060f]
	(No symbol) [0x0x7ff69de58854]
	(No symbol) [0x0x7ff69de58b1c]
	(No symbol) [0x0x7ff69deac927]
	(No symbol) [0x0x7ff69de8126f]
	(No symbol) [0x0x7ff69dea968a]
	(No symbol) [0x0x7ff69de81003]
	(No symbol) [0x0x7ff69de495d1]
	(No symbol) [0x0x7ff69de4a3f3]
	GetHandleVerifier [0x0x7ff69e33dc7d+2960429]
	GetHandleVerifier [0x0x7ff69e337f3a+2936554]
	GetHandleVerifier [0x0x7ff69e358977+3070247]
	GetHandleVerifier [0x0x7ff69e0983ce+185214]
	GetHandleVerifier [0x0x7ff69e09fe1f+216527]
	GetHandleVerifier [0x0x7ff69e087b24+117460]
	GetHandleVerifier [0x0x7ff69e087cdf+117903]
	GetHandleVerifier [0x0x7ff69e06dbb8+11112]
	BaseThreadInitThunk [0x0x7ffc92b1259d+29]
	RtlUserThreadStart [0x0x7ffc93c0af78+40]

2025-11-03 00:00:14,206 - INFO - Resultado de 'test_oneway_MDE-SCL' insertado en la BD: FAIL
2025-11-03 00:00:14,363 - INFO - Cerrando WebDriver.
2025-11-03 00:00:18,140 - INFO - BrowserMob Proxy detenido.
2025-11-03 00:00:18,151 - INFO - Conexi贸n con 'test_results.db' cerrada.
