{"name": "test_oneway_booking_flow[BOG-CTG-1-0]", "status": "broken", "statusDetails": {"message": "TypeError: DBManager.insert_result() missing 1 required positional argument: 'origin'", "trace": "self = <test_booking_oneway.TestBooking object at 0x000002189D80AF90>\ndriver = <selenium.webdriver.chrome.webdriver.WebDriver (session=\"b76cced5f19b1970c44ea4fdcb32b828\")>\ndb_manager = <db_manager.DBManager object at 0x000002189D898DD0>, origin = 'BOG', destination = 'CTG', adults = 1, infants = 0\n\n    @allure.epic(\"Caso 1: Flujo de Booking\")\n    @allure.feature(\"Solo Ida (One-Way)\")\n    @pytest.mark.parametrize(\"origin, destination, adults, infants\", [\n        (\"BOG\", \"CTG\", 1, 0), # Escenario b谩sico: 1 Adulto\n        (\"MDE\", \"SCL\", 2, 2)  # Escenario con restricci贸n: 2 Adultos y 2 Infantes\n    ])\n    def test_oneway_booking_flow(self, driver, db_manager, origin, destination, adults, infants):\n        \"\"\"\n        Automatiza el flujo completo de booking Solo Ida con validaciones en cada m贸dulo.\n    \n        Hemos optado por la estrategia de ir a la URL est谩tica para saltar el CAPTCHA.\n        \"\"\"\n        start_time = time.time()\n        test_passed = False\n    \n        # 1. Inicializaci贸n de P谩ginas\n        home_page = HomePage(driver)\n        select_flight_page = SelectFlightPage(driver)\n    \n        try:\n            # 2. MDULO HOME: Ejecuci贸n Completa con Pausa Manual OBLIGATORIA\n            # ***************************************************************\n            # Si quieres probar el flujo COMPLETO, descomenta este bloque\n            # home_page.open()\n            # with allure.step(\"M贸dulo HOME: Configuraci贸n de la b煤squeda\"):\n            #     home_page.close_initial_popup()\n            #     home_page.select_one_way()\n            #     # La pausa de 15 segundos para el CAPTCHA est谩 DENTRO de search_flight()\n            #     home_page.search_flight(origin, destination, \"2026-12-01\", adults, infants)\n    \n            # --- NUEVA ESTRATEGIA: SALTAR EL CAPTCHA ---\n            with allure.step(\"M贸dulo HOME: Saltando b煤squeda inestable e yendo a resultados est谩ticos\"):\n                driver.get(self.STATIC_SELECT_URL)\n                time.sleep(5) # Pausa para asegurar la carga inicial de la URL est谩tica\n    \n    \n            # 3. MDULO SELECT FLIGHT: Seleccionar la opci贸n m谩s econ贸mica\n            # ***************************************************************\n            with allure.step(\"M贸dulo SELECT FLIGHT: Seleccionar vuelo econ贸mico\"):\n                #  VALIDACIN: Usamos los datos de la URL est谩tica (BOG a AUC) para la validaci贸n de la p谩gina\n>               select_flight_page.validate_search_results(\"BOG\", \"AUC\")\n\ntests\\tests\\test_booking_oneway.py:59: \n_ _ _ _ _ _ _ _ _ _ _ _ _ _ _ _ _ _ _ _ _ _ _ _ _ _ _ _ _ _ _ _ _ _ _ _ _ _ _ _ _ _ _ _ _ _ _ _ _ _ _ _ _ _ _ _ _ _ _ _ _ _ _ _ _ _ _ _ _ _\npages\\select_flight_page.py:28: in validate_search_results\n    self._wait_for_element(self._HEADER_SEARCH_RESULTS)\npages\\base_page.py:32: in _wait_for_element\n    element = self.wait.until(EC.visibility_of_element_located(locator))\n              ^^^^^^^^^^^^^^^^^^^^^^^^^^^^^^^^^^^^^^^^^^^^^^^^^^^^^^^^^^\n_ _ _ _ _ _ _ _ _ _ _ _ _ _ _ _ _ _ _ _ _ _ _ _ _ _ _ _ _ _ _ _ _ _ _ _ _ _ _ _ _ _ _ _ _ _ _ _ _ _ _ _ _ _ _ _ _ _ _ _ _ _ _ _ _ _ _ _ _ _\n\nself = <selenium.webdriver.support.wait.WebDriverWait (session=\"b76cced5f19b1970c44ea4fdcb32b828\")>\nmethod = <function visibility_of_element_located.<locals>._predicate at 0x000002189D8294E0>, message = ''\n\n    def until(self, method: Callable[[D], Union[Literal[False], T]], message: str = \"\") -> T:\n        \"\"\"Wait until the method returns a value that is not False.\n    \n        Calls the method provided with the driver as an argument until the\n        return value does not evaluate to ``False``.\n    \n        Parameters:\n        -----------\n        method: callable(WebDriver)\n            - A callable object that takes a WebDriver instance as an argument.\n    \n        message: str\n            - Optional message for :exc:`TimeoutException`\n    \n        Return:\n        -------\n        object: T\n            - The result of the last call to `method`\n    \n        Raises:\n        -------\n        TimeoutException\n            - If 'method' does not return a truthy value within the WebDriverWait\n            object's timeout\n    \n        Example:\n        --------\n        >>> from selenium.webdriver.common.by import By\n        >>> from selenium.webdriver.support.ui import WebDriverWait\n        >>> from selenium.webdriver.support import expected_conditions as EC\n    \n        # Wait until an element is visible on the page\n        >>> wait = WebDriverWait(driver, 10)\n        >>> element = wait.until(EC.visibility_of_element_located((By.ID, \"exampleId\")))\n        >>> print(element.text)\n        \"\"\"\n        screen = None\n        stacktrace = None\n    \n        end_time = time.monotonic() + self._timeout\n        while True:\n            try:\n                value = method(self._driver)\n                if value:\n                    return value\n            except self._ignored_exceptions as exc:\n                screen = getattr(exc, \"screen\", None)\n                stacktrace = getattr(exc, \"stacktrace\", None)\n            if time.monotonic() > end_time:\n                break\n            time.sleep(self._poll)\n>       raise TimeoutException(message, screen, stacktrace)\nE       selenium.common.exceptions.TimeoutException: Message: \nE       Stacktrace:\nE       \tGetHandleVerifier [0x0x7ff64763e8e5+80021]\nE       \tGetHandleVerifier [0x0x7ff64763e940+80112]\nE       \t(No symbol) [0x0x7ff6473c060f]\nE       \t(No symbol) [0x0x7ff647418854]\nE       \t(No symbol) [0x0x7ff647418b1c]\nE       \t(No symbol) [0x0x7ff64746c927]\nE       \t(No symbol) [0x0x7ff64744126f]\nE       \t(No symbol) [0x0x7ff64746968a]\nE       \t(No symbol) [0x0x7ff647441003]\nE       \t(No symbol) [0x0x7ff6474095d1]\nE       \t(No symbol) [0x0x7ff64740a3f3]\nE       \tGetHandleVerifier [0x0x7ff6478fdc7d+2960429]\nE       \tGetHandleVerifier [0x0x7ff6478f7f3a+2936554]\nE       \tGetHandleVerifier [0x0x7ff647918977+3070247]\nE       \tGetHandleVerifier [0x0x7ff6476583ce+185214]\nE       \tGetHandleVerifier [0x0x7ff64765fe1f+216527]\nE       \tGetHandleVerifier [0x0x7ff647647b24+117460]\nE       \tGetHandleVerifier [0x0x7ff647647cdf+117903]\nE       \tGetHandleVerifier [0x0x7ff64762dbb8+11112]\nE       \tBaseThreadInitThunk [0x0x7ffc92b1259d+29]\nE       \tRtlUserThreadStart [0x0x7ffc93c0af78+40]\n\nvenv\\Lib\\site-packages\\selenium\\webdriver\\support\\wait.py:138: TimeoutException\n\nDuring handling of the above exception, another exception occurred:\n\nself = <test_booking_oneway.TestBooking object at 0x000002189D80AF90>\ndriver = <selenium.webdriver.chrome.webdriver.WebDriver (session=\"b76cced5f19b1970c44ea4fdcb32b828\")>\ndb_manager = <db_manager.DBManager object at 0x000002189D898DD0>, origin = 'BOG', destination = 'CTG', adults = 1, infants = 0\n\n    @allure.epic(\"Caso 1: Flujo de Booking\")\n    @allure.feature(\"Solo Ida (One-Way)\")\n    @pytest.mark.parametrize(\"origin, destination, adults, infants\", [\n        (\"BOG\", \"CTG\", 1, 0), # Escenario b谩sico: 1 Adulto\n        (\"MDE\", \"SCL\", 2, 2)  # Escenario con restricci贸n: 2 Adultos y 2 Infantes\n    ])\n    def test_oneway_booking_flow(self, driver, db_manager, origin, destination, adults, infants):\n        \"\"\"\n        Automatiza el flujo completo de booking Solo Ida con validaciones en cada m贸dulo.\n    \n        Hemos optado por la estrategia de ir a la URL est谩tica para saltar el CAPTCHA.\n        \"\"\"\n        start_time = time.time()\n        test_passed = False\n    \n        # 1. Inicializaci贸n de P谩ginas\n        home_page = HomePage(driver)\n        select_flight_page = SelectFlightPage(driver)\n    \n        try:\n            # 2. MDULO HOME: Ejecuci贸n Completa con Pausa Manual OBLIGATORIA\n            # ***************************************************************\n            # Si quieres probar el flujo COMPLETO, descomenta este bloque\n            # home_page.open()\n            # with allure.step(\"M贸dulo HOME: Configuraci贸n de la b煤squeda\"):\n            #     home_page.close_initial_popup()\n            #     home_page.select_one_way()\n            #     # La pausa de 15 segundos para el CAPTCHA est谩 DENTRO de search_flight()\n            #     home_page.search_flight(origin, destination, \"2026-12-01\", adults, infants)\n    \n            # --- NUEVA ESTRATEGIA: SALTAR EL CAPTCHA ---\n            with allure.step(\"M贸dulo HOME: Saltando b煤squeda inestable e yendo a resultados est谩ticos\"):\n                driver.get(self.STATIC_SELECT_URL)\n                time.sleep(5) # Pausa para asegurar la carga inicial de la URL est谩tica\n    \n    \n            # 3. MDULO SELECT FLIGHT: Seleccionar la opci贸n m谩s econ贸mica\n            # ***************************************************************\n            with allure.step(\"M贸dulo SELECT FLIGHT: Seleccionar vuelo econ贸mico\"):\n                #  VALIDACIN: Usamos los datos de la URL est谩tica (BOG a AUC) para la validaci贸n de la p谩gina\n                select_flight_page.validate_search_results(\"BOG\", \"AUC\")\n    \n                select_flight_page.select_cheapest_flight()\n    \n            # 4. MDULO FLIGHT DETAILS (Pendiente de implementaci贸n)\n            # with allure.step(\"M贸dulo FLIGHT DETAILS: Ingreso de datos y selecci贸n de asiento\"):\n            #     # flight_details_page.fill_details(...)\n            #     pass\n    \n            # 5. MDULO PASSENGER DETAILS (Pendiente de implementaci贸n)\n            # with allure.step(\"M贸dulo PASSENGER DETAILS: Ingreso de informaci贸n del pasajero\"):\n            #     # passenger_details_page.fill_passenger_data(...)\n            #     pass\n    \n            # Si llega aqu铆 sin errores, el test es exitoso\n            test_passed = True\n    \n        except Exception as e:\n            allure.attach(driver.get_screenshot_as_png(), name=\"Fallo_Funcional\", attachment_type=allure.attachment_type.PNG)\n>           logging.error(f\"Fallo funcional en el Caso 1: {e}\")\n            ^^^^^^^\nE           NameError: name 'logging' is not defined. Did you forget to import 'logging'\n\ntests\\tests\\test_booking_oneway.py:78: NameError\n\nDuring handling of the above exception, another exception occurred:\n\nself = <test_booking_oneway.TestBooking object at 0x000002189D80AF90>\ndriver = <selenium.webdriver.chrome.webdriver.WebDriver (session=\"b76cced5f19b1970c44ea4fdcb32b828\")>\ndb_manager = <db_manager.DBManager object at 0x000002189D898DD0>, origin = 'BOG', destination = 'CTG', adults = 1, infants = 0\n\n    @allure.epic(\"Caso 1: Flujo de Booking\")\n    @allure.feature(\"Solo Ida (One-Way)\")\n    @pytest.mark.parametrize(\"origin, destination, adults, infants\", [\n        (\"BOG\", \"CTG\", 1, 0), # Escenario b谩sico: 1 Adulto\n        (\"MDE\", \"SCL\", 2, 2)  # Escenario con restricci贸n: 2 Adultos y 2 Infantes\n    ])\n    def test_oneway_booking_flow(self, driver, db_manager, origin, destination, adults, infants):\n        \"\"\"\n        Automatiza el flujo completo de booking Solo Ida con validaciones en cada m贸dulo.\n    \n        Hemos optado por la estrategia de ir a la URL est谩tica para saltar el CAPTCHA.\n        \"\"\"\n        start_time = time.time()\n        test_passed = False\n    \n        # 1. Inicializaci贸n de P谩ginas\n        home_page = HomePage(driver)\n        select_flight_page = SelectFlightPage(driver)\n    \n        try:\n            # 2. MDULO HOME: Ejecuci贸n Completa con Pausa Manual OBLIGATORIA\n            # ***************************************************************\n            # Si quieres probar el flujo COMPLETO, descomenta este bloque\n            # home_page.open()\n            # with allure.step(\"M贸dulo HOME: Configuraci贸n de la b煤squeda\"):\n            #     home_page.close_initial_popup()\n            #     home_page.select_one_way()\n            #     # La pausa de 15 segundos para el CAPTCHA est谩 DENTRO de search_flight()\n            #     home_page.search_flight(origin, destination, \"2026-12-01\", adults, infants)\n    \n            # --- NUEVA ESTRATEGIA: SALTAR EL CAPTCHA ---\n            with allure.step(\"M贸dulo HOME: Saltando b煤squeda inestable e yendo a resultados est谩ticos\"):\n                driver.get(self.STATIC_SELECT_URL)\n                time.sleep(5) # Pausa para asegurar la carga inicial de la URL est谩tica\n    \n    \n            # 3. MDULO SELECT FLIGHT: Seleccionar la opci贸n m谩s econ贸mica\n            # ***************************************************************\n            with allure.step(\"M贸dulo SELECT FLIGHT: Seleccionar vuelo econ贸mico\"):\n                #  VALIDACIN: Usamos los datos de la URL est谩tica (BOG a AUC) para la validaci贸n de la p谩gina\n                select_flight_page.validate_search_results(\"BOG\", \"AUC\")\n    \n                select_flight_page.select_cheapest_flight()\n    \n            # 4. MDULO FLIGHT DETAILS (Pendiente de implementaci贸n)\n            # with allure.step(\"M贸dulo FLIGHT DETAILS: Ingreso de datos y selecci贸n de asiento\"):\n            #     # flight_details_page.fill_details(...)\n            #     pass\n    \n            # 5. MDULO PASSENGER DETAILS (Pendiente de implementaci贸n)\n            # with allure.step(\"M贸dulo PASSENGER DETAILS: Ingreso de informaci贸n del pasajero\"):\n            #     # passenger_details_page.fill_passenger_data(...)\n            #     pass\n    \n            # Si llega aqu铆 sin errores, el test es exitoso\n            test_passed = True\n    \n        except Exception as e:\n            allure.attach(driver.get_screenshot_as_png(), name=\"Fallo_Funcional\", attachment_type=allure.attachment_type.PNG)\n            logging.error(f\"Fallo funcional en el Caso 1: {e}\")\n            raise # Re-lanza la excepci贸n para que Pytest marque el test como fallido\n    \n        finally:\n            end_time = time.time()\n            duration = end_time - start_time\n>           db_manager.insert_result(\n                test_name=f\"test_oneway_{origin}-{destination}\",\n                result=\"PASS\" if test_passed else \"FAIL\",\n                duration=duration\n            )\nE           TypeError: DBManager.insert_result() missing 1 required positional argument: 'origin'\n\ntests\\tests\\test_booking_oneway.py:84: TypeError"}, "description": "\n        Automatiza el flujo completo de booking Solo Ida con validaciones en cada m贸dulo.\n        \n        Hemos optado por la estrategia de ir a la URL est谩tica para saltar el CAPTCHA.\n        ", "steps": [{"name": "M贸dulo HOME: Saltando b煤squeda inestable e yendo a resultados est谩ticos", "status": "passed", "start": 1762146932001, "stop": 1762146940594}, {"name": "M贸dulo SELECT FLIGHT: Seleccionar vuelo econ贸mico", "status": "broken", "statusDetails": {"message": "selenium.common.exceptions.TimeoutException: Message: \nStacktrace:\n\tGetHandleVerifier [0x0x7ff64763e8e5+80021]\n\tGetHandleVerifier [0x0x7ff64763e940+80112]\n\t(No symbol) [0x0x7ff6473c060f]\n\t(No symbol) [0x0x7ff647418854]\n\t(No symbol) [0x0x7ff647418b1c]\n\t(No symbol) [0x0x7ff64746c927]\n\t(No symbol) [0x0x7ff64744126f]\n\t(No symbol) [0x0x7ff64746968a]\n\t(No symbol) [0x0x7ff647441003]\n\t(No symbol) [0x0x7ff6474095d1]\n\t(No symbol) [0x0x7ff64740a3f3]\n\tGetHandleVerifier [0x0x7ff6478fdc7d+2960429]\n\tGetHandleVerifier [0x0x7ff6478f7f3a+2936554]\n\tGetHandleVerifier [0x0x7ff647918977+3070247]\n\tGetHandleVerifier [0x0x7ff6476583ce+185214]\n\tGetHandleVerifier [0x0x7ff64765fe1f+216527]\n\tGetHandleVerifier [0x0x7ff647647b24+117460]\n\tGetHandleVerifier [0x0x7ff647647cdf+117903]\n\tGetHandleVerifier [0x0x7ff64762dbb8+11112]\n\tBaseThreadInitThunk [0x0x7ffc92b1259d+29]\n\tRtlUserThreadStart [0x0x7ffc93c0af78+40]\n\n", "trace": "  File \"C:\\Users\\Usuario\\AutomationFramework\\tests\\tests\\test_booking_oneway.py\", line 59, in test_oneway_booking_flow\n    select_flight_page.validate_search_results(\"BOG\", \"AUC\")\n  File \"C:\\Users\\Usuario\\AutomationFramework\\venv\\Lib\\site-packages\\allure_commons\\_allure.py\", line 202, in impl\n    return func(*a, **kw)\n           ^^^^^^^^^^^^^^\n  File \"C:\\Users\\Usuario\\AutomationFramework\\pages\\select_flight_page.py\", line 28, in validate_search_results\n    self._wait_for_element(self._HEADER_SEARCH_RESULTS)\n  File \"C:\\Users\\Usuario\\AutomationFramework\\pages\\base_page.py\", line 32, in _wait_for_element\n    element = self.wait.until(EC.visibility_of_element_located(locator))\n              ^^^^^^^^^^^^^^^^^^^^^^^^^^^^^^^^^^^^^^^^^^^^^^^^^^^^^^^^^^\n  File \"C:\\Users\\Usuario\\AutomationFramework\\venv\\Lib\\site-packages\\selenium\\webdriver\\support\\wait.py\", line 138, in until\n    raise TimeoutException(message, screen, stacktrace)\n"}, "steps": [{"name": "Validar que se cargaron los resultados de b煤squeda", "status": "broken", "statusDetails": {"message": "selenium.common.exceptions.TimeoutException: Message: \nStacktrace:\n\tGetHandleVerifier [0x0x7ff64763e8e5+80021]\n\tGetHandleVerifier [0x0x7ff64763e940+80112]\n\t(No symbol) [0x0x7ff6473c060f]\n\t(No symbol) [0x0x7ff647418854]\n\t(No symbol) [0x0x7ff647418b1c]\n\t(No symbol) [0x0x7ff64746c927]\n\t(No symbol) [0x0x7ff64744126f]\n\t(No symbol) [0x0x7ff64746968a]\n\t(No symbol) [0x0x7ff647441003]\n\t(No symbol) [0x0x7ff6474095d1]\n\t(No symbol) [0x0x7ff64740a3f3]\n\tGetHandleVerifier [0x0x7ff6478fdc7d+2960429]\n\tGetHandleVerifier [0x0x7ff6478f7f3a+2936554]\n\tGetHandleVerifier [0x0x7ff647918977+3070247]\n\tGetHandleVerifier [0x0x7ff6476583ce+185214]\n\tGetHandleVerifier [0x0x7ff64765fe1f+216527]\n\tGetHandleVerifier [0x0x7ff647647b24+117460]\n\tGetHandleVerifier [0x0x7ff647647cdf+117903]\n\tGetHandleVerifier [0x0x7ff64762dbb8+11112]\n\tBaseThreadInitThunk [0x0x7ffc92b1259d+29]\n\tRtlUserThreadStart [0x0x7ffc93c0af78+40]\n\n", "trace": "  File \"C:\\Users\\Usuario\\AutomationFramework\\venv\\Lib\\site-packages\\allure_commons\\_allure.py\", line 202, in impl\n    return func(*a, **kw)\n           ^^^^^^^^^^^^^^\n  File \"C:\\Users\\Usuario\\AutomationFramework\\pages\\select_flight_page.py\", line 28, in validate_search_results\n    self._wait_for_element(self._HEADER_SEARCH_RESULTS)\n  File \"C:\\Users\\Usuario\\AutomationFramework\\pages\\base_page.py\", line 32, in _wait_for_element\n    element = self.wait.until(EC.visibility_of_element_located(locator))\n              ^^^^^^^^^^^^^^^^^^^^^^^^^^^^^^^^^^^^^^^^^^^^^^^^^^^^^^^^^^\n  File \"C:\\Users\\Usuario\\AutomationFramework\\venv\\Lib\\site-packages\\selenium\\webdriver\\support\\wait.py\", line 138, in until\n    raise TimeoutException(message, screen, stacktrace)\n"}, "parameters": [{"name": "origin", "value": "'BOG'"}, {"name": "destination", "value": "'AUC'"}], "start": 1762146940594, "stop": 1762146985641}], "start": 1762146940594, "stop": 1762146985690}], "attachments": [{"name": "Fallo_Funcional", "source": "f62cfbd7-6117-4fd1-b9a3-ab75fdd7162a-attachment.png", "type": "image/png"}, {"name": "log", "source": "0f577fcd-ad16-4a25-9f63-05772db8ee5e-attachment.txt", "type": "text/plain"}, {"name": "stderr", "source": "1aeeeb08-e76e-4a60-a807-d8217f9201fd-attachment.txt", "type": "text/plain"}], "parameters": [{"name": "origin", "value": "'BOG'"}, {"name": "destination", "value": "'CTG'"}, {"name": "adults", "value": "1"}, {"name": "infants", "value": "0"}], "start": 1762146932001, "stop": 1762146985824, "uuid": "3534273b-e9e0-4f95-ab15-40dfefb35c14", "historyId": "904678380c5cf7b54a66d39e6aa90ab9", "testCaseId": "5594a2368502a9d92b5a3d514515969d", "fullName": "tests.tests.test_booking_oneway.TestBooking#test_oneway_booking_flow", "labels": [{"name": "feature", "value": "Solo Ida (One-Way)"}, {"name": "epic", "value": "Caso 1: Flujo de Booking"}, {"name": "parentSuite", "value": "tests.tests"}, {"name": "suite", "value": "test_booking_oneway"}, {"name": "subSuite", "value": "TestBooking"}, {"name": "host", "value": "DESKTOP-O22210J"}, {"name": "thread", "value": "18312-MainThread"}, {"name": "framework", "value": "pytest"}, {"name": "language", "value": "cpython3"}, {"name": "package", "value": "tests.tests.test_booking_oneway"}], "titlePath": ["tests", "tests", "test_booking_oneway.py", "TestBooking"]}