{"name": "test_oneway_booking_flow[BOG-CTG-1-0]", "status": "broken", "statusDetails": {"message": "selenium.common.exceptions.TimeoutException: Message: \nStacktrace:\n\tGetHandleVerifier [0x0x7ff77193e8e5+80021]\n\tGetHandleVerifier [0x0x7ff77193e940+80112]\n\t(No symbol) [0x0x7ff7716c060f]\n\t(No symbol) [0x0x7ff771718854]\n\t(No symbol) [0x0x7ff771718b1c]\n\t(No symbol) [0x0x7ff77176c927]\n\t(No symbol) [0x0x7ff77174126f]\n\t(No symbol) [0x0x7ff77176968a]\n\t(No symbol) [0x0x7ff771741003]\n\t(No symbol) [0x0x7ff7717095d1]\n\t(No symbol) [0x0x7ff77170a3f3]\n\tGetHandleVerifier [0x0x7ff771bfdc7d+2960429]\n\tGetHandleVerifier [0x0x7ff771bf7f3a+2936554]\n\tGetHandleVerifier [0x0x7ff771c18977+3070247]\n\tGetHandleVerifier [0x0x7ff7719583ce+185214]\n\tGetHandleVerifier [0x0x7ff77195fe1f+216527]\n\tGetHandleVerifier [0x0x7ff771947b24+117460]\n\tGetHandleVerifier [0x0x7ff771947cdf+117903]\n\tGetHandleVerifier [0x0x7ff77192dbb8+11112]\n\tBaseThreadInitThunk [0x0x7ffc92b1259d+29]\n\tRtlUserThreadStart [0x0x7ffc93c0af78+40]", "trace": "self = <test_booking_oneway.TestBooking object at 0x000002140593CAD0>\ndriver = <selenium.webdriver.chrome.webdriver.WebDriver (session=\"e83f86fe0739c8947bd2fce82fa992e7\")>\ndb_manager = <db_manager.DBManager object at 0x0000021405C808C0>, origin = 'BOG', destination = 'CTG', adults = 1, infants = 0\n\n    @allure.epic(\"Caso 1: Flujo de Booking\")\n    @allure.feature(\"Solo Ida (One-Way)\")\n    @pytest.mark.parametrize(\"origin, destination, adults, infants\", [\n        (\"BOG\", \"CTG\", 1, 0),  # Escenario básico: 1 Adulto\n        (\"MDE\", \"SCL\", 2, 2)   # Escenario con restricción: 2 Adultos y 2 Infantes\n    ])\n    def test_oneway_booking_flow(self, driver, db_manager, origin, destination, adults, infants):\n        \"\"\"\n        Automatiza el flujo completo de booking Solo Ida con validaciones en cada módulo.\n        \"\"\"\n        start_time = time.time()\n        test_passed = False\n    \n        # 1. Inicialización de Páginas\n        home_page = HomePage(driver)\n        select_flight_page = SelectFlightPage(driver)\n    \n        try:\n            # 2. HOME: Configuración de la búsqueda (DEBE PASAR AHORA)\n            with allure.step(\"Módulo HOME: Configuración de la búsqueda\"):\n                home_page.open()\n                home_page.close_initial_popup()\n                home_page.select_one_way()\n>               home_page.search_flight(origin, destination, \"2026-12-01\", adults, infants)\n\ntests\\tests\\test_booking_oneway.py:39: \n_ _ _ _ _ _ _ _ _ _ _ _ _ _ _ _ _ _ _ _ _ _ _ _ _ _ _ _ _ _ _ _ _ _ _ _ _ _ _ _ _ _ _ _ _ _ _ _ _ _ _ _ _ _ _ _ _ _ _ _ _ _ _ _ _ _ _ _ _ _\npages\\home_page.py:111: in search_flight\n    self._wait_and_send_keys(self._INPUT_DATE_DEPARTURE, date, \"Campo Fecha Salida\")\npages\\base_page.py:60: in _wait_and_send_keys\n    element = self._wait_for_element(locator)\n              ^^^^^^^^^^^^^^^^^^^^^^^^^^^^^^^\npages\\base_page.py:23: in _wait_for_element\n    return self.wait.until(EC.visibility_of_element_located(locator))\n           ^^^^^^^^^^^^^^^^^^^^^^^^^^^^^^^^^^^^^^^^^^^^^^^^^^^^^^^^^^\n_ _ _ _ _ _ _ _ _ _ _ _ _ _ _ _ _ _ _ _ _ _ _ _ _ _ _ _ _ _ _ _ _ _ _ _ _ _ _ _ _ _ _ _ _ _ _ _ _ _ _ _ _ _ _ _ _ _ _ _ _ _ _ _ _ _ _ _ _ _\n\nself = <selenium.webdriver.support.wait.WebDriverWait (session=\"e83f86fe0739c8947bd2fce82fa992e7\")>\nmethod = <function visibility_of_element_located.<locals>._predicate at 0x0000021405D502C0>, message = ''\n\n    def until(self, method: Callable[[D], Union[Literal[False], T]], message: str = \"\") -> T:\n        \"\"\"Wait until the method returns a value that is not False.\n    \n        Calls the method provided with the driver as an argument until the\n        return value does not evaluate to ``False``.\n    \n        Parameters:\n        -----------\n        method: callable(WebDriver)\n            - A callable object that takes a WebDriver instance as an argument.\n    \n        message: str\n            - Optional message for :exc:`TimeoutException`\n    \n        Return:\n        -------\n        object: T\n            - The result of the last call to `method`\n    \n        Raises:\n        -------\n        TimeoutException\n            - If 'method' does not return a truthy value within the WebDriverWait\n            object's timeout\n    \n        Example:\n        --------\n        >>> from selenium.webdriver.common.by import By\n        >>> from selenium.webdriver.support.ui import WebDriverWait\n        >>> from selenium.webdriver.support import expected_conditions as EC\n    \n        # Wait until an element is visible on the page\n        >>> wait = WebDriverWait(driver, 10)\n        >>> element = wait.until(EC.visibility_of_element_located((By.ID, \"exampleId\")))\n        >>> print(element.text)\n        \"\"\"\n        screen = None\n        stacktrace = None\n    \n        end_time = time.monotonic() + self._timeout\n        while True:\n            try:\n                value = method(self._driver)\n                if value:\n                    return value\n            except self._ignored_exceptions as exc:\n                screen = getattr(exc, \"screen\", None)\n                stacktrace = getattr(exc, \"stacktrace\", None)\n            if time.monotonic() > end_time:\n                break\n            time.sleep(self._poll)\n>       raise TimeoutException(message, screen, stacktrace)\nE       selenium.common.exceptions.TimeoutException: Message: \nE       Stacktrace:\nE       \tGetHandleVerifier [0x0x7ff77193e8e5+80021]\nE       \tGetHandleVerifier [0x0x7ff77193e940+80112]\nE       \t(No symbol) [0x0x7ff7716c060f]\nE       \t(No symbol) [0x0x7ff771718854]\nE       \t(No symbol) [0x0x7ff771718b1c]\nE       \t(No symbol) [0x0x7ff77176c927]\nE       \t(No symbol) [0x0x7ff77174126f]\nE       \t(No symbol) [0x0x7ff77176968a]\nE       \t(No symbol) [0x0x7ff771741003]\nE       \t(No symbol) [0x0x7ff7717095d1]\nE       \t(No symbol) [0x0x7ff77170a3f3]\nE       \tGetHandleVerifier [0x0x7ff771bfdc7d+2960429]\nE       \tGetHandleVerifier [0x0x7ff771bf7f3a+2936554]\nE       \tGetHandleVerifier [0x0x7ff771c18977+3070247]\nE       \tGetHandleVerifier [0x0x7ff7719583ce+185214]\nE       \tGetHandleVerifier [0x0x7ff77195fe1f+216527]\nE       \tGetHandleVerifier [0x0x7ff771947b24+117460]\nE       \tGetHandleVerifier [0x0x7ff771947cdf+117903]\nE       \tGetHandleVerifier [0x0x7ff77192dbb8+11112]\nE       \tBaseThreadInitThunk [0x0x7ffc92b1259d+29]\nE       \tRtlUserThreadStart [0x0x7ffc93c0af78+40]\n\nvenv\\Lib\\site-packages\\selenium\\webdriver\\support\\wait.py:138: TimeoutException"}, "description": "\n        Automatiza el flujo completo de booking Solo Ida con validaciones en cada módulo.\n        ", "steps": [{"name": "Módulo HOME: Configuración de la búsqueda", "status": "broken", "statusDetails": {"message": "selenium.common.exceptions.TimeoutException: Message: \nStacktrace:\n\tGetHandleVerifier [0x0x7ff77193e8e5+80021]\n\tGetHandleVerifier [0x0x7ff77193e940+80112]\n\t(No symbol) [0x0x7ff7716c060f]\n\t(No symbol) [0x0x7ff771718854]\n\t(No symbol) [0x0x7ff771718b1c]\n\t(No symbol) [0x0x7ff77176c927]\n\t(No symbol) [0x0x7ff77174126f]\n\t(No symbol) [0x0x7ff77176968a]\n\t(No symbol) [0x0x7ff771741003]\n\t(No symbol) [0x0x7ff7717095d1]\n\t(No symbol) [0x0x7ff77170a3f3]\n\tGetHandleVerifier [0x0x7ff771bfdc7d+2960429]\n\tGetHandleVerifier [0x0x7ff771bf7f3a+2936554]\n\tGetHandleVerifier [0x0x7ff771c18977+3070247]\n\tGetHandleVerifier [0x0x7ff7719583ce+185214]\n\tGetHandleVerifier [0x0x7ff77195fe1f+216527]\n\tGetHandleVerifier [0x0x7ff771947b24+117460]\n\tGetHandleVerifier [0x0x7ff771947cdf+117903]\n\tGetHandleVerifier [0x0x7ff77192dbb8+11112]\n\tBaseThreadInitThunk [0x0x7ffc92b1259d+29]\n\tRtlUserThreadStart [0x0x7ffc93c0af78+40]\n\n", "trace": "  File \"C:\\Users\\Usuario\\AutomationFramework\\tests\\tests\\test_booking_oneway.py\", line 39, in test_oneway_booking_flow\n    home_page.search_flight(origin, destination, \"2026-12-01\", adults, infants)\n  File \"C:\\Users\\Usuario\\AutomationFramework\\venv\\Lib\\site-packages\\allure_commons\\_allure.py\", line 202, in impl\n    return func(*a, **kw)\n           ^^^^^^^^^^^^^^\n  File \"C:\\Users\\Usuario\\AutomationFramework\\pages\\home_page.py\", line 111, in search_flight\n    self._wait_and_send_keys(self._INPUT_DATE_DEPARTURE, date, \"Campo Fecha Salida\")\n  File \"C:\\Users\\Usuario\\AutomationFramework\\pages\\base_page.py\", line 60, in _wait_and_send_keys\n    element = self._wait_for_element(locator)\n              ^^^^^^^^^^^^^^^^^^^^^^^^^^^^^^^\n  File \"C:\\Users\\Usuario\\AutomationFramework\\pages\\base_page.py\", line 23, in _wait_for_element\n    return self.wait.until(EC.visibility_of_element_located(locator))\n           ^^^^^^^^^^^^^^^^^^^^^^^^^^^^^^^^^^^^^^^^^^^^^^^^^^^^^^^^^^\n  File \"C:\\Users\\Usuario\\AutomationFramework\\venv\\Lib\\site-packages\\selenium\\webdriver\\support\\wait.py\", line 138, in until\n    raise TimeoutException(message, screen, stacktrace)\n"}, "steps": [{"name": "Cerrar Pop-up de bienvenida/cookies", "status": "passed", "steps": [{"name": "Hacer clic en: Botón de Cierre de Pop-up Inicial", "status": "broken", "statusDetails": {"message": "selenium.common.exceptions.TimeoutException: Message: \nStacktrace:\n\tGetHandleVerifier [0x0x7ff77193e8e5+80021]\n\tGetHandleVerifier [0x0x7ff77193e940+80112]\n\t(No symbol) [0x0x7ff7716c060f]\n\t(No symbol) [0x0x7ff771718854]\n\t(No symbol) [0x0x7ff771718b1c]\n\t(No symbol) [0x0x7ff77176c927]\n\t(No symbol) [0x0x7ff77174126f]\n\t(No symbol) [0x0x7ff77176968a]\n\t(No symbol) [0x0x7ff771741003]\n\t(No symbol) [0x0x7ff7717095d1]\n\t(No symbol) [0x0x7ff77170a3f3]\n\tGetHandleVerifier [0x0x7ff771bfdc7d+2960429]\n\tGetHandleVerifier [0x0x7ff771bf7f3a+2936554]\n\tGetHandleVerifier [0x0x7ff771c18977+3070247]\n\tGetHandleVerifier [0x0x7ff7719583ce+185214]\n\tGetHandleVerifier [0x0x7ff77195fe1f+216527]\n\tGetHandleVerifier [0x0x7ff771947b24+117460]\n\tGetHandleVerifier [0x0x7ff771947cdf+117903]\n\tGetHandleVerifier [0x0x7ff77192dbb8+11112]\n\tBaseThreadInitThunk [0x0x7ffc92b1259d+29]\n\tRtlUserThreadStart [0x0x7ffc93c0af78+40]\n\n", "trace": "  File \"C:\\Users\\Usuario\\AutomationFramework\\pages\\base_page.py\", line 29, in _wait_and_click\n    element = self._wait_for_element(locator)\n              ^^^^^^^^^^^^^^^^^^^^^^^^^^^^^^^\n  File \"C:\\Users\\Usuario\\AutomationFramework\\pages\\base_page.py\", line 23, in _wait_for_element\n    return self.wait.until(EC.visibility_of_element_located(locator))\n           ^^^^^^^^^^^^^^^^^^^^^^^^^^^^^^^^^^^^^^^^^^^^^^^^^^^^^^^^^^\n  File \"C:\\Users\\Usuario\\AutomationFramework\\venv\\Lib\\site-packages\\selenium\\webdriver\\support\\wait.py\", line 138, in until\n    raise TimeoutException(message, screen, stacktrace)\n"}, "start": 1762137910043, "stop": 1762137955142}], "start": 1762137910043, "stop": 1762137955186}, {"name": "Seleccionar tipo de viaje: Solo Ida", "status": "passed", "steps": [{"name": "Hacer clic en: Radio Button Solo Ida", "status": "passed", "start": 1762137955186, "stop": 1762137956109}], "start": 1762137955186, "stop": 1762137956109}, {"name": "Realizar búsqueda de vuelo de Solo Ida", "status": "broken", "statusDetails": {"message": "selenium.common.exceptions.TimeoutException: Message: \nStacktrace:\n\tGetHandleVerifier [0x0x7ff77193e8e5+80021]\n\tGetHandleVerifier [0x0x7ff77193e940+80112]\n\t(No symbol) [0x0x7ff7716c060f]\n\t(No symbol) [0x0x7ff771718854]\n\t(No symbol) [0x0x7ff771718b1c]\n\t(No symbol) [0x0x7ff77176c927]\n\t(No symbol) [0x0x7ff77174126f]\n\t(No symbol) [0x0x7ff77176968a]\n\t(No symbol) [0x0x7ff771741003]\n\t(No symbol) [0x0x7ff7717095d1]\n\t(No symbol) [0x0x7ff77170a3f3]\n\tGetHandleVerifier [0x0x7ff771bfdc7d+2960429]\n\tGetHandleVerifier [0x0x7ff771bf7f3a+2936554]\n\tGetHandleVerifier [0x0x7ff771c18977+3070247]\n\tGetHandleVerifier [0x0x7ff7719583ce+185214]\n\tGetHandleVerifier [0x0x7ff77195fe1f+216527]\n\tGetHandleVerifier [0x0x7ff771947b24+117460]\n\tGetHandleVerifier [0x0x7ff771947cdf+117903]\n\tGetHandleVerifier [0x0x7ff77192dbb8+11112]\n\tBaseThreadInitThunk [0x0x7ffc92b1259d+29]\n\tRtlUserThreadStart [0x0x7ffc93c0af78+40]\n\n", "trace": "  File \"C:\\Users\\Usuario\\AutomationFramework\\venv\\Lib\\site-packages\\allure_commons\\_allure.py\", line 202, in impl\n    return func(*a, **kw)\n           ^^^^^^^^^^^^^^\n  File \"C:\\Users\\Usuario\\AutomationFramework\\pages\\home_page.py\", line 111, in search_flight\n    self._wait_and_send_keys(self._INPUT_DATE_DEPARTURE, date, \"Campo Fecha Salida\")\n  File \"C:\\Users\\Usuario\\AutomationFramework\\pages\\base_page.py\", line 60, in _wait_and_send_keys\n    element = self._wait_for_element(locator)\n              ^^^^^^^^^^^^^^^^^^^^^^^^^^^^^^^\n  File \"C:\\Users\\Usuario\\AutomationFramework\\pages\\base_page.py\", line 23, in _wait_for_element\n    return self.wait.until(EC.visibility_of_element_located(locator))\n           ^^^^^^^^^^^^^^^^^^^^^^^^^^^^^^^^^^^^^^^^^^^^^^^^^^^^^^^^^^\n  File \"C:\\Users\\Usuario\\AutomationFramework\\venv\\Lib\\site-packages\\selenium\\webdriver\\support\\wait.py\", line 138, in until\n    raise TimeoutException(message, screen, stacktrace)\n"}, "steps": [{"name": "Hacer clic en: Botón Origen (Abre Pop-up)", "status": "passed", "start": 1762137956109, "stop": 1762137956931}, {"name": "Ingresar texto 'BOG' en: Campo Búsqueda Origen", "status": "passed", "start": 1762137956931, "stop": 1762137957740}, {"name": "Hacer clic en: Seleccionar ciudad de Origen: BOG", "status": "passed", "start": 1762137957740, "stop": 1762137959384}, {"name": "Ingresar texto 'CTG' en: Campo Búsqueda Destino", "status": "passed", "start": 1762137962885, "stop": 1762137963599}, {"name": "Hacer clic en: Seleccionar ciudad de Destino: CTG", "status": "passed", "start": 1762137963599, "stop": 1762137964354}, {"name": "Ingresar texto '2026-12-01' en: Campo Fecha Salida", "status": "broken", "statusDetails": {"message": "selenium.common.exceptions.TimeoutException: Message: \nStacktrace:\n\tGetHandleVerifier [0x0x7ff77193e8e5+80021]\n\tGetHandleVerifier [0x0x7ff77193e940+80112]\n\t(No symbol) [0x0x7ff7716c060f]\n\t(No symbol) [0x0x7ff771718854]\n\t(No symbol) [0x0x7ff771718b1c]\n\t(No symbol) [0x0x7ff77176c927]\n\t(No symbol) [0x0x7ff77174126f]\n\t(No symbol) [0x0x7ff77176968a]\n\t(No symbol) [0x0x7ff771741003]\n\t(No symbol) [0x0x7ff7717095d1]\n\t(No symbol) [0x0x7ff77170a3f3]\n\tGetHandleVerifier [0x0x7ff771bfdc7d+2960429]\n\tGetHandleVerifier [0x0x7ff771bf7f3a+2936554]\n\tGetHandleVerifier [0x0x7ff771c18977+3070247]\n\tGetHandleVerifier [0x0x7ff7719583ce+185214]\n\tGetHandleVerifier [0x0x7ff77195fe1f+216527]\n\tGetHandleVerifier [0x0x7ff771947b24+117460]\n\tGetHandleVerifier [0x0x7ff771947cdf+117903]\n\tGetHandleVerifier [0x0x7ff77192dbb8+11112]\n\tBaseThreadInitThunk [0x0x7ffc92b1259d+29]\n\tRtlUserThreadStart [0x0x7ffc93c0af78+40]\n\n", "trace": "  File \"C:\\Users\\Usuario\\AutomationFramework\\pages\\base_page.py\", line 60, in _wait_and_send_keys\n    element = self._wait_for_element(locator)\n              ^^^^^^^^^^^^^^^^^^^^^^^^^^^^^^^\n  File \"C:\\Users\\Usuario\\AutomationFramework\\pages\\base_page.py\", line 23, in _wait_for_element\n    return self.wait.until(EC.visibility_of_element_located(locator))\n           ^^^^^^^^^^^^^^^^^^^^^^^^^^^^^^^^^^^^^^^^^^^^^^^^^^^^^^^^^^\n  File \"C:\\Users\\Usuario\\AutomationFramework\\venv\\Lib\\site-packages\\selenium\\webdriver\\support\\wait.py\", line 138, in until\n    raise TimeoutException(message, screen, stacktrace)\n"}, "start": 1762137968354, "stop": 1762138013381}], "parameters": [{"name": "origin", "value": "'BOG'"}, {"name": "destination", "value": "'CTG'"}, {"name": "date", "value": "'2026-12-01'"}, {"name": "adults", "value": "1"}, {"name": "infants", "value": "0"}], "start": 1762137956109, "stop": 1762138013381}], "start": 1762137904846, "stop": 1762138013423}], "attachments": [{"name": "log", "source": "4ba29424-a250-421b-9d01-ed2648d23549-attachment.txt", "type": "text/plain"}, {"name": "stderr", "source": "509a26f5-722a-4585-ba09-c1b4046dd2ab-attachment.txt", "type": "text/plain"}], "parameters": [{"name": "origin", "value": "'BOG'"}, {"name": "destination", "value": "'CTG'"}, {"name": "adults", "value": "1"}, {"name": "infants", "value": "0"}], "start": 1762137904846, "stop": 1762138013452, "uuid": "02ce1392-ec68-47bf-ac06-4f38ec12d198", "historyId": "904678380c5cf7b54a66d39e6aa90ab9", "testCaseId": "5594a2368502a9d92b5a3d514515969d", "fullName": "tests.tests.test_booking_oneway.TestBooking#test_oneway_booking_flow", "labels": [{"name": "epic", "value": "Caso 1: Flujo de Booking"}, {"name": "feature", "value": "Solo Ida (One-Way)"}, {"name": "suite", "value": "Flujos de Booking"}, {"name": "parentSuite", "value": "tests.tests"}, {"name": "subSuite", "value": "TestBooking"}, {"name": "host", "value": "DESKTOP-O22210J"}, {"name": "thread", "value": "10460-MainThread"}, {"name": "framework", "value": "pytest"}, {"name": "language", "value": "cpython3"}, {"name": "package", "value": "tests.tests.test_booking_oneway"}], "titlePath": ["tests", "tests", "test_booking_oneway.py", "TestBooking"]}