{"name": "test_oneway_booking_flow[BOG-CTG-1-0]", "status": "broken", "statusDetails": {"message": "selenium.common.exceptions.TimeoutException: Message: \nStacktrace:\n\tGetHandleVerifier [0x0x7ff710ece8e5+80021]\n\tGetHandleVerifier [0x0x7ff710ece940+80112]\n\t(No symbol) [0x0x7ff710c5060f]\n\t(No symbol) [0x0x7ff710ca8854]\n\t(No symbol) [0x0x7ff710ca8b1c]\n\t(No symbol) [0x0x7ff710cfc927]\n\t(No symbol) [0x0x7ff710cd126f]\n\t(No symbol) [0x0x7ff710cf968a]\n\t(No symbol) [0x0x7ff710cd1003]\n\t(No symbol) [0x0x7ff710c995d1]\n\t(No symbol) [0x0x7ff710c9a3f3]\n\tGetHandleVerifier [0x0x7ff71118dc7d+2960429]\n\tGetHandleVerifier [0x0x7ff711187f3a+2936554]\n\tGetHandleVerifier [0x0x7ff7111a8977+3070247]\n\tGetHandleVerifier [0x0x7ff710ee83ce+185214]\n\tGetHandleVerifier [0x0x7ff710eefe1f+216527]\n\tGetHandleVerifier [0x0x7ff710ed7b24+117460]\n\tGetHandleVerifier [0x0x7ff710ed7cdf+117903]\n\tGetHandleVerifier [0x0x7ff710ebdbb8+11112]\n\tBaseThreadInitThunk [0x0x7ffc92b1259d+29]\n\tRtlUserThreadStart [0x0x7ffc93c0af78+40]", "trace": "driver = <selenium.webdriver.chrome.webdriver.WebDriver (session=\"b56fa5202e8b5251b9b6d56828e69665\")>\ndb_manager = <db_manager.DBManager object at 0x000001D19B67E480>, origin = 'BOG', destination = 'CTG', adults = 1, infants = 0\n\n    @allure.epic(\"Caso 1: Flujo de Booking\")\n    @allure.feature(\"Solo Ida (One-Way)\")\n    @pytest.mark.parametrize(\"origin, destination, adults, infants\", [\n        (\"BOG\", \"CTG\", 1, 0),  # Escenario básico: 1 Adulto\n        (\"MDE\", \"SCL\", 2, 2)   # Escenario con restricción: 2 Adultos y 2 Infantes\n    ])\n    def test_oneway_booking_flow(driver, db_manager, origin, destination, adults, infants):\n        \"\"\"\n        Automatiza el flujo completo de booking Solo Ida con validaciones en cada módulo.\n        \"\"\"\n        start_time = time.time()\n        test_passed = False\n    \n        # 1. Inicialización de Páginas\n        home_page = HomePage(driver)\n    \n        try:\n            # 2. HOME: Validar selección de idioma, origen, destino y selección de pasajeros.\n            with allure.step(\"Módulo HOME: Configuración de la búsqueda\"):\n                home_page.open()\n    \n                # Intenta cerrar el pop-up que bloquea la página\n                home_page.close_initial_popup()\n    \n                # --- Configuración de Vuelo ---\n                home_page.select_one_way()\n>               home_page.search_flight(origin, destination, \"2026-12-01\", adults, infants)\n\ntests\\test_login_and_capture.py:37: \n_ _ _ _ _ _ _ _ _ _ _ _ _ _ _ _ _ _ _ _ _ _ _ _ _ _ _ _ _ _ _ _ _ _ _ _ _ _ _ _ _ _ _ _ _ _ _ _ _ _ _ _ _ _ _ _ _ _ _ _ _ _ _ _ _ _ _ _ _ _\npages\\home_page.py:93: in search_flight\n    self._wait_and_click(self._BUTTON_DESTINATION, \"Botón Destino (Abre Pop-up)\")\npages\\base_page.py:30: in _wait_and_click\n    element = self._wait_for_element(locator)\n              ^^^^^^^^^^^^^^^^^^^^^^^^^^^^^^^\npages\\base_page.py:24: in _wait_for_element\n    return self.wait.until(EC.visibility_of_element_located(locator))\n           ^^^^^^^^^^^^^^^^^^^^^^^^^^^^^^^^^^^^^^^^^^^^^^^^^^^^^^^^^^\n_ _ _ _ _ _ _ _ _ _ _ _ _ _ _ _ _ _ _ _ _ _ _ _ _ _ _ _ _ _ _ _ _ _ _ _ _ _ _ _ _ _ _ _ _ _ _ _ _ _ _ _ _ _ _ _ _ _ _ _ _ _ _ _ _ _ _ _ _ _\n\nself = <selenium.webdriver.support.wait.WebDriverWait (session=\"b56fa5202e8b5251b9b6d56828e69665\")>\nmethod = <function visibility_of_element_located.<locals>._predicate at 0x000001D19B5796C0>, message = ''\n\n    def until(self, method: Callable[[D], Union[Literal[False], T]], message: str = \"\") -> T:\n        \"\"\"Wait until the method returns a value that is not False.\n    \n        Calls the method provided with the driver as an argument until the\n        return value does not evaluate to ``False``.\n    \n        Parameters:\n        -----------\n        method: callable(WebDriver)\n            - A callable object that takes a WebDriver instance as an argument.\n    \n        message: str\n            - Optional message for :exc:`TimeoutException`\n    \n        Return:\n        -------\n        object: T\n            - The result of the last call to `method`\n    \n        Raises:\n        -------\n        TimeoutException\n            - If 'method' does not return a truthy value within the WebDriverWait\n            object's timeout\n    \n        Example:\n        --------\n        >>> from selenium.webdriver.common.by import By\n        >>> from selenium.webdriver.support.ui import WebDriverWait\n        >>> from selenium.webdriver.support import expected_conditions as EC\n    \n        # Wait until an element is visible on the page\n        >>> wait = WebDriverWait(driver, 10)\n        >>> element = wait.until(EC.visibility_of_element_located((By.ID, \"exampleId\")))\n        >>> print(element.text)\n        \"\"\"\n        screen = None\n        stacktrace = None\n    \n        end_time = time.monotonic() + self._timeout\n        while True:\n            try:\n                value = method(self._driver)\n                if value:\n                    return value\n            except self._ignored_exceptions as exc:\n                screen = getattr(exc, \"screen\", None)\n                stacktrace = getattr(exc, \"stacktrace\", None)\n            if time.monotonic() > end_time:\n                break\n            time.sleep(self._poll)\n>       raise TimeoutException(message, screen, stacktrace)\nE       selenium.common.exceptions.TimeoutException: Message: \nE       Stacktrace:\nE       \tGetHandleVerifier [0x0x7ff710ece8e5+80021]\nE       \tGetHandleVerifier [0x0x7ff710ece940+80112]\nE       \t(No symbol) [0x0x7ff710c5060f]\nE       \t(No symbol) [0x0x7ff710ca8854]\nE       \t(No symbol) [0x0x7ff710ca8b1c]\nE       \t(No symbol) [0x0x7ff710cfc927]\nE       \t(No symbol) [0x0x7ff710cd126f]\nE       \t(No symbol) [0x0x7ff710cf968a]\nE       \t(No symbol) [0x0x7ff710cd1003]\nE       \t(No symbol) [0x0x7ff710c995d1]\nE       \t(No symbol) [0x0x7ff710c9a3f3]\nE       \tGetHandleVerifier [0x0x7ff71118dc7d+2960429]\nE       \tGetHandleVerifier [0x0x7ff711187f3a+2936554]\nE       \tGetHandleVerifier [0x0x7ff7111a8977+3070247]\nE       \tGetHandleVerifier [0x0x7ff710ee83ce+185214]\nE       \tGetHandleVerifier [0x0x7ff710eefe1f+216527]\nE       \tGetHandleVerifier [0x0x7ff710ed7b24+117460]\nE       \tGetHandleVerifier [0x0x7ff710ed7cdf+117903]\nE       \tGetHandleVerifier [0x0x7ff710ebdbb8+11112]\nE       \tBaseThreadInitThunk [0x0x7ffc92b1259d+29]\nE       \tRtlUserThreadStart [0x0x7ffc93c0af78+40]\n\nvenv\\Lib\\site-packages\\selenium\\webdriver\\support\\wait.py:138: TimeoutException"}, "description": "\n    Automatiza el flujo completo de booking Solo Ida con validaciones en cada módulo.\n    ", "steps": [{"name": "Módulo HOME: Configuración de la búsqueda", "status": "broken", "statusDetails": {"message": "selenium.common.exceptions.TimeoutException: Message: \nStacktrace:\n\tGetHandleVerifier [0x0x7ff710ece8e5+80021]\n\tGetHandleVerifier [0x0x7ff710ece940+80112]\n\t(No symbol) [0x0x7ff710c5060f]\n\t(No symbol) [0x0x7ff710ca8854]\n\t(No symbol) [0x0x7ff710ca8b1c]\n\t(No symbol) [0x0x7ff710cfc927]\n\t(No symbol) [0x0x7ff710cd126f]\n\t(No symbol) [0x0x7ff710cf968a]\n\t(No symbol) [0x0x7ff710cd1003]\n\t(No symbol) [0x0x7ff710c995d1]\n\t(No symbol) [0x0x7ff710c9a3f3]\n\tGetHandleVerifier [0x0x7ff71118dc7d+2960429]\n\tGetHandleVerifier [0x0x7ff711187f3a+2936554]\n\tGetHandleVerifier [0x0x7ff7111a8977+3070247]\n\tGetHandleVerifier [0x0x7ff710ee83ce+185214]\n\tGetHandleVerifier [0x0x7ff710eefe1f+216527]\n\tGetHandleVerifier [0x0x7ff710ed7b24+117460]\n\tGetHandleVerifier [0x0x7ff710ed7cdf+117903]\n\tGetHandleVerifier [0x0x7ff710ebdbb8+11112]\n\tBaseThreadInitThunk [0x0x7ffc92b1259d+29]\n\tRtlUserThreadStart [0x0x7ffc93c0af78+40]\n\n", "trace": "  File \"C:\\Users\\Usuario\\AutomationFramework\\tests\\test_login_and_capture.py\", line 37, in test_oneway_booking_flow\n    home_page.search_flight(origin, destination, \"2026-12-01\", adults, infants)\n  File \"C:\\Users\\Usuario\\AutomationFramework\\venv\\Lib\\site-packages\\allure_commons\\_allure.py\", line 202, in impl\n    return func(*a, **kw)\n           ^^^^^^^^^^^^^^\n  File \"C:\\Users\\Usuario\\AutomationFramework\\pages\\home_page.py\", line 93, in search_flight\n    self._wait_and_click(self._BUTTON_DESTINATION, \"Botón Destino (Abre Pop-up)\")\n  File \"C:\\Users\\Usuario\\AutomationFramework\\pages\\base_page.py\", line 30, in _wait_and_click\n    element = self._wait_for_element(locator)\n              ^^^^^^^^^^^^^^^^^^^^^^^^^^^^^^^\n  File \"C:\\Users\\Usuario\\AutomationFramework\\pages\\base_page.py\", line 24, in _wait_for_element\n    return self.wait.until(EC.visibility_of_element_located(locator))\n           ^^^^^^^^^^^^^^^^^^^^^^^^^^^^^^^^^^^^^^^^^^^^^^^^^^^^^^^^^^\n  File \"C:\\Users\\Usuario\\AutomationFramework\\venv\\Lib\\site-packages\\selenium\\webdriver\\support\\wait.py\", line 138, in until\n    raise TimeoutException(message, screen, stacktrace)\n"}, "steps": [{"name": "Cerrar Pop-up de bienvenida/cookies", "status": "passed", "steps": [{"name": "Hacer clic en: Botón de Cierre de Pop-up Inicial", "status": "broken", "statusDetails": {"message": "selenium.common.exceptions.TimeoutException: Message: \nStacktrace:\n\tGetHandleVerifier [0x0x7ff710ece8e5+80021]\n\tGetHandleVerifier [0x0x7ff710ece940+80112]\n\t(No symbol) [0x0x7ff710c5060f]\n\t(No symbol) [0x0x7ff710ca8854]\n\t(No symbol) [0x0x7ff710ca8b1c]\n\t(No symbol) [0x0x7ff710cfc927]\n\t(No symbol) [0x0x7ff710cd126f]\n\t(No symbol) [0x0x7ff710cf968a]\n\t(No symbol) [0x0x7ff710cd1003]\n\t(No symbol) [0x0x7ff710c995d1]\n\t(No symbol) [0x0x7ff710c9a3f3]\n\tGetHandleVerifier [0x0x7ff71118dc7d+2960429]\n\tGetHandleVerifier [0x0x7ff711187f3a+2936554]\n\tGetHandleVerifier [0x0x7ff7111a8977+3070247]\n\tGetHandleVerifier [0x0x7ff710ee83ce+185214]\n\tGetHandleVerifier [0x0x7ff710eefe1f+216527]\n\tGetHandleVerifier [0x0x7ff710ed7b24+117460]\n\tGetHandleVerifier [0x0x7ff710ed7cdf+117903]\n\tGetHandleVerifier [0x0x7ff710ebdbb8+11112]\n\tBaseThreadInitThunk [0x0x7ffc92b1259d+29]\n\tRtlUserThreadStart [0x0x7ffc93c0af78+40]\n\n", "trace": "  File \"C:\\Users\\Usuario\\AutomationFramework\\pages\\base_page.py\", line 30, in _wait_and_click\n    element = self._wait_for_element(locator)\n              ^^^^^^^^^^^^^^^^^^^^^^^^^^^^^^^\n  File \"C:\\Users\\Usuario\\AutomationFramework\\pages\\base_page.py\", line 24, in _wait_for_element\n    return self.wait.until(EC.visibility_of_element_located(locator))\n           ^^^^^^^^^^^^^^^^^^^^^^^^^^^^^^^^^^^^^^^^^^^^^^^^^^^^^^^^^^\n  File \"C:\\Users\\Usuario\\AutomationFramework\\venv\\Lib\\site-packages\\selenium\\webdriver\\support\\wait.py\", line 138, in until\n    raise TimeoutException(message, screen, stacktrace)\n"}, "start": 1762116164274, "stop": 1762116209589}], "start": 1762116164274, "stop": 1762116209624}, {"name": "Seleccionar tipo de viaje: Solo Ida", "status": "passed", "steps": [{"name": "Hacer clic en: Radio Button Solo Ida", "status": "passed", "start": 1762116209626, "stop": 1762116210561}], "start": 1762116209626, "stop": 1762116210561}, {"name": "Realizar búsqueda de vuelo de Solo Ida", "status": "broken", "statusDetails": {"message": "selenium.common.exceptions.TimeoutException: Message: \nStacktrace:\n\tGetHandleVerifier [0x0x7ff710ece8e5+80021]\n\tGetHandleVerifier [0x0x7ff710ece940+80112]\n\t(No symbol) [0x0x7ff710c5060f]\n\t(No symbol) [0x0x7ff710ca8854]\n\t(No symbol) [0x0x7ff710ca8b1c]\n\t(No symbol) [0x0x7ff710cfc927]\n\t(No symbol) [0x0x7ff710cd126f]\n\t(No symbol) [0x0x7ff710cf968a]\n\t(No symbol) [0x0x7ff710cd1003]\n\t(No symbol) [0x0x7ff710c995d1]\n\t(No symbol) [0x0x7ff710c9a3f3]\n\tGetHandleVerifier [0x0x7ff71118dc7d+2960429]\n\tGetHandleVerifier [0x0x7ff711187f3a+2936554]\n\tGetHandleVerifier [0x0x7ff7111a8977+3070247]\n\tGetHandleVerifier [0x0x7ff710ee83ce+185214]\n\tGetHandleVerifier [0x0x7ff710eefe1f+216527]\n\tGetHandleVerifier [0x0x7ff710ed7b24+117460]\n\tGetHandleVerifier [0x0x7ff710ed7cdf+117903]\n\tGetHandleVerifier [0x0x7ff710ebdbb8+11112]\n\tBaseThreadInitThunk [0x0x7ffc92b1259d+29]\n\tRtlUserThreadStart [0x0x7ffc93c0af78+40]\n\n", "trace": "  File \"C:\\Users\\Usuario\\AutomationFramework\\venv\\Lib\\site-packages\\allure_commons\\_allure.py\", line 202, in impl\n    return func(*a, **kw)\n           ^^^^^^^^^^^^^^\n  File \"C:\\Users\\Usuario\\AutomationFramework\\pages\\home_page.py\", line 93, in search_flight\n    self._wait_and_click(self._BUTTON_DESTINATION, \"Botón Destino (Abre Pop-up)\")\n  File \"C:\\Users\\Usuario\\AutomationFramework\\pages\\base_page.py\", line 30, in _wait_and_click\n    element = self._wait_for_element(locator)\n              ^^^^^^^^^^^^^^^^^^^^^^^^^^^^^^^\n  File \"C:\\Users\\Usuario\\AutomationFramework\\pages\\base_page.py\", line 24, in _wait_for_element\n    return self.wait.until(EC.visibility_of_element_located(locator))\n           ^^^^^^^^^^^^^^^^^^^^^^^^^^^^^^^^^^^^^^^^^^^^^^^^^^^^^^^^^^\n  File \"C:\\Users\\Usuario\\AutomationFramework\\venv\\Lib\\site-packages\\selenium\\webdriver\\support\\wait.py\", line 138, in until\n    raise TimeoutException(message, screen, stacktrace)\n"}, "steps": [{"name": "Hacer clic en: Botón Origen (Abre Pop-up)", "status": "passed", "start": 1762116210561, "stop": 1762116211360}, {"name": "Ingresar texto 'BOG' en: Campo Búsqueda Origen", "status": "passed", "start": 1762116211360, "stop": 1762116212181}, {"name": "Hacer clic en: Seleccionar ciudad de Origen: BOG", "status": "passed", "start": 1762116212181, "stop": 1762116213695}, {"name": "Hacer clic en: Botón Destino (Abre Pop-up)", "status": "broken", "statusDetails": {"message": "selenium.common.exceptions.TimeoutException: Message: \nStacktrace:\n\tGetHandleVerifier [0x0x7ff710ece8e5+80021]\n\tGetHandleVerifier [0x0x7ff710ece940+80112]\n\t(No symbol) [0x0x7ff710c5060f]\n\t(No symbol) [0x0x7ff710ca8854]\n\t(No symbol) [0x0x7ff710ca8b1c]\n\t(No symbol) [0x0x7ff710cfc927]\n\t(No symbol) [0x0x7ff710cd126f]\n\t(No symbol) [0x0x7ff710cf968a]\n\t(No symbol) [0x0x7ff710cd1003]\n\t(No symbol) [0x0x7ff710c995d1]\n\t(No symbol) [0x0x7ff710c9a3f3]\n\tGetHandleVerifier [0x0x7ff71118dc7d+2960429]\n\tGetHandleVerifier [0x0x7ff711187f3a+2936554]\n\tGetHandleVerifier [0x0x7ff7111a8977+3070247]\n\tGetHandleVerifier [0x0x7ff710ee83ce+185214]\n\tGetHandleVerifier [0x0x7ff710eefe1f+216527]\n\tGetHandleVerifier [0x0x7ff710ed7b24+117460]\n\tGetHandleVerifier [0x0x7ff710ed7cdf+117903]\n\tGetHandleVerifier [0x0x7ff710ebdbb8+11112]\n\tBaseThreadInitThunk [0x0x7ffc92b1259d+29]\n\tRtlUserThreadStart [0x0x7ffc93c0af78+40]\n\n", "trace": "  File \"C:\\Users\\Usuario\\AutomationFramework\\pages\\base_page.py\", line 30, in _wait_and_click\n    element = self._wait_for_element(locator)\n              ^^^^^^^^^^^^^^^^^^^^^^^^^^^^^^^\n  File \"C:\\Users\\Usuario\\AutomationFramework\\pages\\base_page.py\", line 24, in _wait_for_element\n    return self.wait.until(EC.visibility_of_element_located(locator))\n           ^^^^^^^^^^^^^^^^^^^^^^^^^^^^^^^^^^^^^^^^^^^^^^^^^^^^^^^^^^\n  File \"C:\\Users\\Usuario\\AutomationFramework\\venv\\Lib\\site-packages\\selenium\\webdriver\\support\\wait.py\", line 138, in until\n    raise TimeoutException(message, screen, stacktrace)\n"}, "start": 1762116213695, "stop": 1762116258729}], "parameters": [{"name": "origin", "value": "'BOG'"}, {"name": "destination", "value": "'CTG'"}, {"name": "date", "value": "'2026-12-01'"}, {"name": "adults", "value": "1"}, {"name": "infants", "value": "0"}], "start": 1762116210561, "stop": 1762116258731}], "start": 1762116159624, "stop": 1762116258735}], "attachments": [{"name": "log", "source": "fed9c5e5-2f37-4c4a-b5de-afa9a7d1ed64-attachment.txt", "type": "text/plain"}, {"name": "stderr", "source": "621c089b-f9e9-4911-84a3-272a657c3437-attachment.txt", "type": "text/plain"}], "parameters": [{"name": "origin", "value": "'BOG'"}, {"name": "destination", "value": "'CTG'"}, {"name": "adults", "value": "1"}, {"name": "infants", "value": "0"}], "start": 1762116159620, "stop": 1762116258760, "uuid": "1bf8f4a4-e721-4c14-8b8c-28302fdf3393", "historyId": "608677af61fc2adbc9c51c9f5155bc87", "testCaseId": "8c0e467863bdfac60f45707e77ada06c", "fullName": "tests.test_login_and_capture#test_oneway_booking_flow", "labels": [{"name": "feature", "value": "Solo Ida (One-Way)"}, {"name": "epic", "value": "Caso 1: Flujo de Booking"}, {"name": "parentSuite", "value": "tests"}, {"name": "suite", "value": "test_login_and_capture"}, {"name": "host", "value": "DESKTOP-O22210J"}, {"name": "thread", "value": "312-MainThread"}, {"name": "framework", "value": "pytest"}, {"name": "language", "value": "cpython3"}, {"name": "package", "value": "tests.test_login_and_capture"}], "titlePath": ["tests", "test_login_and_capture.py"]}