{"name": "test_oneway_booking_flow[MDE-SCL-2-2]", "status": "broken", "statusDetails": {"message": "selenium.common.exceptions.JavascriptException: Message: javascript error: Cannot read properties of null (reading 'click')\n  (Session info: chrome=141.0.7390.123)\nStacktrace:\n\tGetHandleVerifier [0x0x7ff72543e8e5+80021]\n\tGetHandleVerifier [0x0x7ff72543e940+80112]\n\t(No symbol) [0x0x7ff7251c060f]\n\t(No symbol) [0x0x7ff7251c816a]\n\t(No symbol) [0x0x7ff7251cb5b2]\n\t(No symbol) [0x0x7ff72526aa1b]\n\t(No symbol) [0x0x7ff72524122a]\n\t(No symbol) [0x0x7ff72526968a]\n\t(No symbol) [0x0x7ff725241003]\n\t(No symbol) [0x0x7ff7252095d1]\n\t(No symbol) [0x0x7ff72520a3f3]\n\tGetHandleVerifier [0x0x7ff7256fdc7d+2960429]\n\tGetHandleVerifier [0x0x7ff7256f7f3a+2936554]\n\tGetHandleVerifier [0x0x7ff725718977+3070247]\n\tGetHandleVerifier [0x0x7ff7254583ce+185214]\n\tGetHandleVerifier [0x0x7ff72545fe1f+216527]\n\tGetHandleVerifier [0x0x7ff725447b24+117460]\n\tGetHandleVerifier [0x0x7ff725447cdf+117903]\n\tGetHandleVerifier [0x0x7ff72542dbb8+11112]\n\tBaseThreadInitThunk [0x0x7ffc92b1259d+29]\n\tRtlUserThreadStart [0x0x7ffc93c0af78+40]", "trace": "self = <test_booking_oneway.TestBooking object at 0x00000238A5C97590>\ndriver = <selenium.webdriver.chrome.webdriver.WebDriver (session=\"19594d116028b46b0e3b13c4895f4c5c\")>\ndb_manager = <db_manager.DBManager object at 0x00000238A5CD0B90>, origin = 'MDE', destination = 'SCL', adults = 2, infants = 2\n\n    @allure.epic(\"Caso 1: Flujo de Booking\")\n    @allure.feature(\"Solo Ida (One-Way)\")\n    @pytest.mark.parametrize(\"origin, destination, adults, infants\", [\n        (\"BOG\", \"CTG\", 1, 0),  # Escenario básico: 1 Adulto\n        (\"MDE\", \"SCL\", 2, 2)   # Escenario con restricción: 2 Adultos y 2 Infantes\n    ])\n    def test_oneway_booking_flow(self, driver, db_manager, origin, destination, adults, infants):\n        \"\"\"\n        Automatiza el flujo completo de booking Solo Ida con validaciones en cada módulo.\n        \"\"\"\n        start_time = time.time()\n        test_passed = False\n    \n        # 1. Inicialización de Páginas\n        home_page = HomePage(driver)\n        select_flight_page = SelectFlightPage(driver)\n    \n        try:\n            # 2. HOME: Configuración de la búsqueda (DEBE PASAR AHORA)\n            with allure.step(\"Módulo HOME: Configuración de la búsqueda\"):\n                home_page.open()\n                home_page.close_initial_popup()\n                home_page.select_one_way()\n>               home_page.search_flight(origin, destination, \"2026-12-01\", adults, infants)\n\ntests\\tests\\test_booking_oneway.py:39: \n_ _ _ _ _ _ _ _ _ _ _ _ _ _ _ _ _ _ _ _ _ _ _ _ _ _ _ _ _ _ _ _ _ _ _ _ _ _ _ _ _ _ _ _ _ _ _ _ _ _ _ _ _ _ _ _ _ _ _ _ _ _ _ _ _ _ _ _ _ _\npages\\home_page.py:111: in search_flight\n    self.driver.execute_script(script)\nvenv\\Lib\\site-packages\\selenium\\webdriver\\remote\\webdriver.py:555: in execute_script\n    return self.execute(command, {\"script\": script, \"args\": converted_args})[\"value\"]\n           ^^^^^^^^^^^^^^^^^^^^^^^^^^^^^^^^^^^^^^^^^^^^^^^^^^^^^^^^^^^^^^^^^\nvenv\\Lib\\site-packages\\selenium\\webdriver\\remote\\webdriver.py:458: in execute\n    self.error_handler.check_response(response)\n_ _ _ _ _ _ _ _ _ _ _ _ _ _ _ _ _ _ _ _ _ _ _ _ _ _ _ _ _ _ _ _ _ _ _ _ _ _ _ _ _ _ _ _ _ _ _ _ _ _ _ _ _ _ _ _ _ _ _ _ _ _ _ _ _ _ _ _ _ _\n\nself = <selenium.webdriver.remote.errorhandler.ErrorHandler object at 0x00000238A5DBABA0>\nresponse = {'status': 500, 'value': '{\"value\":{\"error\":\"javascript error\",\"message\":\"javascript error: Cannot read properties of ...ff72542dbb8+11112]\\\\n\\\\tBaseThreadInitThunk [0x0x7ffc92b1259d+29]\\\\n\\\\tRtlUserThreadStart [0x0x7ffc93c0af78+40]\\\\n\"}}'}\n\n    def check_response(self, response: dict[str, Any]) -> None:\n        \"\"\"Checks that a JSON response from the WebDriver does not have an\n        error.\n    \n        Args:\n            response: The JSON response from the WebDriver server as a dictionary\n                object.\n    \n        Raises:\n            WebDriverException: If the response contains an error message.\n        \"\"\"\n        status = response.get(\"status\", None)\n        if not status or status == ErrorCode.SUCCESS:\n            return\n        value = None\n        message = response.get(\"message\", \"\")\n        screen: str = response.get(\"screen\", \"\")\n        stacktrace = None\n        if isinstance(status, int):\n            value_json = response.get(\"value\", None)\n            if value_json and isinstance(value_json, str):\n                try:\n                    value = json.loads(value_json)\n                    if isinstance(value, dict):\n                        if len(value) == 1:\n                            value = value[\"value\"]\n                        status = value.get(\"error\", None)\n                        if not status:\n                            status = value.get(\"status\", ErrorCode.UNKNOWN_ERROR)\n                            message = value.get(\"value\") or value.get(\"message\")\n                            if not isinstance(message, str):\n                                value = message\n                                message = message.get(\"message\") if isinstance(message, dict) else None\n                        else:\n                            message = value.get(\"message\", None)\n                except ValueError:\n                    pass\n    \n        exception_class: type[WebDriverException]\n        e = ErrorCode()\n        error_codes = [item for item in dir(e) if not item.startswith(\"__\")]\n        for error_code in error_codes:\n            error_info = getattr(ErrorCode, error_code)\n            if isinstance(error_info, list) and status in error_info:\n                exception_class = getattr(ExceptionMapping, error_code, WebDriverException)\n                break\n        else:\n            exception_class = WebDriverException\n    \n        if not value:\n            value = response[\"value\"]\n        if isinstance(value, str):\n            raise exception_class(value)\n        if message == \"\" and \"message\" in value:\n            message = value[\"message\"]\n    \n        screen = None  # type: ignore[assignment]\n        if \"screen\" in value:\n            screen = value[\"screen\"]\n    \n        stacktrace = None\n        st_value = value.get(\"stackTrace\") or value.get(\"stacktrace\")\n        if st_value:\n            if isinstance(st_value, str):\n                stacktrace = st_value.split(\"\\n\")\n            else:\n                stacktrace = []\n                try:\n                    for frame in st_value:\n                        line = frame.get(\"lineNumber\", \"\")\n                        file = frame.get(\"fileName\", \"<anonymous>\")\n                        if line:\n                            file = f\"{file}:{line}\"\n                        meth = frame.get(\"methodName\", \"<anonymous>\")\n                        if \"className\" in frame:\n                            meth = f\"{frame['className']}.{meth}\"\n                        msg = \"    at %s (%s)\"\n                        msg = msg % (meth, file)\n                        stacktrace.append(msg)\n                except TypeError:\n                    pass\n        if exception_class == UnexpectedAlertPresentException:\n            alert_text = None\n            if \"data\" in value:\n                alert_text = value[\"data\"].get(\"text\")\n            elif \"alert\" in value:\n                alert_text = value[\"alert\"].get(\"text\")\n            raise exception_class(message, screen, stacktrace, alert_text)  # type: ignore[call-arg]  # mypy is not smart enough here\n>       raise exception_class(message, screen, stacktrace)\nE       selenium.common.exceptions.JavascriptException: Message: javascript error: Cannot read properties of null (reading 'click')\nE         (Session info: chrome=141.0.7390.123)\nE       Stacktrace:\nE       \tGetHandleVerifier [0x0x7ff72543e8e5+80021]\nE       \tGetHandleVerifier [0x0x7ff72543e940+80112]\nE       \t(No symbol) [0x0x7ff7251c060f]\nE       \t(No symbol) [0x0x7ff7251c816a]\nE       \t(No symbol) [0x0x7ff7251cb5b2]\nE       \t(No symbol) [0x0x7ff72526aa1b]\nE       \t(No symbol) [0x0x7ff72524122a]\nE       \t(No symbol) [0x0x7ff72526968a]\nE       \t(No symbol) [0x0x7ff725241003]\nE       \t(No symbol) [0x0x7ff7252095d1]\nE       \t(No symbol) [0x0x7ff72520a3f3]\nE       \tGetHandleVerifier [0x0x7ff7256fdc7d+2960429]\nE       \tGetHandleVerifier [0x0x7ff7256f7f3a+2936554]\nE       \tGetHandleVerifier [0x0x7ff725718977+3070247]\nE       \tGetHandleVerifier [0x0x7ff7254583ce+185214]\nE       \tGetHandleVerifier [0x0x7ff72545fe1f+216527]\nE       \tGetHandleVerifier [0x0x7ff725447b24+117460]\nE       \tGetHandleVerifier [0x0x7ff725447cdf+117903]\nE       \tGetHandleVerifier [0x0x7ff72542dbb8+11112]\nE       \tBaseThreadInitThunk [0x0x7ffc92b1259d+29]\nE       \tRtlUserThreadStart [0x0x7ffc93c0af78+40]\n\nvenv\\Lib\\site-packages\\selenium\\webdriver\\remote\\errorhandler.py:233: JavascriptException"}, "description": "\n        Automatiza el flujo completo de booking Solo Ida con validaciones en cada módulo.\n        ", "steps": [{"name": "Módulo HOME: Configuración de la búsqueda", "status": "broken", "statusDetails": {"message": "selenium.common.exceptions.JavascriptException: Message: javascript error: Cannot read properties of null (reading 'click')\n  (Session info: chrome=141.0.7390.123)\nStacktrace:\n\tGetHandleVerifier [0x0x7ff72543e8e5+80021]\n\tGetHandleVerifier [0x0x7ff72543e940+80112]\n\t(No symbol) [0x0x7ff7251c060f]\n\t(No symbol) [0x0x7ff7251c816a]\n\t(No symbol) [0x0x7ff7251cb5b2]\n\t(No symbol) [0x0x7ff72526aa1b]\n\t(No symbol) [0x0x7ff72524122a]\n\t(No symbol) [0x0x7ff72526968a]\n\t(No symbol) [0x0x7ff725241003]\n\t(No symbol) [0x0x7ff7252095d1]\n\t(No symbol) [0x0x7ff72520a3f3]\n\tGetHandleVerifier [0x0x7ff7256fdc7d+2960429]\n\tGetHandleVerifier [0x0x7ff7256f7f3a+2936554]\n\tGetHandleVerifier [0x0x7ff725718977+3070247]\n\tGetHandleVerifier [0x0x7ff7254583ce+185214]\n\tGetHandleVerifier [0x0x7ff72545fe1f+216527]\n\tGetHandleVerifier [0x0x7ff725447b24+117460]\n\tGetHandleVerifier [0x0x7ff725447cdf+117903]\n\tGetHandleVerifier [0x0x7ff72542dbb8+11112]\n\tBaseThreadInitThunk [0x0x7ffc92b1259d+29]\n\tRtlUserThreadStart [0x0x7ffc93c0af78+40]\n\n", "trace": "  File \"C:\\Users\\Usuario\\AutomationFramework\\tests\\tests\\test_booking_oneway.py\", line 39, in test_oneway_booking_flow\n    home_page.search_flight(origin, destination, \"2026-12-01\", adults, infants)\n  File \"C:\\Users\\Usuario\\AutomationFramework\\venv\\Lib\\site-packages\\allure_commons\\_allure.py\", line 202, in impl\n    return func(*a, **kw)\n           ^^^^^^^^^^^^^^\n  File \"C:\\Users\\Usuario\\AutomationFramework\\pages\\home_page.py\", line 111, in search_flight\n    self.driver.execute_script(script)\n  File \"C:\\Users\\Usuario\\AutomationFramework\\venv\\Lib\\site-packages\\selenium\\webdriver\\remote\\webdriver.py\", line 555, in execute_script\n    return self.execute(command, {\"script\": script, \"args\": converted_args})[\"value\"]\n           ^^^^^^^^^^^^^^^^^^^^^^^^^^^^^^^^^^^^^^^^^^^^^^^^^^^^^^^^^^^^^^^^^\n  File \"C:\\Users\\Usuario\\AutomationFramework\\venv\\Lib\\site-packages\\selenium\\webdriver\\remote\\webdriver.py\", line 458, in execute\n    self.error_handler.check_response(response)\n  File \"C:\\Users\\Usuario\\AutomationFramework\\venv\\Lib\\site-packages\\selenium\\webdriver\\remote\\errorhandler.py\", line 233, in check_response\n    raise exception_class(message, screen, stacktrace)\n"}, "steps": [{"name": "Cerrar Pop-up de bienvenida/cookies", "status": "passed", "steps": [{"name": "Hacer clic en: Botón de Cierre de Pop-up Inicial", "status": "broken", "statusDetails": {"message": "selenium.common.exceptions.TimeoutException: Message: \nStacktrace:\n\tGetHandleVerifier [0x0x7ff72543e8e5+80021]\n\tGetHandleVerifier [0x0x7ff72543e940+80112]\n\t(No symbol) [0x0x7ff7251c060f]\n\t(No symbol) [0x0x7ff725218854]\n\t(No symbol) [0x0x7ff725218b1c]\n\t(No symbol) [0x0x7ff72526c927]\n\t(No symbol) [0x0x7ff72524126f]\n\t(No symbol) [0x0x7ff72526968a]\n\t(No symbol) [0x0x7ff725241003]\n\t(No symbol) [0x0x7ff7252095d1]\n\t(No symbol) [0x0x7ff72520a3f3]\n\tGetHandleVerifier [0x0x7ff7256fdc7d+2960429]\n\tGetHandleVerifier [0x0x7ff7256f7f3a+2936554]\n\tGetHandleVerifier [0x0x7ff725718977+3070247]\n\tGetHandleVerifier [0x0x7ff7254583ce+185214]\n\tGetHandleVerifier [0x0x7ff72545fe1f+216527]\n\tGetHandleVerifier [0x0x7ff725447b24+117460]\n\tGetHandleVerifier [0x0x7ff725447cdf+117903]\n\tGetHandleVerifier [0x0x7ff72542dbb8+11112]\n\tBaseThreadInitThunk [0x0x7ffc92b1259d+29]\n\tRtlUserThreadStart [0x0x7ffc93c0af78+40]\n\n", "trace": "  File \"C:\\Users\\Usuario\\AutomationFramework\\pages\\base_page.py\", line 29, in _wait_and_click\n    element = self._wait_for_element(locator)\n              ^^^^^^^^^^^^^^^^^^^^^^^^^^^^^^^\n  File \"C:\\Users\\Usuario\\AutomationFramework\\pages\\base_page.py\", line 23, in _wait_for_element\n    return self.wait.until(EC.visibility_of_element_located(locator))\n           ^^^^^^^^^^^^^^^^^^^^^^^^^^^^^^^^^^^^^^^^^^^^^^^^^^^^^^^^^^\n  File \"C:\\Users\\Usuario\\AutomationFramework\\venv\\Lib\\site-packages\\selenium\\webdriver\\support\\wait.py\", line 138, in until\n    raise TimeoutException(message, screen, stacktrace)\n"}, "start": 1762139886949, "stop": 1762139932049}], "start": 1762139886949, "stop": 1762139932049}, {"name": "Seleccionar tipo de viaje: Solo Ida", "status": "passed", "steps": [{"name": "Hacer clic en: Radio Button Solo Ida", "status": "passed", "start": 1762139932049, "stop": 1762139932991}], "start": 1762139932049, "stop": 1762139932991}, {"name": "Realizar búsqueda de vuelo de Solo Ida", "status": "broken", "statusDetails": {"message": "selenium.common.exceptions.JavascriptException: Message: javascript error: Cannot read properties of null (reading 'click')\n  (Session info: chrome=141.0.7390.123)\nStacktrace:\n\tGetHandleVerifier [0x0x7ff72543e8e5+80021]\n\tGetHandleVerifier [0x0x7ff72543e940+80112]\n\t(No symbol) [0x0x7ff7251c060f]\n\t(No symbol) [0x0x7ff7251c816a]\n\t(No symbol) [0x0x7ff7251cb5b2]\n\t(No symbol) [0x0x7ff72526aa1b]\n\t(No symbol) [0x0x7ff72524122a]\n\t(No symbol) [0x0x7ff72526968a]\n\t(No symbol) [0x0x7ff725241003]\n\t(No symbol) [0x0x7ff7252095d1]\n\t(No symbol) [0x0x7ff72520a3f3]\n\tGetHandleVerifier [0x0x7ff7256fdc7d+2960429]\n\tGetHandleVerifier [0x0x7ff7256f7f3a+2936554]\n\tGetHandleVerifier [0x0x7ff725718977+3070247]\n\tGetHandleVerifier [0x0x7ff7254583ce+185214]\n\tGetHandleVerifier [0x0x7ff72545fe1f+216527]\n\tGetHandleVerifier [0x0x7ff725447b24+117460]\n\tGetHandleVerifier [0x0x7ff725447cdf+117903]\n\tGetHandleVerifier [0x0x7ff72542dbb8+11112]\n\tBaseThreadInitThunk [0x0x7ffc92b1259d+29]\n\tRtlUserThreadStart [0x0x7ffc93c0af78+40]\n\n", "trace": "  File \"C:\\Users\\Usuario\\AutomationFramework\\venv\\Lib\\site-packages\\allure_commons\\_allure.py\", line 202, in impl\n    return func(*a, **kw)\n           ^^^^^^^^^^^^^^\n  File \"C:\\Users\\Usuario\\AutomationFramework\\pages\\home_page.py\", line 111, in search_flight\n    self.driver.execute_script(script)\n  File \"C:\\Users\\Usuario\\AutomationFramework\\venv\\Lib\\site-packages\\selenium\\webdriver\\remote\\webdriver.py\", line 555, in execute_script\n    return self.execute(command, {\"script\": script, \"args\": converted_args})[\"value\"]\n           ^^^^^^^^^^^^^^^^^^^^^^^^^^^^^^^^^^^^^^^^^^^^^^^^^^^^^^^^^^^^^^^^^\n  File \"C:\\Users\\Usuario\\AutomationFramework\\venv\\Lib\\site-packages\\selenium\\webdriver\\remote\\webdriver.py\", line 458, in execute\n    self.error_handler.check_response(response)\n  File \"C:\\Users\\Usuario\\AutomationFramework\\venv\\Lib\\site-packages\\selenium\\webdriver\\remote\\errorhandler.py\", line 233, in check_response\n    raise exception_class(message, screen, stacktrace)\n"}, "steps": [{"name": "Hacer clic en: Botón Origen (Abre Pop-up)", "status": "passed", "start": 1762139932991, "stop": 1762139933975}, {"name": "Ingresar texto 'MDE' en: Campo Búsqueda Origen", "status": "passed", "start": 1762139933975, "stop": 1762139934718}, {"name": "Hacer clic en: Seleccionar ciudad de Origen: MDE", "status": "passed", "start": 1762139934718, "stop": 1762139935803}, {"name": "Ingresar texto 'SCL' en: Campo Búsqueda Destino", "status": "passed", "start": 1762139939303, "stop": 1762139940011}, {"name": "Hacer clic en: Seleccionar ciudad de Destino: SCL", "status": "passed", "start": 1762139940011, "stop": 1762139940748}], "parameters": [{"name": "origin", "value": "'MDE'"}, {"name": "destination", "value": "'SCL'"}, {"name": "date", "value": "'2026-12-01'"}, {"name": "adults", "value": "2"}, {"name": "infants", "value": "2"}], "start": 1762139932991, "stop": 1762139944809}], "start": 1762139882975, "stop": 1762139944809}], "attachments": [{"name": "log", "source": "e317b80e-7d40-47b4-b0c4-4ca98a3288b3-attachment.txt", "type": "text/plain"}, {"name": "stderr", "source": "44e9cf51-c321-4f40-829e-f86fe1f998d7-attachment.txt", "type": "text/plain"}], "parameters": [{"name": "origin", "value": "'MDE'"}, {"name": "destination", "value": "'SCL'"}, {"name": "adults", "value": "2"}, {"name": "infants", "value": "2"}], "start": 1762139882975, "stop": 1762139944835, "uuid": "1714f90f-b613-475f-94a5-33261792db20", "historyId": "3f5341fae0a3d38355a136f7c02795e0", "testCaseId": "5594a2368502a9d92b5a3d514515969d", "fullName": "tests.tests.test_booking_oneway.TestBooking#test_oneway_booking_flow", "labels": [{"name": "suite", "value": "Flujos de Booking"}, {"name": "epic", "value": "Caso 1: Flujo de Booking"}, {"name": "feature", "value": "Solo Ida (One-Way)"}, {"name": "parentSuite", "value": "tests.tests"}, {"name": "subSuite", "value": "TestBooking"}, {"name": "host", "value": "DESKTOP-O22210J"}, {"name": "thread", "value": "18360-MainThread"}, {"name": "framework", "value": "pytest"}, {"name": "language", "value": "cpython3"}, {"name": "package", "value": "tests.tests.test_booking_oneway"}], "titlePath": ["tests", "tests", "test_booking_oneway.py", "TestBooking"]}