{"name": "test_oneway_booking_flow[BOG-CTG-1-0]", "status": "broken", "statusDetails": {"message": "selenium.common.exceptions.NoSuchElementException: Message: no such element: Unable to locate element: {\"method\":\"css selector\",\"selector\":\"[id=\"destinationBtn\"]\"}\n  (Session info: chrome=141.0.7390.123); For documentation on this error, please visit: https://www.selenium.dev/documentation/webdriver/troubleshooting/errors#nosuchelementexception\nStacktrace:\n\tGetHandleVerifier [0x0x7ff621d4e8e5+80021]\n\tGetHandleVerifier [0x0x7ff621d4e940+80112]\n\t(No symbol) [0x0x7ff621ad060f]\n\t(No symbol) [0x0x7ff621b28854]\n\t(No symbol) [0x0x7ff621b28b1c]\n\t(No symbol) [0x0x7ff621b7c927]\n\t(No symbol) [0x0x7ff621b5126f]\n\t(No symbol) [0x0x7ff621b7968a]\n\t(No symbol) [0x0x7ff621b51003]\n\t(No symbol) [0x0x7ff621b195d1]\n\t(No symbol) [0x0x7ff621b1a3f3]\n\tGetHandleVerifier [0x0x7ff62200dc7d+2960429]\n\tGetHandleVerifier [0x0x7ff622007f3a+2936554]\n\tGetHandleVerifier [0x0x7ff622028977+3070247]\n\tGetHandleVerifier [0x0x7ff621d683ce+185214]\n\tGetHandleVerifier [0x0x7ff621d6fe1f+216527]\n\tGetHandleVerifier [0x0x7ff621d57b24+117460]\n\tGetHandleVerifier [0x0x7ff621d57cdf+117903]\n\tGetHandleVerifier [0x0x7ff621d3dbb8+11112]\n\tBaseThreadInitThunk [0x0x7ffc92b1259d+29]\n\tRtlUserThreadStart [0x0x7ffc93c0af78+40]", "trace": "driver = <selenium.webdriver.chrome.webdriver.WebDriver (session=\"035d8eae1cf456f0f078d6b38c043276\")>\ndb_manager = <db_manager.DBManager object at 0x0000029EC952A4E0>, origin = 'BOG', destination = 'CTG', adults = 1, infants = 0\n\n    @allure.epic(\"Caso 1: Flujo de Booking\")\n    @allure.feature(\"Solo Ida (One-Way)\")\n    @pytest.mark.parametrize(\"origin, destination, adults, infants\", [\n        (\"BOG\", \"CTG\", 1, 0),  # Escenario básico: 1 Adulto\n        (\"MDE\", \"SCL\", 2, 2)   # Escenario con restricción: 2 Adultos y 2 Infantes\n    ])\n    def test_oneway_booking_flow(driver, db_manager, origin, destination, adults, infants):\n        \"\"\"\n        Automatiza el flujo completo de booking Solo Ida con validaciones en cada módulo.\n        \"\"\"\n        start_time = time.time()\n        test_passed = False\n    \n        # 1. Inicialización de Páginas\n        home_page = HomePage(driver)\n    \n        try:\n            # 2. HOME: Validar selección de idioma, origen, destino y selección de pasajeros.\n            with allure.step(\"Módulo HOME: Configuración de la búsqueda\"):\n                home_page.open()\n    \n                # Intenta cerrar el pop-up que bloquea la página\n                home_page.close_initial_popup()\n    \n                # --- Configuración de Vuelo ---\n                home_page.select_one_way()\n>               home_page.search_flight(origin, destination, \"2026-12-01\", adults, infants)\n\ntests\\test_login_and_capture.py:37: \n_ _ _ _ _ _ _ _ _ _ _ _ _ _ _ _ _ _ _ _ _ _ _ _ _ _ _ _ _ _ _ _ _ _ _ _ _ _ _ _ _ _ _ _ _ _ _ _ _ _ _ _ _ _ _ _ _ _ _ _ _ _ _ _ _ _ _ _ _ _\npages\\home_page.py:94: in search_flight\n    self._force_click_js(self._BUTTON_DESTINATION, \"Botón Destino (Abre Pop-up - JS Forzado)\")\npages\\base_page.py:48: in _force_click_js\n    element = self.driver.find_element(locator[0], locator[1])\n              ^^^^^^^^^^^^^^^^^^^^^^^^^^^^^^^^^^^^^^^^^^^^^^^^\nvenv\\Lib\\site-packages\\selenium\\webdriver\\remote\\webdriver.py:926: in find_element\n    return self.execute(Command.FIND_ELEMENT, {\"using\": by, \"value\": value})[\"value\"]\n           ^^^^^^^^^^^^^^^^^^^^^^^^^^^^^^^^^^^^^^^^^^^^^^^^^^^^^^^^^^^^^^^^^\nvenv\\Lib\\site-packages\\selenium\\webdriver\\remote\\webdriver.py:458: in execute\n    self.error_handler.check_response(response)\n_ _ _ _ _ _ _ _ _ _ _ _ _ _ _ _ _ _ _ _ _ _ _ _ _ _ _ _ _ _ _ _ _ _ _ _ _ _ _ _ _ _ _ _ _ _ _ _ _ _ _ _ _ _ _ _ _ _ _ _ _ _ _ _ _ _ _ _ _ _\n\nself = <selenium.webdriver.remote.errorhandler.ErrorHandler object at 0x0000029EC9560200>\nresponse = {'status': 404, 'value': '{\"value\":{\"error\":\"no such element\",\"message\":\"no such element: Unable to locate element: {\\...ff621d3dbb8+11112]\\\\n\\\\tBaseThreadInitThunk [0x0x7ffc92b1259d+29]\\\\n\\\\tRtlUserThreadStart [0x0x7ffc93c0af78+40]\\\\n\"}}'}\n\n    def check_response(self, response: dict[str, Any]) -> None:\n        \"\"\"Checks that a JSON response from the WebDriver does not have an\n        error.\n    \n        Args:\n            response: The JSON response from the WebDriver server as a dictionary\n                object.\n    \n        Raises:\n            WebDriverException: If the response contains an error message.\n        \"\"\"\n        status = response.get(\"status\", None)\n        if not status or status == ErrorCode.SUCCESS:\n            return\n        value = None\n        message = response.get(\"message\", \"\")\n        screen: str = response.get(\"screen\", \"\")\n        stacktrace = None\n        if isinstance(status, int):\n            value_json = response.get(\"value\", None)\n            if value_json and isinstance(value_json, str):\n                try:\n                    value = json.loads(value_json)\n                    if isinstance(value, dict):\n                        if len(value) == 1:\n                            value = value[\"value\"]\n                        status = value.get(\"error\", None)\n                        if not status:\n                            status = value.get(\"status\", ErrorCode.UNKNOWN_ERROR)\n                            message = value.get(\"value\") or value.get(\"message\")\n                            if not isinstance(message, str):\n                                value = message\n                                message = message.get(\"message\") if isinstance(message, dict) else None\n                        else:\n                            message = value.get(\"message\", None)\n                except ValueError:\n                    pass\n    \n        exception_class: type[WebDriverException]\n        e = ErrorCode()\n        error_codes = [item for item in dir(e) if not item.startswith(\"__\")]\n        for error_code in error_codes:\n            error_info = getattr(ErrorCode, error_code)\n            if isinstance(error_info, list) and status in error_info:\n                exception_class = getattr(ExceptionMapping, error_code, WebDriverException)\n                break\n        else:\n            exception_class = WebDriverException\n    \n        if not value:\n            value = response[\"value\"]\n        if isinstance(value, str):\n            raise exception_class(value)\n        if message == \"\" and \"message\" in value:\n            message = value[\"message\"]\n    \n        screen = None  # type: ignore[assignment]\n        if \"screen\" in value:\n            screen = value[\"screen\"]\n    \n        stacktrace = None\n        st_value = value.get(\"stackTrace\") or value.get(\"stacktrace\")\n        if st_value:\n            if isinstance(st_value, str):\n                stacktrace = st_value.split(\"\\n\")\n            else:\n                stacktrace = []\n                try:\n                    for frame in st_value:\n                        line = frame.get(\"lineNumber\", \"\")\n                        file = frame.get(\"fileName\", \"<anonymous>\")\n                        if line:\n                            file = f\"{file}:{line}\"\n                        meth = frame.get(\"methodName\", \"<anonymous>\")\n                        if \"className\" in frame:\n                            meth = f\"{frame['className']}.{meth}\"\n                        msg = \"    at %s (%s)\"\n                        msg = msg % (meth, file)\n                        stacktrace.append(msg)\n                except TypeError:\n                    pass\n        if exception_class == UnexpectedAlertPresentException:\n            alert_text = None\n            if \"data\" in value:\n                alert_text = value[\"data\"].get(\"text\")\n            elif \"alert\" in value:\n                alert_text = value[\"alert\"].get(\"text\")\n            raise exception_class(message, screen, stacktrace, alert_text)  # type: ignore[call-arg]  # mypy is not smart enough here\n>       raise exception_class(message, screen, stacktrace)\nE       selenium.common.exceptions.NoSuchElementException: Message: no such element: Unable to locate element: {\"method\":\"css selector\",\"selector\":\"[id=\"destinationBtn\"]\"}\nE         (Session info: chrome=141.0.7390.123); For documentation on this error, please visit: https://www.selenium.dev/documentation/webdriver/troubleshooting/errors#nosuchelementexception\nE       Stacktrace:\nE       \tGetHandleVerifier [0x0x7ff621d4e8e5+80021]\nE       \tGetHandleVerifier [0x0x7ff621d4e940+80112]\nE       \t(No symbol) [0x0x7ff621ad060f]\nE       \t(No symbol) [0x0x7ff621b28854]\nE       \t(No symbol) [0x0x7ff621b28b1c]\nE       \t(No symbol) [0x0x7ff621b7c927]\nE       \t(No symbol) [0x0x7ff621b5126f]\nE       \t(No symbol) [0x0x7ff621b7968a]\nE       \t(No symbol) [0x0x7ff621b51003]\nE       \t(No symbol) [0x0x7ff621b195d1]\nE       \t(No symbol) [0x0x7ff621b1a3f3]\nE       \tGetHandleVerifier [0x0x7ff62200dc7d+2960429]\nE       \tGetHandleVerifier [0x0x7ff622007f3a+2936554]\nE       \tGetHandleVerifier [0x0x7ff622028977+3070247]\nE       \tGetHandleVerifier [0x0x7ff621d683ce+185214]\nE       \tGetHandleVerifier [0x0x7ff621d6fe1f+216527]\nE       \tGetHandleVerifier [0x0x7ff621d57b24+117460]\nE       \tGetHandleVerifier [0x0x7ff621d57cdf+117903]\nE       \tGetHandleVerifier [0x0x7ff621d3dbb8+11112]\nE       \tBaseThreadInitThunk [0x0x7ffc92b1259d+29]\nE       \tRtlUserThreadStart [0x0x7ffc93c0af78+40]\n\nvenv\\Lib\\site-packages\\selenium\\webdriver\\remote\\errorhandler.py:233: NoSuchElementException"}, "description": "\n    Automatiza el flujo completo de booking Solo Ida con validaciones en cada módulo.\n    ", "steps": [{"name": "Módulo HOME: Configuración de la búsqueda", "status": "broken", "statusDetails": {"message": "selenium.common.exceptions.NoSuchElementException: Message: no such element: Unable to locate element: {\"method\":\"css selector\",\"selector\":\"[id=\"destinationBtn\"]\"}\n  (Session info: chrome=141.0.7390.123); For documentation on this error, please visit: https://www.selenium.dev/documentation/webdriver/troubleshooting/errors#nosuchelementexception\nStacktrace:\n\tGetHandleVerifier [0x0x7ff621d4e8e5+80021]\n\tGetHandleVerifier [0x0x7ff621d4e940+80112]\n\t(No symbol) [0x0x7ff621ad060f]\n\t(No symbol) [0x0x7ff621b28854]\n\t(No symbol) [0x0x7ff621b28b1c]\n\t(No symbol) [0x0x7ff621b7c927]\n\t(No symbol) [0x0x7ff621b5126f]\n\t(No symbol) [0x0x7ff621b7968a]\n\t(No symbol) [0x0x7ff621b51003]\n\t(No symbol) [0x0x7ff621b195d1]\n\t(No symbol) [0x0x7ff621b1a3f3]\n\tGetHandleVerifier [0x0x7ff62200dc7d+2960429]\n\tGetHandleVerifier [0x0x7ff622007f3a+2936554]\n\tGetHandleVerifier [0x0x7ff622028977+3070247]\n\tGetHandleVerifier [0x0x7ff621d683ce+185214]\n\tGetHandleVerifier [0x0x7ff621d6fe1f+216527]\n\tGetHandleVerifier [0x0x7ff621d57b24+117460]\n\tGetHandleVerifier [0x0x7ff621d57cdf+117903]\n\tGetHandleVerifier [0x0x7ff621d3dbb8+11112]\n\tBaseThreadInitThunk [0x0x7ffc92b1259d+29]\n\tRtlUserThreadStart [0x0x7ffc93c0af78+40]\n\n", "trace": "  File \"C:\\Users\\Usuario\\AutomationFramework\\tests\\test_login_and_capture.py\", line 37, in test_oneway_booking_flow\n    home_page.search_flight(origin, destination, \"2026-12-01\", adults, infants)\n  File \"C:\\Users\\Usuario\\AutomationFramework\\venv\\Lib\\site-packages\\allure_commons\\_allure.py\", line 202, in impl\n    return func(*a, **kw)\n           ^^^^^^^^^^^^^^\n  File \"C:\\Users\\Usuario\\AutomationFramework\\pages\\home_page.py\", line 94, in search_flight\n    self._force_click_js(self._BUTTON_DESTINATION, \"Botón Destino (Abre Pop-up - JS Forzado)\")\n  File \"C:\\Users\\Usuario\\AutomationFramework\\pages\\base_page.py\", line 48, in _force_click_js\n    element = self.driver.find_element(locator[0], locator[1])\n              ^^^^^^^^^^^^^^^^^^^^^^^^^^^^^^^^^^^^^^^^^^^^^^^^\n  File \"C:\\Users\\Usuario\\AutomationFramework\\venv\\Lib\\site-packages\\selenium\\webdriver\\remote\\webdriver.py\", line 926, in find_element\n    return self.execute(Command.FIND_ELEMENT, {\"using\": by, \"value\": value})[\"value\"]\n           ^^^^^^^^^^^^^^^^^^^^^^^^^^^^^^^^^^^^^^^^^^^^^^^^^^^^^^^^^^^^^^^^^\n  File \"C:\\Users\\Usuario\\AutomationFramework\\venv\\Lib\\site-packages\\selenium\\webdriver\\remote\\webdriver.py\", line 458, in execute\n    self.error_handler.check_response(response)\n  File \"C:\\Users\\Usuario\\AutomationFramework\\venv\\Lib\\site-packages\\selenium\\webdriver\\remote\\errorhandler.py\", line 233, in check_response\n    raise exception_class(message, screen, stacktrace)\n"}, "steps": [{"name": "Cerrar Pop-up de bienvenida/cookies", "status": "passed", "steps": [{"name": "Hacer clic en: Botón de Cierre de Pop-up Inicial", "status": "broken", "statusDetails": {"message": "selenium.common.exceptions.TimeoutException: Message: \nStacktrace:\n\tGetHandleVerifier [0x0x7ff621d4e8e5+80021]\n\tGetHandleVerifier [0x0x7ff621d4e940+80112]\n\t(No symbol) [0x0x7ff621ad060f]\n\t(No symbol) [0x0x7ff621b28854]\n\t(No symbol) [0x0x7ff621b28b1c]\n\t(No symbol) [0x0x7ff621b7c927]\n\t(No symbol) [0x0x7ff621b5126f]\n\t(No symbol) [0x0x7ff621b7968a]\n\t(No symbol) [0x0x7ff621b51003]\n\t(No symbol) [0x0x7ff621b195d1]\n\t(No symbol) [0x0x7ff621b1a3f3]\n\tGetHandleVerifier [0x0x7ff62200dc7d+2960429]\n\tGetHandleVerifier [0x0x7ff622007f3a+2936554]\n\tGetHandleVerifier [0x0x7ff622028977+3070247]\n\tGetHandleVerifier [0x0x7ff621d683ce+185214]\n\tGetHandleVerifier [0x0x7ff621d6fe1f+216527]\n\tGetHandleVerifier [0x0x7ff621d57b24+117460]\n\tGetHandleVerifier [0x0x7ff621d57cdf+117903]\n\tGetHandleVerifier [0x0x7ff621d3dbb8+11112]\n\tBaseThreadInitThunk [0x0x7ffc92b1259d+29]\n\tRtlUserThreadStart [0x0x7ffc93c0af78+40]\n\n", "trace": "  File \"C:\\Users\\Usuario\\AutomationFramework\\pages\\base_page.py\", line 29, in _wait_and_click\n    element = self._wait_for_element(locator)\n              ^^^^^^^^^^^^^^^^^^^^^^^^^^^^^^^\n  File \"C:\\Users\\Usuario\\AutomationFramework\\pages\\base_page.py\", line 23, in _wait_for_element\n    return self.wait.until(EC.visibility_of_element_located(locator))\n           ^^^^^^^^^^^^^^^^^^^^^^^^^^^^^^^^^^^^^^^^^^^^^^^^^^^^^^^^^^\n  File \"C:\\Users\\Usuario\\AutomationFramework\\venv\\Lib\\site-packages\\selenium\\webdriver\\support\\wait.py\", line 138, in until\n    raise TimeoutException(message, screen, stacktrace)\n"}, "start": 1762119299919, "stop": 1762119345029}], "start": 1762119299919, "stop": 1762119345065}, {"name": "Seleccionar tipo de viaje: Solo Ida", "status": "passed", "steps": [{"name": "Hacer clic en: Radio Button Solo Ida", "status": "passed", "start": 1762119345065, "stop": 1762119345981}], "start": 1762119345065, "stop": 1762119345981}, {"name": "Realizar búsqueda de vuelo de Solo Ida", "status": "broken", "statusDetails": {"message": "selenium.common.exceptions.NoSuchElementException: Message: no such element: Unable to locate element: {\"method\":\"css selector\",\"selector\":\"[id=\"destinationBtn\"]\"}\n  (Session info: chrome=141.0.7390.123); For documentation on this error, please visit: https://www.selenium.dev/documentation/webdriver/troubleshooting/errors#nosuchelementexception\nStacktrace:\n\tGetHandleVerifier [0x0x7ff621d4e8e5+80021]\n\tGetHandleVerifier [0x0x7ff621d4e940+80112]\n\t(No symbol) [0x0x7ff621ad060f]\n\t(No symbol) [0x0x7ff621b28854]\n\t(No symbol) [0x0x7ff621b28b1c]\n\t(No symbol) [0x0x7ff621b7c927]\n\t(No symbol) [0x0x7ff621b5126f]\n\t(No symbol) [0x0x7ff621b7968a]\n\t(No symbol) [0x0x7ff621b51003]\n\t(No symbol) [0x0x7ff621b195d1]\n\t(No symbol) [0x0x7ff621b1a3f3]\n\tGetHandleVerifier [0x0x7ff62200dc7d+2960429]\n\tGetHandleVerifier [0x0x7ff622007f3a+2936554]\n\tGetHandleVerifier [0x0x7ff622028977+3070247]\n\tGetHandleVerifier [0x0x7ff621d683ce+185214]\n\tGetHandleVerifier [0x0x7ff621d6fe1f+216527]\n\tGetHandleVerifier [0x0x7ff621d57b24+117460]\n\tGetHandleVerifier [0x0x7ff621d57cdf+117903]\n\tGetHandleVerifier [0x0x7ff621d3dbb8+11112]\n\tBaseThreadInitThunk [0x0x7ffc92b1259d+29]\n\tRtlUserThreadStart [0x0x7ffc93c0af78+40]\n\n", "trace": "  File \"C:\\Users\\Usuario\\AutomationFramework\\venv\\Lib\\site-packages\\allure_commons\\_allure.py\", line 202, in impl\n    return func(*a, **kw)\n           ^^^^^^^^^^^^^^\n  File \"C:\\Users\\Usuario\\AutomationFramework\\pages\\home_page.py\", line 94, in search_flight\n    self._force_click_js(self._BUTTON_DESTINATION, \"Botón Destino (Abre Pop-up - JS Forzado)\")\n  File \"C:\\Users\\Usuario\\AutomationFramework\\pages\\base_page.py\", line 48, in _force_click_js\n    element = self.driver.find_element(locator[0], locator[1])\n              ^^^^^^^^^^^^^^^^^^^^^^^^^^^^^^^^^^^^^^^^^^^^^^^^\n  File \"C:\\Users\\Usuario\\AutomationFramework\\venv\\Lib\\site-packages\\selenium\\webdriver\\remote\\webdriver.py\", line 926, in find_element\n    return self.execute(Command.FIND_ELEMENT, {\"using\": by, \"value\": value})[\"value\"]\n           ^^^^^^^^^^^^^^^^^^^^^^^^^^^^^^^^^^^^^^^^^^^^^^^^^^^^^^^^^^^^^^^^^\n  File \"C:\\Users\\Usuario\\AutomationFramework\\venv\\Lib\\site-packages\\selenium\\webdriver\\remote\\webdriver.py\", line 458, in execute\n    self.error_handler.check_response(response)\n  File \"C:\\Users\\Usuario\\AutomationFramework\\venv\\Lib\\site-packages\\selenium\\webdriver\\remote\\errorhandler.py\", line 233, in check_response\n    raise exception_class(message, screen, stacktrace)\n"}, "steps": [{"name": "Hacer clic en: Botón Origen (Abre Pop-up)", "status": "passed", "start": 1762119345981, "stop": 1762119346775}, {"name": "Ingresar texto 'BOG' en: Campo Búsqueda Origen", "status": "passed", "start": 1762119346775, "stop": 1762119347651}, {"name": "Hacer clic en: Seleccionar ciudad de Origen: BOG", "status": "passed", "start": 1762119347651, "stop": 1762119349233}, {"name": "Forzar clic (JS) en: Botón Destino (Abre Pop-up - JS Forzado)", "status": "broken", "statusDetails": {"message": "selenium.common.exceptions.NoSuchElementException: Message: no such element: Unable to locate element: {\"method\":\"css selector\",\"selector\":\"[id=\"destinationBtn\"]\"}\n  (Session info: chrome=141.0.7390.123); For documentation on this error, please visit: https://www.selenium.dev/documentation/webdriver/troubleshooting/errors#nosuchelementexception\nStacktrace:\n\tGetHandleVerifier [0x0x7ff621d4e8e5+80021]\n\tGetHandleVerifier [0x0x7ff621d4e940+80112]\n\t(No symbol) [0x0x7ff621ad060f]\n\t(No symbol) [0x0x7ff621b28854]\n\t(No symbol) [0x0x7ff621b28b1c]\n\t(No symbol) [0x0x7ff621b7c927]\n\t(No symbol) [0x0x7ff621b5126f]\n\t(No symbol) [0x0x7ff621b7968a]\n\t(No symbol) [0x0x7ff621b51003]\n\t(No symbol) [0x0x7ff621b195d1]\n\t(No symbol) [0x0x7ff621b1a3f3]\n\tGetHandleVerifier [0x0x7ff62200dc7d+2960429]\n\tGetHandleVerifier [0x0x7ff622007f3a+2936554]\n\tGetHandleVerifier [0x0x7ff622028977+3070247]\n\tGetHandleVerifier [0x0x7ff621d683ce+185214]\n\tGetHandleVerifier [0x0x7ff621d6fe1f+216527]\n\tGetHandleVerifier [0x0x7ff621d57b24+117460]\n\tGetHandleVerifier [0x0x7ff621d57cdf+117903]\n\tGetHandleVerifier [0x0x7ff621d3dbb8+11112]\n\tBaseThreadInitThunk [0x0x7ffc92b1259d+29]\n\tRtlUserThreadStart [0x0x7ffc93c0af78+40]\n\n", "trace": "  File \"C:\\Users\\Usuario\\AutomationFramework\\pages\\base_page.py\", line 48, in _force_click_js\n    element = self.driver.find_element(locator[0], locator[1])\n              ^^^^^^^^^^^^^^^^^^^^^^^^^^^^^^^^^^^^^^^^^^^^^^^^\n  File \"C:\\Users\\Usuario\\AutomationFramework\\venv\\Lib\\site-packages\\selenium\\webdriver\\remote\\webdriver.py\", line 926, in find_element\n    return self.execute(Command.FIND_ELEMENT, {\"using\": by, \"value\": value})[\"value\"]\n           ^^^^^^^^^^^^^^^^^^^^^^^^^^^^^^^^^^^^^^^^^^^^^^^^^^^^^^^^^^^^^^^^^\n  File \"C:\\Users\\Usuario\\AutomationFramework\\venv\\Lib\\site-packages\\selenium\\webdriver\\remote\\webdriver.py\", line 458, in execute\n    self.error_handler.check_response(response)\n  File \"C:\\Users\\Usuario\\AutomationFramework\\venv\\Lib\\site-packages\\selenium\\webdriver\\remote\\errorhandler.py\", line 233, in check_response\n    raise exception_class(message, screen, stacktrace)\n"}, "start": 1762119352734, "stop": 1762119397760}], "parameters": [{"name": "origin", "value": "'BOG'"}, {"name": "destination", "value": "'CTG'"}, {"name": "date", "value": "'2026-12-01'"}, {"name": "adults", "value": "1"}, {"name": "infants", "value": "0"}], "start": 1762119345981, "stop": 1762119397991}], "start": 1762119293299, "stop": 1762119398001}], "attachments": [{"name": "log", "source": "782cfbcd-546f-4dd2-942d-6d4f1b614a5b-attachment.txt", "type": "text/plain"}, {"name": "stderr", "source": "4f01a116-fc09-4f7b-8060-e206a71208d3-attachment.txt", "type": "text/plain"}], "parameters": [{"name": "origin", "value": "'BOG'"}, {"name": "destination", "value": "'CTG'"}, {"name": "adults", "value": "1"}, {"name": "infants", "value": "0"}], "start": 1762119293299, "stop": 1762119398018, "uuid": "77c63fc2-756e-452d-98d5-7ecd89303b72", "historyId": "608677af61fc2adbc9c51c9f5155bc87", "testCaseId": "8c0e467863bdfac60f45707e77ada06c", "fullName": "tests.test_login_and_capture#test_oneway_booking_flow", "labels": [{"name": "feature", "value": "Solo Ida (One-Way)"}, {"name": "epic", "value": "Caso 1: Flujo de Booking"}, {"name": "parentSuite", "value": "tests"}, {"name": "suite", "value": "test_login_and_capture"}, {"name": "host", "value": "DESKTOP-O22210J"}, {"name": "thread", "value": "17812-MainThread"}, {"name": "framework", "value": "pytest"}, {"name": "language", "value": "cpython3"}, {"name": "package", "value": "tests.test_login_and_capture"}], "titlePath": ["tests", "test_login_and_capture.py"]}