2025-11-03 11:45:53,877 - INFO - Base de datos 'test_results.db' lista.
2025-11-03 11:46:00,197 - INFO - BrowserMob Proxy iniciado con √©xito.
2025-11-03 11:46:04,120 - INFO - WebDriver inicializado para chrome en https://nuxqa4.avtest.ink/ (SIN PROXY).
2025-11-03 11:46:05,111 - INFO - Navegaci√≥n inicial completada.
2025-11-03 11:46:50,154 - ERROR - Timeout esperando el elemento con locator ('xpath', "//button[@aria-label='Cerrar' or @class='close-button' or text()='Aceptar']")
2025-11-03 11:46:50,154 - ERROR - Fallo al hacer clic en Bot√≥n de Cierre de Pop-up Inicial ('xpath', "//button[@aria-label='Cerrar' or @class='close-button' or text()='Aceptar']"): Message: 
Stacktrace:
	GetHandleVerifier [0x0x7ff60dfde8e5+80021]
	GetHandleVerifier [0x0x7ff60dfde940+80112]
	(No symbol) [0x0x7ff60dd6060f]
	(No symbol) [0x0x7ff60ddb8854]
	(No symbol) [0x0x7ff60ddb8b1c]
	(No symbol) [0x0x7ff60de0c927]
	(No symbol) [0x0x7ff60dde126f]
	(No symbol) [0x0x7ff60de0968a]
	(No symbol) [0x0x7ff60dde1003]
	(No symbol) [0x0x7ff60dda95d1]
	(No symbol) [0x0x7ff60ddaa3f3]
	GetHandleVerifier [0x0x7ff60e29dc7d+2960429]
	GetHandleVerifier [0x0x7ff60e297f3a+2936554]
	GetHandleVerifier [0x0x7ff60e2b8977+3070247]
	GetHandleVerifier [0x0x7ff60dff83ce+185214]
	GetHandleVerifier [0x0x7ff60dfffe1f+216527]
	GetHandleVerifier [0x0x7ff60dfe7b24+117460]
	GetHandleVerifier [0x0x7ff60dfe7cdf+117903]
	GetHandleVerifier [0x0x7ff60dfcdbb8+11112]
	BaseThreadInitThunk [0x0x7ffc92b1259d+29]
	RtlUserThreadStart [0x0x7ffc93c0af78+40]

2025-11-03 11:46:50,166 - INFO - No se encontr√≥ el pop-up inicial. Continuamos.
2025-11-03 11:46:50,172 - INFO - Esperando 5 segundos fijos para la estabilizaci√≥n inicial de la p√°gina.
2025-11-03 11:46:55,651 - INFO - Clic: Radio Button Solo Ida ('xpath', "//span[text()='Solo ida']")
2025-11-03 11:46:55,947 - INFO - Clic: Bot√≥n Origen (Abre Pop-up) ('id', 'originBtn')
2025-11-03 11:46:56,494 - INFO - Input 'BOG' en: Campo B√∫squeda Origen ('id', 'departureStationInputId')
2025-11-03 11:46:58,038 - INFO - Clic: Seleccionar ciudad de Origen: BOG ('id', 'BOG')
2025-11-03 11:47:01,743 - INFO - Input 'CTG' en: Campo B√∫squeda Destino ('id', 'arrivalStationInputId')
2025-11-03 11:47:02,086 - INFO - Clic: Seleccionar ciudad de Destino: CTG ('id', 'CTG')
2025-11-03 11:47:06,114 - WARNING - ADVERTENCIA: Fallo al inyectar la fecha (elemento no existe), continuando: Message: javascript error: Cannot set properties of null (setting 'value')
  (Session info: chrome=141.0.7390.123)
Stacktrace:
	GetHandleVerifier [0x0x7ff60dfde8e5+80021]
	GetHandleVerifier [0x0x7ff60dfde940+80112]
	(No symbol) [0x0x7ff60dd6060f]
	(No symbol) [0x0x7ff60dd6816a]
	(No symbol) [0x0x7ff60dd6b5b2]
	(No symbol) [0x0x7ff60de0aa1b]
	(No symbol) [0x0x7ff60dde122a]
	(No symbol) [0x0x7ff60de0968a]
	(No symbol) [0x0x7ff60dde1003]
	(No symbol) [0x0x7ff60dda95d1]
	(No symbol) [0x0x7ff60ddaa3f3]
	GetHandleVerifier [0x0x7ff60e29dc7d+2960429]
	GetHandleVerifier [0x0x7ff60e297f3a+2936554]
	GetHandleVerifier [0x0x7ff60e2b8977+3070247]
	GetHandleVerifier [0x0x7ff60dff83ce+185214]
	GetHandleVerifier [0x0x7ff60dfffe1f+216527]
	GetHandleVerifier [0x0x7ff60dfe7b24+117460]
	GetHandleVerifier [0x0x7ff60dfe7cdf+117903]
	GetHandleVerifier [0x0x7ff60dfcdbb8+11112]
	BaseThreadInitThunk [0x0x7ffc92b1259d+29]
	RtlUserThreadStart [0x0x7ffc93c0af78+40]

2025-11-03 11:47:21,214 - WARNING - ADVERTENCIA: Fallo al inyectar adultos (elemento no existe), continuando: Message: javascript error: Cannot set properties of null (setting 'value')
  (Session info: chrome=141.0.7390.123)
Stacktrace:
	GetHandleVerifier [0x0x7ff60dfde8e5+80021]
	GetHandleVerifier [0x0x7ff60dfde940+80112]
	(No symbol) [0x0x7ff60dd6060f]
	(No symbol) [0x0x7ff60dd6816a]
	(No symbol) [0x0x7ff60dd6b5b2]
	(No symbol) [0x0x7ff60de0aa1b]
	(No symbol) [0x0x7ff60dde122a]
	(No symbol) [0x0x7ff60de0968a]
	(No symbol) [0x0x7ff60dde1003]
	(No symbol) [0x0x7ff60dda95d1]
	(No symbol) [0x0x7ff60ddaa3f3]
	GetHandleVerifier [0x0x7ff60e29dc7d+2960429]
	GetHandleVerifier [0x0x7ff60e297f3a+2936554]
	GetHandleVerifier [0x0x7ff60e2b8977+3070247]
	GetHandleVerifier [0x0x7ff60dff83ce+185214]
	GetHandleVerifier [0x0x7ff60dfffe1f+216527]
	GetHandleVerifier [0x0x7ff60dfe7b24+117460]
	GetHandleVerifier [0x0x7ff60dfe7cdf+117903]
	GetHandleVerifier [0x0x7ff60dfcdbb8+11112]
	BaseThreadInitThunk [0x0x7ffc92b1259d+29]
	RtlUserThreadStart [0x0x7ffc93c0af78+40]

2025-11-03 11:47:21,237 - WARNING - ADVERTENCIA: Fallo al inyectar infantes (elemento no existe), continuando: Message: javascript error: Cannot set properties of null (setting 'value')
  (Session info: chrome=141.0.7390.123)
Stacktrace:
	GetHandleVerifier [0x0x7ff60dfde8e5+80021]
	GetHandleVerifier [0x0x7ff60dfde940+80112]
	(No symbol) [0x0x7ff60dd6060f]
	(No symbol) [0x0x7ff60dd6816a]
	(No symbol) [0x0x7ff60dd6b5b2]
	(No symbol) [0x0x7ff60de0aa1b]
	(No symbol) [0x0x7ff60dde122a]
	(No symbol) [0x0x7ff60de0968a]
	(No symbol) [0x0x7ff60dde1003]
	(No symbol) [0x0x7ff60dda95d1]
	(No symbol) [0x0x7ff60ddaa3f3]
	GetHandleVerifier [0x0x7ff60e29dc7d+2960429]
	GetHandleVerifier [0x0x7ff60e297f3a+2936554]
	GetHandleVerifier [0x0x7ff60e2b8977+3070247]
	GetHandleVerifier [0x0x7ff60dff83ce+185214]
	GetHandleVerifier [0x0x7ff60dfffe1f+216527]
	GetHandleVerifier [0x0x7ff60dfe7b24+117460]
	GetHandleVerifier [0x0x7ff60dfe7cdf+117903]
	GetHandleVerifier [0x0x7ff60dfcdbb8+11112]
	BaseThreadInitThunk [0x0x7ffc92b1259d+29]
	RtlUserThreadStart [0x0x7ffc93c0af78+40]

2025-11-03 11:47:24,163 - INFO - Clic FORZADO (JS) en Bot√≥n Buscar Vuelos.
--- Logging error ---
Traceback (most recent call last):
  File "C:\Users\Usuario\AppData\Local\Programs\Python\Python312\Lib\logging\__init__.py", line 1163, in emit
    stream.write(msg + self.terminator)
  File "C:\Users\Usuario\AppData\Local\Programs\Python\Python312\Lib\encodings\cp1252.py", line 19, in encode
    return codecs.charmap_encode(input,self.errors,encoding_table)[0]
           ^^^^^^^^^^^^^^^^^^^^^^^^^^^^^^^^^^^^^^^^^^^^^^^^^^^^^^^
UnicodeEncodeError: 'charmap' codec can't encode character '\U0001f6d1' in position 36: character maps to <undefined>
Call stack:
  File "<frozen runpy>", line 198, in _run_module_as_main
  File "<frozen runpy>", line 88, in _run_code
  File "C:\Users\Usuario\AutomationFramework\venv\Scripts\pytest.exe\__main__.py", line 7, in <module>
    sys.exit(console_main())
  File "C:\Users\Usuario\AutomationFramework\venv\Lib\site-packages\_pytest\config\__init__.py", line 201, in console_main
    code = main()
  File "C:\Users\Usuario\AutomationFramework\venv\Lib\site-packages\_pytest\config\__init__.py", line 175, in main
    ret: ExitCode | int = config.hook.pytest_cmdline_main(config=config)
  File "C:\Users\Usuario\AutomationFramework\venv\Lib\site-packages\pluggy\_hooks.py", line 512, in __call__
    return self._hookexec(self.name, self._hookimpls.copy(), kwargs, firstresult)
  File "C:\Users\Usuario\AutomationFramework\venv\Lib\site-packages\pluggy\_manager.py", line 120, in _hookexec
    return self._inner_hookexec(hook_name, methods, kwargs, firstresult)
  File "C:\Users\Usuario\AutomationFramework\venv\Lib\site-packages\pluggy\_callers.py", line 121, in _multicall
    res = hook_impl.function(*args)
  File "C:\Users\Usuario\AutomationFramework\venv\Lib\site-packages\_pytest\main.py", line 336, in pytest_cmdline_main
    return wrap_session(config, _main)
  File "C:\Users\Usuario\AutomationFramework\venv\Lib\site-packages\_pytest\main.py", line 289, in wrap_session
    session.exitstatus = doit(config, session) or 0
  File "C:\Users\Usuario\AutomationFramework\venv\Lib\site-packages\_pytest\main.py", line 343, in _main
    config.hook.pytest_runtestloop(session=session)
  File "C:\Users\Usuario\AutomationFramework\venv\Lib\site-packages\pluggy\_hooks.py", line 512, in __call__
    return self._hookexec(self.name, self._hookimpls.copy(), kwargs, firstresult)
  File "C:\Users\Usuario\AutomationFramework\venv\Lib\site-packages\pluggy\_manager.py", line 120, in _hookexec
    return self._inner_hookexec(hook_name, methods, kwargs, firstresult)
  File "C:\Users\Usuario\AutomationFramework\venv\Lib\site-packages\pluggy\_callers.py", line 121, in _multicall
    res = hook_impl.function(*args)
  File "C:\Users\Usuario\AutomationFramework\venv\Lib\site-packages\_pytest\main.py", line 367, in pytest_runtestloop
    item.config.hook.pytest_runtest_protocol(item=item, nextitem=nextitem)
  File "C:\Users\Usuario\AutomationFramework\venv\Lib\site-packages\pluggy\_hooks.py", line 512, in __call__
    return self._hookexec(self.name, self._hookimpls.copy(), kwargs, firstresult)
  File "C:\Users\Usuario\AutomationFramework\venv\Lib\site-packages\pluggy\_manager.py", line 120, in _hookexec
    return self._inner_hookexec(hook_name, methods, kwargs, firstresult)
  File "C:\Users\Usuario\AutomationFramework\venv\Lib\site-packages\pluggy\_callers.py", line 121, in _multicall
    res = hook_impl.function(*args)
  File "C:\Users\Usuario\AutomationFramework\venv\Lib\site-packages\_pytest\runner.py", line 117, in pytest_runtest_protocol
    runtestprotocol(item, nextitem=nextitem)
  File "C:\Users\Usuario\AutomationFramework\venv\Lib\site-packages\_pytest\runner.py", line 136, in runtestprotocol
    reports.append(call_and_report(item, "call", log))
  File "C:\Users\Usuario\AutomationFramework\venv\Lib\site-packages\_pytest\runner.py", line 245, in call_and_report
    call = CallInfo.from_call(
  File "C:\Users\Usuario\AutomationFramework\venv\Lib\site-packages\_pytest\runner.py", line 344, in from_call
    result: TResult | None = func()
  File "C:\Users\Usuario\AutomationFramework\venv\Lib\site-packages\_pytest\runner.py", line 246, in <lambda>
    lambda: runtest_hook(item=item, **kwds), when=when, reraise=reraise
  File "C:\Users\Usuario\AutomationFramework\venv\Lib\site-packages\pluggy\_hooks.py", line 512, in __call__
    return self._hookexec(self.name, self._hookimpls.copy(), kwargs, firstresult)
  File "C:\Users\Usuario\AutomationFramework\venv\Lib\site-packages\pluggy\_manager.py", line 120, in _hookexec
    return self._inner_hookexec(hook_name, methods, kwargs, firstresult)
  File "C:\Users\Usuario\AutomationFramework\venv\Lib\site-packages\pluggy\_callers.py", line 121, in _multicall
    res = hook_impl.function(*args)
  File "C:\Users\Usuario\AutomationFramework\venv\Lib\site-packages\_pytest\runner.py", line 178, in pytest_runtest_call
    item.runtest()
  File "C:\Users\Usuario\AutomationFramework\venv\Lib\site-packages\_pytest\python.py", line 1671, in runtest
    self.ihook.pytest_pyfunc_call(pyfuncitem=self)
  File "C:\Users\Usuario\AutomationFramework\venv\Lib\site-packages\pluggy\_hooks.py", line 512, in __call__
    return self._hookexec(self.name, self._hookimpls.copy(), kwargs, firstresult)
  File "C:\Users\Usuario\AutomationFramework\venv\Lib\site-packages\pluggy\_manager.py", line 120, in _hookexec
    return self._inner_hookexec(hook_name, methods, kwargs, firstresult)
  File "C:\Users\Usuario\AutomationFramework\venv\Lib\site-packages\pluggy\_callers.py", line 121, in _multicall
    res = hook_impl.function(*args)
  File "C:\Users\Usuario\AutomationFramework\venv\Lib\site-packages\_pytest\python.py", line 157, in pytest_pyfunc_call
    result = testfunction(**testargs)
  File "C:\Users\Usuario\AutomationFramework\tests\tests\test_booking_oneway.py", line 53, in test_oneway_booking_flow
    home_page.search_flight(origin, destination, "2026-12-01", adults, infants)
  File "C:\Users\Usuario\AutomationFramework\venv\Lib\site-packages\allure_commons\_allure.py", line 202, in impl
    return func(*a, **kw)
  File "C:\Users\Usuario\AutomationFramework\pages\home_page.py", line 115, in search_flight
    logging.warning("üõë CAPTCHA/Verificaci√≥n de Akamai DETECTADA. Iniciando pausa manual de 25 segundos.")
Message: 'üõë CAPTCHA/Verificaci√≥n de Akamai DETECTADA. Iniciando pausa manual de 25 segundos.'
Arguments: ()
2025-11-03 11:47:29,164 - WARNING - üõë CAPTCHA/Verificaci√≥n de Akamai DETECTADA. Iniciando pausa manual de 25 segundos.
--- Logging error ---
Traceback (most recent call last):
  File "C:\Users\Usuario\AppData\Local\Programs\Python\Python312\Lib\logging\__init__.py", line 1163, in emit
    stream.write(msg + self.terminator)
  File "C:\Users\Usuario\AppData\Local\Programs\Python\Python312\Lib\encodings\cp1252.py", line 19, in encode
    return codecs.charmap_encode(input,self.errors,encoding_table)[0]
           ^^^^^^^^^^^^^^^^^^^^^^^^^^^^^^^^^^^^^^^^^^^^^^^^^^^^^^^
UnicodeEncodeError: 'charmap' codec can't encode characters in position 36-37: character maps to <undefined>
Call stack:
  File "<frozen runpy>", line 198, in _run_module_as_main
  File "<frozen runpy>", line 88, in _run_code
  File "C:\Users\Usuario\AutomationFramework\venv\Scripts\pytest.exe\__main__.py", line 7, in <module>
    sys.exit(console_main())
  File "C:\Users\Usuario\AutomationFramework\venv\Lib\site-packages\_pytest\config\__init__.py", line 201, in console_main
    code = main()
  File "C:\Users\Usuario\AutomationFramework\venv\Lib\site-packages\_pytest\config\__init__.py", line 175, in main
    ret: ExitCode | int = config.hook.pytest_cmdline_main(config=config)
  File "C:\Users\Usuario\AutomationFramework\venv\Lib\site-packages\pluggy\_hooks.py", line 512, in __call__
    return self._hookexec(self.name, self._hookimpls.copy(), kwargs, firstresult)
  File "C:\Users\Usuario\AutomationFramework\venv\Lib\site-packages\pluggy\_manager.py", line 120, in _hookexec
    return self._inner_hookexec(hook_name, methods, kwargs, firstresult)
  File "C:\Users\Usuario\AutomationFramework\venv\Lib\site-packages\pluggy\_callers.py", line 121, in _multicall
    res = hook_impl.function(*args)
  File "C:\Users\Usuario\AutomationFramework\venv\Lib\site-packages\_pytest\main.py", line 336, in pytest_cmdline_main
    return wrap_session(config, _main)
  File "C:\Users\Usuario\AutomationFramework\venv\Lib\site-packages\_pytest\main.py", line 289, in wrap_session
    session.exitstatus = doit(config, session) or 0
  File "C:\Users\Usuario\AutomationFramework\venv\Lib\site-packages\_pytest\main.py", line 343, in _main
    config.hook.pytest_runtestloop(session=session)
  File "C:\Users\Usuario\AutomationFramework\venv\Lib\site-packages\pluggy\_hooks.py", line 512, in __call__
    return self._hookexec(self.name, self._hookimpls.copy(), kwargs, firstresult)
  File "C:\Users\Usuario\AutomationFramework\venv\Lib\site-packages\pluggy\_manager.py", line 120, in _hookexec
    return self._inner_hookexec(hook_name, methods, kwargs, firstresult)
  File "C:\Users\Usuario\AutomationFramework\venv\Lib\site-packages\pluggy\_callers.py", line 121, in _multicall
    res = hook_impl.function(*args)
  File "C:\Users\Usuario\AutomationFramework\venv\Lib\site-packages\_pytest\main.py", line 367, in pytest_runtestloop
    item.config.hook.pytest_runtest_protocol(item=item, nextitem=nextitem)
  File "C:\Users\Usuario\AutomationFramework\venv\Lib\site-packages\pluggy\_hooks.py", line 512, in __call__
    return self._hookexec(self.name, self._hookimpls.copy(), kwargs, firstresult)
  File "C:\Users\Usuario\AutomationFramework\venv\Lib\site-packages\pluggy\_manager.py", line 120, in _hookexec
    return self._inner_hookexec(hook_name, methods, kwargs, firstresult)
  File "C:\Users\Usuario\AutomationFramework\venv\Lib\site-packages\pluggy\_callers.py", line 121, in _multicall
    res = hook_impl.function(*args)
  File "C:\Users\Usuario\AutomationFramework\venv\Lib\site-packages\_pytest\runner.py", line 117, in pytest_runtest_protocol
    runtestprotocol(item, nextitem=nextitem)
  File "C:\Users\Usuario\AutomationFramework\venv\Lib\site-packages\_pytest\runner.py", line 136, in runtestprotocol
    reports.append(call_and_report(item, "call", log))
  File "C:\Users\Usuario\AutomationFramework\venv\Lib\site-packages\_pytest\runner.py", line 245, in call_and_report
    call = CallInfo.from_call(
  File "C:\Users\Usuario\AutomationFramework\venv\Lib\site-packages\_pytest\runner.py", line 344, in from_call
    result: TResult | None = func()
  File "C:\Users\Usuario\AutomationFramework\venv\Lib\site-packages\_pytest\runner.py", line 246, in <lambda>
    lambda: runtest_hook(item=item, **kwds), when=when, reraise=reraise
  File "C:\Users\Usuario\AutomationFramework\venv\Lib\site-packages\pluggy\_hooks.py", line 512, in __call__
    return self._hookexec(self.name, self._hookimpls.copy(), kwargs, firstresult)
  File "C:\Users\Usuario\AutomationFramework\venv\Lib\site-packages\pluggy\_manager.py", line 120, in _hookexec
    return self._inner_hookexec(hook_name, methods, kwargs, firstresult)
  File "C:\Users\Usuario\AutomationFramework\venv\Lib\site-packages\pluggy\_callers.py", line 121, in _multicall
    res = hook_impl.function(*args)
  File "C:\Users\Usuario\AutomationFramework\venv\Lib\site-packages\_pytest\runner.py", line 178, in pytest_runtest_call
    item.runtest()
  File "C:\Users\Usuario\AutomationFramework\venv\Lib\site-packages\_pytest\python.py", line 1671, in runtest
    self.ihook.pytest_pyfunc_call(pyfuncitem=self)
  File "C:\Users\Usuario\AutomationFramework\venv\Lib\site-packages\pluggy\_hooks.py", line 512, in __call__
    return self._hookexec(self.name, self._hookimpls.copy(), kwargs, firstresult)
  File "C:\Users\Usuario\AutomationFramework\venv\Lib\site-packages\pluggy\_manager.py", line 120, in _hookexec
    return self._inner_hookexec(hook_name, methods, kwargs, firstresult)
  File "C:\Users\Usuario\AutomationFramework\venv\Lib\site-packages\pluggy\_callers.py", line 121, in _multicall
    res = hook_impl.function(*args)
  File "C:\Users\Usuario\AutomationFramework\venv\Lib\site-packages\_pytest\python.py", line 157, in pytest_pyfunc_call
    result = testfunction(**testargs)
  File "C:\Users\Usuario\AutomationFramework\tests\tests\test_booking_oneway.py", line 53, in test_oneway_booking_flow
    home_page.search_flight(origin, destination, "2026-12-01", adults, infants)
  File "C:\Users\Usuario\AutomationFramework\venv\Lib\site-packages\allure_commons\_allure.py", line 202, in impl
    return func(*a, **kw)
  File "C:\Users\Usuario\AutomationFramework\pages\home_page.py", line 116, in search_flight
    logging.warning("‚û°Ô∏è POR FAVOR, RESUELVA EL CAPTCHA MANUALMENTE AHORA (Haga clic en el checkbox y en Continuar).")
Message: '‚û°Ô∏è POR FAVOR, RESUELVA EL CAPTCHA MANUALMENTE AHORA (Haga clic en el checkbox y en Continuar).'
Arguments: ()
2025-11-03 11:47:29,234 - WARNING - ‚û°Ô∏è POR FAVOR, RESUELVA EL CAPTCHA MANUALMENTE AHORA (Haga clic en el checkbox y en Continuar).
2025-11-03 11:47:54,237 - INFO - Pausa manual terminada. El test intentar√° continuar con la SelectFlightPage...
2025-11-03 11:47:54,237 - INFO - Esperando 5 segundos para la carga estable de la p√°gina post-CAPTCHA...
2025-11-03 11:47:59,326 - INFO - Scroll N¬∞1 ejecutado con 250px.
2025-11-03 11:47:59,827 - INFO - Validando presencia del bot√≥n clave 'Seleccionar de tarifa' con un tiempo de espera de 20s...
--- Logging error ---
Traceback (most recent call last):
  File "C:\Users\Usuario\AppData\Local\Programs\Python\Python312\Lib\logging\__init__.py", line 1163, in emit
    stream.write(msg + self.terminator)
  File "C:\Users\Usuario\AppData\Local\Programs\Python\Python312\Lib\encodings\cp1252.py", line 19, in encode
    return codecs.charmap_encode(input,self.errors,encoding_table)[0]
           ^^^^^^^^^^^^^^^^^^^^^^^^^^^^^^^^^^^^^^^^^^^^^^^^^^^^^^^
UnicodeEncodeError: 'charmap' codec can't encode character '\u2705' in position 33: character maps to <undefined>
Call stack:
  File "<frozen runpy>", line 198, in _run_module_as_main
  File "<frozen runpy>", line 88, in _run_code
  File "C:\Users\Usuario\AutomationFramework\venv\Scripts\pytest.exe\__main__.py", line 7, in <module>
    sys.exit(console_main())
  File "C:\Users\Usuario\AutomationFramework\venv\Lib\site-packages\_pytest\config\__init__.py", line 201, in console_main
    code = main()
  File "C:\Users\Usuario\AutomationFramework\venv\Lib\site-packages\_pytest\config\__init__.py", line 175, in main
    ret: ExitCode | int = config.hook.pytest_cmdline_main(config=config)
  File "C:\Users\Usuario\AutomationFramework\venv\Lib\site-packages\pluggy\_hooks.py", line 512, in __call__
    return self._hookexec(self.name, self._hookimpls.copy(), kwargs, firstresult)
  File "C:\Users\Usuario\AutomationFramework\venv\Lib\site-packages\pluggy\_manager.py", line 120, in _hookexec
    return self._inner_hookexec(hook_name, methods, kwargs, firstresult)
  File "C:\Users\Usuario\AutomationFramework\venv\Lib\site-packages\pluggy\_callers.py", line 121, in _multicall
    res = hook_impl.function(*args)
  File "C:\Users\Usuario\AutomationFramework\venv\Lib\site-packages\_pytest\main.py", line 336, in pytest_cmdline_main
    return wrap_session(config, _main)
  File "C:\Users\Usuario\AutomationFramework\venv\Lib\site-packages\_pytest\main.py", line 289, in wrap_session
    session.exitstatus = doit(config, session) or 0
  File "C:\Users\Usuario\AutomationFramework\venv\Lib\site-packages\_pytest\main.py", line 343, in _main
    config.hook.pytest_runtestloop(session=session)
  File "C:\Users\Usuario\AutomationFramework\venv\Lib\site-packages\pluggy\_hooks.py", line 512, in __call__
    return self._hookexec(self.name, self._hookimpls.copy(), kwargs, firstresult)
  File "C:\Users\Usuario\AutomationFramework\venv\Lib\site-packages\pluggy\_manager.py", line 120, in _hookexec
    return self._inner_hookexec(hook_name, methods, kwargs, firstresult)
  File "C:\Users\Usuario\AutomationFramework\venv\Lib\site-packages\pluggy\_callers.py", line 121, in _multicall
    res = hook_impl.function(*args)
  File "C:\Users\Usuario\AutomationFramework\venv\Lib\site-packages\_pytest\main.py", line 367, in pytest_runtestloop
    item.config.hook.pytest_runtest_protocol(item=item, nextitem=nextitem)
  File "C:\Users\Usuario\AutomationFramework\venv\Lib\site-packages\pluggy\_hooks.py", line 512, in __call__
    return self._hookexec(self.name, self._hookimpls.copy(), kwargs, firstresult)
  File "C:\Users\Usuario\AutomationFramework\venv\Lib\site-packages\pluggy\_manager.py", line 120, in _hookexec
    return self._inner_hookexec(hook_name, methods, kwargs, firstresult)
  File "C:\Users\Usuario\AutomationFramework\venv\Lib\site-packages\pluggy\_callers.py", line 121, in _multicall
    res = hook_impl.function(*args)
  File "C:\Users\Usuario\AutomationFramework\venv\Lib\site-packages\_pytest\runner.py", line 117, in pytest_runtest_protocol
    runtestprotocol(item, nextitem=nextitem)
  File "C:\Users\Usuario\AutomationFramework\venv\Lib\site-packages\_pytest\runner.py", line 136, in runtestprotocol
    reports.append(call_and_report(item, "call", log))
  File "C:\Users\Usuario\AutomationFramework\venv\Lib\site-packages\_pytest\runner.py", line 245, in call_and_report
    call = CallInfo.from_call(
  File "C:\Users\Usuario\AutomationFramework\venv\Lib\site-packages\_pytest\runner.py", line 344, in from_call
    result: TResult | None = func()
  File "C:\Users\Usuario\AutomationFramework\venv\Lib\site-packages\_pytest\runner.py", line 246, in <lambda>
    lambda: runtest_hook(item=item, **kwds), when=when, reraise=reraise
  File "C:\Users\Usuario\AutomationFramework\venv\Lib\site-packages\pluggy\_hooks.py", line 512, in __call__
    return self._hookexec(self.name, self._hookimpls.copy(), kwargs, firstresult)
  File "C:\Users\Usuario\AutomationFramework\venv\Lib\site-packages\pluggy\_manager.py", line 120, in _hookexec
    return self._inner_hookexec(hook_name, methods, kwargs, firstresult)
  File "C:\Users\Usuario\AutomationFramework\venv\Lib\site-packages\pluggy\_callers.py", line 121, in _multicall
    res = hook_impl.function(*args)
  File "C:\Users\Usuario\AutomationFramework\venv\Lib\site-packages\_pytest\runner.py", line 178, in pytest_runtest_call
    item.runtest()
  File "C:\Users\Usuario\AutomationFramework\venv\Lib\site-packages\_pytest\python.py", line 1671, in runtest
    self.ihook.pytest_pyfunc_call(pyfuncitem=self)
  File "C:\Users\Usuario\AutomationFramework\venv\Lib\site-packages\pluggy\_hooks.py", line 512, in __call__
    return self._hookexec(self.name, self._hookimpls.copy(), kwargs, firstresult)
  File "C:\Users\Usuario\AutomationFramework\venv\Lib\site-packages\pluggy\_manager.py", line 120, in _hookexec
    return self._inner_hookexec(hook_name, methods, kwargs, firstresult)
  File "C:\Users\Usuario\AutomationFramework\venv\Lib\site-packages\pluggy\_callers.py", line 121, in _multicall
    res = hook_impl.function(*args)
  File "C:\Users\Usuario\AutomationFramework\venv\Lib\site-packages\_pytest\python.py", line 157, in pytest_pyfunc_call
    result = testfunction(**testargs)
  File "C:\Users\Usuario\AutomationFramework\tests\tests\test_booking_oneway.py", line 57, in test_oneway_booking_flow
    select_flight_page.validate_search_results(origin, destination)
  File "C:\Users\Usuario\AutomationFramework\venv\Lib\site-packages\allure_commons\_allure.py", line 202, in impl
    return func(*a, **kw)
  File "C:\Users\Usuario\AutomationFramework\pages\select_flight_page.py", line 48, in validate_search_results
    logging.info("‚úÖ P√°gina de resultados cargada y lista. Bot√≥n de tarifa visible y clickeable.")
Message: '‚úÖ P√°gina de resultados cargada y lista. Bot√≥n de tarifa visible y clickeable.'
Arguments: ()
2025-11-03 11:47:59,874 - INFO - ‚úÖ P√°gina de resultados cargada y lista. Bot√≥n de tarifa visible y clickeable.
2025-11-03 11:47:59,879 - INFO - Abre el selector de tarifas.
2025-11-03 11:48:00,067 - INFO - Clic: Bot√≥n para Abrir el Selector de Tarifa ('xpath', "(//button[contains(@class, 'journey_price_button') and .//span[contains(text(), 'Seleccionar de tarifa')]])[1]")
2025-11-03 11:48:00,067 - INFO - Selector de tarifa abierto.
2025-11-03 11:48:00,067 - INFO - Ejecutando 3 scrolls de 250px para asegurar la visibilidad de las tarifas...
2025-11-03 11:48:00,092 - INFO - Scroll N¬∞1 ejecutado con 250px.
2025-11-03 11:48:00,607 - INFO - Scroll N¬∞2 ejecutado con 250px.
2025-11-03 11:48:01,138 - INFO - Scroll N¬∞3 ejecutado con 250px.
--- Logging error ---
Traceback (most recent call last):
  File "C:\Users\Usuario\AppData\Local\Programs\Python\Python312\Lib\logging\__init__.py", line 1163, in emit
    stream.write(msg + self.terminator)
  File "C:\Users\Usuario\AppData\Local\Programs\Python\Python312\Lib\encodings\cp1252.py", line 19, in encode
    return codecs.charmap_encode(input,self.errors,encoding_table)[0]
           ^^^^^^^^^^^^^^^^^^^^^^^^^^^^^^^^^^^^^^^^^^^^^^^^^^^^^^^
UnicodeEncodeError: 'charmap' codec can't encode character '\u2705' in position 33: character maps to <undefined>
Call stack:
  File "<frozen runpy>", line 198, in _run_module_as_main
  File "<frozen runpy>", line 88, in _run_code
  File "C:\Users\Usuario\AutomationFramework\venv\Scripts\pytest.exe\__main__.py", line 7, in <module>
    sys.exit(console_main())
  File "C:\Users\Usuario\AutomationFramework\venv\Lib\site-packages\_pytest\config\__init__.py", line 201, in console_main
    code = main()
  File "C:\Users\Usuario\AutomationFramework\venv\Lib\site-packages\_pytest\config\__init__.py", line 175, in main
    ret: ExitCode | int = config.hook.pytest_cmdline_main(config=config)
  File "C:\Users\Usuario\AutomationFramework\venv\Lib\site-packages\pluggy\_hooks.py", line 512, in __call__
    return self._hookexec(self.name, self._hookimpls.copy(), kwargs, firstresult)
  File "C:\Users\Usuario\AutomationFramework\venv\Lib\site-packages\pluggy\_manager.py", line 120, in _hookexec
    return self._inner_hookexec(hook_name, methods, kwargs, firstresult)
  File "C:\Users\Usuario\AutomationFramework\venv\Lib\site-packages\pluggy\_callers.py", line 121, in _multicall
    res = hook_impl.function(*args)
  File "C:\Users\Usuario\AutomationFramework\venv\Lib\site-packages\_pytest\main.py", line 336, in pytest_cmdline_main
    return wrap_session(config, _main)
  File "C:\Users\Usuario\AutomationFramework\venv\Lib\site-packages\_pytest\main.py", line 289, in wrap_session
    session.exitstatus = doit(config, session) or 0
  File "C:\Users\Usuario\AutomationFramework\venv\Lib\site-packages\_pytest\main.py", line 343, in _main
    config.hook.pytest_runtestloop(session=session)
  File "C:\Users\Usuario\AutomationFramework\venv\Lib\site-packages\pluggy\_hooks.py", line 512, in __call__
    return self._hookexec(self.name, self._hookimpls.copy(), kwargs, firstresult)
  File "C:\Users\Usuario\AutomationFramework\venv\Lib\site-packages\pluggy\_manager.py", line 120, in _hookexec
    return self._inner_hookexec(hook_name, methods, kwargs, firstresult)
  File "C:\Users\Usuario\AutomationFramework\venv\Lib\site-packages\pluggy\_callers.py", line 121, in _multicall
    res = hook_impl.function(*args)
  File "C:\Users\Usuario\AutomationFramework\venv\Lib\site-packages\_pytest\main.py", line 367, in pytest_runtestloop
    item.config.hook.pytest_runtest_protocol(item=item, nextitem=nextitem)
  File "C:\Users\Usuario\AutomationFramework\venv\Lib\site-packages\pluggy\_hooks.py", line 512, in __call__
    return self._hookexec(self.name, self._hookimpls.copy(), kwargs, firstresult)
  File "C:\Users\Usuario\AutomationFramework\venv\Lib\site-packages\pluggy\_manager.py", line 120, in _hookexec
    return self._inner_hookexec(hook_name, methods, kwargs, firstresult)
  File "C:\Users\Usuario\AutomationFramework\venv\Lib\site-packages\pluggy\_callers.py", line 121, in _multicall
    res = hook_impl.function(*args)
  File "C:\Users\Usuario\AutomationFramework\venv\Lib\site-packages\_pytest\runner.py", line 117, in pytest_runtest_protocol
    runtestprotocol(item, nextitem=nextitem)
  File "C:\Users\Usuario\AutomationFramework\venv\Lib\site-packages\_pytest\runner.py", line 136, in runtestprotocol
    reports.append(call_and_report(item, "call", log))
  File "C:\Users\Usuario\AutomationFramework\venv\Lib\site-packages\_pytest\runner.py", line 245, in call_and_report
    call = CallInfo.from_call(
  File "C:\Users\Usuario\AutomationFramework\venv\Lib\site-packages\_pytest\runner.py", line 344, in from_call
    result: TResult | None = func()
  File "C:\Users\Usuario\AutomationFramework\venv\Lib\site-packages\_pytest\runner.py", line 246, in <lambda>
    lambda: runtest_hook(item=item, **kwds), when=when, reraise=reraise
  File "C:\Users\Usuario\AutomationFramework\venv\Lib\site-packages\pluggy\_hooks.py", line 512, in __call__
    return self._hookexec(self.name, self._hookimpls.copy(), kwargs, firstresult)
  File "C:\Users\Usuario\AutomationFramework\venv\Lib\site-packages\pluggy\_manager.py", line 120, in _hookexec
    return self._inner_hookexec(hook_name, methods, kwargs, firstresult)
  File "C:\Users\Usuario\AutomationFramework\venv\Lib\site-packages\pluggy\_callers.py", line 121, in _multicall
    res = hook_impl.function(*args)
  File "C:\Users\Usuario\AutomationFramework\venv\Lib\site-packages\_pytest\runner.py", line 178, in pytest_runtest_call
    item.runtest()
  File "C:\Users\Usuario\AutomationFramework\venv\Lib\site-packages\_pytest\python.py", line 1671, in runtest
    self.ihook.pytest_pyfunc_call(pyfuncitem=self)
  File "C:\Users\Usuario\AutomationFramework\venv\Lib\site-packages\pluggy\_hooks.py", line 512, in __call__
    return self._hookexec(self.name, self._hookimpls.copy(), kwargs, firstresult)
  File "C:\Users\Usuario\AutomationFramework\venv\Lib\site-packages\pluggy\_manager.py", line 120, in _hookexec
    return self._inner_hookexec(hook_name, methods, kwargs, firstresult)
  File "C:\Users\Usuario\AutomationFramework\venv\Lib\site-packages\pluggy\_callers.py", line 121, in _multicall
    res = hook_impl.function(*args)
  File "C:\Users\Usuario\AutomationFramework\venv\Lib\site-packages\_pytest\python.py", line 157, in pytest_pyfunc_call
    result = testfunction(**testargs)
  File "C:\Users\Usuario\AutomationFramework\tests\tests\test_booking_oneway.py", line 58, in test_oneway_booking_flow
    select_flight_page.select_cheapest_flight()
  File "C:\Users\Usuario\AutomationFramework\venv\Lib\site-packages\allure_commons\_allure.py", line 202, in impl
    return func(*a, **kw)
  File "C:\Users\Usuario\AutomationFramework\pages\select_flight_page.py", line 71, in select_cheapest_flight
    logging.info("‚úÖ Clic forzado en Bot√≥n 'Seleccionar' tarifa. Avanzando al M√≥dulo 3.")
Message: "‚úÖ Clic forzado en Bot√≥n 'Seleccionar' tarifa. Avanzando al M√≥dulo 3."
Arguments: ()
2025-11-03 11:48:01,767 - INFO - ‚úÖ Clic forzado en Bot√≥n 'Seleccionar' tarifa. Avanzando al M√≥dulo 3.
2025-11-03 11:48:01,772 - INFO - Esperando 8 segundos extra para la carga completa de servicios del M√≥dulo 3.
2025-11-03 11:48:09,773 - INFO - Esperando la carga del M√≥dulo 3: Detalles de Vuelo (P√°gina de servicios)...
--- Logging error ---
Traceback (most recent call last):
  File "C:\Users\Usuario\AppData\Local\Programs\Python\Python312\Lib\logging\__init__.py", line 1163, in emit
    stream.write(msg + self.terminator)
  File "C:\Users\Usuario\AppData\Local\Programs\Python\Python312\Lib\encodings\cp1252.py", line 19, in encode
    return codecs.charmap_encode(input,self.errors,encoding_table)[0]
           ^^^^^^^^^^^^^^^^^^^^^^^^^^^^^^^^^^^^^^^^^^^^^^^^^^^^^^^
UnicodeEncodeError: 'charmap' codec can't encode character '\u2705' in position 33: character maps to <undefined>
Call stack:
  File "<frozen runpy>", line 198, in _run_module_as_main
  File "<frozen runpy>", line 88, in _run_code
  File "C:\Users\Usuario\AutomationFramework\venv\Scripts\pytest.exe\__main__.py", line 7, in <module>
    sys.exit(console_main())
  File "C:\Users\Usuario\AutomationFramework\venv\Lib\site-packages\_pytest\config\__init__.py", line 201, in console_main
    code = main()
  File "C:\Users\Usuario\AutomationFramework\venv\Lib\site-packages\_pytest\config\__init__.py", line 175, in main
    ret: ExitCode | int = config.hook.pytest_cmdline_main(config=config)
  File "C:\Users\Usuario\AutomationFramework\venv\Lib\site-packages\pluggy\_hooks.py", line 512, in __call__
    return self._hookexec(self.name, self._hookimpls.copy(), kwargs, firstresult)
  File "C:\Users\Usuario\AutomationFramework\venv\Lib\site-packages\pluggy\_manager.py", line 120, in _hookexec
    return self._inner_hookexec(hook_name, methods, kwargs, firstresult)
  File "C:\Users\Usuario\AutomationFramework\venv\Lib\site-packages\pluggy\_callers.py", line 121, in _multicall
    res = hook_impl.function(*args)
  File "C:\Users\Usuario\AutomationFramework\venv\Lib\site-packages\_pytest\main.py", line 336, in pytest_cmdline_main
    return wrap_session(config, _main)
  File "C:\Users\Usuario\AutomationFramework\venv\Lib\site-packages\_pytest\main.py", line 289, in wrap_session
    session.exitstatus = doit(config, session) or 0
  File "C:\Users\Usuario\AutomationFramework\venv\Lib\site-packages\_pytest\main.py", line 343, in _main
    config.hook.pytest_runtestloop(session=session)
  File "C:\Users\Usuario\AutomationFramework\venv\Lib\site-packages\pluggy\_hooks.py", line 512, in __call__
    return self._hookexec(self.name, self._hookimpls.copy(), kwargs, firstresult)
  File "C:\Users\Usuario\AutomationFramework\venv\Lib\site-packages\pluggy\_manager.py", line 120, in _hookexec
    return self._inner_hookexec(hook_name, methods, kwargs, firstresult)
  File "C:\Users\Usuario\AutomationFramework\venv\Lib\site-packages\pluggy\_callers.py", line 121, in _multicall
    res = hook_impl.function(*args)
  File "C:\Users\Usuario\AutomationFramework\venv\Lib\site-packages\_pytest\main.py", line 367, in pytest_runtestloop
    item.config.hook.pytest_runtest_protocol(item=item, nextitem=nextitem)
  File "C:\Users\Usuario\AutomationFramework\venv\Lib\site-packages\pluggy\_hooks.py", line 512, in __call__
    return self._hookexec(self.name, self._hookimpls.copy(), kwargs, firstresult)
  File "C:\Users\Usuario\AutomationFramework\venv\Lib\site-packages\pluggy\_manager.py", line 120, in _hookexec
    return self._inner_hookexec(hook_name, methods, kwargs, firstresult)
  File "C:\Users\Usuario\AutomationFramework\venv\Lib\site-packages\pluggy\_callers.py", line 121, in _multicall
    res = hook_impl.function(*args)
  File "C:\Users\Usuario\AutomationFramework\venv\Lib\site-packages\_pytest\runner.py", line 117, in pytest_runtest_protocol
    runtestprotocol(item, nextitem=nextitem)
  File "C:\Users\Usuario\AutomationFramework\venv\Lib\site-packages\_pytest\runner.py", line 136, in runtestprotocol
    reports.append(call_and_report(item, "call", log))
  File "C:\Users\Usuario\AutomationFramework\venv\Lib\site-packages\_pytest\runner.py", line 245, in call_and_report
    call = CallInfo.from_call(
  File "C:\Users\Usuario\AutomationFramework\venv\Lib\site-packages\_pytest\runner.py", line 344, in from_call
    result: TResult | None = func()
  File "C:\Users\Usuario\AutomationFramework\venv\Lib\site-packages\_pytest\runner.py", line 246, in <lambda>
    lambda: runtest_hook(item=item, **kwds), when=when, reraise=reraise
  File "C:\Users\Usuario\AutomationFramework\venv\Lib\site-packages\pluggy\_hooks.py", line 512, in __call__
    return self._hookexec(self.name, self._hookimpls.copy(), kwargs, firstresult)
  File "C:\Users\Usuario\AutomationFramework\venv\Lib\site-packages\pluggy\_manager.py", line 120, in _hookexec
    return self._inner_hookexec(hook_name, methods, kwargs, firstresult)
  File "C:\Users\Usuario\AutomationFramework\venv\Lib\site-packages\pluggy\_callers.py", line 121, in _multicall
    res = hook_impl.function(*args)
  File "C:\Users\Usuario\AutomationFramework\venv\Lib\site-packages\_pytest\runner.py", line 178, in pytest_runtest_call
    item.runtest()
  File "C:\Users\Usuario\AutomationFramework\venv\Lib\site-packages\_pytest\python.py", line 1671, in runtest
    self.ihook.pytest_pyfunc_call(pyfuncitem=self)
  File "C:\Users\Usuario\AutomationFramework\venv\Lib\site-packages\pluggy\_hooks.py", line 512, in __call__
    return self._hookexec(self.name, self._hookimpls.copy(), kwargs, firstresult)
  File "C:\Users\Usuario\AutomationFramework\venv\Lib\site-packages\pluggy\_manager.py", line 120, in _hookexec
    return self._inner_hookexec(hook_name, methods, kwargs, firstresult)
  File "C:\Users\Usuario\AutomationFramework\venv\Lib\site-packages\pluggy\_callers.py", line 121, in _multicall
    res = hook_impl.function(*args)
  File "C:\Users\Usuario\AutomationFramework\venv\Lib\site-packages\_pytest\python.py", line 157, in pytest_pyfunc_call
    result = testfunction(**testargs)
  File "C:\Users\Usuario\AutomationFramework\tests\tests\test_booking_oneway.py", line 66, in test_oneway_booking_flow
    flight_details_page.validate_flight_details_page()
  File "C:\Users\Usuario\AutomationFramework\venv\Lib\site-packages\allure_commons\_allure.py", line 202, in impl
    return func(*a, **kw)
  File "C:\Users\Usuario\AutomationFramework\pages\flight_details_page.py", line 36, in validate_flight_details_page
    logging.info("‚úÖ M√≥dulo 3 estabilizado (Validaci√≥n de carga exitosa).")
Message: '‚úÖ M√≥dulo 3 estabilizado (Validaci√≥n de carga exitosa).'
Arguments: ()
2025-11-03 11:48:09,802 - INFO - ‚úÖ M√≥dulo 3 estabilizado (Validaci√≥n de carga exitosa).
2025-11-03 11:48:09,807 - INFO - Haciendo clic en el elemento de la fecha para activar las opciones/servicios.
2025-11-03 11:48:09,978 - INFO - Clic: Elemento Selector de Fecha/Ruta ('xpath', "//div[contains(@class, 'journey-selector_selected-date') and .//span[contains(text(), 'noviembre') or contains(text(), 'diciembre')]]")
2025-11-03 11:48:11,014 - INFO - Aplicando SCROLL FORZADO (scrollIntoView) al bot√≥n 'Continuar'.
2025-11-03 11:48:12,037 - INFO - Intentando hacer clic en el bot√≥n 'Continuar'.
2025-11-03 11:48:12,235 - INFO - Clic: Bot√≥n Continuar desde M√≥dulo 3 ('xpath', "//button[contains(@class, 'page_button-primary-flow') and .//span[text()=' Continuar ']]")
2025-11-03 11:48:12,235 - INFO - Clic en Continuar completado. Pasando al M√≥dulo 4.
2025-11-03 11:48:12,235 - INFO - Esperando la carga del M√≥dulo 4: Datos del Pasajero...
--- Logging error ---
Traceback (most recent call last):
  File "C:\Users\Usuario\AppData\Local\Programs\Python\Python312\Lib\logging\__init__.py", line 1163, in emit
    stream.write(msg + self.terminator)
  File "C:\Users\Usuario\AppData\Local\Programs\Python\Python312\Lib\encodings\cp1252.py", line 19, in encode
    return codecs.charmap_encode(input,self.errors,encoding_table)[0]
           ^^^^^^^^^^^^^^^^^^^^^^^^^^^^^^^^^^^^^^^^^^^^^^^^^^^^^^^
UnicodeEncodeError: 'charmap' codec can't encode character '\u2705' in position 33: character maps to <undefined>
Call stack:
  File "<frozen runpy>", line 198, in _run_module_as_main
  File "<frozen runpy>", line 88, in _run_code
  File "C:\Users\Usuario\AutomationFramework\venv\Scripts\pytest.exe\__main__.py", line 7, in <module>
    sys.exit(console_main())
  File "C:\Users\Usuario\AutomationFramework\venv\Lib\site-packages\_pytest\config\__init__.py", line 201, in console_main
    code = main()
  File "C:\Users\Usuario\AutomationFramework\venv\Lib\site-packages\_pytest\config\__init__.py", line 175, in main
    ret: ExitCode | int = config.hook.pytest_cmdline_main(config=config)
  File "C:\Users\Usuario\AutomationFramework\venv\Lib\site-packages\pluggy\_hooks.py", line 512, in __call__
    return self._hookexec(self.name, self._hookimpls.copy(), kwargs, firstresult)
  File "C:\Users\Usuario\AutomationFramework\venv\Lib\site-packages\pluggy\_manager.py", line 120, in _hookexec
    return self._inner_hookexec(hook_name, methods, kwargs, firstresult)
  File "C:\Users\Usuario\AutomationFramework\venv\Lib\site-packages\pluggy\_callers.py", line 121, in _multicall
    res = hook_impl.function(*args)
  File "C:\Users\Usuario\AutomationFramework\venv\Lib\site-packages\_pytest\main.py", line 336, in pytest_cmdline_main
    return wrap_session(config, _main)
  File "C:\Users\Usuario\AutomationFramework\venv\Lib\site-packages\_pytest\main.py", line 289, in wrap_session
    session.exitstatus = doit(config, session) or 0
  File "C:\Users\Usuario\AutomationFramework\venv\Lib\site-packages\_pytest\main.py", line 343, in _main
    config.hook.pytest_runtestloop(session=session)
  File "C:\Users\Usuario\AutomationFramework\venv\Lib\site-packages\pluggy\_hooks.py", line 512, in __call__
    return self._hookexec(self.name, self._hookimpls.copy(), kwargs, firstresult)
  File "C:\Users\Usuario\AutomationFramework\venv\Lib\site-packages\pluggy\_manager.py", line 120, in _hookexec
    return self._inner_hookexec(hook_name, methods, kwargs, firstresult)
  File "C:\Users\Usuario\AutomationFramework\venv\Lib\site-packages\pluggy\_callers.py", line 121, in _multicall
    res = hook_impl.function(*args)
  File "C:\Users\Usuario\AutomationFramework\venv\Lib\site-packages\_pytest\main.py", line 367, in pytest_runtestloop
    item.config.hook.pytest_runtest_protocol(item=item, nextitem=nextitem)
  File "C:\Users\Usuario\AutomationFramework\venv\Lib\site-packages\pluggy\_hooks.py", line 512, in __call__
    return self._hookexec(self.name, self._hookimpls.copy(), kwargs, firstresult)
  File "C:\Users\Usuario\AutomationFramework\venv\Lib\site-packages\pluggy\_manager.py", line 120, in _hookexec
    return self._inner_hookexec(hook_name, methods, kwargs, firstresult)
  File "C:\Users\Usuario\AutomationFramework\venv\Lib\site-packages\pluggy\_callers.py", line 121, in _multicall
    res = hook_impl.function(*args)
  File "C:\Users\Usuario\AutomationFramework\venv\Lib\site-packages\_pytest\runner.py", line 117, in pytest_runtest_protocol
    runtestprotocol(item, nextitem=nextitem)
  File "C:\Users\Usuario\AutomationFramework\venv\Lib\site-packages\_pytest\runner.py", line 136, in runtestprotocol
    reports.append(call_and_report(item, "call", log))
  File "C:\Users\Usuario\AutomationFramework\venv\Lib\site-packages\_pytest\runner.py", line 245, in call_and_report
    call = CallInfo.from_call(
  File "C:\Users\Usuario\AutomationFramework\venv\Lib\site-packages\_pytest\runner.py", line 344, in from_call
    result: TResult | None = func()
  File "C:\Users\Usuario\AutomationFramework\venv\Lib\site-packages\_pytest\runner.py", line 246, in <lambda>
    lambda: runtest_hook(item=item, **kwds), when=when, reraise=reraise
  File "C:\Users\Usuario\AutomationFramework\venv\Lib\site-packages\pluggy\_hooks.py", line 512, in __call__
    return self._hookexec(self.name, self._hookimpls.copy(), kwargs, firstresult)
  File "C:\Users\Usuario\AutomationFramework\venv\Lib\site-packages\pluggy\_manager.py", line 120, in _hookexec
    return self._inner_hookexec(hook_name, methods, kwargs, firstresult)
  File "C:\Users\Usuario\AutomationFramework\venv\Lib\site-packages\pluggy\_callers.py", line 121, in _multicall
    res = hook_impl.function(*args)
  File "C:\Users\Usuario\AutomationFramework\venv\Lib\site-packages\_pytest\runner.py", line 178, in pytest_runtest_call
    item.runtest()
  File "C:\Users\Usuario\AutomationFramework\venv\Lib\site-packages\_pytest\python.py", line 1671, in runtest
    self.ihook.pytest_pyfunc_call(pyfuncitem=self)
  File "C:\Users\Usuario\AutomationFramework\venv\Lib\site-packages\pluggy\_hooks.py", line 512, in __call__
    return self._hookexec(self.name, self._hookimpls.copy(), kwargs, firstresult)
  File "C:\Users\Usuario\AutomationFramework\venv\Lib\site-packages\pluggy\_manager.py", line 120, in _hookexec
    return self._inner_hookexec(hook_name, methods, kwargs, firstresult)
  File "C:\Users\Usuario\AutomationFramework\venv\Lib\site-packages\pluggy\_callers.py", line 121, in _multicall
    res = hook_impl.function(*args)
  File "C:\Users\Usuario\AutomationFramework\venv\Lib\site-packages\_pytest\python.py", line 157, in pytest_pyfunc_call
    result = testfunction(**testargs)
  File "C:\Users\Usuario\AutomationFramework\tests\tests\test_booking_oneway.py", line 72, in test_oneway_booking_flow
    passenger_details_page.validate_passenger_details_page()
  File "C:\Users\Usuario\AutomationFramework\venv\Lib\site-packages\allure_commons\_allure.py", line 202, in impl
    return func(*a, **kw)
  File "C:\Users\Usuario\AutomationFramework\pages\passenger_details_page.py", line 33, in validate_passenger_details_page
    logging.info("‚úÖ M√≥dulo 4 cargado exitosamente.")
Message: '‚úÖ M√≥dulo 4 cargado exitosamente.'
Arguments: ()
2025-11-03 11:48:14,273 - INFO - ‚úÖ M√≥dulo 4 cargado exitosamente.
2025-11-03 11:48:14,275 - INFO - Seleccionando G√©nero.
2025-11-03 11:48:14,412 - INFO - Clic: Bot√≥n de G√©nero ('id', 'IdPaxGender_7E7E3533344234383244333132443435353835347E31')
2025-11-03 11:48:14,596 - INFO - Clic: Opci√≥n de G√©nero: Masculino ('xpath', "//button[@role='option' and .//span[text()='Masculino']]")
2025-11-03 11:48:14,596 - INFO - Ingresando nombre: Orlando
2025-11-03 11:48:14,774 - ERROR - Fallo funcional en el Caso 1: 'PassengerDetailsPage' object has no attribute '_wait_and_type'
2025-11-03 11:48:14,787 - INFO - Resultado de 'test_oneway_BOG-CTG' insertado en la BD: FAIL
2025-11-03 11:48:15,090 - INFO - Cerrando WebDriver.
