2025-11-03 00:19:49,234 - INFO - Base de datos 'test_results.db' lista.
2025-11-03 00:19:54,447 - INFO - BrowserMob Proxy iniciado con 茅xito.
2025-11-03 00:19:57,425 - INFO - WebDriver inicializado para chrome en https://nuxqa4.avtest.ink/ (SIN PROXY).
2025-11-03 00:20:02,250 - INFO - Navegaci贸n inicial completada.
2025-11-03 00:20:47,502 - ERROR - Timeout esperando el elemento con locator ('xpath', "//button[@aria-label='Cerrar' or @class='close-button' or text()='Aceptar']")
2025-11-03 00:20:47,502 - ERROR - Fallo al hacer clic en Bot贸n de Cierre de Pop-up Inicial ('xpath', "//button[@aria-label='Cerrar' or @class='close-button' or text()='Aceptar']"): Message: 
Stacktrace:
	GetHandleVerifier [0x0x7ff62c1fe8e5+80021]
	GetHandleVerifier [0x0x7ff62c1fe940+80112]
	(No symbol) [0x0x7ff62bf8060f]
	(No symbol) [0x0x7ff62bfd8854]
	(No symbol) [0x0x7ff62bfd8b1c]
	(No symbol) [0x0x7ff62c02c927]
	(No symbol) [0x0x7ff62c00126f]
	(No symbol) [0x0x7ff62c02968a]
	(No symbol) [0x0x7ff62c001003]
	(No symbol) [0x0x7ff62bfc95d1]
	(No symbol) [0x0x7ff62bfca3f3]
	GetHandleVerifier [0x0x7ff62c4bdc7d+2960429]
	GetHandleVerifier [0x0x7ff62c4b7f3a+2936554]
	GetHandleVerifier [0x0x7ff62c4d8977+3070247]
	GetHandleVerifier [0x0x7ff62c2183ce+185214]
	GetHandleVerifier [0x0x7ff62c21fe1f+216527]
	GetHandleVerifier [0x0x7ff62c207b24+117460]
	GetHandleVerifier [0x0x7ff62c207cdf+117903]
	GetHandleVerifier [0x0x7ff62c1edbb8+11112]
	BaseThreadInitThunk [0x0x7ffc92b1259d+29]
	RtlUserThreadStart [0x0x7ffc93c0af78+40]

2025-11-03 00:20:47,546 - INFO - No se encontr贸 el pop-up inicial. Continuamos.
2025-11-03 00:20:47,973 - INFO - Clic: Radio Button Solo Ida ('xpath', "//span[text()='Solo ida']")
2025-11-03 00:20:48,258 - INFO - Clic: Bot贸n Origen (Abre Pop-up) ('id', 'originBtn')
2025-11-03 00:20:48,757 - INFO - Input 'BOG' en: Campo B煤squeda Origen ('id', 'departureStationInputId')
2025-11-03 00:20:50,104 - INFO - Clic: Seleccionar ciudad de Origen: BOG ('id', 'BOG')
2025-11-03 00:20:53,796 - INFO - Input 'CTG' en: Campo B煤squeda Destino ('id', 'arrivalStationInputId')
2025-11-03 00:20:54,150 - INFO - Clic: Seleccionar ciudad de Destino: CTG ('id', 'CTG')
2025-11-03 00:20:58,179 - WARNING - ADVERTENCIA: Fallo al inyectar la fecha (elemento no existe), continuando: Message: javascript error: Cannot set properties of null (setting 'value')
  (Session info: chrome=141.0.7390.123)
Stacktrace:
	GetHandleVerifier [0x0x7ff62c1fe8e5+80021]
	GetHandleVerifier [0x0x7ff62c1fe940+80112]
	(No symbol) [0x0x7ff62bf8060f]
	(No symbol) [0x0x7ff62bf8816a]
	(No symbol) [0x0x7ff62bf8b5b2]
	(No symbol) [0x0x7ff62c02aa1b]
	(No symbol) [0x0x7ff62c00122a]
	(No symbol) [0x0x7ff62c02968a]
	(No symbol) [0x0x7ff62c001003]
	(No symbol) [0x0x7ff62bfc95d1]
	(No symbol) [0x0x7ff62bfca3f3]
	GetHandleVerifier [0x0x7ff62c4bdc7d+2960429]
	GetHandleVerifier [0x0x7ff62c4b7f3a+2936554]
	GetHandleVerifier [0x0x7ff62c4d8977+3070247]
	GetHandleVerifier [0x0x7ff62c2183ce+185214]
	GetHandleVerifier [0x0x7ff62c21fe1f+216527]
	GetHandleVerifier [0x0x7ff62c207b24+117460]
	GetHandleVerifier [0x0x7ff62c207cdf+117903]
	GetHandleVerifier [0x0x7ff62c1edbb8+11112]
	BaseThreadInitThunk [0x0x7ffc92b1259d+29]
	RtlUserThreadStart [0x0x7ffc93c0af78+40]

2025-11-03 00:21:13,202 - WARNING - ADVERTENCIA: Fallo al inyectar adultos (elemento no existe), continuando: Message: javascript error: Cannot set properties of null (setting 'value')
  (Session info: chrome=141.0.7390.123)
Stacktrace:
	GetHandleVerifier [0x0x7ff62c1fe8e5+80021]
	GetHandleVerifier [0x0x7ff62c1fe940+80112]
	(No symbol) [0x0x7ff62bf8060f]
	(No symbol) [0x0x7ff62bf8816a]
	(No symbol) [0x0x7ff62bf8b5b2]
	(No symbol) [0x0x7ff62c02aa1b]
	(No symbol) [0x0x7ff62c00122a]
	(No symbol) [0x0x7ff62c02968a]
	(No symbol) [0x0x7ff62c001003]
	(No symbol) [0x0x7ff62bfc95d1]
	(No symbol) [0x0x7ff62bfca3f3]
	GetHandleVerifier [0x0x7ff62c4bdc7d+2960429]
	GetHandleVerifier [0x0x7ff62c4b7f3a+2936554]
	GetHandleVerifier [0x0x7ff62c4d8977+3070247]
	GetHandleVerifier [0x0x7ff62c2183ce+185214]
	GetHandleVerifier [0x0x7ff62c21fe1f+216527]
	GetHandleVerifier [0x0x7ff62c207b24+117460]
	GetHandleVerifier [0x0x7ff62c207cdf+117903]
	GetHandleVerifier [0x0x7ff62c1edbb8+11112]
	BaseThreadInitThunk [0x0x7ffc92b1259d+29]
	RtlUserThreadStart [0x0x7ffc93c0af78+40]

2025-11-03 00:21:13,224 - WARNING - ADVERTENCIA: Fallo al inyectar infantes (elemento no existe), continuando: Message: javascript error: Cannot set properties of null (setting 'value')
  (Session info: chrome=141.0.7390.123)
Stacktrace:
	GetHandleVerifier [0x0x7ff62c1fe8e5+80021]
	GetHandleVerifier [0x0x7ff62c1fe940+80112]
	(No symbol) [0x0x7ff62bf8060f]
	(No symbol) [0x0x7ff62bf8816a]
	(No symbol) [0x0x7ff62bf8b5b2]
	(No symbol) [0x0x7ff62c02aa1b]
	(No symbol) [0x0x7ff62c00122a]
	(No symbol) [0x0x7ff62c02968a]
	(No symbol) [0x0x7ff62c001003]
	(No symbol) [0x0x7ff62bfc95d1]
	(No symbol) [0x0x7ff62bfca3f3]
	GetHandleVerifier [0x0x7ff62c4bdc7d+2960429]
	GetHandleVerifier [0x0x7ff62c4b7f3a+2936554]
	GetHandleVerifier [0x0x7ff62c4d8977+3070247]
	GetHandleVerifier [0x0x7ff62c2183ce+185214]
	GetHandleVerifier [0x0x7ff62c21fe1f+216527]
	GetHandleVerifier [0x0x7ff62c207b24+117460]
	GetHandleVerifier [0x0x7ff62c207cdf+117903]
	GetHandleVerifier [0x0x7ff62c1edbb8+11112]
	BaseThreadInitThunk [0x0x7ffc92b1259d+29]
	RtlUserThreadStart [0x0x7ffc93c0af78+40]

2025-11-03 00:21:16,354 - INFO - Clic FORZADO (JS) en Bot贸n Buscar Vuelos.
--- Logging error ---
Traceback (most recent call last):
  File "C:\Users\Usuario\AppData\Local\Programs\Python\Python312\Lib\logging\__init__.py", line 1163, in emit
    stream.write(msg + self.terminator)
  File "C:\Users\Usuario\AppData\Local\Programs\Python\Python312\Lib\encodings\cp1252.py", line 19, in encode
    return codecs.charmap_encode(input,self.errors,encoding_table)[0]
           ^^^^^^^^^^^^^^^^^^^^^^^^^^^^^^^^^^^^^^^^^^^^^^^^^^^^^^^
UnicodeEncodeError: 'charmap' codec can't encode character '\U0001f6d1' in position 36: character maps to <undefined>
Call stack:
  File "<frozen runpy>", line 198, in _run_module_as_main
  File "<frozen runpy>", line 88, in _run_code
  File "C:\Users\Usuario\AutomationFramework\venv\Scripts\pytest.exe\__main__.py", line 7, in <module>
    sys.exit(console_main())
  File "C:\Users\Usuario\AutomationFramework\venv\Lib\site-packages\_pytest\config\__init__.py", line 201, in console_main
    code = main()
  File "C:\Users\Usuario\AutomationFramework\venv\Lib\site-packages\_pytest\config\__init__.py", line 175, in main
    ret: ExitCode | int = config.hook.pytest_cmdline_main(config=config)
  File "C:\Users\Usuario\AutomationFramework\venv\Lib\site-packages\pluggy\_hooks.py", line 512, in __call__
    return self._hookexec(self.name, self._hookimpls.copy(), kwargs, firstresult)
  File "C:\Users\Usuario\AutomationFramework\venv\Lib\site-packages\pluggy\_manager.py", line 120, in _hookexec
    return self._inner_hookexec(hook_name, methods, kwargs, firstresult)
  File "C:\Users\Usuario\AutomationFramework\venv\Lib\site-packages\pluggy\_callers.py", line 121, in _multicall
    res = hook_impl.function(*args)
  File "C:\Users\Usuario\AutomationFramework\venv\Lib\site-packages\_pytest\main.py", line 336, in pytest_cmdline_main
    return wrap_session(config, _main)
  File "C:\Users\Usuario\AutomationFramework\venv\Lib\site-packages\_pytest\main.py", line 289, in wrap_session
    session.exitstatus = doit(config, session) or 0
  File "C:\Users\Usuario\AutomationFramework\venv\Lib\site-packages\_pytest\main.py", line 343, in _main
    config.hook.pytest_runtestloop(session=session)
  File "C:\Users\Usuario\AutomationFramework\venv\Lib\site-packages\pluggy\_hooks.py", line 512, in __call__
    return self._hookexec(self.name, self._hookimpls.copy(), kwargs, firstresult)
  File "C:\Users\Usuario\AutomationFramework\venv\Lib\site-packages\pluggy\_manager.py", line 120, in _hookexec
    return self._inner_hookexec(hook_name, methods, kwargs, firstresult)
  File "C:\Users\Usuario\AutomationFramework\venv\Lib\site-packages\pluggy\_callers.py", line 121, in _multicall
    res = hook_impl.function(*args)
  File "C:\Users\Usuario\AutomationFramework\venv\Lib\site-packages\_pytest\main.py", line 367, in pytest_runtestloop
    item.config.hook.pytest_runtest_protocol(item=item, nextitem=nextitem)
  File "C:\Users\Usuario\AutomationFramework\venv\Lib\site-packages\pluggy\_hooks.py", line 512, in __call__
    return self._hookexec(self.name, self._hookimpls.copy(), kwargs, firstresult)
  File "C:\Users\Usuario\AutomationFramework\venv\Lib\site-packages\pluggy\_manager.py", line 120, in _hookexec
    return self._inner_hookexec(hook_name, methods, kwargs, firstresult)
  File "C:\Users\Usuario\AutomationFramework\venv\Lib\site-packages\pluggy\_callers.py", line 121, in _multicall
    res = hook_impl.function(*args)
  File "C:\Users\Usuario\AutomationFramework\venv\Lib\site-packages\_pytest\runner.py", line 117, in pytest_runtest_protocol
    runtestprotocol(item, nextitem=nextitem)
  File "C:\Users\Usuario\AutomationFramework\venv\Lib\site-packages\_pytest\runner.py", line 136, in runtestprotocol
    reports.append(call_and_report(item, "call", log))
  File "C:\Users\Usuario\AutomationFramework\venv\Lib\site-packages\_pytest\runner.py", line 245, in call_and_report
    call = CallInfo.from_call(
  File "C:\Users\Usuario\AutomationFramework\venv\Lib\site-packages\_pytest\runner.py", line 344, in from_call
    result: TResult | None = func()
  File "C:\Users\Usuario\AutomationFramework\venv\Lib\site-packages\_pytest\runner.py", line 246, in <lambda>
    lambda: runtest_hook(item=item, **kwds), when=when, reraise=reraise
  File "C:\Users\Usuario\AutomationFramework\venv\Lib\site-packages\pluggy\_hooks.py", line 512, in __call__
    return self._hookexec(self.name, self._hookimpls.copy(), kwargs, firstresult)
  File "C:\Users\Usuario\AutomationFramework\venv\Lib\site-packages\pluggy\_manager.py", line 120, in _hookexec
    return self._inner_hookexec(hook_name, methods, kwargs, firstresult)
  File "C:\Users\Usuario\AutomationFramework\venv\Lib\site-packages\pluggy\_callers.py", line 121, in _multicall
    res = hook_impl.function(*args)
  File "C:\Users\Usuario\AutomationFramework\venv\Lib\site-packages\_pytest\runner.py", line 178, in pytest_runtest_call
    item.runtest()
  File "C:\Users\Usuario\AutomationFramework\venv\Lib\site-packages\_pytest\python.py", line 1671, in runtest
    self.ihook.pytest_pyfunc_call(pyfuncitem=self)
  File "C:\Users\Usuario\AutomationFramework\venv\Lib\site-packages\pluggy\_hooks.py", line 512, in __call__
    return self._hookexec(self.name, self._hookimpls.copy(), kwargs, firstresult)
  File "C:\Users\Usuario\AutomationFramework\venv\Lib\site-packages\pluggy\_manager.py", line 120, in _hookexec
    return self._inner_hookexec(hook_name, methods, kwargs, firstresult)
  File "C:\Users\Usuario\AutomationFramework\venv\Lib\site-packages\pluggy\_callers.py", line 121, in _multicall
    res = hook_impl.function(*args)
  File "C:\Users\Usuario\AutomationFramework\venv\Lib\site-packages\_pytest\python.py", line 157, in pytest_pyfunc_call
    result = testfunction(**testargs)
  File "C:\Users\Usuario\AutomationFramework\tests\tests\test_booking_oneway.py", line 37, in test_oneway_booking_flow
    home_page.search_flight(origin, destination, "2026-12-01", adults, infants)
  File "C:\Users\Usuario\AutomationFramework\venv\Lib\site-packages\allure_commons\_allure.py", line 202, in impl
    return func(*a, **kw)
  File "C:\Users\Usuario\AutomationFramework\pages\home_page.py", line 108, in search_flight
    logging.warning(" CAPTCHA/Verificaci贸n de Akamai DETECTADA. Iniciando pausa manual de 25 segundos.")
Message: ' CAPTCHA/Verificaci贸n de Akamai DETECTADA. Iniciando pausa manual de 25 segundos.'
Arguments: ()
2025-11-03 00:21:21,356 - WARNING -  CAPTCHA/Verificaci贸n de Akamai DETECTADA. Iniciando pausa manual de 25 segundos.
--- Logging error ---
Traceback (most recent call last):
  File "C:\Users\Usuario\AppData\Local\Programs\Python\Python312\Lib\logging\__init__.py", line 1163, in emit
    stream.write(msg + self.terminator)
  File "C:\Users\Usuario\AppData\Local\Programs\Python\Python312\Lib\encodings\cp1252.py", line 19, in encode
    return codecs.charmap_encode(input,self.errors,encoding_table)[0]
           ^^^^^^^^^^^^^^^^^^^^^^^^^^^^^^^^^^^^^^^^^^^^^^^^^^^^^^^
UnicodeEncodeError: 'charmap' codec can't encode characters in position 36-37: character maps to <undefined>
Call stack:
  File "<frozen runpy>", line 198, in _run_module_as_main
  File "<frozen runpy>", line 88, in _run_code
  File "C:\Users\Usuario\AutomationFramework\venv\Scripts\pytest.exe\__main__.py", line 7, in <module>
    sys.exit(console_main())
  File "C:\Users\Usuario\AutomationFramework\venv\Lib\site-packages\_pytest\config\__init__.py", line 201, in console_main
    code = main()
  File "C:\Users\Usuario\AutomationFramework\venv\Lib\site-packages\_pytest\config\__init__.py", line 175, in main
    ret: ExitCode | int = config.hook.pytest_cmdline_main(config=config)
  File "C:\Users\Usuario\AutomationFramework\venv\Lib\site-packages\pluggy\_hooks.py", line 512, in __call__
    return self._hookexec(self.name, self._hookimpls.copy(), kwargs, firstresult)
  File "C:\Users\Usuario\AutomationFramework\venv\Lib\site-packages\pluggy\_manager.py", line 120, in _hookexec
    return self._inner_hookexec(hook_name, methods, kwargs, firstresult)
  File "C:\Users\Usuario\AutomationFramework\venv\Lib\site-packages\pluggy\_callers.py", line 121, in _multicall
    res = hook_impl.function(*args)
  File "C:\Users\Usuario\AutomationFramework\venv\Lib\site-packages\_pytest\main.py", line 336, in pytest_cmdline_main
    return wrap_session(config, _main)
  File "C:\Users\Usuario\AutomationFramework\venv\Lib\site-packages\_pytest\main.py", line 289, in wrap_session
    session.exitstatus = doit(config, session) or 0
  File "C:\Users\Usuario\AutomationFramework\venv\Lib\site-packages\_pytest\main.py", line 343, in _main
    config.hook.pytest_runtestloop(session=session)
  File "C:\Users\Usuario\AutomationFramework\venv\Lib\site-packages\pluggy\_hooks.py", line 512, in __call__
    return self._hookexec(self.name, self._hookimpls.copy(), kwargs, firstresult)
  File "C:\Users\Usuario\AutomationFramework\venv\Lib\site-packages\pluggy\_manager.py", line 120, in _hookexec
    return self._inner_hookexec(hook_name, methods, kwargs, firstresult)
  File "C:\Users\Usuario\AutomationFramework\venv\Lib\site-packages\pluggy\_callers.py", line 121, in _multicall
    res = hook_impl.function(*args)
  File "C:\Users\Usuario\AutomationFramework\venv\Lib\site-packages\_pytest\main.py", line 367, in pytest_runtestloop
    item.config.hook.pytest_runtest_protocol(item=item, nextitem=nextitem)
  File "C:\Users\Usuario\AutomationFramework\venv\Lib\site-packages\pluggy\_hooks.py", line 512, in __call__
    return self._hookexec(self.name, self._hookimpls.copy(), kwargs, firstresult)
  File "C:\Users\Usuario\AutomationFramework\venv\Lib\site-packages\pluggy\_manager.py", line 120, in _hookexec
    return self._inner_hookexec(hook_name, methods, kwargs, firstresult)
  File "C:\Users\Usuario\AutomationFramework\venv\Lib\site-packages\pluggy\_callers.py", line 121, in _multicall
    res = hook_impl.function(*args)
  File "C:\Users\Usuario\AutomationFramework\venv\Lib\site-packages\_pytest\runner.py", line 117, in pytest_runtest_protocol
    runtestprotocol(item, nextitem=nextitem)
  File "C:\Users\Usuario\AutomationFramework\venv\Lib\site-packages\_pytest\runner.py", line 136, in runtestprotocol
    reports.append(call_and_report(item, "call", log))
  File "C:\Users\Usuario\AutomationFramework\venv\Lib\site-packages\_pytest\runner.py", line 245, in call_and_report
    call = CallInfo.from_call(
  File "C:\Users\Usuario\AutomationFramework\venv\Lib\site-packages\_pytest\runner.py", line 344, in from_call
    result: TResult | None = func()
  File "C:\Users\Usuario\AutomationFramework\venv\Lib\site-packages\_pytest\runner.py", line 246, in <lambda>
    lambda: runtest_hook(item=item, **kwds), when=when, reraise=reraise
  File "C:\Users\Usuario\AutomationFramework\venv\Lib\site-packages\pluggy\_hooks.py", line 512, in __call__
    return self._hookexec(self.name, self._hookimpls.copy(), kwargs, firstresult)
  File "C:\Users\Usuario\AutomationFramework\venv\Lib\site-packages\pluggy\_manager.py", line 120, in _hookexec
    return self._inner_hookexec(hook_name, methods, kwargs, firstresult)
  File "C:\Users\Usuario\AutomationFramework\venv\Lib\site-packages\pluggy\_callers.py", line 121, in _multicall
    res = hook_impl.function(*args)
  File "C:\Users\Usuario\AutomationFramework\venv\Lib\site-packages\_pytest\runner.py", line 178, in pytest_runtest_call
    item.runtest()
  File "C:\Users\Usuario\AutomationFramework\venv\Lib\site-packages\_pytest\python.py", line 1671, in runtest
    self.ihook.pytest_pyfunc_call(pyfuncitem=self)
  File "C:\Users\Usuario\AutomationFramework\venv\Lib\site-packages\pluggy\_hooks.py", line 512, in __call__
    return self._hookexec(self.name, self._hookimpls.copy(), kwargs, firstresult)
  File "C:\Users\Usuario\AutomationFramework\venv\Lib\site-packages\pluggy\_manager.py", line 120, in _hookexec
    return self._inner_hookexec(hook_name, methods, kwargs, firstresult)
  File "C:\Users\Usuario\AutomationFramework\venv\Lib\site-packages\pluggy\_callers.py", line 121, in _multicall
    res = hook_impl.function(*args)
  File "C:\Users\Usuario\AutomationFramework\venv\Lib\site-packages\_pytest\python.py", line 157, in pytest_pyfunc_call
    result = testfunction(**testargs)
  File "C:\Users\Usuario\AutomationFramework\tests\tests\test_booking_oneway.py", line 37, in test_oneway_booking_flow
    home_page.search_flight(origin, destination, "2026-12-01", adults, infants)
  File "C:\Users\Usuario\AutomationFramework\venv\Lib\site-packages\allure_commons\_allure.py", line 202, in impl
    return func(*a, **kw)
  File "C:\Users\Usuario\AutomationFramework\pages\home_page.py", line 109, in search_flight
    logging.warning("★ POR FAVOR, RESUELVA EL CAPTCHA MANUALMENTE AHORA (Haga clic en el checkbox y en Continuar).")
Message: '★ POR FAVOR, RESUELVA EL CAPTCHA MANUALMENTE AHORA (Haga clic en el checkbox y en Continuar).'
Arguments: ()
2025-11-03 00:21:21,377 - WARNING - ★ POR FAVOR, RESUELVA EL CAPTCHA MANUALMENTE AHORA (Haga clic en el checkbox y en Continuar).
2025-11-03 00:21:46,381 - INFO - Pausa manual terminada. El test intentar谩 continuar con la SelectFlightPage...
2025-11-03 00:21:46,381 - INFO - Esperando resultados para BOG a CTG...
2025-11-03 00:22:31,421 - ERROR - Timeout esperando el elemento con locator ('xpath', "//h1[contains(text(), 'Selecciona tu vuelo') or contains(text(), 'Selecci贸n de Vuelo')]")
2025-11-03 00:22:31,613 - ERROR - Fallo funcional en el Caso 1: Message: 
Stacktrace:
	GetHandleVerifier [0x0x7ff62c1fe8e5+80021]
	GetHandleVerifier [0x0x7ff62c1fe940+80112]
	(No symbol) [0x0x7ff62bf8060f]
	(No symbol) [0x0x7ff62bfd8854]
	(No symbol) [0x0x7ff62bfd8b1c]
	(No symbol) [0x0x7ff62c02c927]
	(No symbol) [0x0x7ff62c00126f]
	(No symbol) [0x0x7ff62c02968a]
	(No symbol) [0x0x7ff62c001003]
	(No symbol) [0x0x7ff62bfc95d1]
	(No symbol) [0x0x7ff62bfca3f3]
	GetHandleVerifier [0x0x7ff62c4bdc7d+2960429]
	GetHandleVerifier [0x0x7ff62c4b7f3a+2936554]
	GetHandleVerifier [0x0x7ff62c4d8977+3070247]
	GetHandleVerifier [0x0x7ff62c2183ce+185214]
	GetHandleVerifier [0x0x7ff62c21fe1f+216527]
	GetHandleVerifier [0x0x7ff62c207b24+117460]
	GetHandleVerifier [0x0x7ff62c207cdf+117903]
	GetHandleVerifier [0x0x7ff62c1edbb8+11112]
	BaseThreadInitThunk [0x0x7ffc92b1259d+29]
	RtlUserThreadStart [0x0x7ffc93c0af78+40]

2025-11-03 00:22:31,946 - INFO - Cerrando WebDriver.
