{"name": "test_oneway_booking_flow[MDE-SCL-2-2]", "status": "broken", "statusDetails": {"message": "TypeError: DBManager.insert_result() takes 4 positional arguments but 6 were given", "trace": "self = <test_booking_oneway.TestBooking object at 0x000001D98C547110>\ndriver = <selenium.webdriver.chrome.webdriver.WebDriver (session=\"a238e30c052c65ea0cae7ebf657e56eb\")>\ndb_manager = <db_manager.DBManager object at 0x000001D98C5D7CB0>, origin = 'MDE', destination = 'SCL', adults = 2, infants = 2\n\n    @allure.epic(\"Caso 1: Flujo de Booking\")\n    @allure.feature(\"Solo Ida (One-Way)\")\n    @pytest.mark.parametrize(\"origin, destination, adults, infants\", [\n        (\"BOG\", \"CTG\", 1, 0),  # Escenario básico: 1 Adulto\n        (\"MDE\", \"SCL\", 2, 2)   # Escenario con restricción: 2 Adultos y 2 Infantes\n    ])\n    def test_oneway_booking_flow(self, driver, db_manager, origin, destination, adults, infants):\n        \"\"\"\n        Automatiza el flujo completo de booking Solo Ida con validaciones en cada módulo.\n        \"\"\"\n        start_time = time.time()\n        test_passed = False\n    \n        # 1. Inicialización de Páginas\n        home_page = HomePage(driver)\n        select_flight_page = SelectFlightPage(driver) # ⬅️ NUEVA INSTANCIA\n    \n        try:\n            # 2. HOME: Configuración de la búsqueda\n            with allure.step(\"Módulo HOME: Configuración de la búsqueda\"):\n                home_page.open()\n                home_page.close_initial_popup()\n                home_page.select_one_way()\n>               home_page.search_flight(origin, destination, \"2026-12-01\", adults, infants)\n\ntests\\tests\\test_booking_oneway.py:39: \n_ _ _ _ _ _ _ _ _ _ _ _ _ _ _ _ _ _ _ _ _ _ _ _ _ _ _ _ _ _ _ _ _ _ _ _ _ _ _ _ _ _ _ _ _ _ _ _ _ _ _ _ _ _ _ _ _ _ _ _ _ _ _ _ _ _ _ _ _ _\npages\\home_page.py:107: in search_flight\n    self._wait_and_send_keys(self._INPUT_DATE_DEPARTURE, date, \"Campo Fecha Salida\")\npages\\base_page.py:60: in _wait_and_send_keys\n    element = self._wait_for_element(locator)\n              ^^^^^^^^^^^^^^^^^^^^^^^^^^^^^^^\npages\\base_page.py:23: in _wait_for_element\n    return self.wait.until(EC.visibility_of_element_located(locator))\n           ^^^^^^^^^^^^^^^^^^^^^^^^^^^^^^^^^^^^^^^^^^^^^^^^^^^^^^^^^^\n_ _ _ _ _ _ _ _ _ _ _ _ _ _ _ _ _ _ _ _ _ _ _ _ _ _ _ _ _ _ _ _ _ _ _ _ _ _ _ _ _ _ _ _ _ _ _ _ _ _ _ _ _ _ _ _ _ _ _ _ _ _ _ _ _ _ _ _ _ _\n\nself = <selenium.webdriver.support.wait.WebDriverWait (session=\"a238e30c052c65ea0cae7ebf657e56eb\")>\nmethod = <function visibility_of_element_located.<locals>._predicate at 0x000001D98C6D5DA0>, message = ''\n\n    def until(self, method: Callable[[D], Union[Literal[False], T]], message: str = \"\") -> T:\n        \"\"\"Wait until the method returns a value that is not False.\n    \n        Calls the method provided with the driver as an argument until the\n        return value does not evaluate to ``False``.\n    \n        Parameters:\n        -----------\n        method: callable(WebDriver)\n            - A callable object that takes a WebDriver instance as an argument.\n    \n        message: str\n            - Optional message for :exc:`TimeoutException`\n    \n        Return:\n        -------\n        object: T\n            - The result of the last call to `method`\n    \n        Raises:\n        -------\n        TimeoutException\n            - If 'method' does not return a truthy value within the WebDriverWait\n            object's timeout\n    \n        Example:\n        --------\n        >>> from selenium.webdriver.common.by import By\n        >>> from selenium.webdriver.support.ui import WebDriverWait\n        >>> from selenium.webdriver.support import expected_conditions as EC\n    \n        # Wait until an element is visible on the page\n        >>> wait = WebDriverWait(driver, 10)\n        >>> element = wait.until(EC.visibility_of_element_located((By.ID, \"exampleId\")))\n        >>> print(element.text)\n        \"\"\"\n        screen = None\n        stacktrace = None\n    \n        end_time = time.monotonic() + self._timeout\n        while True:\n            try:\n                value = method(self._driver)\n                if value:\n                    return value\n            except self._ignored_exceptions as exc:\n                screen = getattr(exc, \"screen\", None)\n                stacktrace = getattr(exc, \"stacktrace\", None)\n            if time.monotonic() > end_time:\n                break\n            time.sleep(self._poll)\n>       raise TimeoutException(message, screen, stacktrace)\nE       selenium.common.exceptions.TimeoutException: Message: \nE       Stacktrace:\nE       \tGetHandleVerifier [0x0x7ff73e66e8e5+80021]\nE       \tGetHandleVerifier [0x0x7ff73e66e940+80112]\nE       \t(No symbol) [0x0x7ff73e3f060f]\nE       \t(No symbol) [0x0x7ff73e448854]\nE       \t(No symbol) [0x0x7ff73e448b1c]\nE       \t(No symbol) [0x0x7ff73e49c927]\nE       \t(No symbol) [0x0x7ff73e47126f]\nE       \t(No symbol) [0x0x7ff73e49968a]\nE       \t(No symbol) [0x0x7ff73e471003]\nE       \t(No symbol) [0x0x7ff73e4395d1]\nE       \t(No symbol) [0x0x7ff73e43a3f3]\nE       \tGetHandleVerifier [0x0x7ff73e92dc7d+2960429]\nE       \tGetHandleVerifier [0x0x7ff73e927f3a+2936554]\nE       \tGetHandleVerifier [0x0x7ff73e948977+3070247]\nE       \tGetHandleVerifier [0x0x7ff73e6883ce+185214]\nE       \tGetHandleVerifier [0x0x7ff73e68fe1f+216527]\nE       \tGetHandleVerifier [0x0x7ff73e677b24+117460]\nE       \tGetHandleVerifier [0x0x7ff73e677cdf+117903]\nE       \tGetHandleVerifier [0x0x7ff73e65dbb8+11112]\nE       \tBaseThreadInitThunk [0x0x7ffc92b1259d+29]\nE       \tRtlUserThreadStart [0x0x7ffc93c0af78+40]\n\nvenv\\Lib\\site-packages\\selenium\\webdriver\\support\\wait.py:138: TimeoutException\n\nDuring handling of the above exception, another exception occurred:\n\nself = <test_booking_oneway.TestBooking object at 0x000001D98C547110>\ndriver = <selenium.webdriver.chrome.webdriver.WebDriver (session=\"a238e30c052c65ea0cae7ebf657e56eb\")>\ndb_manager = <db_manager.DBManager object at 0x000001D98C5D7CB0>, origin = 'MDE', destination = 'SCL', adults = 2, infants = 2\n\n    @allure.epic(\"Caso 1: Flujo de Booking\")\n    @allure.feature(\"Solo Ida (One-Way)\")\n    @pytest.mark.parametrize(\"origin, destination, adults, infants\", [\n        (\"BOG\", \"CTG\", 1, 0),  # Escenario básico: 1 Adulto\n        (\"MDE\", \"SCL\", 2, 2)   # Escenario con restricción: 2 Adultos y 2 Infantes\n    ])\n    def test_oneway_booking_flow(self, driver, db_manager, origin, destination, adults, infants):\n        \"\"\"\n        Automatiza el flujo completo de booking Solo Ida con validaciones en cada módulo.\n        \"\"\"\n        start_time = time.time()\n        test_passed = False\n    \n        # 1. Inicialización de Páginas\n        home_page = HomePage(driver)\n        select_flight_page = SelectFlightPage(driver) # ⬅️ NUEVA INSTANCIA\n    \n        try:\n            # 2. HOME: Configuración de la búsqueda\n            with allure.step(\"Módulo HOME: Configuración de la búsqueda\"):\n                home_page.open()\n                home_page.close_initial_popup()\n                home_page.select_one_way()\n                home_page.search_flight(origin, destination, \"2026-12-01\", adults, infants)\n    \n            # 3. SELECT FLIGHT: Seleccionar la opción más económica\n            with allure.step(\"Módulo SELECT FLIGHT: Seleccionar vuelo económico\"):\n                select_flight_page.validate_search_results(origin, destination)\n                select_flight_page.select_first_flight() # Esto fallará en el siguiente paso\n    \n            test_passed = True\n    \n        except Exception as e:\n            logging.error(f\"Fallo funcional en el Caso 1: {e}\")\n            raise\n    \n        finally:\n            end_time = time.time()\n            duration = end_time - start_time\n            result = \"PASS\" if test_passed else \"FAIL\"\n            test_name = f\"test_oneway_{origin}-{destination}\"\n>           db_manager.insert_result(test_name, result, duration, origin, destination)\nE           TypeError: DBManager.insert_result() takes 4 positional arguments but 6 were given\n\ntests\\tests\\test_booking_oneway.py:57: TypeError"}, "description": "\n        Automatiza el flujo completo de booking Solo Ida con validaciones en cada módulo.\n        ", "steps": [{"name": "Módulo HOME: Configuración de la búsqueda", "status": "broken", "statusDetails": {"message": "selenium.common.exceptions.TimeoutException: Message: \nStacktrace:\n\tGetHandleVerifier [0x0x7ff73e66e8e5+80021]\n\tGetHandleVerifier [0x0x7ff73e66e940+80112]\n\t(No symbol) [0x0x7ff73e3f060f]\n\t(No symbol) [0x0x7ff73e448854]\n\t(No symbol) [0x0x7ff73e448b1c]\n\t(No symbol) [0x0x7ff73e49c927]\n\t(No symbol) [0x0x7ff73e47126f]\n\t(No symbol) [0x0x7ff73e49968a]\n\t(No symbol) [0x0x7ff73e471003]\n\t(No symbol) [0x0x7ff73e4395d1]\n\t(No symbol) [0x0x7ff73e43a3f3]\n\tGetHandleVerifier [0x0x7ff73e92dc7d+2960429]\n\tGetHandleVerifier [0x0x7ff73e927f3a+2936554]\n\tGetHandleVerifier [0x0x7ff73e948977+3070247]\n\tGetHandleVerifier [0x0x7ff73e6883ce+185214]\n\tGetHandleVerifier [0x0x7ff73e68fe1f+216527]\n\tGetHandleVerifier [0x0x7ff73e677b24+117460]\n\tGetHandleVerifier [0x0x7ff73e677cdf+117903]\n\tGetHandleVerifier [0x0x7ff73e65dbb8+11112]\n\tBaseThreadInitThunk [0x0x7ffc92b1259d+29]\n\tRtlUserThreadStart [0x0x7ffc93c0af78+40]\n\n", "trace": "  File \"C:\\Users\\Usuario\\AutomationFramework\\tests\\tests\\test_booking_oneway.py\", line 39, in test_oneway_booking_flow\n    home_page.search_flight(origin, destination, \"2026-12-01\", adults, infants)\n  File \"C:\\Users\\Usuario\\AutomationFramework\\venv\\Lib\\site-packages\\allure_commons\\_allure.py\", line 202, in impl\n    return func(*a, **kw)\n           ^^^^^^^^^^^^^^\n  File \"C:\\Users\\Usuario\\AutomationFramework\\pages\\home_page.py\", line 107, in search_flight\n    self._wait_and_send_keys(self._INPUT_DATE_DEPARTURE, date, \"Campo Fecha Salida\")\n  File \"C:\\Users\\Usuario\\AutomationFramework\\pages\\base_page.py\", line 60, in _wait_and_send_keys\n    element = self._wait_for_element(locator)\n              ^^^^^^^^^^^^^^^^^^^^^^^^^^^^^^^\n  File \"C:\\Users\\Usuario\\AutomationFramework\\pages\\base_page.py\", line 23, in _wait_for_element\n    return self.wait.until(EC.visibility_of_element_located(locator))\n           ^^^^^^^^^^^^^^^^^^^^^^^^^^^^^^^^^^^^^^^^^^^^^^^^^^^^^^^^^^\n  File \"C:\\Users\\Usuario\\AutomationFramework\\venv\\Lib\\site-packages\\selenium\\webdriver\\support\\wait.py\", line 138, in until\n    raise TimeoutException(message, screen, stacktrace)\n"}, "steps": [{"name": "Cerrar Pop-up de bienvenida/cookies", "status": "passed", "steps": [{"name": "Hacer clic en: Botón de Cierre de Pop-up Inicial", "status": "broken", "statusDetails": {"message": "selenium.common.exceptions.TimeoutException: Message: \nStacktrace:\n\tGetHandleVerifier [0x0x7ff73e66e8e5+80021]\n\tGetHandleVerifier [0x0x7ff73e66e940+80112]\n\t(No symbol) [0x0x7ff73e3f060f]\n\t(No symbol) [0x0x7ff73e448854]\n\t(No symbol) [0x0x7ff73e448b1c]\n\t(No symbol) [0x0x7ff73e49c927]\n\t(No symbol) [0x0x7ff73e47126f]\n\t(No symbol) [0x0x7ff73e49968a]\n\t(No symbol) [0x0x7ff73e471003]\n\t(No symbol) [0x0x7ff73e4395d1]\n\t(No symbol) [0x0x7ff73e43a3f3]\n\tGetHandleVerifier [0x0x7ff73e92dc7d+2960429]\n\tGetHandleVerifier [0x0x7ff73e927f3a+2936554]\n\tGetHandleVerifier [0x0x7ff73e948977+3070247]\n\tGetHandleVerifier [0x0x7ff73e6883ce+185214]\n\tGetHandleVerifier [0x0x7ff73e68fe1f+216527]\n\tGetHandleVerifier [0x0x7ff73e677b24+117460]\n\tGetHandleVerifier [0x0x7ff73e677cdf+117903]\n\tGetHandleVerifier [0x0x7ff73e65dbb8+11112]\n\tBaseThreadInitThunk [0x0x7ffc92b1259d+29]\n\tRtlUserThreadStart [0x0x7ffc93c0af78+40]\n\n", "trace": "  File \"C:\\Users\\Usuario\\AutomationFramework\\pages\\base_page.py\", line 29, in _wait_and_click\n    element = self._wait_for_element(locator)\n              ^^^^^^^^^^^^^^^^^^^^^^^^^^^^^^^\n  File \"C:\\Users\\Usuario\\AutomationFramework\\pages\\base_page.py\", line 23, in _wait_for_element\n    return self.wait.until(EC.visibility_of_element_located(locator))\n           ^^^^^^^^^^^^^^^^^^^^^^^^^^^^^^^^^^^^^^^^^^^^^^^^^^^^^^^^^^\n  File \"C:\\Users\\Usuario\\AutomationFramework\\venv\\Lib\\site-packages\\selenium\\webdriver\\support\\wait.py\", line 138, in until\n    raise TimeoutException(message, screen, stacktrace)\n"}, "start": 1762132919696, "stop": 1762132964788}], "start": 1762132919696, "stop": 1762132964788}, {"name": "Seleccionar tipo de viaje: Solo Ida", "status": "passed", "steps": [{"name": "Hacer clic en: Radio Button Solo Ida", "status": "passed", "start": 1762132964788, "stop": 1762132965770}], "start": 1762132964788, "stop": 1762132965770}, {"name": "Realizar búsqueda de vuelo de Solo Ida", "status": "broken", "statusDetails": {"message": "selenium.common.exceptions.TimeoutException: Message: \nStacktrace:\n\tGetHandleVerifier [0x0x7ff73e66e8e5+80021]\n\tGetHandleVerifier [0x0x7ff73e66e940+80112]\n\t(No symbol) [0x0x7ff73e3f060f]\n\t(No symbol) [0x0x7ff73e448854]\n\t(No symbol) [0x0x7ff73e448b1c]\n\t(No symbol) [0x0x7ff73e49c927]\n\t(No symbol) [0x0x7ff73e47126f]\n\t(No symbol) [0x0x7ff73e49968a]\n\t(No symbol) [0x0x7ff73e471003]\n\t(No symbol) [0x0x7ff73e4395d1]\n\t(No symbol) [0x0x7ff73e43a3f3]\n\tGetHandleVerifier [0x0x7ff73e92dc7d+2960429]\n\tGetHandleVerifier [0x0x7ff73e927f3a+2936554]\n\tGetHandleVerifier [0x0x7ff73e948977+3070247]\n\tGetHandleVerifier [0x0x7ff73e6883ce+185214]\n\tGetHandleVerifier [0x0x7ff73e68fe1f+216527]\n\tGetHandleVerifier [0x0x7ff73e677b24+117460]\n\tGetHandleVerifier [0x0x7ff73e677cdf+117903]\n\tGetHandleVerifier [0x0x7ff73e65dbb8+11112]\n\tBaseThreadInitThunk [0x0x7ffc92b1259d+29]\n\tRtlUserThreadStart [0x0x7ffc93c0af78+40]\n\n", "trace": "  File \"C:\\Users\\Usuario\\AutomationFramework\\venv\\Lib\\site-packages\\allure_commons\\_allure.py\", line 202, in impl\n    return func(*a, **kw)\n           ^^^^^^^^^^^^^^\n  File \"C:\\Users\\Usuario\\AutomationFramework\\pages\\home_page.py\", line 107, in search_flight\n    self._wait_and_send_keys(self._INPUT_DATE_DEPARTURE, date, \"Campo Fecha Salida\")\n  File \"C:\\Users\\Usuario\\AutomationFramework\\pages\\base_page.py\", line 60, in _wait_and_send_keys\n    element = self._wait_for_element(locator)\n              ^^^^^^^^^^^^^^^^^^^^^^^^^^^^^^^\n  File \"C:\\Users\\Usuario\\AutomationFramework\\pages\\base_page.py\", line 23, in _wait_for_element\n    return self.wait.until(EC.visibility_of_element_located(locator))\n           ^^^^^^^^^^^^^^^^^^^^^^^^^^^^^^^^^^^^^^^^^^^^^^^^^^^^^^^^^^\n  File \"C:\\Users\\Usuario\\AutomationFramework\\venv\\Lib\\site-packages\\selenium\\webdriver\\support\\wait.py\", line 138, in until\n    raise TimeoutException(message, screen, stacktrace)\n"}, "steps": [{"name": "Hacer clic en: Botón Origen (Abre Pop-up)", "status": "passed", "start": 1762132965773, "stop": 1762132966600}, {"name": "Ingresar texto 'MDE' en: Campo Búsqueda Origen", "status": "passed", "start": 1762132966600, "stop": 1762132967437}, {"name": "Hacer clic en: Seleccionar ciudad de Origen: MDE", "status": "passed", "start": 1762132967437, "stop": 1762132968522}, {"name": "Ingresar texto 'SCL' en: Campo Búsqueda Destino", "status": "passed", "start": 1762132976023, "stop": 1762132976732}, {"name": "Hacer clic en: Seleccionar ciudad de Destino: SCL", "status": "passed", "start": 1762132976732, "stop": 1762132977479}, {"name": "Ingresar texto '2026-12-01' en: Campo Fecha Salida", "status": "broken", "statusDetails": {"message": "selenium.common.exceptions.TimeoutException: Message: \nStacktrace:\n\tGetHandleVerifier [0x0x7ff73e66e8e5+80021]\n\tGetHandleVerifier [0x0x7ff73e66e940+80112]\n\t(No symbol) [0x0x7ff73e3f060f]\n\t(No symbol) [0x0x7ff73e448854]\n\t(No symbol) [0x0x7ff73e448b1c]\n\t(No symbol) [0x0x7ff73e49c927]\n\t(No symbol) [0x0x7ff73e47126f]\n\t(No symbol) [0x0x7ff73e49968a]\n\t(No symbol) [0x0x7ff73e471003]\n\t(No symbol) [0x0x7ff73e4395d1]\n\t(No symbol) [0x0x7ff73e43a3f3]\n\tGetHandleVerifier [0x0x7ff73e92dc7d+2960429]\n\tGetHandleVerifier [0x0x7ff73e927f3a+2936554]\n\tGetHandleVerifier [0x0x7ff73e948977+3070247]\n\tGetHandleVerifier [0x0x7ff73e6883ce+185214]\n\tGetHandleVerifier [0x0x7ff73e68fe1f+216527]\n\tGetHandleVerifier [0x0x7ff73e677b24+117460]\n\tGetHandleVerifier [0x0x7ff73e677cdf+117903]\n\tGetHandleVerifier [0x0x7ff73e65dbb8+11112]\n\tBaseThreadInitThunk [0x0x7ffc92b1259d+29]\n\tRtlUserThreadStart [0x0x7ffc93c0af78+40]\n\n", "trace": "  File \"C:\\Users\\Usuario\\AutomationFramework\\pages\\base_page.py\", line 60, in _wait_and_send_keys\n    element = self._wait_for_element(locator)\n              ^^^^^^^^^^^^^^^^^^^^^^^^^^^^^^^\n  File \"C:\\Users\\Usuario\\AutomationFramework\\pages\\base_page.py\", line 23, in _wait_for_element\n    return self.wait.until(EC.visibility_of_element_located(locator))\n           ^^^^^^^^^^^^^^^^^^^^^^^^^^^^^^^^^^^^^^^^^^^^^^^^^^^^^^^^^^\n  File \"C:\\Users\\Usuario\\AutomationFramework\\venv\\Lib\\site-packages\\selenium\\webdriver\\support\\wait.py\", line 138, in until\n    raise TimeoutException(message, screen, stacktrace)\n"}, "start": 1762132983479, "stop": 1762133028497}], "parameters": [{"name": "origin", "value": "'MDE'"}, {"name": "destination", "value": "'SCL'"}, {"name": "date", "value": "'2026-12-01'"}, {"name": "adults", "value": "2"}, {"name": "infants", "value": "2"}], "start": 1762132965773, "stop": 1762133028497}], "start": 1762132911395, "stop": 1762133028497}], "attachments": [{"name": "log", "source": "bf82b812-ea72-4daa-a03d-497ed3ef5f77-attachment.txt", "type": "text/plain"}, {"name": "stderr", "source": "685414a0-a2e1-436f-97ec-b4ca4f1f78c6-attachment.txt", "type": "text/plain"}], "parameters": [{"name": "origin", "value": "'MDE'"}, {"name": "destination", "value": "'SCL'"}, {"name": "adults", "value": "2"}, {"name": "infants", "value": "2"}], "start": 1762132911395, "stop": 1762133028497, "uuid": "f9312139-9c85-4b3e-b9df-8faac7a2cb50", "historyId": "3f5341fae0a3d38355a136f7c02795e0", "testCaseId": "5594a2368502a9d92b5a3d514515969d", "fullName": "tests.tests.test_booking_oneway.TestBooking#test_oneway_booking_flow", "labels": [{"name": "feature", "value": "Solo Ida (One-Way)"}, {"name": "epic", "value": "Caso 1: Flujo de Booking"}, {"name": "suite", "value": "Flujos de Booking"}, {"name": "parentSuite", "value": "tests.tests"}, {"name": "subSuite", "value": "TestBooking"}, {"name": "host", "value": "DESKTOP-O22210J"}, {"name": "thread", "value": "2276-MainThread"}, {"name": "framework", "value": "pytest"}, {"name": "language", "value": "cpython3"}, {"name": "package", "value": "tests.tests.test_booking_oneway"}], "titlePath": ["tests", "tests", "test_booking_oneway.py", "TestBooking"]}