{"name": "test_oneway_booking_flow[MDE-SCL-2-2]", "status": "broken", "statusDetails": {"message": "TypeError: DBManager.insert_result() missing 1 required positional argument: 'origin'", "trace": "self = <test_booking_oneway.TestBooking object at 0x0000021D04920260>\ndriver = <selenium.webdriver.chrome.webdriver.WebDriver (session=\"56b096cb31680229cb5fab855e71a02f\")>\ndb_manager = <db_manager.DBManager object at 0x0000021D05161670>, origin = 'MDE', destination = 'SCL', adults = 2, infants = 2\n\n    @allure.epic(\"Caso 1: Flujo de Booking\")\n    @allure.feature(\"Solo Ida (One-Way)\")\n    @pytest.mark.parametrize(\"origin, destination, adults, infants\", [\n        (\"BOG\", \"CTG\", 1, 0), # Escenario básico: 1 Adulto\n        (\"MDE\", \"SCL\", 2, 2)  # Escenario con restricción: 2 Adultos y 2 Infantes\n    ])\n    def test_oneway_booking_flow(self, driver, db_manager, origin, destination, adults, infants):\n        \"\"\"\n        Automatiza el flujo completo de booking Solo Ida con validaciones en cada módulo.\n        \"\"\"\n        start_time = time.time()\n        test_passed = False\n    \n        # 1. Inicialización de Páginas\n        home_page = HomePage(driver)\n        select_flight_page = SelectFlightPage(driver)\n    \n        try:\n            # 2. MÓDULO HOME: Ejecución Completa con Pausa Manual OBLIGATORIA para CAPTCHA\n            with allure.step(\"Módulo HOME: Configuración de la búsqueda\"):\n                home_page.open()\n                home_page.close_initial_popup()\n                home_page.select_one_way()\n                # Esta llamada incluye la pausa de 25 segundos para que resuelvas el CAPTCHA\n                home_page.search_flight(origin, destination, \"2026-12-01\", adults, infants)\n    \n            # 3. MÓDULO SELECT FLIGHT: Seleccionar la opción más económica\n            with allure.step(\"Módulo SELECT FLIGHT: Seleccionar vuelo económico\"):\n                # Si el CAPTCHA fue resuelto, esta validación DEBE PASAR.\n>               select_flight_page.validate_search_results(origin, destination)\n\ntests\\tests\\test_booking_oneway.py:42: \n_ _ _ _ _ _ _ _ _ _ _ _ _ _ _ _ _ _ _ _ _ _ _ _ _ _ _ _ _ _ _ _ _ _ _ _ _ _ _ _ _ _ _ _ _ _ _ _ _ _ _ _ _ _ _ _ _ _ _ _ _ _ _ _ _ _ _ _ _ _\npages\\select_flight_page.py:28: in validate_search_results\n    self._wait_for_element(self._HEADER_SEARCH_RESULTS)\npages\\base_page.py:32: in _wait_for_element\n    element = self.wait.until(EC.visibility_of_element_located(locator))\n              ^^^^^^^^^^^^^^^^^^^^^^^^^^^^^^^^^^^^^^^^^^^^^^^^^^^^^^^^^^\n_ _ _ _ _ _ _ _ _ _ _ _ _ _ _ _ _ _ _ _ _ _ _ _ _ _ _ _ _ _ _ _ _ _ _ _ _ _ _ _ _ _ _ _ _ _ _ _ _ _ _ _ _ _ _ _ _ _ _ _ _ _ _ _ _ _ _ _ _ _\n\nself = <selenium.webdriver.support.wait.WebDriverWait (session=\"56b096cb31680229cb5fab855e71a02f\")>\nmethod = <function visibility_of_element_located.<locals>._predicate at 0x0000021D0568AF20>, message = ''\n\n    def until(self, method: Callable[[D], Union[Literal[False], T]], message: str = \"\") -> T:\n        \"\"\"Wait until the method returns a value that is not False.\n    \n        Calls the method provided with the driver as an argument until the\n        return value does not evaluate to ``False``.\n    \n        Parameters:\n        -----------\n        method: callable(WebDriver)\n            - A callable object that takes a WebDriver instance as an argument.\n    \n        message: str\n            - Optional message for :exc:`TimeoutException`\n    \n        Return:\n        -------\n        object: T\n            - The result of the last call to `method`\n    \n        Raises:\n        -------\n        TimeoutException\n            - If 'method' does not return a truthy value within the WebDriverWait\n            object's timeout\n    \n        Example:\n        --------\n        >>> from selenium.webdriver.common.by import By\n        >>> from selenium.webdriver.support.ui import WebDriverWait\n        >>> from selenium.webdriver.support import expected_conditions as EC\n    \n        # Wait until an element is visible on the page\n        >>> wait = WebDriverWait(driver, 10)\n        >>> element = wait.until(EC.visibility_of_element_located((By.ID, \"exampleId\")))\n        >>> print(element.text)\n        \"\"\"\n        screen = None\n        stacktrace = None\n    \n        end_time = time.monotonic() + self._timeout\n        while True:\n            try:\n                value = method(self._driver)\n                if value:\n                    return value\n            except self._ignored_exceptions as exc:\n                screen = getattr(exc, \"screen\", None)\n                stacktrace = getattr(exc, \"stacktrace\", None)\n            if time.monotonic() > end_time:\n                break\n            time.sleep(self._poll)\n>       raise TimeoutException(message, screen, stacktrace)\nE       selenium.common.exceptions.TimeoutException: Message: \nE       Stacktrace:\nE       \tGetHandleVerifier [0x0x7ff62c1fe8e5+80021]\nE       \tGetHandleVerifier [0x0x7ff62c1fe940+80112]\nE       \t(No symbol) [0x0x7ff62bf8060f]\nE       \t(No symbol) [0x0x7ff62bfd8854]\nE       \t(No symbol) [0x0x7ff62bfd8b1c]\nE       \t(No symbol) [0x0x7ff62c02c927]\nE       \t(No symbol) [0x0x7ff62c00126f]\nE       \t(No symbol) [0x0x7ff62c02968a]\nE       \t(No symbol) [0x0x7ff62c001003]\nE       \t(No symbol) [0x0x7ff62bfc95d1]\nE       \t(No symbol) [0x0x7ff62bfca3f3]\nE       \tGetHandleVerifier [0x0x7ff62c4bdc7d+2960429]\nE       \tGetHandleVerifier [0x0x7ff62c4b7f3a+2936554]\nE       \tGetHandleVerifier [0x0x7ff62c4d8977+3070247]\nE       \tGetHandleVerifier [0x0x7ff62c2183ce+185214]\nE       \tGetHandleVerifier [0x0x7ff62c21fe1f+216527]\nE       \tGetHandleVerifier [0x0x7ff62c207b24+117460]\nE       \tGetHandleVerifier [0x0x7ff62c207cdf+117903]\nE       \tGetHandleVerifier [0x0x7ff62c1edbb8+11112]\nE       \tBaseThreadInitThunk [0x0x7ffc92b1259d+29]\nE       \tRtlUserThreadStart [0x0x7ffc93c0af78+40]\n\nvenv\\Lib\\site-packages\\selenium\\webdriver\\support\\wait.py:138: TimeoutException\n\nDuring handling of the above exception, another exception occurred:\n\nself = <test_booking_oneway.TestBooking object at 0x0000021D04920260>\ndriver = <selenium.webdriver.chrome.webdriver.WebDriver (session=\"56b096cb31680229cb5fab855e71a02f\")>\ndb_manager = <db_manager.DBManager object at 0x0000021D05161670>, origin = 'MDE', destination = 'SCL', adults = 2, infants = 2\n\n    @allure.epic(\"Caso 1: Flujo de Booking\")\n    @allure.feature(\"Solo Ida (One-Way)\")\n    @pytest.mark.parametrize(\"origin, destination, adults, infants\", [\n        (\"BOG\", \"CTG\", 1, 0), # Escenario básico: 1 Adulto\n        (\"MDE\", \"SCL\", 2, 2)  # Escenario con restricción: 2 Adultos y 2 Infantes\n    ])\n    def test_oneway_booking_flow(self, driver, db_manager, origin, destination, adults, infants):\n        \"\"\"\n        Automatiza el flujo completo de booking Solo Ida con validaciones en cada módulo.\n        \"\"\"\n        start_time = time.time()\n        test_passed = False\n    \n        # 1. Inicialización de Páginas\n        home_page = HomePage(driver)\n        select_flight_page = SelectFlightPage(driver)\n    \n        try:\n            # 2. MÓDULO HOME: Ejecución Completa con Pausa Manual OBLIGATORIA para CAPTCHA\n            with allure.step(\"Módulo HOME: Configuración de la búsqueda\"):\n                home_page.open()\n                home_page.close_initial_popup()\n                home_page.select_one_way()\n                # Esta llamada incluye la pausa de 25 segundos para que resuelvas el CAPTCHA\n                home_page.search_flight(origin, destination, \"2026-12-01\", adults, infants)\n    \n            # 3. MÓDULO SELECT FLIGHT: Seleccionar la opción más económica\n            with allure.step(\"Módulo SELECT FLIGHT: Seleccionar vuelo económico\"):\n                # Si el CAPTCHA fue resuelto, esta validación DEBE PASAR.\n                select_flight_page.validate_search_results(origin, destination)\n    \n                # Descomentar la siguiente línea si validate_search_results() pasa:\n                # select_flight_page.select_cheapest_flight()\n    \n            # 4. MÓDULO FLIGHT DETAILS (Pendiente de implementación)\n            # 5. MÓDULO PASSENGER DETAILS (Pendiente de implementación)\n    \n            test_passed = True\n    \n        except Exception as e:\n            allure.attach(driver.get_screenshot_as_png(), name=\"Fallo_Funcional\", attachment_type=allure.attachment_type.PNG)\n            logging.error(f\"Fallo funcional en el Caso 1: {e}\")\n            raise\n    \n        finally:\n            end_time = time.time()\n            duration = end_time - start_time\n>           db_manager.insert_result(\n                test_name=f\"test_oneway_{origin}-{destination}\",\n                result=\"PASS\" if test_passed else \"FAIL\",\n                duration=duration\n            )\nE           TypeError: DBManager.insert_result() missing 1 required positional argument: 'origin'\n\ntests\\tests\\test_booking_oneway.py:60: TypeError"}, "description": "\n        Automatiza el flujo completo de booking Solo Ida con validaciones en cada módulo.\n        ", "steps": [{"name": "Módulo HOME: Configuración de la búsqueda", "status": "passed", "steps": [{"name": "Cerrar Pop-up de bienvenida/cookies", "status": "passed", "start": 1762147362621, "stop": 1762147407739}, {"name": "Seleccionar tipo de viaje: Solo Ida", "status": "passed", "start": 1762147407739, "stop": 1762147408197}, {"name": "Realizar búsqueda de vuelo de Solo Ida", "status": "passed", "parameters": [{"name": "origin", "value": "'MDE'"}, {"name": "destination", "value": "'SCL'"}, {"name": "date", "value": "'2026-12-01'"}, {"name": "adults", "value": "2"}, {"name": "infants", "value": "2"}], "start": 1762147408197, "stop": 1762147465949}], "start": 1762147358270, "stop": 1762147465949}, {"name": "Módulo SELECT FLIGHT: Seleccionar vuelo económico", "status": "broken", "statusDetails": {"message": "selenium.common.exceptions.TimeoutException: Message: \nStacktrace:\n\tGetHandleVerifier [0x0x7ff62c1fe8e5+80021]\n\tGetHandleVerifier [0x0x7ff62c1fe940+80112]\n\t(No symbol) [0x0x7ff62bf8060f]\n\t(No symbol) [0x0x7ff62bfd8854]\n\t(No symbol) [0x0x7ff62bfd8b1c]\n\t(No symbol) [0x0x7ff62c02c927]\n\t(No symbol) [0x0x7ff62c00126f]\n\t(No symbol) [0x0x7ff62c02968a]\n\t(No symbol) [0x0x7ff62c001003]\n\t(No symbol) [0x0x7ff62bfc95d1]\n\t(No symbol) [0x0x7ff62bfca3f3]\n\tGetHandleVerifier [0x0x7ff62c4bdc7d+2960429]\n\tGetHandleVerifier [0x0x7ff62c4b7f3a+2936554]\n\tGetHandleVerifier [0x0x7ff62c4d8977+3070247]\n\tGetHandleVerifier [0x0x7ff62c2183ce+185214]\n\tGetHandleVerifier [0x0x7ff62c21fe1f+216527]\n\tGetHandleVerifier [0x0x7ff62c207b24+117460]\n\tGetHandleVerifier [0x0x7ff62c207cdf+117903]\n\tGetHandleVerifier [0x0x7ff62c1edbb8+11112]\n\tBaseThreadInitThunk [0x0x7ffc92b1259d+29]\n\tRtlUserThreadStart [0x0x7ffc93c0af78+40]\n\n", "trace": "  File \"C:\\Users\\Usuario\\AutomationFramework\\tests\\tests\\test_booking_oneway.py\", line 42, in test_oneway_booking_flow\n    select_flight_page.validate_search_results(origin, destination)\n  File \"C:\\Users\\Usuario\\AutomationFramework\\venv\\Lib\\site-packages\\allure_commons\\_allure.py\", line 202, in impl\n    return func(*a, **kw)\n           ^^^^^^^^^^^^^^\n  File \"C:\\Users\\Usuario\\AutomationFramework\\pages\\select_flight_page.py\", line 28, in validate_search_results\n    self._wait_for_element(self._HEADER_SEARCH_RESULTS)\n  File \"C:\\Users\\Usuario\\AutomationFramework\\pages\\base_page.py\", line 32, in _wait_for_element\n    element = self.wait.until(EC.visibility_of_element_located(locator))\n              ^^^^^^^^^^^^^^^^^^^^^^^^^^^^^^^^^^^^^^^^^^^^^^^^^^^^^^^^^^\n  File \"C:\\Users\\Usuario\\AutomationFramework\\venv\\Lib\\site-packages\\selenium\\webdriver\\support\\wait.py\", line 138, in until\n    raise TimeoutException(message, screen, stacktrace)\n"}, "steps": [{"name": "Validar que se cargaron los resultados de búsqueda", "status": "broken", "statusDetails": {"message": "selenium.common.exceptions.TimeoutException: Message: \nStacktrace:\n\tGetHandleVerifier [0x0x7ff62c1fe8e5+80021]\n\tGetHandleVerifier [0x0x7ff62c1fe940+80112]\n\t(No symbol) [0x0x7ff62bf8060f]\n\t(No symbol) [0x0x7ff62bfd8854]\n\t(No symbol) [0x0x7ff62bfd8b1c]\n\t(No symbol) [0x0x7ff62c02c927]\n\t(No symbol) [0x0x7ff62c00126f]\n\t(No symbol) [0x0x7ff62c02968a]\n\t(No symbol) [0x0x7ff62c001003]\n\t(No symbol) [0x0x7ff62bfc95d1]\n\t(No symbol) [0x0x7ff62bfca3f3]\n\tGetHandleVerifier [0x0x7ff62c4bdc7d+2960429]\n\tGetHandleVerifier [0x0x7ff62c4b7f3a+2936554]\n\tGetHandleVerifier [0x0x7ff62c4d8977+3070247]\n\tGetHandleVerifier [0x0x7ff62c2183ce+185214]\n\tGetHandleVerifier [0x0x7ff62c21fe1f+216527]\n\tGetHandleVerifier [0x0x7ff62c207b24+117460]\n\tGetHandleVerifier [0x0x7ff62c207cdf+117903]\n\tGetHandleVerifier [0x0x7ff62c1edbb8+11112]\n\tBaseThreadInitThunk [0x0x7ffc92b1259d+29]\n\tRtlUserThreadStart [0x0x7ffc93c0af78+40]\n\n", "trace": "  File \"C:\\Users\\Usuario\\AutomationFramework\\venv\\Lib\\site-packages\\allure_commons\\_allure.py\", line 202, in impl\n    return func(*a, **kw)\n           ^^^^^^^^^^^^^^\n  File \"C:\\Users\\Usuario\\AutomationFramework\\pages\\select_flight_page.py\", line 28, in validate_search_results\n    self._wait_for_element(self._HEADER_SEARCH_RESULTS)\n  File \"C:\\Users\\Usuario\\AutomationFramework\\pages\\base_page.py\", line 32, in _wait_for_element\n    element = self.wait.until(EC.visibility_of_element_located(locator))\n              ^^^^^^^^^^^^^^^^^^^^^^^^^^^^^^^^^^^^^^^^^^^^^^^^^^^^^^^^^^\n  File \"C:\\Users\\Usuario\\AutomationFramework\\venv\\Lib\\site-packages\\selenium\\webdriver\\support\\wait.py\", line 138, in until\n    raise TimeoutException(message, screen, stacktrace)\n"}, "parameters": [{"name": "origin", "value": "'MDE'"}, {"name": "destination", "value": "'SCL'"}], "start": 1762147465949, "stop": 1762147511005}], "start": 1762147465949, "stop": 1762147511005}], "attachments": [{"name": "Fallo_Funcional", "source": "71448225-cfa5-4c4c-84b4-7bd5b13df227-attachment.png", "type": "image/png"}, {"name": "log", "source": "0e0015e5-4df1-45df-9234-9924e482eef2-attachment.txt", "type": "text/plain"}, {"name": "stderr", "source": "d4f9ec99-afcf-4ef4-807f-6f5ed0ecaf14-attachment.txt", "type": "text/plain"}], "parameters": [{"name": "origin", "value": "'MDE'"}, {"name": "destination", "value": "'SCL'"}, {"name": "adults", "value": "2"}, {"name": "infants", "value": "2"}], "start": 1762147358270, "stop": 1762147511154, "uuid": "93fb162d-fc1a-4ce4-a8b2-d7e0941f2dc4", "historyId": "3f5341fae0a3d38355a136f7c02795e0", "testCaseId": "5594a2368502a9d92b5a3d514515969d", "fullName": "tests.tests.test_booking_oneway.TestBooking#test_oneway_booking_flow", "labels": [{"name": "epic", "value": "Caso 1: Flujo de Booking"}, {"name": "feature", "value": "Solo Ida (One-Way)"}, {"name": "parentSuite", "value": "tests.tests"}, {"name": "suite", "value": "test_booking_oneway"}, {"name": "subSuite", "value": "TestBooking"}, {"name": "host", "value": "DESKTOP-O22210J"}, {"name": "thread", "value": "11180-MainThread"}, {"name": "framework", "value": "pytest"}, {"name": "language", "value": "cpython3"}, {"name": "package", "value": "tests.tests.test_booking_oneway"}], "titlePath": ["tests", "tests", "test_booking_oneway.py", "TestBooking"]}