2025-11-03 09:17:02,036 - INFO - Base de datos 'test_results.db' lista.
2025-11-03 09:17:08,118 - INFO - BrowserMob Proxy iniciado con √©xito.
2025-11-03 09:17:11,168 - INFO - WebDriver inicializado para chrome en https://nuxqa4.avtest.ink/ (SIN PROXY).
2025-11-03 09:17:17,912 - INFO - Navegaci√≥n inicial completada.
2025-11-03 09:18:03,032 - ERROR - Timeout esperando el elemento con locator ('xpath', "//button[@aria-label='Cerrar' or @class='close-button' or text()='Aceptar']")
2025-11-03 09:18:03,032 - ERROR - Fallo al hacer clic en Bot√≥n de Cierre de Pop-up Inicial ('xpath', "//button[@aria-label='Cerrar' or @class='close-button' or text()='Aceptar']"): Message: 
Stacktrace:
	GetHandleVerifier [0x0x7ff6d7dde8e5+80021]
	GetHandleVerifier [0x0x7ff6d7dde940+80112]
	(No symbol) [0x0x7ff6d7b6060f]
	(No symbol) [0x0x7ff6d7bb8854]
	(No symbol) [0x0x7ff6d7bb8b1c]
	(No symbol) [0x0x7ff6d7c0c927]
	(No symbol) [0x0x7ff6d7be126f]
	(No symbol) [0x0x7ff6d7c0968a]
	(No symbol) [0x0x7ff6d7be1003]
	(No symbol) [0x0x7ff6d7ba95d1]
	(No symbol) [0x0x7ff6d7baa3f3]
	GetHandleVerifier [0x0x7ff6d809dc7d+2960429]
	GetHandleVerifier [0x0x7ff6d8097f3a+2936554]
	GetHandleVerifier [0x0x7ff6d80b8977+3070247]
	GetHandleVerifier [0x0x7ff6d7df83ce+185214]
	GetHandleVerifier [0x0x7ff6d7dffe1f+216527]
	GetHandleVerifier [0x0x7ff6d7de7b24+117460]
	GetHandleVerifier [0x0x7ff6d7de7cdf+117903]
	GetHandleVerifier [0x0x7ff6d7dcdbb8+11112]
	BaseThreadInitThunk [0x0x7ffc92b1259d+29]
	RtlUserThreadStart [0x0x7ffc93c0af78+40]

2025-11-03 09:18:03,076 - INFO - No se encontr√≥ el pop-up inicial. Continuamos.
2025-11-03 09:18:03,076 - INFO - Esperando 5 segundos fijos para la estabilizaci√≥n inicial de la p√°gina.
2025-11-03 09:18:08,563 - INFO - Clic: Radio Button Solo Ida ('xpath', "//span[text()='Solo ida']")
2025-11-03 09:18:08,988 - INFO - Clic: Bot√≥n Origen (Abre Pop-up) ('id', 'originBtn')
2025-11-03 09:18:09,509 - INFO - Input 'BOG' en: Campo B√∫squeda Origen ('id', 'departureStationInputId')
2025-11-03 09:18:11,140 - INFO - Clic: Seleccionar ciudad de Origen: BOG ('id', 'BOG')
2025-11-03 09:18:14,868 - INFO - Input 'CTG' en: Campo B√∫squeda Destino ('id', 'arrivalStationInputId')
2025-11-03 09:18:15,243 - INFO - Clic: Seleccionar ciudad de Destino: CTG ('id', 'CTG')
2025-11-03 09:18:19,264 - WARNING - ADVERTENCIA: Fallo al inyectar la fecha (elemento no existe), continuando: Message: javascript error: Cannot set properties of null (setting 'value')
  (Session info: chrome=141.0.7390.123)
Stacktrace:
	GetHandleVerifier [0x0x7ff6d7dde8e5+80021]
	GetHandleVerifier [0x0x7ff6d7dde940+80112]
	(No symbol) [0x0x7ff6d7b6060f]
	(No symbol) [0x0x7ff6d7b6816a]
	(No symbol) [0x0x7ff6d7b6b5b2]
	(No symbol) [0x0x7ff6d7c0aa1b]
	(No symbol) [0x0x7ff6d7be122a]
	(No symbol) [0x0x7ff6d7c0968a]
	(No symbol) [0x0x7ff6d7be1003]
	(No symbol) [0x0x7ff6d7ba95d1]
	(No symbol) [0x0x7ff6d7baa3f3]
	GetHandleVerifier [0x0x7ff6d809dc7d+2960429]
	GetHandleVerifier [0x0x7ff6d8097f3a+2936554]
	GetHandleVerifier [0x0x7ff6d80b8977+3070247]
	GetHandleVerifier [0x0x7ff6d7df83ce+185214]
	GetHandleVerifier [0x0x7ff6d7dffe1f+216527]
	GetHandleVerifier [0x0x7ff6d7de7b24+117460]
	GetHandleVerifier [0x0x7ff6d7de7cdf+117903]
	GetHandleVerifier [0x0x7ff6d7dcdbb8+11112]
	BaseThreadInitThunk [0x0x7ffc92b1259d+29]
	RtlUserThreadStart [0x0x7ffc93c0af78+40]

2025-11-03 09:18:34,275 - WARNING - ADVERTENCIA: Fallo al inyectar adultos (elemento no existe), continuando: Message: javascript error: Cannot set properties of null (setting 'value')
  (Session info: chrome=141.0.7390.123)
Stacktrace:
	GetHandleVerifier [0x0x7ff6d7dde8e5+80021]
	GetHandleVerifier [0x0x7ff6d7dde940+80112]
	(No symbol) [0x0x7ff6d7b6060f]
	(No symbol) [0x0x7ff6d7b6816a]
	(No symbol) [0x0x7ff6d7b6b5b2]
	(No symbol) [0x0x7ff6d7c0aa1b]
	(No symbol) [0x0x7ff6d7be122a]
	(No symbol) [0x0x7ff6d7c0968a]
	(No symbol) [0x0x7ff6d7be1003]
	(No symbol) [0x0x7ff6d7ba95d1]
	(No symbol) [0x0x7ff6d7baa3f3]
	GetHandleVerifier [0x0x7ff6d809dc7d+2960429]
	GetHandleVerifier [0x0x7ff6d8097f3a+2936554]
	GetHandleVerifier [0x0x7ff6d80b8977+3070247]
	GetHandleVerifier [0x0x7ff6d7df83ce+185214]
	GetHandleVerifier [0x0x7ff6d7dffe1f+216527]
	GetHandleVerifier [0x0x7ff6d7de7b24+117460]
	GetHandleVerifier [0x0x7ff6d7de7cdf+117903]
	GetHandleVerifier [0x0x7ff6d7dcdbb8+11112]
	BaseThreadInitThunk [0x0x7ffc92b1259d+29]
	RtlUserThreadStart [0x0x7ffc93c0af78+40]

2025-11-03 09:18:34,289 - WARNING - ADVERTENCIA: Fallo al inyectar infantes (elemento no existe), continuando: Message: javascript error: Cannot set properties of null (setting 'value')
  (Session info: chrome=141.0.7390.123)
Stacktrace:
	GetHandleVerifier [0x0x7ff6d7dde8e5+80021]
	GetHandleVerifier [0x0x7ff6d7dde940+80112]
	(No symbol) [0x0x7ff6d7b6060f]
	(No symbol) [0x0x7ff6d7b6816a]
	(No symbol) [0x0x7ff6d7b6b5b2]
	(No symbol) [0x0x7ff6d7c0aa1b]
	(No symbol) [0x0x7ff6d7be122a]
	(No symbol) [0x0x7ff6d7c0968a]
	(No symbol) [0x0x7ff6d7be1003]
	(No symbol) [0x0x7ff6d7ba95d1]
	(No symbol) [0x0x7ff6d7baa3f3]
	GetHandleVerifier [0x0x7ff6d809dc7d+2960429]
	GetHandleVerifier [0x0x7ff6d8097f3a+2936554]
	GetHandleVerifier [0x0x7ff6d80b8977+3070247]
	GetHandleVerifier [0x0x7ff6d7df83ce+185214]
	GetHandleVerifier [0x0x7ff6d7dffe1f+216527]
	GetHandleVerifier [0x0x7ff6d7de7b24+117460]
	GetHandleVerifier [0x0x7ff6d7de7cdf+117903]
	GetHandleVerifier [0x0x7ff6d7dcdbb8+11112]
	BaseThreadInitThunk [0x0x7ffc92b1259d+29]
	RtlUserThreadStart [0x0x7ffc93c0af78+40]

2025-11-03 09:18:36,809 - INFO - Clic FORZADO (JS) en Bot√≥n Buscar Vuelos.
--- Logging error ---
Traceback (most recent call last):
  File "C:\Users\Usuario\AppData\Local\Programs\Python\Python312\Lib\logging\__init__.py", line 1163, in emit
    stream.write(msg + self.terminator)
  File "C:\Users\Usuario\AppData\Local\Programs\Python\Python312\Lib\encodings\cp1252.py", line 19, in encode
    return codecs.charmap_encode(input,self.errors,encoding_table)[0]
           ^^^^^^^^^^^^^^^^^^^^^^^^^^^^^^^^^^^^^^^^^^^^^^^^^^^^^^^
UnicodeEncodeError: 'charmap' codec can't encode character '\U0001f6d1' in position 36: character maps to <undefined>
Call stack:
  File "<frozen runpy>", line 198, in _run_module_as_main
  File "<frozen runpy>", line 88, in _run_code
  File "C:\Users\Usuario\AutomationFramework\venv\Scripts\pytest.exe\__main__.py", line 7, in <module>
    sys.exit(console_main())
  File "C:\Users\Usuario\AutomationFramework\venv\Lib\site-packages\_pytest\config\__init__.py", line 201, in console_main
    code = main()
  File "C:\Users\Usuario\AutomationFramework\venv\Lib\site-packages\_pytest\config\__init__.py", line 175, in main
    ret: ExitCode | int = config.hook.pytest_cmdline_main(config=config)
  File "C:\Users\Usuario\AutomationFramework\venv\Lib\site-packages\pluggy\_hooks.py", line 512, in __call__
    return self._hookexec(self.name, self._hookimpls.copy(), kwargs, firstresult)
  File "C:\Users\Usuario\AutomationFramework\venv\Lib\site-packages\pluggy\_manager.py", line 120, in _hookexec
    return self._inner_hookexec(hook_name, methods, kwargs, firstresult)
  File "C:\Users\Usuario\AutomationFramework\venv\Lib\site-packages\pluggy\_callers.py", line 121, in _multicall
    res = hook_impl.function(*args)
  File "C:\Users\Usuario\AutomationFramework\venv\Lib\site-packages\_pytest\main.py", line 336, in pytest_cmdline_main
    return wrap_session(config, _main)
  File "C:\Users\Usuario\AutomationFramework\venv\Lib\site-packages\_pytest\main.py", line 289, in wrap_session
    session.exitstatus = doit(config, session) or 0
  File "C:\Users\Usuario\AutomationFramework\venv\Lib\site-packages\_pytest\main.py", line 343, in _main
    config.hook.pytest_runtestloop(session=session)
  File "C:\Users\Usuario\AutomationFramework\venv\Lib\site-packages\pluggy\_hooks.py", line 512, in __call__
    return self._hookexec(self.name, self._hookimpls.copy(), kwargs, firstresult)
  File "C:\Users\Usuario\AutomationFramework\venv\Lib\site-packages\pluggy\_manager.py", line 120, in _hookexec
    return self._inner_hookexec(hook_name, methods, kwargs, firstresult)
  File "C:\Users\Usuario\AutomationFramework\venv\Lib\site-packages\pluggy\_callers.py", line 121, in _multicall
    res = hook_impl.function(*args)
  File "C:\Users\Usuario\AutomationFramework\venv\Lib\site-packages\_pytest\main.py", line 367, in pytest_runtestloop
    item.config.hook.pytest_runtest_protocol(item=item, nextitem=nextitem)
  File "C:\Users\Usuario\AutomationFramework\venv\Lib\site-packages\pluggy\_hooks.py", line 512, in __call__
    return self._hookexec(self.name, self._hookimpls.copy(), kwargs, firstresult)
  File "C:\Users\Usuario\AutomationFramework\venv\Lib\site-packages\pluggy\_manager.py", line 120, in _hookexec
    return self._inner_hookexec(hook_name, methods, kwargs, firstresult)
  File "C:\Users\Usuario\AutomationFramework\venv\Lib\site-packages\pluggy\_callers.py", line 121, in _multicall
    res = hook_impl.function(*args)
  File "C:\Users\Usuario\AutomationFramework\venv\Lib\site-packages\_pytest\runner.py", line 117, in pytest_runtest_protocol
    runtestprotocol(item, nextitem=nextitem)
  File "C:\Users\Usuario\AutomationFramework\venv\Lib\site-packages\_pytest\runner.py", line 136, in runtestprotocol
    reports.append(call_and_report(item, "call", log))
  File "C:\Users\Usuario\AutomationFramework\venv\Lib\site-packages\_pytest\runner.py", line 245, in call_and_report
    call = CallInfo.from_call(
  File "C:\Users\Usuario\AutomationFramework\venv\Lib\site-packages\_pytest\runner.py", line 344, in from_call
    result: TResult | None = func()
  File "C:\Users\Usuario\AutomationFramework\venv\Lib\site-packages\_pytest\runner.py", line 246, in <lambda>
    lambda: runtest_hook(item=item, **kwds), when=when, reraise=reraise
  File "C:\Users\Usuario\AutomationFramework\venv\Lib\site-packages\pluggy\_hooks.py", line 512, in __call__
    return self._hookexec(self.name, self._hookimpls.copy(), kwargs, firstresult)
  File "C:\Users\Usuario\AutomationFramework\venv\Lib\site-packages\pluggy\_manager.py", line 120, in _hookexec
    return self._inner_hookexec(hook_name, methods, kwargs, firstresult)
  File "C:\Users\Usuario\AutomationFramework\venv\Lib\site-packages\pluggy\_callers.py", line 121, in _multicall
    res = hook_impl.function(*args)
  File "C:\Users\Usuario\AutomationFramework\venv\Lib\site-packages\_pytest\runner.py", line 178, in pytest_runtest_call
    item.runtest()
  File "C:\Users\Usuario\AutomationFramework\venv\Lib\site-packages\_pytest\python.py", line 1671, in runtest
    self.ihook.pytest_pyfunc_call(pyfuncitem=self)
  File "C:\Users\Usuario\AutomationFramework\venv\Lib\site-packages\pluggy\_hooks.py", line 512, in __call__
    return self._hookexec(self.name, self._hookimpls.copy(), kwargs, firstresult)
  File "C:\Users\Usuario\AutomationFramework\venv\Lib\site-packages\pluggy\_manager.py", line 120, in _hookexec
    return self._inner_hookexec(hook_name, methods, kwargs, firstresult)
  File "C:\Users\Usuario\AutomationFramework\venv\Lib\site-packages\pluggy\_callers.py", line 121, in _multicall
    res = hook_impl.function(*args)
  File "C:\Users\Usuario\AutomationFramework\venv\Lib\site-packages\_pytest\python.py", line 157, in pytest_pyfunc_call
    result = testfunction(**testargs)
  File "C:\Users\Usuario\AutomationFramework\tests\tests\test_booking_oneway.py", line 46, in test_oneway_booking_flow
    home_page.search_flight(origin, destination, "2026-12-01", adults, infants)
  File "C:\Users\Usuario\AutomationFramework\venv\Lib\site-packages\allure_commons\_allure.py", line 202, in impl
    return func(*a, **kw)
  File "C:\Users\Usuario\AutomationFramework\pages\home_page.py", line 115, in search_flight
    logging.warning("üõë CAPTCHA/Verificaci√≥n de Akamai DETECTADA. Iniciando pausa manual de 25 segundos.")
Message: 'üõë CAPTCHA/Verificaci√≥n de Akamai DETECTADA. Iniciando pausa manual de 25 segundos.'
Arguments: ()
2025-11-03 09:18:41,812 - WARNING - üõë CAPTCHA/Verificaci√≥n de Akamai DETECTADA. Iniciando pausa manual de 25 segundos.
--- Logging error ---
Traceback (most recent call last):
  File "C:\Users\Usuario\AppData\Local\Programs\Python\Python312\Lib\logging\__init__.py", line 1163, in emit
    stream.write(msg + self.terminator)
  File "C:\Users\Usuario\AppData\Local\Programs\Python\Python312\Lib\encodings\cp1252.py", line 19, in encode
    return codecs.charmap_encode(input,self.errors,encoding_table)[0]
           ^^^^^^^^^^^^^^^^^^^^^^^^^^^^^^^^^^^^^^^^^^^^^^^^^^^^^^^
UnicodeEncodeError: 'charmap' codec can't encode characters in position 36-37: character maps to <undefined>
Call stack:
  File "<frozen runpy>", line 198, in _run_module_as_main
  File "<frozen runpy>", line 88, in _run_code
  File "C:\Users\Usuario\AutomationFramework\venv\Scripts\pytest.exe\__main__.py", line 7, in <module>
    sys.exit(console_main())
  File "C:\Users\Usuario\AutomationFramework\venv\Lib\site-packages\_pytest\config\__init__.py", line 201, in console_main
    code = main()
  File "C:\Users\Usuario\AutomationFramework\venv\Lib\site-packages\_pytest\config\__init__.py", line 175, in main
    ret: ExitCode | int = config.hook.pytest_cmdline_main(config=config)
  File "C:\Users\Usuario\AutomationFramework\venv\Lib\site-packages\pluggy\_hooks.py", line 512, in __call__
    return self._hookexec(self.name, self._hookimpls.copy(), kwargs, firstresult)
  File "C:\Users\Usuario\AutomationFramework\venv\Lib\site-packages\pluggy\_manager.py", line 120, in _hookexec
    return self._inner_hookexec(hook_name, methods, kwargs, firstresult)
  File "C:\Users\Usuario\AutomationFramework\venv\Lib\site-packages\pluggy\_callers.py", line 121, in _multicall
    res = hook_impl.function(*args)
  File "C:\Users\Usuario\AutomationFramework\venv\Lib\site-packages\_pytest\main.py", line 336, in pytest_cmdline_main
    return wrap_session(config, _main)
  File "C:\Users\Usuario\AutomationFramework\venv\Lib\site-packages\_pytest\main.py", line 289, in wrap_session
    session.exitstatus = doit(config, session) or 0
  File "C:\Users\Usuario\AutomationFramework\venv\Lib\site-packages\_pytest\main.py", line 343, in _main
    config.hook.pytest_runtestloop(session=session)
  File "C:\Users\Usuario\AutomationFramework\venv\Lib\site-packages\pluggy\_hooks.py", line 512, in __call__
    return self._hookexec(self.name, self._hookimpls.copy(), kwargs, firstresult)
  File "C:\Users\Usuario\AutomationFramework\venv\Lib\site-packages\pluggy\_manager.py", line 120, in _hookexec
    return self._inner_hookexec(hook_name, methods, kwargs, firstresult)
  File "C:\Users\Usuario\AutomationFramework\venv\Lib\site-packages\pluggy\_callers.py", line 121, in _multicall
    res = hook_impl.function(*args)
  File "C:\Users\Usuario\AutomationFramework\venv\Lib\site-packages\_pytest\main.py", line 367, in pytest_runtestloop
    item.config.hook.pytest_runtest_protocol(item=item, nextitem=nextitem)
  File "C:\Users\Usuario\AutomationFramework\venv\Lib\site-packages\pluggy\_hooks.py", line 512, in __call__
    return self._hookexec(self.name, self._hookimpls.copy(), kwargs, firstresult)
  File "C:\Users\Usuario\AutomationFramework\venv\Lib\site-packages\pluggy\_manager.py", line 120, in _hookexec
    return self._inner_hookexec(hook_name, methods, kwargs, firstresult)
  File "C:\Users\Usuario\AutomationFramework\venv\Lib\site-packages\pluggy\_callers.py", line 121, in _multicall
    res = hook_impl.function(*args)
  File "C:\Users\Usuario\AutomationFramework\venv\Lib\site-packages\_pytest\runner.py", line 117, in pytest_runtest_protocol
    runtestprotocol(item, nextitem=nextitem)
  File "C:\Users\Usuario\AutomationFramework\venv\Lib\site-packages\_pytest\runner.py", line 136, in runtestprotocol
    reports.append(call_and_report(item, "call", log))
  File "C:\Users\Usuario\AutomationFramework\venv\Lib\site-packages\_pytest\runner.py", line 245, in call_and_report
    call = CallInfo.from_call(
  File "C:\Users\Usuario\AutomationFramework\venv\Lib\site-packages\_pytest\runner.py", line 344, in from_call
    result: TResult | None = func()
  File "C:\Users\Usuario\AutomationFramework\venv\Lib\site-packages\_pytest\runner.py", line 246, in <lambda>
    lambda: runtest_hook(item=item, **kwds), when=when, reraise=reraise
  File "C:\Users\Usuario\AutomationFramework\venv\Lib\site-packages\pluggy\_hooks.py", line 512, in __call__
    return self._hookexec(self.name, self._hookimpls.copy(), kwargs, firstresult)
  File "C:\Users\Usuario\AutomationFramework\venv\Lib\site-packages\pluggy\_manager.py", line 120, in _hookexec
    return self._inner_hookexec(hook_name, methods, kwargs, firstresult)
  File "C:\Users\Usuario\AutomationFramework\venv\Lib\site-packages\pluggy\_callers.py", line 121, in _multicall
    res = hook_impl.function(*args)
  File "C:\Users\Usuario\AutomationFramework\venv\Lib\site-packages\_pytest\runner.py", line 178, in pytest_runtest_call
    item.runtest()
  File "C:\Users\Usuario\AutomationFramework\venv\Lib\site-packages\_pytest\python.py", line 1671, in runtest
    self.ihook.pytest_pyfunc_call(pyfuncitem=self)
  File "C:\Users\Usuario\AutomationFramework\venv\Lib\site-packages\pluggy\_hooks.py", line 512, in __call__
    return self._hookexec(self.name, self._hookimpls.copy(), kwargs, firstresult)
  File "C:\Users\Usuario\AutomationFramework\venv\Lib\site-packages\pluggy\_manager.py", line 120, in _hookexec
    return self._inner_hookexec(hook_name, methods, kwargs, firstresult)
  File "C:\Users\Usuario\AutomationFramework\venv\Lib\site-packages\pluggy\_callers.py", line 121, in _multicall
    res = hook_impl.function(*args)
  File "C:\Users\Usuario\AutomationFramework\venv\Lib\site-packages\_pytest\python.py", line 157, in pytest_pyfunc_call
    result = testfunction(**testargs)
  File "C:\Users\Usuario\AutomationFramework\tests\tests\test_booking_oneway.py", line 46, in test_oneway_booking_flow
    home_page.search_flight(origin, destination, "2026-12-01", adults, infants)
  File "C:\Users\Usuario\AutomationFramework\venv\Lib\site-packages\allure_commons\_allure.py", line 202, in impl
    return func(*a, **kw)
  File "C:\Users\Usuario\AutomationFramework\pages\home_page.py", line 116, in search_flight
    logging.warning("‚û°Ô∏è POR FAVOR, RESUELVA EL CAPTCHA MANUALMENTE AHORA (Haga clic en el checkbox y en Continuar).")
Message: '‚û°Ô∏è POR FAVOR, RESUELVA EL CAPTCHA MANUALMENTE AHORA (Haga clic en el checkbox y en Continuar).'
Arguments: ()
2025-11-03 09:18:41,859 - WARNING - ‚û°Ô∏è POR FAVOR, RESUELVA EL CAPTCHA MANUALMENTE AHORA (Haga clic en el checkbox y en Continuar).
2025-11-03 09:19:06,867 - INFO - Pausa manual terminada. El test intentar√° continuar con la SelectFlightPage...
2025-11-03 09:19:06,867 - INFO - Esperando 5 segundos para la carga estable de la p√°gina post-CAPTCHA...
2025-11-03 09:19:11,958 - INFO - Scroll N¬∞1 ejecutado con 250px.
2025-11-03 09:19:12,460 - INFO - Validando presencia del bot√≥n clave 'Seleccionar de tarifa' con un tiempo de espera de 20s...
--- Logging error ---
Traceback (most recent call last):
  File "C:\Users\Usuario\AppData\Local\Programs\Python\Python312\Lib\logging\__init__.py", line 1163, in emit
    stream.write(msg + self.terminator)
  File "C:\Users\Usuario\AppData\Local\Programs\Python\Python312\Lib\encodings\cp1252.py", line 19, in encode
    return codecs.charmap_encode(input,self.errors,encoding_table)[0]
           ^^^^^^^^^^^^^^^^^^^^^^^^^^^^^^^^^^^^^^^^^^^^^^^^^^^^^^^
UnicodeEncodeError: 'charmap' codec can't encode character '\u2705' in position 33: character maps to <undefined>
Call stack:
  File "<frozen runpy>", line 198, in _run_module_as_main
  File "<frozen runpy>", line 88, in _run_code
  File "C:\Users\Usuario\AutomationFramework\venv\Scripts\pytest.exe\__main__.py", line 7, in <module>
    sys.exit(console_main())
  File "C:\Users\Usuario\AutomationFramework\venv\Lib\site-packages\_pytest\config\__init__.py", line 201, in console_main
    code = main()
  File "C:\Users\Usuario\AutomationFramework\venv\Lib\site-packages\_pytest\config\__init__.py", line 175, in main
    ret: ExitCode | int = config.hook.pytest_cmdline_main(config=config)
  File "C:\Users\Usuario\AutomationFramework\venv\Lib\site-packages\pluggy\_hooks.py", line 512, in __call__
    return self._hookexec(self.name, self._hookimpls.copy(), kwargs, firstresult)
  File "C:\Users\Usuario\AutomationFramework\venv\Lib\site-packages\pluggy\_manager.py", line 120, in _hookexec
    return self._inner_hookexec(hook_name, methods, kwargs, firstresult)
  File "C:\Users\Usuario\AutomationFramework\venv\Lib\site-packages\pluggy\_callers.py", line 121, in _multicall
    res = hook_impl.function(*args)
  File "C:\Users\Usuario\AutomationFramework\venv\Lib\site-packages\_pytest\main.py", line 336, in pytest_cmdline_main
    return wrap_session(config, _main)
  File "C:\Users\Usuario\AutomationFramework\venv\Lib\site-packages\_pytest\main.py", line 289, in wrap_session
    session.exitstatus = doit(config, session) or 0
  File "C:\Users\Usuario\AutomationFramework\venv\Lib\site-packages\_pytest\main.py", line 343, in _main
    config.hook.pytest_runtestloop(session=session)
  File "C:\Users\Usuario\AutomationFramework\venv\Lib\site-packages\pluggy\_hooks.py", line 512, in __call__
    return self._hookexec(self.name, self._hookimpls.copy(), kwargs, firstresult)
  File "C:\Users\Usuario\AutomationFramework\venv\Lib\site-packages\pluggy\_manager.py", line 120, in _hookexec
    return self._inner_hookexec(hook_name, methods, kwargs, firstresult)
  File "C:\Users\Usuario\AutomationFramework\venv\Lib\site-packages\pluggy\_callers.py", line 121, in _multicall
    res = hook_impl.function(*args)
  File "C:\Users\Usuario\AutomationFramework\venv\Lib\site-packages\_pytest\main.py", line 367, in pytest_runtestloop
    item.config.hook.pytest_runtest_protocol(item=item, nextitem=nextitem)
  File "C:\Users\Usuario\AutomationFramework\venv\Lib\site-packages\pluggy\_hooks.py", line 512, in __call__
    return self._hookexec(self.name, self._hookimpls.copy(), kwargs, firstresult)
  File "C:\Users\Usuario\AutomationFramework\venv\Lib\site-packages\pluggy\_manager.py", line 120, in _hookexec
    return self._inner_hookexec(hook_name, methods, kwargs, firstresult)
  File "C:\Users\Usuario\AutomationFramework\venv\Lib\site-packages\pluggy\_callers.py", line 121, in _multicall
    res = hook_impl.function(*args)
  File "C:\Users\Usuario\AutomationFramework\venv\Lib\site-packages\_pytest\runner.py", line 117, in pytest_runtest_protocol
    runtestprotocol(item, nextitem=nextitem)
  File "C:\Users\Usuario\AutomationFramework\venv\Lib\site-packages\_pytest\runner.py", line 136, in runtestprotocol
    reports.append(call_and_report(item, "call", log))
  File "C:\Users\Usuario\AutomationFramework\venv\Lib\site-packages\_pytest\runner.py", line 245, in call_and_report
    call = CallInfo.from_call(
  File "C:\Users\Usuario\AutomationFramework\venv\Lib\site-packages\_pytest\runner.py", line 344, in from_call
    result: TResult | None = func()
  File "C:\Users\Usuario\AutomationFramework\venv\Lib\site-packages\_pytest\runner.py", line 246, in <lambda>
    lambda: runtest_hook(item=item, **kwds), when=when, reraise=reraise
  File "C:\Users\Usuario\AutomationFramework\venv\Lib\site-packages\pluggy\_hooks.py", line 512, in __call__
    return self._hookexec(self.name, self._hookimpls.copy(), kwargs, firstresult)
  File "C:\Users\Usuario\AutomationFramework\venv\Lib\site-packages\pluggy\_manager.py", line 120, in _hookexec
    return self._inner_hookexec(hook_name, methods, kwargs, firstresult)
  File "C:\Users\Usuario\AutomationFramework\venv\Lib\site-packages\pluggy\_callers.py", line 121, in _multicall
    res = hook_impl.function(*args)
  File "C:\Users\Usuario\AutomationFramework\venv\Lib\site-packages\_pytest\runner.py", line 178, in pytest_runtest_call
    item.runtest()
  File "C:\Users\Usuario\AutomationFramework\venv\Lib\site-packages\_pytest\python.py", line 1671, in runtest
    self.ihook.pytest_pyfunc_call(pyfuncitem=self)
  File "C:\Users\Usuario\AutomationFramework\venv\Lib\site-packages\pluggy\_hooks.py", line 512, in __call__
    return self._hookexec(self.name, self._hookimpls.copy(), kwargs, firstresult)
  File "C:\Users\Usuario\AutomationFramework\venv\Lib\site-packages\pluggy\_manager.py", line 120, in _hookexec
    return self._inner_hookexec(hook_name, methods, kwargs, firstresult)
  File "C:\Users\Usuario\AutomationFramework\venv\Lib\site-packages\pluggy\_callers.py", line 121, in _multicall
    res = hook_impl.function(*args)
  File "C:\Users\Usuario\AutomationFramework\venv\Lib\site-packages\_pytest\python.py", line 157, in pytest_pyfunc_call
    result = testfunction(**testargs)
  File "C:\Users\Usuario\AutomationFramework\tests\tests\test_booking_oneway.py", line 50, in test_oneway_booking_flow
    select_flight_page.validate_search_results(origin, destination)
  File "C:\Users\Usuario\AutomationFramework\venv\Lib\site-packages\allure_commons\_allure.py", line 202, in impl
    return func(*a, **kw)
  File "C:\Users\Usuario\AutomationFramework\pages\select_flight_page.py", line 56, in validate_search_results
    logging.info("‚úÖ P√°gina de resultados cargada y lista. Bot√≥n de tarifa visible y clickeable.")
Message: '‚úÖ P√°gina de resultados cargada y lista. Bot√≥n de tarifa visible y clickeable.'
Arguments: ()
2025-11-03 09:19:12,561 - INFO - ‚úÖ P√°gina de resultados cargada y lista. Bot√≥n de tarifa visible y clickeable.
2025-11-03 09:19:12,890 - INFO - Clic: Bot√≥n para Abrir el Selector de Tarifa ('xpath', "(//button[contains(@class, 'journey_price_button') and .//span[contains(text(), 'Seleccionar de tarifa')]])[1]")
2025-11-03 09:19:12,890 - INFO - Selector de tarifa abierto.
2025-11-03 09:19:15,892 - INFO - Ejecutando 3 scrolls de 250px para asegurar la visibilidad de las tarifas...
2025-11-03 09:19:15,925 - INFO - Scroll N¬∞1 ejecutado con 250px.
2025-11-03 09:19:16,458 - INFO - Scroll N¬∞2 ejecutado con 250px.
2025-11-03 09:19:16,998 - INFO - Scroll N¬∞3 ejecutado con 250px.
2025-11-03 09:19:17,685 - INFO - Clic: Bot√≥n 'Seleccionar' la tarifa ('xpath', "(//button[contains(@class, 'fare_button') and contains(., 'Seleccionar')])[1]")
--- Logging error ---
Traceback (most recent call last):
  File "C:\Users\Usuario\AppData\Local\Programs\Python\Python312\Lib\logging\__init__.py", line 1163, in emit
    stream.write(msg + self.terminator)
  File "C:\Users\Usuario\AppData\Local\Programs\Python\Python312\Lib\encodings\cp1252.py", line 19, in encode
    return codecs.charmap_encode(input,self.errors,encoding_table)[0]
           ^^^^^^^^^^^^^^^^^^^^^^^^^^^^^^^^^^^^^^^^^^^^^^^^^^^^^^^
UnicodeEncodeError: 'charmap' codec can't encode character '\u2705' in position 33: character maps to <undefined>
Call stack:
  File "<frozen runpy>", line 198, in _run_module_as_main
  File "<frozen runpy>", line 88, in _run_code
  File "C:\Users\Usuario\AutomationFramework\venv\Scripts\pytest.exe\__main__.py", line 7, in <module>
    sys.exit(console_main())
  File "C:\Users\Usuario\AutomationFramework\venv\Lib\site-packages\_pytest\config\__init__.py", line 201, in console_main
    code = main()
  File "C:\Users\Usuario\AutomationFramework\venv\Lib\site-packages\_pytest\config\__init__.py", line 175, in main
    ret: ExitCode | int = config.hook.pytest_cmdline_main(config=config)
  File "C:\Users\Usuario\AutomationFramework\venv\Lib\site-packages\pluggy\_hooks.py", line 512, in __call__
    return self._hookexec(self.name, self._hookimpls.copy(), kwargs, firstresult)
  File "C:\Users\Usuario\AutomationFramework\venv\Lib\site-packages\pluggy\_manager.py", line 120, in _hookexec
    return self._inner_hookexec(hook_name, methods, kwargs, firstresult)
  File "C:\Users\Usuario\AutomationFramework\venv\Lib\site-packages\pluggy\_callers.py", line 121, in _multicall
    res = hook_impl.function(*args)
  File "C:\Users\Usuario\AutomationFramework\venv\Lib\site-packages\_pytest\main.py", line 336, in pytest_cmdline_main
    return wrap_session(config, _main)
  File "C:\Users\Usuario\AutomationFramework\venv\Lib\site-packages\_pytest\main.py", line 289, in wrap_session
    session.exitstatus = doit(config, session) or 0
  File "C:\Users\Usuario\AutomationFramework\venv\Lib\site-packages\_pytest\main.py", line 343, in _main
    config.hook.pytest_runtestloop(session=session)
  File "C:\Users\Usuario\AutomationFramework\venv\Lib\site-packages\pluggy\_hooks.py", line 512, in __call__
    return self._hookexec(self.name, self._hookimpls.copy(), kwargs, firstresult)
  File "C:\Users\Usuario\AutomationFramework\venv\Lib\site-packages\pluggy\_manager.py", line 120, in _hookexec
    return self._inner_hookexec(hook_name, methods, kwargs, firstresult)
  File "C:\Users\Usuario\AutomationFramework\venv\Lib\site-packages\pluggy\_callers.py", line 121, in _multicall
    res = hook_impl.function(*args)
  File "C:\Users\Usuario\AutomationFramework\venv\Lib\site-packages\_pytest\main.py", line 367, in pytest_runtestloop
    item.config.hook.pytest_runtest_protocol(item=item, nextitem=nextitem)
  File "C:\Users\Usuario\AutomationFramework\venv\Lib\site-packages\pluggy\_hooks.py", line 512, in __call__
    return self._hookexec(self.name, self._hookimpls.copy(), kwargs, firstresult)
  File "C:\Users\Usuario\AutomationFramework\venv\Lib\site-packages\pluggy\_manager.py", line 120, in _hookexec
    return self._inner_hookexec(hook_name, methods, kwargs, firstresult)
  File "C:\Users\Usuario\AutomationFramework\venv\Lib\site-packages\pluggy\_callers.py", line 121, in _multicall
    res = hook_impl.function(*args)
  File "C:\Users\Usuario\AutomationFramework\venv\Lib\site-packages\_pytest\runner.py", line 117, in pytest_runtest_protocol
    runtestprotocol(item, nextitem=nextitem)
  File "C:\Users\Usuario\AutomationFramework\venv\Lib\site-packages\_pytest\runner.py", line 136, in runtestprotocol
    reports.append(call_and_report(item, "call", log))
  File "C:\Users\Usuario\AutomationFramework\venv\Lib\site-packages\_pytest\runner.py", line 245, in call_and_report
    call = CallInfo.from_call(
  File "C:\Users\Usuario\AutomationFramework\venv\Lib\site-packages\_pytest\runner.py", line 344, in from_call
    result: TResult | None = func()
  File "C:\Users\Usuario\AutomationFramework\venv\Lib\site-packages\_pytest\runner.py", line 246, in <lambda>
    lambda: runtest_hook(item=item, **kwds), when=when, reraise=reraise
  File "C:\Users\Usuario\AutomationFramework\venv\Lib\site-packages\pluggy\_hooks.py", line 512, in __call__
    return self._hookexec(self.name, self._hookimpls.copy(), kwargs, firstresult)
  File "C:\Users\Usuario\AutomationFramework\venv\Lib\site-packages\pluggy\_manager.py", line 120, in _hookexec
    return self._inner_hookexec(hook_name, methods, kwargs, firstresult)
  File "C:\Users\Usuario\AutomationFramework\venv\Lib\site-packages\pluggy\_callers.py", line 121, in _multicall
    res = hook_impl.function(*args)
  File "C:\Users\Usuario\AutomationFramework\venv\Lib\site-packages\_pytest\runner.py", line 178, in pytest_runtest_call
    item.runtest()
  File "C:\Users\Usuario\AutomationFramework\venv\Lib\site-packages\_pytest\python.py", line 1671, in runtest
    self.ihook.pytest_pyfunc_call(pyfuncitem=self)
  File "C:\Users\Usuario\AutomationFramework\venv\Lib\site-packages\pluggy\_hooks.py", line 512, in __call__
    return self._hookexec(self.name, self._hookimpls.copy(), kwargs, firstresult)
  File "C:\Users\Usuario\AutomationFramework\venv\Lib\site-packages\pluggy\_manager.py", line 120, in _hookexec
    return self._inner_hookexec(hook_name, methods, kwargs, firstresult)
  File "C:\Users\Usuario\AutomationFramework\venv\Lib\site-packages\pluggy\_callers.py", line 121, in _multicall
    res = hook_impl.function(*args)
  File "C:\Users\Usuario\AutomationFramework\venv\Lib\site-packages\_pytest\python.py", line 157, in pytest_pyfunc_call
    result = testfunction(**testargs)
  File "C:\Users\Usuario\AutomationFramework\tests\tests\test_booking_oneway.py", line 51, in test_oneway_booking_flow
    select_flight_page.select_cheapest_flight()
  File "C:\Users\Usuario\AutomationFramework\venv\Lib\site-packages\allure_commons\_allure.py", line 202, in impl
    return func(*a, **kw)
  File "C:\Users\Usuario\AutomationFramework\pages\select_flight_page.py", line 80, in select_cheapest_flight
    logging.info("‚úÖ Tarifa seleccionada. Avanzando al M√≥dulo 3.")
Message: '‚úÖ Tarifa seleccionada. Avanzando al M√≥dulo 3.'
Arguments: ()
2025-11-03 09:19:17,685 - INFO - ‚úÖ Tarifa seleccionada. Avanzando al M√≥dulo 3.
2025-11-03 09:19:17,685 - INFO - Esperando la carga del M√≥dulo 3: Detalles de Vuelo (Asientos/Servicios)...
2025-11-03 09:20:02,749 - ERROR - Timeout esperando el elemento con locator ('xpath', "//h1[contains(text(), 'Selecciona tus asientos') or contains(text(), 'Servicios') or contains(text(), 'Extras')]")
--- Logging error ---
Traceback (most recent call last):
  File "C:\Users\Usuario\AutomationFramework\pages\flight_details_page.py", line 34, in validate_flight_details_page
    self._wait_for_element(self._HEADER_FLIGHT_DETAILS, timeout=15)
  File "C:\Users\Usuario\AutomationFramework\pages\base_page.py", line 32, in _wait_for_element
    element = self.wait.until(EC.visibility_of_element_located(locator))
              ^^^^^^^^^^^^^^^^^^^^^^^^^^^^^^^^^^^^^^^^^^^^^^^^^^^^^^^^^^
  File "C:\Users\Usuario\AutomationFramework\venv\Lib\site-packages\selenium\webdriver\support\wait.py", line 138, in until
    raise TimeoutException(message, screen, stacktrace)
selenium.common.exceptions.TimeoutException: Message: 
Stacktrace:
	GetHandleVerifier [0x0x7ff6d7dde8e5+80021]
	GetHandleVerifier [0x0x7ff6d7dde940+80112]
	(No symbol) [0x0x7ff6d7b6060f]
	(No symbol) [0x0x7ff6d7bb8854]
	(No symbol) [0x0x7ff6d7bb8b1c]
	(No symbol) [0x0x7ff6d7c0c927]
	(No symbol) [0x0x7ff6d7be126f]
	(No symbol) [0x0x7ff6d7c0968a]
	(No symbol) [0x0x7ff6d7be1003]
	(No symbol) [0x0x7ff6d7ba95d1]
	(No symbol) [0x0x7ff6d7baa3f3]
	GetHandleVerifier [0x0x7ff6d809dc7d+2960429]
	GetHandleVerifier [0x0x7ff6d8097f3a+2936554]
	GetHandleVerifier [0x0x7ff6d80b8977+3070247]
	GetHandleVerifier [0x0x7ff6d7df83ce+185214]
	GetHandleVerifier [0x0x7ff6d7dffe1f+216527]
	GetHandleVerifier [0x0x7ff6d7de7b24+117460]
	GetHandleVerifier [0x0x7ff6d7de7cdf+117903]
	GetHandleVerifier [0x0x7ff6d7dcdbb8+11112]
	BaseThreadInitThunk [0x0x7ffc92b1259d+29]
	RtlUserThreadStart [0x0x7ffc93c0af78+40]


During handling of the above exception, another exception occurred:

Traceback (most recent call last):
  File "C:\Users\Usuario\AppData\Local\Programs\Python\Python312\Lib\logging\__init__.py", line 1163, in emit
    stream.write(msg + self.terminator)
  File "C:\Users\Usuario\AppData\Local\Programs\Python\Python312\Lib\encodings\cp1252.py", line 19, in encode
    return codecs.charmap_encode(input,self.errors,encoding_table)[0]
           ^^^^^^^^^^^^^^^^^^^^^^^^^^^^^^^^^^^^^^^^^^^^^^^^^^^^^^^
UnicodeEncodeError: 'charmap' codec can't encode character '\u274c' in position 34: character maps to <undefined>
Call stack:
  File "<frozen runpy>", line 198, in _run_module_as_main
  File "<frozen runpy>", line 88, in _run_code
  File "C:\Users\Usuario\AutomationFramework\venv\Scripts\pytest.exe\__main__.py", line 7, in <module>
    sys.exit(console_main())
  File "C:\Users\Usuario\AutomationFramework\venv\Lib\site-packages\_pytest\config\__init__.py", line 201, in console_main
    code = main()
  File "C:\Users\Usuario\AutomationFramework\venv\Lib\site-packages\_pytest\config\__init__.py", line 175, in main
    ret: ExitCode | int = config.hook.pytest_cmdline_main(config=config)
  File "C:\Users\Usuario\AutomationFramework\venv\Lib\site-packages\pluggy\_hooks.py", line 512, in __call__
    return self._hookexec(self.name, self._hookimpls.copy(), kwargs, firstresult)
  File "C:\Users\Usuario\AutomationFramework\venv\Lib\site-packages\pluggy\_manager.py", line 120, in _hookexec
    return self._inner_hookexec(hook_name, methods, kwargs, firstresult)
  File "C:\Users\Usuario\AutomationFramework\venv\Lib\site-packages\pluggy\_callers.py", line 121, in _multicall
    res = hook_impl.function(*args)
  File "C:\Users\Usuario\AutomationFramework\venv\Lib\site-packages\_pytest\main.py", line 336, in pytest_cmdline_main
    return wrap_session(config, _main)
  File "C:\Users\Usuario\AutomationFramework\venv\Lib\site-packages\_pytest\main.py", line 289, in wrap_session
    session.exitstatus = doit(config, session) or 0
  File "C:\Users\Usuario\AutomationFramework\venv\Lib\site-packages\_pytest\main.py", line 343, in _main
    config.hook.pytest_runtestloop(session=session)
  File "C:\Users\Usuario\AutomationFramework\venv\Lib\site-packages\pluggy\_hooks.py", line 512, in __call__
    return self._hookexec(self.name, self._hookimpls.copy(), kwargs, firstresult)
  File "C:\Users\Usuario\AutomationFramework\venv\Lib\site-packages\pluggy\_manager.py", line 120, in _hookexec
    return self._inner_hookexec(hook_name, methods, kwargs, firstresult)
  File "C:\Users\Usuario\AutomationFramework\venv\Lib\site-packages\pluggy\_callers.py", line 121, in _multicall
    res = hook_impl.function(*args)
  File "C:\Users\Usuario\AutomationFramework\venv\Lib\site-packages\_pytest\main.py", line 367, in pytest_runtestloop
    item.config.hook.pytest_runtest_protocol(item=item, nextitem=nextitem)
  File "C:\Users\Usuario\AutomationFramework\venv\Lib\site-packages\pluggy\_hooks.py", line 512, in __call__
    return self._hookexec(self.name, self._hookimpls.copy(), kwargs, firstresult)
  File "C:\Users\Usuario\AutomationFramework\venv\Lib\site-packages\pluggy\_manager.py", line 120, in _hookexec
    return self._inner_hookexec(hook_name, methods, kwargs, firstresult)
  File "C:\Users\Usuario\AutomationFramework\venv\Lib\site-packages\pluggy\_callers.py", line 121, in _multicall
    res = hook_impl.function(*args)
  File "C:\Users\Usuario\AutomationFramework\venv\Lib\site-packages\_pytest\runner.py", line 117, in pytest_runtest_protocol
    runtestprotocol(item, nextitem=nextitem)
  File "C:\Users\Usuario\AutomationFramework\venv\Lib\site-packages\_pytest\runner.py", line 136, in runtestprotocol
    reports.append(call_and_report(item, "call", log))
  File "C:\Users\Usuario\AutomationFramework\venv\Lib\site-packages\_pytest\runner.py", line 245, in call_and_report
    call = CallInfo.from_call(
  File "C:\Users\Usuario\AutomationFramework\venv\Lib\site-packages\_pytest\runner.py", line 344, in from_call
    result: TResult | None = func()
  File "C:\Users\Usuario\AutomationFramework\venv\Lib\site-packages\_pytest\runner.py", line 246, in <lambda>
    lambda: runtest_hook(item=item, **kwds), when=when, reraise=reraise
  File "C:\Users\Usuario\AutomationFramework\venv\Lib\site-packages\pluggy\_hooks.py", line 512, in __call__
    return self._hookexec(self.name, self._hookimpls.copy(), kwargs, firstresult)
  File "C:\Users\Usuario\AutomationFramework\venv\Lib\site-packages\pluggy\_manager.py", line 120, in _hookexec
    return self._inner_hookexec(hook_name, methods, kwargs, firstresult)
  File "C:\Users\Usuario\AutomationFramework\venv\Lib\site-packages\pluggy\_callers.py", line 121, in _multicall
    res = hook_impl.function(*args)
  File "C:\Users\Usuario\AutomationFramework\venv\Lib\site-packages\_pytest\runner.py", line 178, in pytest_runtest_call
    item.runtest()
  File "C:\Users\Usuario\AutomationFramework\venv\Lib\site-packages\_pytest\python.py", line 1671, in runtest
    self.ihook.pytest_pyfunc_call(pyfuncitem=self)
  File "C:\Users\Usuario\AutomationFramework\venv\Lib\site-packages\pluggy\_hooks.py", line 512, in __call__
    return self._hookexec(self.name, self._hookimpls.copy(), kwargs, firstresult)
  File "C:\Users\Usuario\AutomationFramework\venv\Lib\site-packages\pluggy\_manager.py", line 120, in _hookexec
    return self._inner_hookexec(hook_name, methods, kwargs, firstresult)
  File "C:\Users\Usuario\AutomationFramework\venv\Lib\site-packages\pluggy\_callers.py", line 121, in _multicall
    res = hook_impl.function(*args)
  File "C:\Users\Usuario\AutomationFramework\venv\Lib\site-packages\_pytest\python.py", line 157, in pytest_pyfunc_call
    result = testfunction(**testargs)
  File "C:\Users\Usuario\AutomationFramework\tests\tests\test_booking_oneway.py", line 57, in test_oneway_booking_flow
    flight_details_page.validate_flight_details_page()
  File "C:\Users\Usuario\AutomationFramework\venv\Lib\site-packages\allure_commons\_allure.py", line 202, in impl
    return func(*a, **kw)
  File "C:\Users\Usuario\AutomationFramework\pages\flight_details_page.py", line 38, in validate_flight_details_page
    logging.error("‚ùå Timeout: No se encontr√≥ el encabezado del M√≥dulo 3. La p√°gina no carg√≥ correctamente.")
Message: '‚ùå Timeout: No se encontr√≥ el encabezado del M√≥dulo 3. La p√°gina no carg√≥ correctamente.'
Arguments: ()
2025-11-03 09:20:02,749 - ERROR - ‚ùå Timeout: No se encontr√≥ el encabezado del M√≥dulo 3. La p√°gina no carg√≥ correctamente.
2025-11-03 09:20:02,931 - ERROR - Fallo funcional en el Caso 1: Message: 
Stacktrace:
	GetHandleVerifier [0x0x7ff6d7dde8e5+80021]
	GetHandleVerifier [0x0x7ff6d7dde940+80112]
	(No symbol) [0x0x7ff6d7b6060f]
	(No symbol) [0x0x7ff6d7bb8854]
	(No symbol) [0x0x7ff6d7bb8b1c]
	(No symbol) [0x0x7ff6d7c0c927]
	(No symbol) [0x0x7ff6d7be126f]
	(No symbol) [0x0x7ff6d7c0968a]
	(No symbol) [0x0x7ff6d7be1003]
	(No symbol) [0x0x7ff6d7ba95d1]
	(No symbol) [0x0x7ff6d7baa3f3]
	GetHandleVerifier [0x0x7ff6d809dc7d+2960429]
	GetHandleVerifier [0x0x7ff6d8097f3a+2936554]
	GetHandleVerifier [0x0x7ff6d80b8977+3070247]
	GetHandleVerifier [0x0x7ff6d7df83ce+185214]
	GetHandleVerifier [0x0x7ff6d7dffe1f+216527]
	GetHandleVerifier [0x0x7ff6d7de7b24+117460]
	GetHandleVerifier [0x0x7ff6d7de7cdf+117903]
	GetHandleVerifier [0x0x7ff6d7dcdbb8+11112]
	BaseThreadInitThunk [0x0x7ffc92b1259d+29]
	RtlUserThreadStart [0x0x7ffc93c0af78+40]

2025-11-03 09:20:03,274 - INFO - Cerrando WebDriver.
