{"name": "test_oneway_booking_flow[BOG-CTG-1-0]", "status": "broken", "statusDetails": {"message": "TypeError: DBManager.insert_result() takes 4 positional arguments but 5 were given", "trace": "self = <test_booking_oneway.TestBooking object at 0x00000217EF050CB0>\ndriver = <selenium.webdriver.chrome.webdriver.WebDriver (session=\"50fc04a27dc223c0e2c1d609e28f021f\")>\ndb_manager = <db_manager.DBManager object at 0x00000217EF0A3170>, origin = 'BOG', destination = 'CTG', adults = 1, infants = 0\n\n    @allure.epic(\"Caso 1: Flujo de Booking\")\n    @allure.feature(\"Solo Ida (One-Way)\")\n    @pytest.mark.parametrize(\"origin, destination, adults, infants\", [\n        (\"BOG\", \"CTG\", 1, 0),  # Escenario b谩sico: 1 Adulto\n        (\"MDE\", \"SCL\", 2, 2)   # Escenario con restricci贸n: 2 Adultos y 2 Infantes\n    ])\n    def test_oneway_booking_flow(self, driver, db_manager, origin, destination, adults, infants):\n        \"\"\"\n        Automatiza el flujo completo de booking Solo Ida con validaciones en cada m贸dulo.\n        \"\"\"\n        start_time = time.time()\n        test_passed = False\n    \n        # 1. Inicializaci贸n de P谩ginas\n        home_page = HomePage(driver)\n        select_flight_page = SelectFlightPage(driver)\n    \n        try:\n            # 2. HOME: Configuraci贸n de la b煤squeda (DEBE PASAR AHORA)\n            with allure.step(\"M贸dulo HOME: Configuraci贸n de la b煤squeda\"):\n                home_page.open()\n                home_page.close_initial_popup()\n                home_page.select_one_way()\n>               home_page.search_flight(origin, destination, \"2026-12-01\", adults, infants)\n\ntests\\tests\\test_booking_oneway.py:39: \n_ _ _ _ _ _ _ _ _ _ _ _ _ _ _ _ _ _ _ _ _ _ _ _ _ _ _ _ _ _ _ _ _ _ _ _ _ _ _ _ _ _ _ _ _ _ _ _ _ _ _ _ _ _ _ _ _ _ _ _ _ _ _ _ _ _ _ _ _ _\npages\\home_page.py:107: in search_flight\n    self._wait_and_send_keys(self._INPUT_DATE_DEPARTURE, date, \"Campo Fecha Salida\")\npages\\base_page.py:60: in _wait_and_send_keys\n    element = self._wait_for_element(locator)\n              ^^^^^^^^^^^^^^^^^^^^^^^^^^^^^^^\npages\\base_page.py:23: in _wait_for_element\n    return self.wait.until(EC.visibility_of_element_located(locator))\n           ^^^^^^^^^^^^^^^^^^^^^^^^^^^^^^^^^^^^^^^^^^^^^^^^^^^^^^^^^^\n_ _ _ _ _ _ _ _ _ _ _ _ _ _ _ _ _ _ _ _ _ _ _ _ _ _ _ _ _ _ _ _ _ _ _ _ _ _ _ _ _ _ _ _ _ _ _ _ _ _ _ _ _ _ _ _ _ _ _ _ _ _ _ _ _ _ _ _ _ _\n\nself = <selenium.webdriver.support.wait.WebDriverWait (session=\"50fc04a27dc223c0e2c1d609e28f021f\")>\nmethod = <function visibility_of_element_located.<locals>._predicate at 0x00000217EF140400>, message = ''\n\n    def until(self, method: Callable[[D], Union[Literal[False], T]], message: str = \"\") -> T:\n        \"\"\"Wait until the method returns a value that is not False.\n    \n        Calls the method provided with the driver as an argument until the\n        return value does not evaluate to ``False``.\n    \n        Parameters:\n        -----------\n        method: callable(WebDriver)\n            - A callable object that takes a WebDriver instance as an argument.\n    \n        message: str\n            - Optional message for :exc:`TimeoutException`\n    \n        Return:\n        -------\n        object: T\n            - The result of the last call to `method`\n    \n        Raises:\n        -------\n        TimeoutException\n            - If 'method' does not return a truthy value within the WebDriverWait\n            object's timeout\n    \n        Example:\n        --------\n        >>> from selenium.webdriver.common.by import By\n        >>> from selenium.webdriver.support.ui import WebDriverWait\n        >>> from selenium.webdriver.support import expected_conditions as EC\n    \n        # Wait until an element is visible on the page\n        >>> wait = WebDriverWait(driver, 10)\n        >>> element = wait.until(EC.visibility_of_element_located((By.ID, \"exampleId\")))\n        >>> print(element.text)\n        \"\"\"\n        screen = None\n        stacktrace = None\n    \n        end_time = time.monotonic() + self._timeout\n        while True:\n            try:\n                value = method(self._driver)\n                if value:\n                    return value\n            except self._ignored_exceptions as exc:\n                screen = getattr(exc, \"screen\", None)\n                stacktrace = getattr(exc, \"stacktrace\", None)\n            if time.monotonic() > end_time:\n                break\n            time.sleep(self._poll)\n>       raise TimeoutException(message, screen, stacktrace)\nE       selenium.common.exceptions.TimeoutException: Message: \nE       Stacktrace:\nE       \tGetHandleVerifier [0x0x7ff7162de8e5+80021]\nE       \tGetHandleVerifier [0x0x7ff7162de940+80112]\nE       \t(No symbol) [0x0x7ff71606060f]\nE       \t(No symbol) [0x0x7ff7160b8854]\nE       \t(No symbol) [0x0x7ff7160b8b1c]\nE       \t(No symbol) [0x0x7ff71610c927]\nE       \t(No symbol) [0x0x7ff7160e126f]\nE       \t(No symbol) [0x0x7ff71610968a]\nE       \t(No symbol) [0x0x7ff7160e1003]\nE       \t(No symbol) [0x0x7ff7160a95d1]\nE       \t(No symbol) [0x0x7ff7160aa3f3]\nE       \tGetHandleVerifier [0x0x7ff71659dc7d+2960429]\nE       \tGetHandleVerifier [0x0x7ff716597f3a+2936554]\nE       \tGetHandleVerifier [0x0x7ff7165b8977+3070247]\nE       \tGetHandleVerifier [0x0x7ff7162f83ce+185214]\nE       \tGetHandleVerifier [0x0x7ff7162ffe1f+216527]\nE       \tGetHandleVerifier [0x0x7ff7162e7b24+117460]\nE       \tGetHandleVerifier [0x0x7ff7162e7cdf+117903]\nE       \tGetHandleVerifier [0x0x7ff7162cdbb8+11112]\nE       \tBaseThreadInitThunk [0x0x7ffc92b1259d+29]\nE       \tRtlUserThreadStart [0x0x7ffc93c0af78+40]\n\nvenv\\Lib\\site-packages\\selenium\\webdriver\\support\\wait.py:138: TimeoutException\n\nDuring handling of the above exception, another exception occurred:\n\nself = <test_booking_oneway.TestBooking object at 0x00000217EF050CB0>\ndriver = <selenium.webdriver.chrome.webdriver.WebDriver (session=\"50fc04a27dc223c0e2c1d609e28f021f\")>\ndb_manager = <db_manager.DBManager object at 0x00000217EF0A3170>, origin = 'BOG', destination = 'CTG', adults = 1, infants = 0\n\n    @allure.epic(\"Caso 1: Flujo de Booking\")\n    @allure.feature(\"Solo Ida (One-Way)\")\n    @pytest.mark.parametrize(\"origin, destination, adults, infants\", [\n        (\"BOG\", \"CTG\", 1, 0),  # Escenario b谩sico: 1 Adulto\n        (\"MDE\", \"SCL\", 2, 2)   # Escenario con restricci贸n: 2 Adultos y 2 Infantes\n    ])\n    def test_oneway_booking_flow(self, driver, db_manager, origin, destination, adults, infants):\n        \"\"\"\n        Automatiza el flujo completo de booking Solo Ida con validaciones en cada m贸dulo.\n        \"\"\"\n        start_time = time.time()\n        test_passed = False\n    \n        # 1. Inicializaci贸n de P谩ginas\n        home_page = HomePage(driver)\n        select_flight_page = SelectFlightPage(driver)\n    \n        try:\n            # 2. HOME: Configuraci贸n de la b煤squeda (DEBE PASAR AHORA)\n            with allure.step(\"M贸dulo HOME: Configuraci贸n de la b煤squeda\"):\n                home_page.open()\n                home_page.close_initial_popup()\n                home_page.select_one_way()\n                home_page.search_flight(origin, destination, \"2026-12-01\", adults, infants)\n    \n            # 3. SELECT FLIGHT: Seleccionar la opci贸n m谩s econ贸mica\n            with allure.step(\"M贸dulo SELECT FLIGHT: Seleccionar vuelo econ贸mico\"):\n                # **AQU ESPERAMOS EL FALLO** (si es que la p谩gina no ha cargado)\n                select_flight_page.validate_search_results(origin, destination)\n                select_flight_page.select_first_flight()\n    \n            test_passed = True\n    \n        except Exception as e:\n            logging.error(f\"Fallo funcional en el Caso 1: {e}\")\n            raise\n    \n        finally:\n            end_time = time.time()\n            duration = end_time - start_time\n            result = \"PASS\" if test_passed else \"FAIL\"\n            test_name = f\"test_oneway_{origin}-{destination}\"\n    \n            #  LLAMADA FINAL Y CORRECTA A LA BD \n            # Ahora DBManager.insert_result espera 4 argumentos: test_name, result, duration, origin\n>           db_manager.insert_result(test_name, result, duration, origin)\nE           TypeError: DBManager.insert_result() takes 4 positional arguments but 5 were given\n\ntests\\tests\\test_booking_oneway.py:61: TypeError"}, "description": "\n        Automatiza el flujo completo de booking Solo Ida con validaciones en cada m贸dulo.\n        ", "steps": [{"name": "M贸dulo HOME: Configuraci贸n de la b煤squeda", "status": "broken", "statusDetails": {"message": "selenium.common.exceptions.TimeoutException: Message: \nStacktrace:\n\tGetHandleVerifier [0x0x7ff7162de8e5+80021]\n\tGetHandleVerifier [0x0x7ff7162de940+80112]\n\t(No symbol) [0x0x7ff71606060f]\n\t(No symbol) [0x0x7ff7160b8854]\n\t(No symbol) [0x0x7ff7160b8b1c]\n\t(No symbol) [0x0x7ff71610c927]\n\t(No symbol) [0x0x7ff7160e126f]\n\t(No symbol) [0x0x7ff71610968a]\n\t(No symbol) [0x0x7ff7160e1003]\n\t(No symbol) [0x0x7ff7160a95d1]\n\t(No symbol) [0x0x7ff7160aa3f3]\n\tGetHandleVerifier [0x0x7ff71659dc7d+2960429]\n\tGetHandleVerifier [0x0x7ff716597f3a+2936554]\n\tGetHandleVerifier [0x0x7ff7165b8977+3070247]\n\tGetHandleVerifier [0x0x7ff7162f83ce+185214]\n\tGetHandleVerifier [0x0x7ff7162ffe1f+216527]\n\tGetHandleVerifier [0x0x7ff7162e7b24+117460]\n\tGetHandleVerifier [0x0x7ff7162e7cdf+117903]\n\tGetHandleVerifier [0x0x7ff7162cdbb8+11112]\n\tBaseThreadInitThunk [0x0x7ffc92b1259d+29]\n\tRtlUserThreadStart [0x0x7ffc93c0af78+40]\n\n", "trace": "  File \"C:\\Users\\Usuario\\AutomationFramework\\tests\\tests\\test_booking_oneway.py\", line 39, in test_oneway_booking_flow\n    home_page.search_flight(origin, destination, \"2026-12-01\", adults, infants)\n  File \"C:\\Users\\Usuario\\AutomationFramework\\venv\\Lib\\site-packages\\allure_commons\\_allure.py\", line 202, in impl\n    return func(*a, **kw)\n           ^^^^^^^^^^^^^^\n  File \"C:\\Users\\Usuario\\AutomationFramework\\pages\\home_page.py\", line 107, in search_flight\n    self._wait_and_send_keys(self._INPUT_DATE_DEPARTURE, date, \"Campo Fecha Salida\")\n  File \"C:\\Users\\Usuario\\AutomationFramework\\pages\\base_page.py\", line 60, in _wait_and_send_keys\n    element = self._wait_for_element(locator)\n              ^^^^^^^^^^^^^^^^^^^^^^^^^^^^^^^\n  File \"C:\\Users\\Usuario\\AutomationFramework\\pages\\base_page.py\", line 23, in _wait_for_element\n    return self.wait.until(EC.visibility_of_element_located(locator))\n           ^^^^^^^^^^^^^^^^^^^^^^^^^^^^^^^^^^^^^^^^^^^^^^^^^^^^^^^^^^\n  File \"C:\\Users\\Usuario\\AutomationFramework\\venv\\Lib\\site-packages\\selenium\\webdriver\\support\\wait.py\", line 138, in until\n    raise TimeoutException(message, screen, stacktrace)\n"}, "steps": [{"name": "Cerrar Pop-up de bienvenida/cookies", "status": "passed", "steps": [{"name": "Hacer clic en: Bot贸n de Cierre de Pop-up Inicial", "status": "broken", "statusDetails": {"message": "selenium.common.exceptions.TimeoutException: Message: \nStacktrace:\n\tGetHandleVerifier [0x0x7ff7162de8e5+80021]\n\tGetHandleVerifier [0x0x7ff7162de940+80112]\n\t(No symbol) [0x0x7ff71606060f]\n\t(No symbol) [0x0x7ff7160b8854]\n\t(No symbol) [0x0x7ff7160b8b1c]\n\t(No symbol) [0x0x7ff71610c927]\n\t(No symbol) [0x0x7ff7160e126f]\n\t(No symbol) [0x0x7ff71610968a]\n\t(No symbol) [0x0x7ff7160e1003]\n\t(No symbol) [0x0x7ff7160a95d1]\n\t(No symbol) [0x0x7ff7160aa3f3]\n\tGetHandleVerifier [0x0x7ff71659dc7d+2960429]\n\tGetHandleVerifier [0x0x7ff716597f3a+2936554]\n\tGetHandleVerifier [0x0x7ff7165b8977+3070247]\n\tGetHandleVerifier [0x0x7ff7162f83ce+185214]\n\tGetHandleVerifier [0x0x7ff7162ffe1f+216527]\n\tGetHandleVerifier [0x0x7ff7162e7b24+117460]\n\tGetHandleVerifier [0x0x7ff7162e7cdf+117903]\n\tGetHandleVerifier [0x0x7ff7162cdbb8+11112]\n\tBaseThreadInitThunk [0x0x7ffc92b1259d+29]\n\tRtlUserThreadStart [0x0x7ffc93c0af78+40]\n\n", "trace": "  File \"C:\\Users\\Usuario\\AutomationFramework\\pages\\base_page.py\", line 29, in _wait_and_click\n    element = self._wait_for_element(locator)\n              ^^^^^^^^^^^^^^^^^^^^^^^^^^^^^^^\n  File \"C:\\Users\\Usuario\\AutomationFramework\\pages\\base_page.py\", line 23, in _wait_for_element\n    return self.wait.until(EC.visibility_of_element_located(locator))\n           ^^^^^^^^^^^^^^^^^^^^^^^^^^^^^^^^^^^^^^^^^^^^^^^^^^^^^^^^^^\n  File \"C:\\Users\\Usuario\\AutomationFramework\\venv\\Lib\\site-packages\\selenium\\webdriver\\support\\wait.py\", line 138, in until\n    raise TimeoutException(message, screen, stacktrace)\n"}, "start": 1762134715585, "stop": 1762134764870}], "start": 1762134715585, "stop": 1762134764876}, {"name": "Seleccionar tipo de viaje: Solo Ida", "status": "passed", "steps": [{"name": "Hacer clic en: Radio Button Solo Ida", "status": "passed", "start": 1762134764876, "stop": 1762134765785}], "start": 1762134764876, "stop": 1762134765785}, {"name": "Realizar b煤squeda de vuelo de Solo Ida", "status": "broken", "statusDetails": {"message": "selenium.common.exceptions.TimeoutException: Message: \nStacktrace:\n\tGetHandleVerifier [0x0x7ff7162de8e5+80021]\n\tGetHandleVerifier [0x0x7ff7162de940+80112]\n\t(No symbol) [0x0x7ff71606060f]\n\t(No symbol) [0x0x7ff7160b8854]\n\t(No symbol) [0x0x7ff7160b8b1c]\n\t(No symbol) [0x0x7ff71610c927]\n\t(No symbol) [0x0x7ff7160e126f]\n\t(No symbol) [0x0x7ff71610968a]\n\t(No symbol) [0x0x7ff7160e1003]\n\t(No symbol) [0x0x7ff7160a95d1]\n\t(No symbol) [0x0x7ff7160aa3f3]\n\tGetHandleVerifier [0x0x7ff71659dc7d+2960429]\n\tGetHandleVerifier [0x0x7ff716597f3a+2936554]\n\tGetHandleVerifier [0x0x7ff7165b8977+3070247]\n\tGetHandleVerifier [0x0x7ff7162f83ce+185214]\n\tGetHandleVerifier [0x0x7ff7162ffe1f+216527]\n\tGetHandleVerifier [0x0x7ff7162e7b24+117460]\n\tGetHandleVerifier [0x0x7ff7162e7cdf+117903]\n\tGetHandleVerifier [0x0x7ff7162cdbb8+11112]\n\tBaseThreadInitThunk [0x0x7ffc92b1259d+29]\n\tRtlUserThreadStart [0x0x7ffc93c0af78+40]\n\n", "trace": "  File \"C:\\Users\\Usuario\\AutomationFramework\\venv\\Lib\\site-packages\\allure_commons\\_allure.py\", line 202, in impl\n    return func(*a, **kw)\n           ^^^^^^^^^^^^^^\n  File \"C:\\Users\\Usuario\\AutomationFramework\\pages\\home_page.py\", line 107, in search_flight\n    self._wait_and_send_keys(self._INPUT_DATE_DEPARTURE, date, \"Campo Fecha Salida\")\n  File \"C:\\Users\\Usuario\\AutomationFramework\\pages\\base_page.py\", line 60, in _wait_and_send_keys\n    element = self._wait_for_element(locator)\n              ^^^^^^^^^^^^^^^^^^^^^^^^^^^^^^^\n  File \"C:\\Users\\Usuario\\AutomationFramework\\pages\\base_page.py\", line 23, in _wait_for_element\n    return self.wait.until(EC.visibility_of_element_located(locator))\n           ^^^^^^^^^^^^^^^^^^^^^^^^^^^^^^^^^^^^^^^^^^^^^^^^^^^^^^^^^^\n  File \"C:\\Users\\Usuario\\AutomationFramework\\venv\\Lib\\site-packages\\selenium\\webdriver\\support\\wait.py\", line 138, in until\n    raise TimeoutException(message, screen, stacktrace)\n"}, "steps": [{"name": "Hacer clic en: Bot贸n Origen (Abre Pop-up)", "status": "passed", "start": 1762134765785, "stop": 1762134766591}, {"name": "Ingresar texto 'BOG' en: Campo B煤squeda Origen", "status": "passed", "start": 1762134766591, "stop": 1762134767405}, {"name": "Hacer clic en: Seleccionar ciudad de Origen: BOG", "status": "passed", "start": 1762134767405, "stop": 1762134769008}, {"name": "Ingresar texto 'CTG' en: Campo B煤squeda Destino", "status": "passed", "start": 1762134776509, "stop": 1762134777195}, {"name": "Hacer clic en: Seleccionar ciudad de Destino: CTG", "status": "passed", "start": 1762134777195, "stop": 1762134777939}, {"name": "Ingresar texto '2026-12-01' en: Campo Fecha Salida", "status": "broken", "statusDetails": {"message": "selenium.common.exceptions.TimeoutException: Message: \nStacktrace:\n\tGetHandleVerifier [0x0x7ff7162de8e5+80021]\n\tGetHandleVerifier [0x0x7ff7162de940+80112]\n\t(No symbol) [0x0x7ff71606060f]\n\t(No symbol) [0x0x7ff7160b8854]\n\t(No symbol) [0x0x7ff7160b8b1c]\n\t(No symbol) [0x0x7ff71610c927]\n\t(No symbol) [0x0x7ff7160e126f]\n\t(No symbol) [0x0x7ff71610968a]\n\t(No symbol) [0x0x7ff7160e1003]\n\t(No symbol) [0x0x7ff7160a95d1]\n\t(No symbol) [0x0x7ff7160aa3f3]\n\tGetHandleVerifier [0x0x7ff71659dc7d+2960429]\n\tGetHandleVerifier [0x0x7ff716597f3a+2936554]\n\tGetHandleVerifier [0x0x7ff7165b8977+3070247]\n\tGetHandleVerifier [0x0x7ff7162f83ce+185214]\n\tGetHandleVerifier [0x0x7ff7162ffe1f+216527]\n\tGetHandleVerifier [0x0x7ff7162e7b24+117460]\n\tGetHandleVerifier [0x0x7ff7162e7cdf+117903]\n\tGetHandleVerifier [0x0x7ff7162cdbb8+11112]\n\tBaseThreadInitThunk [0x0x7ffc92b1259d+29]\n\tRtlUserThreadStart [0x0x7ffc93c0af78+40]\n\n", "trace": "  File \"C:\\Users\\Usuario\\AutomationFramework\\pages\\base_page.py\", line 60, in _wait_and_send_keys\n    element = self._wait_for_element(locator)\n              ^^^^^^^^^^^^^^^^^^^^^^^^^^^^^^^\n  File \"C:\\Users\\Usuario\\AutomationFramework\\pages\\base_page.py\", line 23, in _wait_for_element\n    return self.wait.until(EC.visibility_of_element_located(locator))\n           ^^^^^^^^^^^^^^^^^^^^^^^^^^^^^^^^^^^^^^^^^^^^^^^^^^^^^^^^^^\n  File \"C:\\Users\\Usuario\\AutomationFramework\\venv\\Lib\\site-packages\\selenium\\webdriver\\support\\wait.py\", line 138, in until\n    raise TimeoutException(message, screen, stacktrace)\n"}, "start": 1762134783939, "stop": 1762134829017}], "parameters": [{"name": "origin", "value": "'BOG'"}, {"name": "destination", "value": "'CTG'"}, {"name": "date", "value": "'2026-12-01'"}, {"name": "adults", "value": "1"}, {"name": "infants", "value": "0"}], "start": 1762134765785, "stop": 1762134829017}], "start": 1762134714956, "stop": 1762134829060}], "attachments": [{"name": "log", "source": "f7111f3a-0fde-457c-99f7-2cb9afd7d9a3-attachment.txt", "type": "text/plain"}, {"name": "stderr", "source": "29123d90-690f-4904-832d-210196d3d61e-attachment.txt", "type": "text/plain"}], "parameters": [{"name": "origin", "value": "'BOG'"}, {"name": "destination", "value": "'CTG'"}, {"name": "adults", "value": "1"}, {"name": "infants", "value": "0"}], "start": 1762134714956, "stop": 1762134829060, "uuid": "cc71b81d-13ef-4872-a4dd-5288b481fba2", "historyId": "904678380c5cf7b54a66d39e6aa90ab9", "testCaseId": "5594a2368502a9d92b5a3d514515969d", "fullName": "tests.tests.test_booking_oneway.TestBooking#test_oneway_booking_flow", "labels": [{"name": "feature", "value": "Solo Ida (One-Way)"}, {"name": "epic", "value": "Caso 1: Flujo de Booking"}, {"name": "suite", "value": "Flujos de Booking"}, {"name": "parentSuite", "value": "tests.tests"}, {"name": "subSuite", "value": "TestBooking"}, {"name": "host", "value": "DESKTOP-O22210J"}, {"name": "thread", "value": "17296-MainThread"}, {"name": "framework", "value": "pytest"}, {"name": "language", "value": "cpython3"}, {"name": "package", "value": "tests.tests.test_booking_oneway"}], "titlePath": ["tests", "tests", "test_booking_oneway.py", "TestBooking"]}