{"name": "Prueba de flujo completo de reserva One-Way (Servicios, Asientos y Pago)", "status": "broken", "statusDetails": {"message": "selenium.common.exceptions.TimeoutException: Message: \nStacktrace:\n\tGetHandleVerifier [0x0x7ff63a90e8e5+80021]\n\tGetHandleVerifier [0x0x7ff63a90e940+80112]\n\t(No symbol) [0x0x7ff63a69060f]\n\t(No symbol) [0x0x7ff63a6e8854]\n\t(No symbol) [0x0x7ff63a6e8b1c]\n\t(No symbol) [0x0x7ff63a73c927]\n\t(No symbol) [0x0x7ff63a71126f]\n\t(No symbol) [0x0x7ff63a73968a]\n\t(No symbol) [0x0x7ff63a711003]\n\t(No symbol) [0x0x7ff63a6d95d1]\n\t(No symbol) [0x0x7ff63a6da3f3]\n\tGetHandleVerifier [0x0x7ff63abcdc7d+2960429]\n\tGetHandleVerifier [0x0x7ff63abc7f3a+2936554]\n\tGetHandleVerifier [0x0x7ff63abe8977+3070247]\n\tGetHandleVerifier [0x0x7ff63a9283ce+185214]\n\tGetHandleVerifier [0x0x7ff63a92fe1f+216527]\n\tGetHandleVerifier [0x0x7ff63a917b24+117460]\n\tGetHandleVerifier [0x0x7ff63a917cdf+117903]\n\tGetHandleVerifier [0x0x7ff63a8fdbb8+11112]\n\tBaseThreadInitThunk [0x0x7ffc92b1259d+29]\n\tRtlUserThreadStart [0x0x7ffc93c0af78+40]", "trace": "self = <test_booking_oneway.TestBooking object at 0x000002587FE64080>, origin = 'BOG', destination = 'CTG', adults = 1, infants = 0\n\n    @allure.title(\"Prueba de flujo completo de reserva One-Way (Servicios, Asientos y Pago)\")\n    # El método ya no necesita pedir 'driver' como argumento.\n    def test_oneway_booking_flow(self, origin, destination, adults, infants):\n    \n        start_time = time.time()\n        test_passed = False\n    \n        # 1. Inicialización de Páginas (usando self.driver)\n        home_page = HomePage(self.driver)\n        select_flight_page = SelectFlightPage(self.driver)\n        passenger_details_page = PassengerDetailsPage(self.driver)\n        services_page = ServicesPage(self.driver)\n        seatmap_page = SeatmapPage(self.driver)\n    \n        passenger_data = PASSENGER_DATA.copy()\n    \n        try:\n            # 2. MÓDULO HOME\n            with allure.step(\"Módulo HOME: Configuración de la búsqueda\"):\n                home_page.open()\n                home_page.close_initial_popup()\n                logging.info(\"Esperando 5 segundos fijos para la estabilización inicial de la página.\")\n                time.sleep(5)\n                home_page.select_one_way()\n                home_page.search_flight(origin, destination, \"2026-12-01\", adults, infants)\n    \n            # 3. MÓDULO SELECT FLIGHT\n            with allure.step(\"Módulo SELECT FLIGHT: Seleccionar vuelo económico\"):\n                select_flight_page.validate_search_results(origin, destination)\n                select_flight_page.select_cheapest_flight()\n                logging.info(\"Esperando 8 segundos extra para la carga completa de servicios del Módulo 3.\")\n                time.sleep(8)\n    \n            # 4. MÓDULO PASSENGER DETAILS\n            with allure.step(\"Módulo PASSENGER DETAILS: Ingreso de datos del pasajero\"):\n>               passenger_details_page.validate_passenger_details_page()\n\ntests\\tests\\test_booking_oneway.py:77: \n_ _ _ _ _ _ _ _ _ _ _ _ _ _ _ _ _ _ _ _ _ _ _ _ _ _ _ _ _ _ _ _ _ _ _ _ _ _ _ _ _ _ _ _ _ _ _ _ _ _ _ _ _ _ _ _ _ _ _ _ _ _ _ _ _ _ _ _ _ _\npages\\passenger_details_page.py:124: in validate_passenger_details_page\n    raise e\npages\\passenger_details_page.py:120: in validate_passenger_details_page\n    self._wait_for_element(self._VALIDATION_GENDER_BUTTON, timeout=40)\npages\\base_page.py:32: in _wait_for_element\n    element = self.wait.until(EC.visibility_of_element_located(locator))\n              ^^^^^^^^^^^^^^^^^^^^^^^^^^^^^^^^^^^^^^^^^^^^^^^^^^^^^^^^^^\n_ _ _ _ _ _ _ _ _ _ _ _ _ _ _ _ _ _ _ _ _ _ _ _ _ _ _ _ _ _ _ _ _ _ _ _ _ _ _ _ _ _ _ _ _ _ _ _ _ _ _ _ _ _ _ _ _ _ _ _ _ _ _ _ _ _ _ _ _ _\n\nself = <selenium.webdriver.support.wait.WebDriverWait (session=\"47514036459d9943e0fd68f2755245c3\")>\nmethod = <function visibility_of_element_located.<locals>._predicate at 0x00000258024254E0>, message = ''\n\n    def until(self, method: Callable[[D], Union[Literal[False], T]], message: str = \"\") -> T:\n        \"\"\"Wait until the method returns a value that is not False.\n    \n        Calls the method provided with the driver as an argument until the\n        return value does not evaluate to ``False``.\n    \n        Parameters:\n        -----------\n        method: callable(WebDriver)\n            - A callable object that takes a WebDriver instance as an argument.\n    \n        message: str\n            - Optional message for :exc:`TimeoutException`\n    \n        Return:\n        -------\n        object: T\n            - The result of the last call to `method`\n    \n        Raises:\n        -------\n        TimeoutException\n            - If 'method' does not return a truthy value within the WebDriverWait\n            object's timeout\n    \n        Example:\n        --------\n        >>> from selenium.webdriver.common.by import By\n        >>> from selenium.webdriver.support.ui import WebDriverWait\n        >>> from selenium.webdriver.support import expected_conditions as EC\n    \n        # Wait until an element is visible on the page\n        >>> wait = WebDriverWait(driver, 10)\n        >>> element = wait.until(EC.visibility_of_element_located((By.ID, \"exampleId\")))\n        >>> print(element.text)\n        \"\"\"\n        screen = None\n        stacktrace = None\n    \n        end_time = time.monotonic() + self._timeout\n        while True:\n            try:\n                value = method(self._driver)\n                if value:\n                    return value\n            except self._ignored_exceptions as exc:\n                screen = getattr(exc, \"screen\", None)\n                stacktrace = getattr(exc, \"stacktrace\", None)\n            if time.monotonic() > end_time:\n                break\n            time.sleep(self._poll)\n>       raise TimeoutException(message, screen, stacktrace)\nE       selenium.common.exceptions.TimeoutException: Message: \nE       Stacktrace:\nE       \tGetHandleVerifier [0x0x7ff63a90e8e5+80021]\nE       \tGetHandleVerifier [0x0x7ff63a90e940+80112]\nE       \t(No symbol) [0x0x7ff63a69060f]\nE       \t(No symbol) [0x0x7ff63a6e8854]\nE       \t(No symbol) [0x0x7ff63a6e8b1c]\nE       \t(No symbol) [0x0x7ff63a73c927]\nE       \t(No symbol) [0x0x7ff63a71126f]\nE       \t(No symbol) [0x0x7ff63a73968a]\nE       \t(No symbol) [0x0x7ff63a711003]\nE       \t(No symbol) [0x0x7ff63a6d95d1]\nE       \t(No symbol) [0x0x7ff63a6da3f3]\nE       \tGetHandleVerifier [0x0x7ff63abcdc7d+2960429]\nE       \tGetHandleVerifier [0x0x7ff63abc7f3a+2936554]\nE       \tGetHandleVerifier [0x0x7ff63abe8977+3070247]\nE       \tGetHandleVerifier [0x0x7ff63a9283ce+185214]\nE       \tGetHandleVerifier [0x0x7ff63a92fe1f+216527]\nE       \tGetHandleVerifier [0x0x7ff63a917b24+117460]\nE       \tGetHandleVerifier [0x0x7ff63a917cdf+117903]\nE       \tGetHandleVerifier [0x0x7ff63a8fdbb8+11112]\nE       \tBaseThreadInitThunk [0x0x7ffc92b1259d+29]\nE       \tRtlUserThreadStart [0x0x7ffc93c0af78+40]\n\nvenv\\Lib\\site-packages\\selenium\\webdriver\\support\\wait.py:138: TimeoutException"}, "steps": [{"name": "Módulo HOME: Configuración de la búsqueda", "status": "passed", "steps": [{"name": "Cerrar Pop-up de bienvenida/cookies", "status": "passed", "start": 1762237752188, "stop": 1762237797444}, {"name": "Seleccionar tipo de viaje: Solo Ida", "status": "passed", "start": 1762237802462, "stop": 1762237803098}, {"name": "Realizar búsqueda de vuelo de Solo Ida", "status": "passed", "parameters": [{"name": "origin", "value": "'BOG'"}, {"name": "destination", "value": "'CTG'"}, {"name": "date", "value": "'2026-12-01'"}, {"name": "adults", "value": "1"}, {"name": "infants", "value": "0"}], "start": 1762237803104, "stop": 1762237863830}], "start": 1762237743590, "stop": 1762237863830}, {"name": "Módulo SELECT FLIGHT: Seleccionar vuelo económico", "status": "passed", "steps": [{"name": "Validar que la página de resultados de búsqueda ha cargado", "status": "passed", "parameters": [{"name": "origin", "value": "'BOG'"}, {"name": "destination", "value": "'CTG'"}], "start": 1762237863830, "stop": 1762237869407}, {"name": "Seleccionar la tarifa más económica y avanzar a detalles de vuelo", "status": "passed", "start": 1762237869407, "stop": 1762237871298}], "start": 1762237863830, "stop": 1762237879299}, {"name": "Módulo PASSENGER DETAILS: Ingreso de datos del pasajero", "status": "broken", "statusDetails": {"message": "selenium.common.exceptions.TimeoutException: Message: \nStacktrace:\n\tGetHandleVerifier [0x0x7ff63a90e8e5+80021]\n\tGetHandleVerifier [0x0x7ff63a90e940+80112]\n\t(No symbol) [0x0x7ff63a69060f]\n\t(No symbol) [0x0x7ff63a6e8854]\n\t(No symbol) [0x0x7ff63a6e8b1c]\n\t(No symbol) [0x0x7ff63a73c927]\n\t(No symbol) [0x0x7ff63a71126f]\n\t(No symbol) [0x0x7ff63a73968a]\n\t(No symbol) [0x0x7ff63a711003]\n\t(No symbol) [0x0x7ff63a6d95d1]\n\t(No symbol) [0x0x7ff63a6da3f3]\n\tGetHandleVerifier [0x0x7ff63abcdc7d+2960429]\n\tGetHandleVerifier [0x0x7ff63abc7f3a+2936554]\n\tGetHandleVerifier [0x0x7ff63abe8977+3070247]\n\tGetHandleVerifier [0x0x7ff63a9283ce+185214]\n\tGetHandleVerifier [0x0x7ff63a92fe1f+216527]\n\tGetHandleVerifier [0x0x7ff63a917b24+117460]\n\tGetHandleVerifier [0x0x7ff63a917cdf+117903]\n\tGetHandleVerifier [0x0x7ff63a8fdbb8+11112]\n\tBaseThreadInitThunk [0x0x7ffc92b1259d+29]\n\tRtlUserThreadStart [0x0x7ffc93c0af78+40]\n\n", "trace": "  File \"C:\\Users\\Usuario\\AutomationFramework\\tests\\tests\\test_booking_oneway.py\", line 77, in test_oneway_booking_flow\n    passenger_details_page.validate_passenger_details_page()\n  File \"C:\\Users\\Usuario\\AutomationFramework\\venv\\Lib\\site-packages\\allure_commons\\_allure.py\", line 202, in impl\n    return func(*a, **kw)\n           ^^^^^^^^^^^^^^\n  File \"C:\\Users\\Usuario\\AutomationFramework\\pages\\passenger_details_page.py\", line 124, in validate_passenger_details_page\n    raise e\n  File \"C:\\Users\\Usuario\\AutomationFramework\\pages\\passenger_details_page.py\", line 120, in validate_passenger_details_page\n    self._wait_for_element(self._VALIDATION_GENDER_BUTTON, timeout=40)\n  File \"C:\\Users\\Usuario\\AutomationFramework\\pages\\base_page.py\", line 32, in _wait_for_element\n    element = self.wait.until(EC.visibility_of_element_located(locator))\n              ^^^^^^^^^^^^^^^^^^^^^^^^^^^^^^^^^^^^^^^^^^^^^^^^^^^^^^^^^^\n  File \"C:\\Users\\Usuario\\AutomationFramework\\venv\\Lib\\site-packages\\selenium\\webdriver\\support\\wait.py\", line 138, in until\n    raise TimeoutException(message, screen, stacktrace)\n"}, "steps": [{"name": "Validar que la página de datos de pasajero ha cargado", "status": "broken", "statusDetails": {"message": "selenium.common.exceptions.TimeoutException: Message: \nStacktrace:\n\tGetHandleVerifier [0x0x7ff63a90e8e5+80021]\n\tGetHandleVerifier [0x0x7ff63a90e940+80112]\n\t(No symbol) [0x0x7ff63a69060f]\n\t(No symbol) [0x0x7ff63a6e8854]\n\t(No symbol) [0x0x7ff63a6e8b1c]\n\t(No symbol) [0x0x7ff63a73c927]\n\t(No symbol) [0x0x7ff63a71126f]\n\t(No symbol) [0x0x7ff63a73968a]\n\t(No symbol) [0x0x7ff63a711003]\n\t(No symbol) [0x0x7ff63a6d95d1]\n\t(No symbol) [0x0x7ff63a6da3f3]\n\tGetHandleVerifier [0x0x7ff63abcdc7d+2960429]\n\tGetHandleVerifier [0x0x7ff63abc7f3a+2936554]\n\tGetHandleVerifier [0x0x7ff63abe8977+3070247]\n\tGetHandleVerifier [0x0x7ff63a9283ce+185214]\n\tGetHandleVerifier [0x0x7ff63a92fe1f+216527]\n\tGetHandleVerifier [0x0x7ff63a917b24+117460]\n\tGetHandleVerifier [0x0x7ff63a917cdf+117903]\n\tGetHandleVerifier [0x0x7ff63a8fdbb8+11112]\n\tBaseThreadInitThunk [0x0x7ffc92b1259d+29]\n\tRtlUserThreadStart [0x0x7ffc93c0af78+40]\n\n", "trace": "  File \"C:\\Users\\Usuario\\AutomationFramework\\venv\\Lib\\site-packages\\allure_commons\\_allure.py\", line 202, in impl\n    return func(*a, **kw)\n           ^^^^^^^^^^^^^^\n  File \"C:\\Users\\Usuario\\AutomationFramework\\pages\\passenger_details_page.py\", line 124, in validate_passenger_details_page\n    raise e\n  File \"C:\\Users\\Usuario\\AutomationFramework\\pages\\passenger_details_page.py\", line 120, in validate_passenger_details_page\n    self._wait_for_element(self._VALIDATION_GENDER_BUTTON, timeout=40)\n  File \"C:\\Users\\Usuario\\AutomationFramework\\pages\\base_page.py\", line 32, in _wait_for_element\n    element = self.wait.until(EC.visibility_of_element_located(locator))\n              ^^^^^^^^^^^^^^^^^^^^^^^^^^^^^^^^^^^^^^^^^^^^^^^^^^^^^^^^^^\n  File \"C:\\Users\\Usuario\\AutomationFramework\\venv\\Lib\\site-packages\\selenium\\webdriver\\support\\wait.py\", line 138, in until\n    raise TimeoutException(message, screen, stacktrace)\n"}, "start": 1762237879299, "stop": 1762237924363}], "start": 1762237879299, "stop": 1762237924389}], "attachments": [{"name": "Fallo_Funcional", "source": "e3e541af-5296-40a6-8f23-5e7130450043-attachment.png", "type": "image/png"}, {"name": "log", "source": "36b9eade-7be9-447b-ae59-369b3e58c4a1-attachment.txt", "type": "text/plain"}, {"name": "stderr", "source": "302d73b6-e9c6-49f4-bde1-3493e24aa350-attachment.txt", "type": "text/plain"}], "parameters": [{"name": "origin", "value": "'BOG'"}, {"name": "destination", "value": "'CTG'"}, {"name": "adults", "value": "1"}, {"name": "infants", "value": "0"}], "start": 1762237743586, "stop": 1762237924601, "uuid": "deb73a50-7fed-4a9c-8f3b-70a9d7c5cbfa", "historyId": "904678380c5cf7b54a66d39e6aa90ab9", "testCaseId": "5594a2368502a9d92b5a3d514515969d", "fullName": "tests.tests.test_booking_oneway.TestBooking#test_oneway_booking_flow", "labels": [{"name": "epic", "value": "Caso 1 & 2: Flujo de Reserva Completa"}, {"name": "feature", "value": "Solo Ida (One-Way) con requisitos complejos"}, {"name": "parentSuite", "value": "tests.tests"}, {"name": "suite", "value": "test_booking_oneway"}, {"name": "subSuite", "value": "TestBooking"}, {"name": "host", "value": "DESKTOP-O22210J"}, {"name": "thread", "value": "10048-MainThread"}, {"name": "framework", "value": "pytest"}, {"name": "language", "value": "cpython3"}, {"name": "package", "value": "tests.tests.test_booking_oneway"}], "titlePath": ["tests", "tests", "test_booking_oneway.py", "TestBooking"]}